<?xml version="1.0" encoding="UTF-8"?>
<coverage generated="1743945372045" clover="3.2.0">
  <project timestamp="1743945372045" name="All files">
    <metrics statements="2322" coveredstatements="2005" conditionals="1484" coveredconditionals="1168" methods="482" coveredmethods="417" elements="4288" coveredelements="3590" complexity="0" loc="2322" ncloc="2322" packages="20" files="94" classes="94"/>
    <package name="ConcordiaMaps">
      <metrics statements="14" coveredstatements="13" conditionals="0" coveredconditionals="0" methods="4" coveredmethods="3"/>
      <file name="App.js" path="/Users/mohamedgueye/Documents/Concordia/Winter 2025/SOEN 390/SOEN-_390-Q-QD/ConcordiaMaps/App.js">
        <metrics statements="13" coveredstatements="12" conditionals="0" coveredconditionals="0" methods="4" coveredmethods="3"/>
        <line num="22" count="2" type="stmt"/>
        <line num="24" count="2" type="stmt"/>
        <line num="27" count="2" type="stmt"/>
        <line num="28" count="3" type="stmt"/>
        <line num="29" count="3" type="stmt"/>
        <line num="38" count="2" type="stmt"/>
        <line num="44" count="4" type="stmt"/>
        <line num="45" count="3" type="stmt"/>
        <line num="50" count="3" type="stmt"/>
        <line num="51" count="0" type="stmt"/>
        <line num="55" count="3" type="stmt"/>
        <line num="56" count="3" type="stmt"/>
        <line num="60" count="3" type="stmt"/>
      </file>
      <file name="styles.js" path="/Users/mohamedgueye/Documents/Concordia/Winter 2025/SOEN 390/SOEN-_390-Q-QD/ConcordiaMaps/styles.js">
        <metrics statements="1" coveredstatements="1" conditionals="0" coveredconditionals="0" methods="0" coveredmethods="0"/>
        <line num="3" count="8" type="stmt"/>
      </file>
    </package>
    <package name="ConcordiaMaps.assets">
      <metrics statements="9" coveredstatements="9" conditionals="0" coveredconditionals="0" methods="0" coveredmethods="0"/>
      <file name="ConcordiaLogo.png" path="/Users/mohamedgueye/Documents/Concordia/Winter 2025/SOEN 390/SOEN-_390-Q-QD/ConcordiaMaps/assets/ConcordiaLogo.png">
        <metrics statements="1" coveredstatements="1" conditionals="0" coveredconditionals="0" methods="0" coveredmethods="0"/>
        <line num="1" count="4" type="stmt"/>
      </file>
      <file name="PinLogo.png" path="/Users/mohamedgueye/Documents/Concordia/Winter 2025/SOEN 390/SOEN-_390-Q-QD/ConcordiaMaps/assets/PinLogo.png">
        <metrics statements="1" coveredstatements="1" conditionals="0" coveredconditionals="0" methods="0" coveredmethods="0"/>
        <line num="1" count="3" type="stmt"/>
      </file>
      <file name="Shuttle.png" path="/Users/mohamedgueye/Documents/Concordia/Winter 2025/SOEN 390/SOEN-_390-Q-QD/ConcordiaMaps/assets/Shuttle.png">
        <metrics statements="1" coveredstatements="1" conditionals="0" coveredconditionals="0" methods="0" coveredmethods="0"/>
        <line num="1" count="4" type="stmt"/>
      </file>
      <file name="ToggleButton.png" path="/Users/mohamedgueye/Documents/Concordia/Winter 2025/SOEN 390/SOEN-_390-Q-QD/ConcordiaMaps/assets/ToggleButton.png">
        <metrics statements="1" coveredstatements="1" conditionals="0" coveredconditionals="0" methods="0" coveredmethods="0"/>
        <line num="1" count="1" type="stmt"/>
      </file>
      <file name="cafeICON.png" path="/Users/mohamedgueye/Documents/Concordia/Winter 2025/SOEN 390/SOEN-_390-Q-QD/ConcordiaMaps/assets/cafeICON.png">
        <metrics statements="1" coveredstatements="1" conditionals="0" coveredconditionals="0" methods="0" coveredmethods="0"/>
        <line num="1" count="2" type="stmt"/>
      </file>
      <file name="calendarIcon.png" path="/Users/mohamedgueye/Documents/Concordia/Winter 2025/SOEN 390/SOEN-_390-Q-QD/ConcordiaMaps/assets/calendarIcon.png">
        <metrics statements="1" coveredstatements="1" conditionals="0" coveredconditionals="0" methods="0" coveredmethods="0"/>
        <line num="1" count="5" type="stmt"/>
      </file>
      <file name="parkICON.png" path="/Users/mohamedgueye/Documents/Concordia/Winter 2025/SOEN 390/SOEN-_390-Q-QD/ConcordiaMaps/assets/parkICON.png">
        <metrics statements="1" coveredstatements="1" conditionals="0" coveredconditionals="0" methods="0" coveredmethods="0"/>
        <line num="1" count="2" type="stmt"/>
      </file>
      <file name="restoICON.png" path="/Users/mohamedgueye/Documents/Concordia/Winter 2025/SOEN 390/SOEN-_390-Q-QD/ConcordiaMaps/assets/restoICON.png">
        <metrics statements="1" coveredstatements="1" conditionals="0" coveredconditionals="0" methods="0" coveredmethods="0"/>
        <line num="1" count="2" type="stmt"/>
      </file>
      <file name="storeICON.png" path="/Users/mohamedgueye/Documents/Concordia/Winter 2025/SOEN 390/SOEN-_390-Q-QD/ConcordiaMaps/assets/storeICON.png">
        <metrics statements="1" coveredstatements="1" conditionals="0" coveredconditionals="0" methods="0" coveredmethods="0"/>
        <line num="1" count="2" type="stmt"/>
      </file>
    </package>
    <package name="ConcordiaMaps.assets.svg">
      <metrics statements="10" coveredstatements="10" conditionals="0" coveredconditionals="0" methods="0" coveredmethods="0"/>
      <file name="SVGtoString.js" path="/Users/mohamedgueye/Documents/Concordia/Winter 2025/SOEN 390/SOEN-_390-Q-QD/ConcordiaMaps/assets/svg/SVGtoString.js">
        <metrics statements="10" coveredstatements="10" conditionals="0" coveredconditionals="0" methods="0" coveredmethods="0"/>
        <line num="1" count="3" type="stmt"/>
        <line num="150" count="3" type="stmt"/>
        <line num="838" count="3" type="stmt"/>
        <line num="1644" count="3" type="stmt"/>
        <line num="1724" count="3" type="stmt"/>
        <line num="2714" count="3" type="stmt"/>
        <line num="3378" count="3" type="stmt"/>
        <line num="4235" count="3" type="stmt"/>
        <line num="4337" count="3" type="stmt"/>
        <line num="5408" count="3" type="stmt"/>
      </file>
    </package>
    <package name="ConcordiaMaps.components">
      <metrics statements="374" coveredstatements="358" conditionals="166" coveredconditionals="155" methods="106" coveredmethods="97"/>
      <file name="AsyncPersistence.js" path="/Users/mohamedgueye/Documents/Concordia/Winter 2025/SOEN 390/SOEN-_390-Q-QD/ConcordiaMaps/components/AsyncPersistence.js">
        <metrics statements="10" coveredstatements="10" conditionals="2" coveredconditionals="2" methods="2" coveredmethods="2"/>
        <line num="3" count="3" type="stmt"/>
        <line num="4" count="2" type="stmt"/>
        <line num="5" count="2" type="stmt"/>
        <line num="7" count="1" type="stmt"/>
        <line num="10" count="3" type="stmt"/>
        <line num="11" count="14" type="stmt"/>
        <line num="12" count="14" type="stmt"/>
        <line num="13" count="13" type="cond" truecount="2" falsecount="0"/>
        <line num="15" count="1" type="stmt"/>
        <line num="16" count="1" type="stmt"/>
      </file>
      <file name="CalendarScreen.js" path="/Users/mohamedgueye/Documents/Concordia/Winter 2025/SOEN 390/SOEN-_390-Q-QD/ConcordiaMaps/components/CalendarScreen.js">
        <metrics statements="60" coveredstatements="58" conditionals="21" coveredconditionals="17" methods="22" coveredmethods="22"/>
        <line num="21" count="3" type="stmt"/>
        <line num="22" count="36" type="stmt"/>
        <line num="23" count="36" type="stmt"/>
        <line num="24" count="36" type="stmt"/>
        <line num="25" count="36" type="stmt"/>
        <line num="26" count="36" type="stmt"/>
        <line num="28" count="36" type="stmt"/>
        <line num="29" count="36" type="stmt"/>
        <line num="30" count="36" type="stmt"/>
        <line num="36" count="36" type="stmt"/>
        <line num="37" count="7" type="stmt"/>
        <line num="38" count="7" type="stmt"/>
        <line num="41" count="36" type="stmt"/>
        <line num="42" count="7" type="stmt"/>
        <line num="46" count="36" type="stmt"/>
        <line num="47" count="14" type="stmt"/>
        <line num="48" count="14" type="stmt"/>
        <line num="49" count="14" type="stmt"/>
        <line num="50" count="14" type="cond" truecount="3" falsecount="2"/>
        <line num="51" count="0" type="stmt"/>
        <line num="52" count="14" type="cond" truecount="2" falsecount="2"/>
        <line num="53" count="0" type="stmt"/>
        <line num="55" count="14" type="stmt"/>
        <line num="59" count="36" type="stmt"/>
        <line num="60" count="16" type="stmt"/>
        <line num="63" count="36" type="stmt"/>
        <line num="64" count="7" type="stmt"/>
        <line num="65" count="7" type="cond" truecount="2" falsecount="0"/>
        <line num="66" count="6" type="stmt"/>
        <line num="68" count="1" type="stmt"/>
        <line num="72" count="36" type="stmt"/>
        <line num="73" count="6" type="stmt"/>
        <line num="76" count="6" type="stmt"/>
        <line num="79" count="12" type="stmt"/>
        <line num="82" count="36" type="stmt"/>
        <line num="83" count="9" type="stmt"/>
        <line num="84" count="9" type="stmt"/>
        <line num="86" count="9" type="stmt"/>
        <line num="87" count="9" type="stmt"/>
        <line num="89" count="9" type="stmt"/>
        <line num="92" count="36" type="stmt"/>
        <line num="93" count="16" type="cond" truecount="2" falsecount="0"/>
        <line num="94" count="7" type="stmt"/>
        <line num="95" count="7" type="stmt"/>
        <line num="98" count="9" type="stmt"/>
        <line num="100" count="9" type="stmt"/>
        <line num="105" count="9" type="stmt"/>
        <line num="108" count="36" type="stmt"/>
        <line num="109" count="3" type="stmt"/>
        <line num="110" count="4" type="cond" truecount="2" falsecount="0"/>
        <line num="114" count="36" type="stmt"/>
        <line num="127" count="3" type="stmt"/>
        <line num="142" count="44" type="stmt"/>
        <line num="145" count="3" type="stmt"/>
        <line num="162" count="3" type="stmt"/>
        <line num="174" count="1" type="stmt"/>
        <line num="180" count="1" type="stmt"/>
        <line num="194" count="19" type="stmt"/>
        <line num="196" count="13" type="stmt"/>
        <line num="209" count="2" type="stmt"/>
      </file>
      <file name="CalendarService.js" path="/Users/mohamedgueye/Documents/Concordia/Winter 2025/SOEN 390/SOEN-_390-Q-QD/ConcordiaMaps/components/CalendarService.js">
        <metrics statements="20" coveredstatements="20" conditionals="10" coveredconditionals="10" methods="7" coveredmethods="7"/>
        <line num="10" count="11" type="stmt"/>
        <line num="11" count="11" type="cond" truecount="2" falsecount="0"/>
        <line num="12" count="1" type="stmt"/>
        <line num="15" count="10" type="stmt"/>
        <line num="18" count="9" type="cond" truecount="2" falsecount="0"/>
        <line num="19" count="1" type="stmt"/>
        <line num="22" count="8" type="stmt"/>
        <line num="23" count="8" type="stmt"/>
        <line num="24" count="8" type="stmt"/>
        <line num="27" count="8" type="stmt"/>
        <line num="28" count="8" type="stmt"/>
        <line num="34" count="8" type="stmt"/>
        <line num="35" count="9" type="stmt"/>
        <line num="39" count="8" type="cond" truecount="2" falsecount="0"/>
        <line num="41" count="1" type="stmt"/>
        <line num="44" count="1" type="stmt"/>
        <line num="48" count="8" type="stmt"/>
        <line num="49" count="9" type="cond" truecount="2" falsecount="0"/>
        <line num="50" count="81" type="stmt"/>
        <line num="53" count="8" type="cond" truecount="2" falsecount="0"/>
      </file>
      <file name="EventComponents.js" path="/Users/mohamedgueye/Documents/Concordia/Winter 2025/SOEN 390/SOEN-_390-Q-QD/ConcordiaMaps/components/EventComponents.js">
        <metrics statements="6" coveredstatements="6" conditionals="2" coveredconditionals="2" methods="3" coveredmethods="3"/>
        <line num="9" count="2" type="stmt"/>
        <line num="10" count="11" type="stmt"/>
        <line num="14" count="2" type="stmt"/>
        <line num="20" count="15" type="stmt"/>
        <line num="62" count="2" type="stmt"/>
        <line num="63" count="5" type="stmt"/>
      </file>
      <file name="Footer.js" path="/Users/mohamedgueye/Documents/Concordia/Winter 2025/SOEN 390/SOEN-_390-Q-QD/ConcordiaMaps/components/Footer.js">
        <metrics statements="1" coveredstatements="1" conditionals="0" coveredconditionals="0" methods="1" coveredmethods="1"/>
        <line num="6" count="67" type="stmt"/>
      </file>
      <file name="HamburgerButton.js" path="/Users/mohamedgueye/Documents/Concordia/Winter 2025/SOEN 390/SOEN-_390-Q-QD/ConcordiaMaps/components/HamburgerButton.js">
        <metrics statements="3" coveredstatements="3" conditionals="1" coveredconditionals="1" methods="1" coveredmethods="1"/>
        <line num="11" count="5" type="cond" truecount="1" falsecount="0"/>
        <line num="12" count="72" type="stmt"/>
        <line num="30" count="5" type="stmt"/>
      </file>
      <file name="Header.js" path="/Users/mohamedgueye/Documents/Concordia/Winter 2025/SOEN 390/SOEN-_390-Q-QD/ConcordiaMaps/components/Header.js">
        <metrics statements="13" coveredstatements="10" conditionals="2" coveredconditionals="0" methods="5" coveredmethods="3"/>
        <line num="16" count="72" type="stmt"/>
        <line num="17" count="72" type="stmt"/>
        <line num="18" count="72" type="stmt"/>
        <line num="20" count="72" type="stmt"/>
        <line num="21" count="0" type="cond" truecount="0" falsecount="2"/>
        <line num="22" count="0" type="stmt"/>
        <line num="26" count="0" type="stmt"/>
        <line num="29" count="72" type="stmt"/>
        <line num="30" count="1" type="stmt"/>
        <line num="33" count="72" type="stmt"/>
        <line num="34" count="1" type="stmt"/>
        <line num="37" count="72" type="stmt"/>
        <line num="42" count="72" type="stmt"/>
      </file>
      <file name="Legend.js" path="/Users/mohamedgueye/Documents/Concordia/Winter 2025/SOEN 390/SOEN-_390-Q-QD/ConcordiaMaps/components/Legend.js">
        <metrics statements="2" coveredstatements="2" conditionals="0" coveredconditionals="0" methods="1" coveredmethods="1"/>
        <line num="5" count="2" type="stmt"/>
        <line num="6" count="5" type="stmt"/>
      </file>
      <file name="LiveBusTracker.js" path="/Users/mohamedgueye/Documents/Concordia/Winter 2025/SOEN 390/SOEN-_390-Q-QD/ConcordiaMaps/components/LiveBusTracker.js">
        <metrics statements="25" coveredstatements="25" conditionals="6" coveredconditionals="6" methods="8" coveredmethods="8"/>
        <line num="8" count="2" type="stmt"/>
        <line num="10" count="2" type="stmt"/>
        <line num="12" count="6" type="stmt"/>
        <line num="13" count="6" type="stmt"/>
        <line num="15" count="6" type="stmt"/>
        <line num="16" count="3" type="stmt"/>
        <line num="17" count="3" type="stmt"/>
        <line num="18" count="3" type="stmt"/>
        <line num="21" count="3" type="stmt"/>
        <line num="27" count="2" type="stmt"/>
        <line num="37" count="2" type="cond" truecount="2" falsecount="0"/>
        <line num="38" count="1" type="stmt"/>
        <line num="39" count="2" type="stmt"/>
        <line num="41" count="2" type="stmt"/>
        <line num="46" count="2" type="cond" truecount="2" falsecount="0"/>
        <line num="49" count="1" type="stmt"/>
        <line num="51" count="1" type="stmt"/>
        <line num="52" count="1" type="stmt"/>
        <line num="55" count="1" type="stmt"/>
        <line num="56" count="1" type="stmt"/>
        <line num="61" count="3" type="stmt"/>
        <line num="64" count="3" type="stmt"/>
        <line num="67" count="3" type="stmt"/>
        <line num="70" count="6" type="stmt"/>
        <line num="73" count="2" type="stmt"/>
      </file>
      <file name="MapMarkers.js" path="/Users/mohamedgueye/Documents/Concordia/Winter 2025/SOEN 390/SOEN-_390-Q-QD/ConcordiaMaps/components/MapMarkers.js">
        <metrics statements="16" coveredstatements="14" conditionals="4" coveredconditionals="4" methods="5" coveredmethods="4"/>
        <line num="7" count="1" type="stmt"/>
        <line num="9" count="1" type="stmt"/>
        <line num="10" count="5" type="stmt"/>
        <line num="11" count="5" type="stmt"/>
        <line num="13" count="5" type="cond" truecount="4" falsecount="0"/>
        <line num="15" count="4" type="stmt"/>
        <line num="16" count="1" type="stmt"/>
        <line num="17" count="1" type="stmt"/>
        <line num="20" count="4" type="stmt"/>
        <line num="21" count="0" type="stmt"/>
        <line num="22" count="0" type="stmt"/>
        <line num="25" count="4" type="stmt"/>
        <line num="28" count="4" type="stmt"/>
        <line num="34" count="1" type="stmt"/>
        <line num="56" count="1" type="stmt"/>
        <line num="77" count="1" type="stmt"/>
      </file>
      <file name="NavBar.js" path="/Users/mohamedgueye/Documents/Concordia/Winter 2025/SOEN 390/SOEN-_390-Q-QD/ConcordiaMaps/components/NavBar.js">
        <metrics statements="27" coveredstatements="25" conditionals="8" coveredconditionals="5" methods="12" coveredmethods="10"/>
        <line num="10" count="6" type="stmt"/>
        <line num="11" count="1200" type="stmt"/>
        <line num="16" count="6" type="stmt"/>
        <line num="25" count="150" type="stmt"/>
        <line num="26" count="150" type="stmt"/>
        <line num="27" count="150" type="stmt"/>
        <line num="28" count="150" type="stmt"/>
        <line num="30" count="150" type="stmt"/>
        <line num="31" count="1" type="cond" truecount="1" falsecount="1"/>
        <line num="32" count="1" type="stmt"/>
        <line num="36" count="1" type="stmt"/>
        <line num="40" count="150" type="stmt"/>
        <line num="44" count="1200" type="cond" truecount="3" falsecount="1"/>
        <line num="46" count="600" type="stmt"/>
        <line num="47" count="600" type="stmt"/>
        <line num="49" count="450" type="stmt"/>
        <line num="50" count="450" type="stmt"/>
        <line num="53" count="150" type="cond" truecount="1" falsecount="1"/>
        <line num="54" count="150" type="stmt"/>
        <line num="56" count="0" type="stmt"/>
        <line num="58" count="150" type="stmt"/>
        <line num="60" count="0" type="stmt"/>
        <line num="63" count="1200" type="stmt"/>
        <line num="69" count="150" type="stmt"/>
        <line num="74" count="150" type="stmt"/>
        <line num="88" count="1200" type="stmt"/>
        <line num="95" count="1" type="stmt"/>
      </file>
      <file name="NextEventModal.js" path="/Users/mohamedgueye/Documents/Concordia/Winter 2025/SOEN 390/SOEN-_390-Q-QD/ConcordiaMaps/components/NextEventModal.js">
        <metrics statements="40" coveredstatements="40" conditionals="14" coveredconditionals="14" methods="10" coveredmethods="10"/>
        <line num="9" count="2" type="stmt"/>
        <line num="10" count="38" type="stmt"/>
        <line num="11" count="38" type="stmt"/>
        <line num="12" count="38" type="stmt"/>
        <line num="13" count="38" type="stmt"/>
        <line num="15" count="38" type="stmt"/>
        <line num="16" count="14" type="cond" truecount="2" falsecount="0"/>
        <line num="17" count="11" type="stmt"/>
        <line num="21" count="38" type="stmt"/>
        <line num="23" count="29" type="cond" truecount="4" falsecount="0"/>
        <line num="24" count="9" type="stmt"/>
        <line num="25" count="5" type="stmt"/>
        <line num="28" count="29" type="stmt"/>
        <line num="31" count="38" type="stmt"/>
        <line num="32" count="11" type="stmt"/>
        <line num="33" count="11" type="stmt"/>
        <line num="34" count="11" type="stmt"/>
        <line num="35" count="9" type="stmt"/>
        <line num="37" count="2" type="cond" truecount="2" falsecount="0"/>
        <line num="38" count="1" type="stmt"/>
        <line num="40" count="1" type="stmt"/>
        <line num="43" count="11" type="stmt"/>
        <line num="46" count="38" type="stmt"/>
        <line num="47" count="20" type="cond" truecount="2" falsecount="0"/>
        <line num="48" count="6" type="stmt"/>
        <line num="49" count="6" type="stmt"/>
        <line num="50" count="6" type="stmt"/>
        <line num="54" count="6" type="stmt"/>
        <line num="58" count="38" type="stmt"/>
        <line num="59" count="3" type="stmt"/>
        <line num="63" count="3" type="stmt"/>
        <line num="64" count="3" type="stmt"/>
        <line num="65" count="3" type="stmt"/>
        <line num="72" count="38" type="stmt"/>
        <line num="73" count="38" type="cond" truecount="2" falsecount="0"/>
        <line num="74" count="20" type="cond" truecount="2" falsecount="0"/>
        <line num="75" count="15" type="stmt"/>
        <line num="83" count="5" type="stmt"/>
        <line num="86" count="38" type="stmt"/>
        <line num="98" count="2" type="stmt"/>
      </file>
      <file name="PopupModal.js" path="/Users/mohamedgueye/Documents/Concordia/Winter 2025/SOEN 390/SOEN-_390-Q-QD/ConcordiaMaps/components/PopupModal.js">
        <metrics statements="14" coveredstatements="11" conditionals="6" coveredconditionals="6" methods="4" coveredmethods="2"/>
        <line num="7" count="3" type="stmt"/>
        <line num="16" count="3" type="stmt"/>
        <line num="17" count="16" type="stmt"/>
        <line num="19" count="16" type="stmt"/>
        <line num="20" count="0" type="stmt"/>
        <line num="22" count="0" type="stmt"/>
        <line num="30" count="16" type="stmt"/>
        <line num="31" count="1" type="stmt"/>
        <line num="33" count="1" type="stmt"/>
        <line num="40" count="16" type="cond" truecount="2" falsecount="0"/>
        <line num="42" count="16" type="stmt"/>
        <line num="62" count="0" type="stmt"/>
        <line num="99" count="3" type="stmt"/>
        <line num="117" count="3" type="stmt"/>
      </file>
      <file name="PopupOPI.js" path="/Users/mohamedgueye/Documents/Concordia/Winter 2025/SOEN 390/SOEN-_390-Q-QD/ConcordiaMaps/components/PopupOPI.js">
        <metrics statements="10" coveredstatements="7" conditionals="3" coveredconditionals="3" methods="3" coveredmethods="1"/>
        <line num="6" count="3" type="stmt"/>
        <line num="7" count="3" type="stmt"/>
        <line num="9" count="3" type="cond" truecount="1" falsecount="0"/>
        <line num="10" count="40" type="cond" truecount="2" falsecount="0"/>
        <line num="11" count="40" type="stmt"/>
        <line num="12" count="0" type="stmt"/>
        <line num="14" count="0" type="stmt"/>
        <line num="21" count="40" type="stmt"/>
        <line num="40" count="0" type="stmt"/>
        <line num="51" count="3" type="stmt"/>
      </file>
      <file name="ShuttleSchedule.js" path="/Users/mohamedgueye/Documents/Concordia/Winter 2025/SOEN 390/SOEN-_390-Q-QD/ConcordiaMaps/components/ShuttleSchedule.js">
        <metrics statements="48" coveredstatements="48" conditionals="44" coveredconditionals="43" methods="10" coveredmethods="10"/>
        <line num="6" count="7" type="stmt"/>
        <line num="134" count="7" type="stmt"/>
        <line num="135" count="24" type="stmt"/>
        <line num="136" count="24" type="stmt"/>
        <line num="138" count="24" type="stmt"/>
        <line num="140" count="488" type="cond" truecount="4" falsecount="0"/>
        <line num="141" count="1" type="stmt"/>
        <line num="142" count="1" type="stmt"/>
        <line num="146" count="487" type="stmt"/>
        <line num="149" count="487" type="cond" truecount="1" falsecount="1"/>
        <line num="151" count="487" type="stmt"/>
        <line num="152" count="487" type="stmt"/>
        <line num="153" count="487" type="stmt"/>
        <line num="156" count="487" type="cond" truecount="2" falsecount="0"/>
        <line num="164" count="3" type="stmt"/>
        <line num="168" count="484" type="cond" truecount="4" falsecount="0"/>
        <line num="169" count="484" type="cond" truecount="4" falsecount="0"/>
        <line num="171" count="484" type="stmt"/>
        <line num="173" count="484" type="cond" truecount="2" falsecount="0"/>
        <line num="176" count="16" type="stmt"/>
        <line num="180" count="219" type="stmt"/>
        <line num="181" count="219" type="stmt"/>
        <line num="182" count="219" type="stmt"/>
        <line num="185" count="219" type="stmt"/>
        <line num="187" count="74" type="stmt"/>
        <line num="188" count="74" type="stmt"/>
        <line num="191" count="74" type="cond" truecount="4" falsecount="0"/>
        <line num="192" count="53" type="stmt"/>
        <line num="193" count="53" type="stmt"/>
        <line num="197" count="21" type="stmt"/>
        <line num="198" count="21" type="cond" truecount="2" falsecount="0"/>
        <line num="201" count="21" type="cond" truecount="2" falsecount="0"/>
        <line num="202" count="4" type="stmt"/>
        <line num="206" count="21" type="stmt"/>
        <line num="212" count="74" type="stmt"/>
        <line num="216" count="219" type="stmt"/>
        <line num="219" count="219" type="stmt"/>
        <line num="220" count="219" type="stmt"/>
        <line num="221" count="2392" type="stmt"/>
        <line num="224" count="219" type="stmt"/>
        <line num="246" count="1" type="stmt"/>
        <line num="255" count="2" type="stmt"/>
        <line num="269" count="1" type="stmt"/>
        <line num="278" count="3" type="stmt"/>
        <line num="289" count="2392" type="stmt"/>
        <line num="291" count="7155" type="stmt"/>
        <line num="319" count="7" type="stmt"/>
        <line num="409" count="7" type="stmt"/>
      </file>
      <file name="ShuttleStop.js" path="/Users/mohamedgueye/Documents/Concordia/Winter 2025/SOEN 390/SOEN-_390-Q-QD/ConcordiaMaps/components/ShuttleStop.js">
        <metrics statements="6" coveredstatements="6" conditionals="0" coveredconditionals="0" methods="2" coveredmethods="2"/>
        <line num="5" count="3" type="stmt"/>
        <line num="8" count="3" type="stmt"/>
        <line num="19" count="3" type="stmt"/>
        <line num="20" count="8" type="stmt"/>
        <line num="21" count="16" type="stmt"/>
        <line num="32" count="3" type="stmt"/>
      </file>
      <file name="buildingColoring.js" path="/Users/mohamedgueye/Documents/Concordia/Winter 2025/SOEN 390/SOEN-_390-Q-QD/ConcordiaMaps/components/buildingColoring.js">
        <metrics statements="10" coveredstatements="9" conditionals="9" coveredconditionals="8" methods="3" coveredmethods="3"/>
        <line num="5" count="3" type="stmt"/>
        <line num="6" count="8" type="stmt"/>
        <line num="9" count="426" type="stmt"/>
        <line num="13" count="426" type="cond" truecount="3" falsecount="0"/>
        <line num="17" count="426" type="cond" truecount="2" falsecount="0"/>
        <line num="18" count="4492" type="stmt"/>
        <line num="23" count="423" type="stmt"/>
        <line num="34" count="3" type="cond" truecount="1" falsecount="1"/>
        <line num="35" count="3" type="stmt"/>
        <line num="47" count="0" type="stmt"/>
      </file>
      <file name="convertToCoordinates.js" path="/Users/mohamedgueye/Documents/Concordia/Winter 2025/SOEN 390/SOEN-_390-Q-QD/ConcordiaMaps/components/convertToCoordinates.js">
        <metrics statements="13" coveredstatements="13" conditionals="4" coveredconditionals="4" methods="1" coveredmethods="1"/>
        <line num="2" count="3" type="stmt"/>
        <line num="3" count="15" type="stmt"/>
        <line num="4" count="15" type="stmt"/>
        <line num="5" count="15" type="stmt"/>
        <line num="8" count="11" type="stmt"/>
        <line num="10" count="9" type="cond" truecount="2" falsecount="0"/>
        <line num="11" count="7" type="cond" truecount="2" falsecount="0"/>
        <line num="12" count="5" type="stmt"/>
        <line num="13" count="5" type="stmt"/>
        <line num="15" count="2" type="stmt"/>
        <line num="17" count="2" type="stmt"/>
        <line num="19" count="3" type="stmt"/>
        <line num="20" count="3" type="stmt"/>
      </file>
      <file name="temporaryModal.js" path="/Users/mohamedgueye/Documents/Concordia/Winter 2025/SOEN 390/SOEN-_390-Q-QD/ConcordiaMaps/components/temporaryModal.js">
        <metrics statements="2" coveredstatements="2" conditionals="0" coveredconditionals="0" methods="1" coveredmethods="1"/>
        <line num="17" count="6" type="stmt"/>
        <line num="23" count="6" type="stmt"/>
      </file>
      <file name="userInPolygon.js" path="/Users/mohamedgueye/Documents/Concordia/Winter 2025/SOEN 390/SOEN-_390-Q-QD/ConcordiaMaps/components/userInPolygon.js">
        <metrics statements="48" coveredstatements="48" conditionals="30" coveredconditionals="30" methods="5" coveredmethods="5"/>
        <line num="14" count="3" type="stmt"/>
        <line num="15" count="9" type="stmt"/>
        <line num="16" count="15" type="stmt"/>
        <line num="17" count="15" type="stmt"/>
        <line num="18" count="15" type="stmt"/>
        <line num="19" count="15" type="stmt"/>
        <line num="20" count="15" type="cond" truecount="2" falsecount="0"/>
        <line num="21" count="5" type="cond" truecount="2" falsecount="0"/>
        <line num="22" count="2" type="stmt"/>
        <line num="31" count="3" type="stmt"/>
        <line num="43" count="4" type="stmt"/>
        <line num="46" count="3" type="stmt"/>
        <line num="47" count="6" type="stmt"/>
        <line num="50" count="6" type="cond" truecount="2" falsecount="0"/>
        <line num="51" count="5" type="stmt"/>
        <line num="52" count="5" type="stmt"/>
        <line num="53" count="5" type="stmt"/>
        <line num="54" count="5" type="stmt"/>
        <line num="55" count="5" type="cond" truecount="2" falsecount="0"/>
        <line num="56" count="1" type="stmt"/>
        <line num="63" count="4" type="stmt"/>
        <line num="64" count="4" type="stmt"/>
        <line num="68" count="4" type="cond" truecount="2" falsecount="0"/>
        <line num="69" count="3" type="stmt"/>
        <line num="76" count="1" type="stmt"/>
        <line num="79" count="1" type="stmt"/>
        <line num="89" count="1" type="stmt"/>
        <line num="102" count="13" type="stmt"/>
        <line num="103" count="13" type="stmt"/>
        <line num="107" count="13" type="stmt"/>
        <line num="108" count="13" type="stmt"/>
        <line num="109" count="13" type="stmt"/>
        <line num="113" count="13" type="stmt"/>
        <line num="115" count="13" type="stmt"/>
        <line num="117" count="8" type="cond" truecount="4" falsecount="0"/>
        <line num="118" count="5" type="stmt"/>
        <line num="124" count="5" type="stmt"/>
        <line num="126" count="5" type="stmt"/>
        <line num="127" count="5" type="cond" truecount="2" falsecount="0"/>
        <line num="128" count="3" type="stmt"/>
        <line num="129" count="3" type="stmt"/>
        <line num="131" count="3" type="cond" truecount="2" falsecount="0"/>
        <line num="132" count="2" type="stmt"/>
        <line num="135" count="3" type="stmt"/>
        <line num="138" count="2" type="stmt"/>
        <line num="139" count="2" type="stmt"/>
        <line num="140" count="2" type="stmt"/>
        <line num="145" count="13" type="stmt"/>
      </file>
    </package>
    <package name="ConcordiaMaps.components.IndoorNavigation">
      <metrics statements="421" coveredstatements="332" conditionals="231" coveredconditionals="172" methods="90" coveredmethods="70"/>
      <file name="BuildingSelector.js" path="/Users/mohamedgueye/Documents/Concordia/Winter 2025/SOEN 390/SOEN-_390-Q-QD/ConcordiaMaps/components/IndoorNavigation/BuildingSelector.js">
        <metrics statements="12" coveredstatements="12" conditionals="2" coveredconditionals="2" methods="5" coveredmethods="5"/>
        <line num="9" count="3" type="stmt"/>
        <line num="10" count="7" type="stmt"/>
        <line num="12" count="7" type="stmt"/>
        <line num="14" count="7" type="stmt"/>
        <line num="16" count="3" type="stmt"/>
        <line num="17" count="3" type="stmt"/>
        <line num="18" count="3" type="stmt"/>
        <line num="21" count="3" type="cond" truecount="2" falsecount="0"/>
        <line num="22" count="2" type="stmt"/>
        <line num="26" count="7" type="stmt"/>
        <line num="38" count="18" type="stmt"/>
        <line num="41" count="3" type="stmt"/>
      </file>
      <file name="ExpandedFloorPlan.js" path="/Users/mohamedgueye/Documents/Concordia/Winter 2025/SOEN 390/SOEN-_390-Q-QD/ConcordiaMaps/components/IndoorNavigation/ExpandedFloorPlan.js">
        <metrics statements="4" coveredstatements="4" conditionals="18" coveredconditionals="18" methods="1" coveredmethods="1"/>
        <line num="7" count="3" type="stmt"/>
        <line num="16" count="1" type="stmt"/>
        <line num="18" count="1" type="stmt"/>
        <line num="74" count="3" type="stmt"/>
      </file>
      <file name="FloorSelector.js" path="/Users/mohamedgueye/Documents/Concordia/Winter 2025/SOEN 390/SOEN-_390-Q-QD/ConcordiaMaps/components/IndoorNavigation/FloorSelector.js">
        <metrics statements="16" coveredstatements="16" conditionals="6" coveredconditionals="6" methods="4" coveredmethods="4"/>
        <line num="15" count="3" type="stmt"/>
        <line num="16" count="7" type="stmt"/>
        <line num="17" count="7" type="stmt"/>
        <line num="18" count="7" type="stmt"/>
        <line num="21" count="7" type="stmt"/>
        <line num="23" count="7" type="stmt"/>
        <line num="25" count="7" type="stmt"/>
        <line num="27" count="3" type="cond" truecount="2" falsecount="0"/>
        <line num="28" count="1" type="stmt"/>
        <line num="29" count="1" type="stmt"/>
        <line num="33" count="2" type="cond" truecount="2" falsecount="0"/>
        <line num="34" count="1" type="stmt"/>
        <line num="39" count="1" type="stmt"/>
        <line num="43" count="7" type="stmt"/>
        <line num="56" count="21" type="stmt"/>
        <line num="64" count="3" type="stmt"/>
      </file>
      <file name="IndoorNavigation.js" path="/Users/mohamedgueye/Documents/Concordia/Winter 2025/SOEN 390/SOEN-_390-Q-QD/ConcordiaMaps/components/IndoorNavigation/IndoorNavigation.js">
        <metrics statements="56" coveredstatements="44" conditionals="19" coveredconditionals="14" methods="12" coveredmethods="12"/>
        <line num="11" count="3" type="stmt"/>
        <line num="12" count="33" type="stmt"/>
        <line num="13" count="33" type="stmt"/>
        <line num="14" count="33" type="stmt"/>
        <line num="15" count="33" type="stmt"/>
        <line num="16" count="33" type="stmt"/>
        <line num="17" count="33" type="stmt"/>
        <line num="20" count="33" type="cond" truecount="1" falsecount="0"/>
        <line num="22" count="33" type="stmt"/>
        <line num="24" count="33" type="stmt"/>
        <line num="26" count="8" type="stmt"/>
        <line num="38" count="8" type="stmt"/>
        <line num="39" count="8" type="stmt"/>
        <line num="42" count="8" type="stmt"/>
        <line num="45" count="33" type="stmt"/>
        <line num="46" count="8" type="stmt"/>
        <line num="47" count="8" type="stmt"/>
        <line num="48" count="7" type="stmt"/>
        <line num="50" count="1" type="stmt"/>
        <line num="52" count="1" type="stmt"/>
        <line num="56" count="33" type="stmt"/>
        <line num="57" count="3" type="stmt"/>
        <line num="58" count="3" type="stmt"/>
        <line num="59" count="3" type="stmt"/>
        <line num="61" count="3" type="cond" truecount="2" falsecount="0"/>
        <line num="62" count="1" type="stmt"/>
        <line num="64" count="2" type="stmt"/>
        <line num="67" count="2" type="cond" truecount="1" falsecount="1"/>
        <line num="68" count="0" type="stmt"/>
        <line num="71" count="0" type="stmt"/>
        <line num="74" count="0" type="stmt"/>
        <line num="228" count="0" type="stmt"/>
        <line num="232" count="0" type="stmt"/>
        <line num="237" count="33" type="stmt"/>
        <line num="238" count="33" type="stmt"/>
        <line num="422" count="33" type="stmt"/>
        <line num="423" count="6" type="cond" truecount="1" falsecount="1"/>
        <line num="425" count="0" type="stmt"/>
        <line num="426" count="0" type="stmt"/>
        <line num="428" count="0" type="stmt"/>
        <line num="484" count="0" type="stmt"/>
        <line num="486" count="33" type="stmt"/>
        <line num="487" count="33" type="cond" truecount="1" falsecount="3"/>
        <line num="489" count="0" type="stmt"/>
        <line num="491" count="0" type="stmt"/>
        <line num="493" count="0" type="stmt"/>
        <line num="495" count="33" type="stmt"/>
        <line num="498" count="33" type="stmt"/>
        <line num="520" count="125" type="stmt"/>
        <line num="527" count="3" type="stmt"/>
        <line num="528" count="3" type="stmt"/>
        <line num="541" count="125" type="stmt"/>
        <line num="548" count="3" type="stmt"/>
        <line num="549" count="3" type="stmt"/>
        <line num="572" count="6" type="stmt"/>
        <line num="593" count="3" type="stmt"/>
      </file>
      <file name="NavigationSteps.js" path="/Users/mohamedgueye/Documents/Concordia/Winter 2025/SOEN 390/SOEN-_390-Q-QD/ConcordiaMaps/components/IndoorNavigation/NavigationSteps.js">
        <metrics statements="7" coveredstatements="7" conditionals="5" coveredconditionals="5" methods="2" coveredmethods="2"/>
        <line num="11" count="3" type="cond" truecount="1" falsecount="0"/>
        <line num="12" count="5" type="cond" truecount="4" falsecount="0"/>
        <line num="13" count="2" type="stmt"/>
        <line num="21" count="3" type="stmt"/>
        <line num="31" count="15" type="stmt"/>
        <line num="54" count="3" type="stmt"/>
        <line num="102" count="3" type="stmt"/>
      </file>
      <file name="PathFinder.js" path="/Users/mohamedgueye/Documents/Concordia/Winter 2025/SOEN 390/SOEN-_390-Q-QD/ConcordiaMaps/components/IndoorNavigation/PathFinder.js">
        <metrics statements="29" coveredstatements="29" conditionals="12" coveredconditionals="12" methods="7" coveredmethods="7"/>
        <line num="9" count="15" type="stmt"/>
        <line num="11" count="15" type="stmt"/>
        <line num="13" count="15" type="stmt"/>
        <line num="17" count="16" type="stmt"/>
        <line num="18" count="16" type="stmt"/>
        <line num="19" count="16" type="stmt"/>
        <line num="21" count="16" type="stmt"/>
        <line num="22" count="571" type="cond" truecount="2" falsecount="0"/>
        <line num="23" count="571" type="stmt"/>
        <line num="24" count="571" type="stmt"/>
        <line num="27" count="16" type="stmt"/>
        <line num="31" count="59" type="stmt"/>
        <line num="33" count="2200" type="cond" truecount="4" falsecount="0"/>
        <line num="39" count="15" type="stmt"/>
        <line num="40" count="56" type="stmt"/>
        <line num="41" count="56" type="stmt"/>
        <line num="43" count="56" type="cond" truecount="2" falsecount="0"/>
        <line num="45" count="41" type="stmt"/>
        <line num="50" count="41" type="stmt"/>
        <line num="51" count="109" type="stmt"/>
        <line num="52" count="109" type="cond" truecount="2" falsecount="0"/>
        <line num="53" count="67" type="stmt"/>
        <line num="54" count="67" type="stmt"/>
        <line num="60" count="15" type="stmt"/>
        <line num="61" count="15" type="stmt"/>
        <line num="63" count="15" type="stmt"/>
        <line num="64" count="34" type="stmt"/>
        <line num="65" count="34" type="stmt"/>
        <line num="68" count="15" type="cond" truecount="2" falsecount="0"/>
      </file>
      <file name="PathVisualizer.js" path="/Users/mohamedgueye/Documents/Concordia/Winter 2025/SOEN 390/SOEN-_390-Q-QD/ConcordiaMaps/components/IndoorNavigation/PathVisualizer.js">
        <metrics statements="28" coveredstatements="28" conditionals="6" coveredconditionals="6" methods="2" coveredmethods="1"/>
        <line num="9" count="3" type="stmt"/>
        <line num="10" count="3" type="stmt"/>
        <line num="13" count="3" type="cond" truecount="4" falsecount="0"/>
        <line num="16" count="1" type="stmt"/>
        <line num="17" count="1" type="stmt"/>
        <line num="18" count="1" type="stmt"/>
        <line num="21" count="1" type="stmt"/>
        <line num="23" count="1" type="stmt"/>
        <line num="24" count="2" type="stmt"/>
        <line num="25" count="2" type="stmt"/>
        <line num="27" count="2" type="cond" truecount="2" falsecount="0"/>
        <line num="29" count="1" type="stmt"/>
        <line num="32" count="1" type="stmt"/>
        <line num="37" count="1" type="stmt"/>
        <line num="38" count="1" type="stmt"/>
        <line num="39" count="1" type="stmt"/>
        <line num="40" count="1" type="stmt"/>
        <line num="41" count="1" type="stmt"/>
        <line num="42" count="1" type="stmt"/>
        <line num="43" count="1" type="stmt"/>
        <line num="46" count="1" type="stmt"/>
        <line num="47" count="1" type="stmt"/>
        <line num="48" count="1" type="stmt"/>
        <line num="49" count="1" type="stmt"/>
        <line num="50" count="1" type="stmt"/>
        <line num="51" count="1" type="stmt"/>
        <line num="52" count="1" type="stmt"/>
        <line num="55" count="1" type="stmt"/>
      </file>
      <file name="RoomToRoomNavigation.js" path="/Users/mohamedgueye/Documents/Concordia/Winter 2025/SOEN 390/SOEN-_390-Q-QD/ConcordiaMaps/components/IndoorNavigation/RoomToRoomNavigation.js">
        <metrics statements="256" coveredstatements="179" conditionals="161" coveredconditionals="108" methods="51" coveredmethods="32"/>
        <line num="32" count="3" type="stmt"/>
        <line num="33" count="22" type="stmt"/>
        <line num="34" count="22" type="stmt"/>
        <line num="44" count="22" type="cond" truecount="1" falsecount="1"/>
        <line num="47" count="22" type="stmt"/>
        <line num="48" count="21" type="stmt"/>
        <line num="49" count="21" type="stmt"/>
        <line num="50" count="21" type="stmt"/>
        <line num="53" count="21" type="stmt"/>
        <line num="54" count="21" type="stmt"/>
        <line num="55" count="21" type="stmt"/>
        <line num="56" count="21" type="stmt"/>
        <line num="59" count="21" type="stmt"/>
        <line num="60" count="21" type="stmt"/>
        <line num="61" count="21" type="stmt"/>
        <line num="62" count="21" type="stmt"/>
        <line num="63" count="21" type="stmt"/>
        <line num="66" count="21" type="stmt"/>
        <line num="67" count="21" type="stmt"/>
        <line num="68" count="21" type="stmt"/>
        <line num="71" count="21" type="stmt"/>
        <line num="72" count="21" type="stmt"/>
        <line num="75" count="21" type="stmt"/>
        <line num="77" count="21" type="stmt"/>
        <line num="79" count="3" type="cond" truecount="2" falsecount="0"/>
        <line num="80" count="3" type="stmt"/>
        <line num="81" count="3" type="stmt"/>
        <line num="85" count="21" type="stmt"/>
        <line num="86" count="6" type="cond" truecount="2" falsecount="0"/>
        <line num="88" count="2" type="cond" truecount="1" falsecount="1"/>
        <line num="89" count="2" type="stmt"/>
        <line num="90" count="2" type="stmt"/>
        <line num="91" count="2" type="stmt"/>
        <line num="94" count="0" type="stmt"/>
        <line num="98" count="21" type="stmt"/>
        <line num="99" count="6" type="cond" truecount="1" falsecount="1"/>
        <line num="100" count="6" type="stmt"/>
        <line num="104" count="21" type="stmt"/>
        <line num="111" count="3" type="cond" truecount="7" falsecount="0"/>
        <line num="112" count="2" type="stmt"/>
        <line num="113" count="1" type="cond" truecount="3" falsecount="1"/>
        <line num="114" count="1" type="stmt"/>
        <line num="115" count="0" type="cond" truecount="0" falsecount="4"/>
        <line num="116" count="0" type="stmt"/>
        <line num="118" count="0" type="stmt"/>
        <line num="123" count="21" type="stmt"/>
        <line num="124" count="6" type="cond" truecount="2" falsecount="0"/>
        <line num="125" count="3" type="stmt"/>
        <line num="126" count="3" type="stmt"/>
        <line num="127" count="3" type="stmt"/>
        <line num="130" count="3" type="stmt"/>
        <line num="135" count="3" type="stmt"/>
        <line num="140" count="3" type="cond" truecount="1" falsecount="1"/>
        <line num="141" count="0" type="stmt"/>
        <line num="142" count="0" type="stmt"/>
        <line num="143" count="0" type="stmt"/>
        <line num="147" count="3" type="stmt"/>
        <line num="148" count="3" type="stmt"/>
        <line num="151" count="3" type="stmt"/>
        <line num="156" count="3" type="stmt"/>
        <line num="163" count="3" type="cond" truecount="1" falsecount="1"/>
        <line num="164" count="3" type="stmt"/>
        <line num="165" count="3" type="stmt"/>
        <line num="170" count="3" type="cond" truecount="1" falsecount="1"/>
        <line num="171" count="3" type="stmt"/>
        <line num="172" count="3" type="stmt"/>
        <line num="178" count="3" type="cond" truecount="1" falsecount="1"/>
        <line num="179" count="3" type="cond" truecount="1" falsecount="1"/>
        <line num="182" count="3" type="stmt"/>
        <line num="193" count="3" type="stmt"/>
        <line num="197" count="21" type="stmt"/>
        <line num="199" count="2" type="stmt"/>
        <line num="200" count="2" type="stmt"/>
        <line num="202" count="2" type="stmt"/>
        <line num="203" count="2" type="stmt"/>
        <line num="206" count="2" type="cond" truecount="1" falsecount="1"/>
        <line num="207" count="2" type="stmt"/>
        <line num="208" count="2" type="stmt"/>
        <line num="209" count="2" type="stmt"/>
        <line num="212" count="2" type="stmt"/>
        <line num="213" count="2" type="stmt"/>
        <line num="216" count="2" type="stmt"/>
        <line num="217" count="2" type="stmt"/>
        <line num="218" count="2" type="stmt"/>
        <line num="219" count="2" type="stmt"/>
        <line num="220" count="2" type="stmt"/>
        <line num="221" count="2" type="stmt"/>
        <line num="222" count="2" type="stmt"/>
        <line num="223" count="2" type="stmt"/>
        <line num="224" count="2" type="stmt"/>
        <line num="225" count="2" type="stmt"/>
        <line num="226" count="2" type="stmt"/>
        <line num="229" count="2" type="stmt"/>
        <line num="234" count="21" type="stmt"/>
        <line num="235" count="6" type="cond" truecount="4" falsecount="1"/>
        <line num="236" count="0" type="stmt"/>
        <line num="237" count="0" type="stmt"/>
        <line num="240" count="6" type="stmt"/>
        <line num="241" count="6" type="stmt"/>
        <line num="246" count="6" type="stmt"/>
        <line num="250" count="6" type="cond" truecount="1" falsecount="1"/>
        <line num="251" count="6" type="stmt"/>
        <line num="254" count="6" type="stmt"/>
        <line num="256" count="0" type="stmt"/>
        <line num="257" count="0" type="stmt"/>
        <line num="260" count="6" type="cond" truecount="1" falsecount="1"/>
        <line num="261" count="0" type="stmt"/>
        <line num="262" count="0" type="cond" truecount="0" falsecount="2"/>
        <line num="263" count="0" type="stmt"/>
        <line num="266" count="0" type="stmt"/>
        <line num="268" count="0" type="stmt"/>
        <line num="269" count="0" type="stmt"/>
        <line num="273" count="6" type="stmt"/>
        <line num="275" count="0" type="stmt"/>
        <line num="276" count="0" type="stmt"/>
        <line num="281" count="21" type="stmt"/>
        <line num="282" count="16" type="cond" truecount="2" falsecount="0"/>
        <line num="292" count="2" type="stmt"/>
        <line num="293" count="2" type="stmt"/>
        <line num="294" count="2" type="cond" truecount="1" falsecount="1"/>
        <line num="295" count="2" type="stmt"/>
        <line num="310" count="21" type="stmt"/>
        <line num="311" count="13" type="cond" truecount="4" falsecount="0"/>
        <line num="312" count="4" type="stmt"/>
        <line num="315" count="4" type="stmt"/>
        <line num="320" count="21" type="stmt"/>
        <line num="321" count="9" type="cond" truecount="3" falsecount="1"/>
        <line num="322" count="0" type="stmt"/>
        <line num="323" count="0" type="stmt"/>
        <line num="326" count="9" type="cond" truecount="2" falsecount="2"/>
        <line num="327" count="0" type="stmt"/>
        <line num="328" count="0" type="stmt"/>
        <line num="333" count="21" type="stmt"/>
        <line num="334" count="2" type="cond" truecount="2" falsecount="0"/>
        <line num="335" count="1" type="stmt"/>
        <line num="336" count="1" type="stmt"/>
        <line num="337" count="1" type="stmt"/>
        <line num="338" count="1" type="stmt"/>
        <line num="339" count="1" type="stmt"/>
        <line num="341" count="1" type="stmt"/>
        <line num="342" count="1" type="stmt"/>
        <line num="343" count="1" type="stmt"/>
        <line num="344" count="1" type="stmt"/>
        <line num="345" count="1" type="stmt"/>
        <line num="349" count="2" type="cond" truecount="6" falsecount="0"/>
        <line num="350" count="1" type="stmt"/>
        <line num="356" count="21" type="stmt"/>
        <line num="357" count="1" type="stmt"/>
        <line num="359" count="1" type="cond" truecount="1" falsecount="1"/>
        <line num="366" count="0" type="stmt"/>
        <line num="372" count="0" type="stmt"/>
        <line num="380" count="0" type="stmt"/>
        <line num="383" count="0" type="stmt"/>
        <line num="386" count="1" type="stmt"/>
        <line num="392" count="1" type="stmt"/>
        <line num="401" count="1" type="stmt"/>
        <line num="402" count="1" type="stmt"/>
        <line num="403" count="1" type="stmt"/>
        <line num="405" count="1" type="stmt"/>
        <line num="412" count="1" type="stmt"/>
        <line num="413" count="1" type="stmt"/>
        <line num="415" count="1" type="stmt"/>
        <line num="421" count="1" type="stmt"/>
        <line num="424" count="1" type="cond" truecount="1" falsecount="1"/>
        <line num="426" count="0" type="stmt"/>
        <line num="432" count="0" type="cond" truecount="0" falsecount="2"/>
        <line num="433" count="0" type="stmt"/>
        <line num="434" count="0" type="stmt"/>
        <line num="436" count="0" type="stmt"/>
        <line num="437" count="0" type="stmt"/>
        <line num="442" count="1" type="cond" truecount="1" falsecount="1"/>
        <line num="443" count="0" type="stmt"/>
        <line num="447" count="0" type="stmt"/>
        <line num="450" count="0" type="stmt"/>
        <line num="452" count="0" type="cond" truecount="0" falsecount="2"/>
        <line num="455" count="0" type="cond" truecount="0" falsecount="2"/>
        <line num="456" count="0" type="stmt"/>
        <line num="457" count="0" type="stmt"/>
        <line num="460" count="0" type="stmt"/>
        <line num="462" count="0" type="stmt"/>
        <line num="463" count="0" type="stmt"/>
        <line num="467" count="1" type="stmt"/>
        <line num="468" count="1" type="stmt"/>
        <line num="471" count="1" type="cond" truecount="1" falsecount="1"/>
        <line num="472" count="0" type="stmt"/>
        <line num="476" count="0" type="stmt"/>
        <line num="477" count="0" type="stmt"/>
        <line num="480" count="1" type="stmt"/>
        <line num="487" count="1" type="cond" truecount="1" falsecount="1"/>
        <line num="488" count="0" type="stmt"/>
        <line num="489" count="0" type="stmt"/>
        <line num="490" count="0" type="stmt"/>
        <line num="495" count="1" type="cond" truecount="1" falsecount="1"/>
        <line num="496" count="1" type="stmt"/>
        <line num="504" count="0" type="stmt"/>
        <line num="506" count="0" type="stmt"/>
        <line num="517" count="1" type="stmt"/>
        <line num="518" count="1" type="stmt"/>
        <line num="522" count="1" type="stmt"/>
        <line num="526" count="1" type="stmt"/>
        <line num="528" count="1" type="stmt"/>
        <line num="529" count="1" type="stmt"/>
        <line num="530" count="1" type="stmt"/>
        <line num="531" count="1" type="stmt"/>
        <line num="534" count="1" type="stmt"/>
        <line num="535" count="0" type="cond" truecount="0" falsecount="2"/>
        <line num="536" count="0" type="cond" truecount="0" falsecount="2"/>
        <line num="539" count="0" type="stmt"/>
        <line num="540" count="0" type="stmt"/>
        <line num="545" count="21" type="stmt"/>
        <line num="546" count="9" type="stmt"/>
        <line num="550" count="18" type="stmt"/>
        <line num="556" count="2" type="stmt"/>
        <line num="570" count="21" type="stmt"/>
        <line num="571" count="3" type="stmt"/>
        <line num="572" count="3" type="cond" truecount="1" falsecount="1"/>
        <line num="574" count="3" type="stmt"/>
        <line num="585" count="6" type="stmt"/>
        <line num="591" count="1" type="stmt"/>
        <line num="604" count="6" type="stmt"/>
        <line num="610" count="1" type="stmt"/>
        <line num="626" count="0" type="stmt"/>
        <line num="633" count="0" type="stmt"/>
        <line num="642" count="21" type="stmt"/>
        <line num="643" count="4" type="stmt"/>
        <line num="654" count="8" type="stmt"/>
        <line num="660" count="12" type="stmt"/>
        <line num="666" count="0" type="stmt"/>
        <line num="681" count="8" type="stmt"/>
        <line num="687" count="12" type="stmt"/>
        <line num="693" count="0" type="stmt"/>
        <line num="715" count="0" type="stmt"/>
        <line num="723" count="21" type="stmt"/>
        <line num="724" count="5" type="cond" truecount="1" falsecount="1"/>
        <line num="726" count="5" type="stmt"/>
        <line num="736" count="0" type="stmt"/>
        <line num="754" count="0" type="stmt"/>
        <line num="756" count="0" type="stmt"/>
        <line num="758" count="0" type="stmt"/>
        <line num="776" count="0" type="stmt"/>
        <line num="794" count="0" type="stmt"/>
        <line num="796" count="0" type="stmt"/>
        <line num="798" count="0" type="stmt"/>
        <line num="822" count="1" type="stmt"/>
        <line num="829" count="0" type="stmt"/>
        <line num="839" count="21" type="stmt"/>
        <line num="840" count="21" type="cond" truecount="1" falsecount="1"/>
        <line num="842" count="0" type="stmt"/>
        <line num="843" count="0" type="cond" truecount="0" falsecount="2"/>
        <line num="844" count="0" type="cond" truecount="0" falsecount="2"/>
        <line num="845" count="0" type="cond" truecount="0" falsecount="2"/>
        <line num="847" count="0" type="stmt"/>
        <line num="851" count="0" type="stmt"/>
        <line num="856" count="0" type="stmt"/>
        <line num="857" count="0" type="stmt"/>
        <line num="866" count="21" type="stmt"/>
      </file>
      <file name="TunnelNavigation.js" path="/Users/mohamedgueye/Documents/Concordia/Winter 2025/SOEN 390/SOEN-_390-Q-QD/ConcordiaMaps/components/IndoorNavigation/TunnelNavigation.js">
        <metrics statements="13" coveredstatements="13" conditionals="2" coveredconditionals="1" methods="6" coveredmethods="6"/>
        <line num="9" count="3" type="stmt"/>
        <line num="10" count="2" type="stmt"/>
        <line num="12" count="2" type="stmt"/>
        <line num="13" count="10" type="stmt"/>
        <line num="16" count="2" type="stmt"/>
        <line num="18" count="1" type="stmt"/>
        <line num="19" count="1" type="stmt"/>
        <line num="20" count="1" type="stmt"/>
        <line num="23" count="1" type="cond" truecount="1" falsecount="1"/>
        <line num="24" count="1" type="stmt"/>
        <line num="28" count="2" type="stmt"/>
        <line num="40" count="8" type="stmt"/>
        <line num="43" count="1" type="stmt"/>
      </file>
    </package>
    <package name="ConcordiaMaps.components.MultistepNavigation">
      <metrics statements="358" coveredstatements="287" conditionals="303" coveredconditionals="220" methods="64" coveredmethods="55"/>
      <file name="DirectionArrow.js" path="/Users/mohamedgueye/Documents/Concordia/Winter 2025/SOEN 390/SOEN-_390-Q-QD/ConcordiaMaps/components/MultistepNavigation/DirectionArrow.js">
        <metrics statements="2" coveredstatements="2" conditionals="0" coveredconditionals="0" methods="1" coveredmethods="1"/>
        <line num="6" count="1" type="stmt"/>
        <line num="7" count="2" type="stmt"/>
      </file>
      <file name="MultistepNavigationScreen.js" path="/Users/mohamedgueye/Documents/Concordia/Winter 2025/SOEN 390/SOEN-_390-Q-QD/ConcordiaMaps/components/MultistepNavigation/MultistepNavigationScreen.js">
        <metrics statements="289" coveredstatements="227" conditionals="154" coveredconditionals="86" methods="38" coveredmethods="31"/>
        <line num="37" count="3" type="stmt"/>
        <line num="43" count="418" type="stmt"/>
        <line num="44" count="418" type="stmt"/>
        <line num="47" count="418" type="stmt"/>
        <line num="49" count="1" type="stmt"/>
        <line num="50" count="1" type="stmt"/>
        <line num="51" count="1" type="stmt"/>
        <line num="52" count="1" type="stmt"/>
        <line num="53" count="1" type="stmt"/>
        <line num="54" count="1" type="stmt"/>
        <line num="57" count="418" type="stmt"/>
        <line num="58" count="110" type="stmt"/>
        <line num="63" count="417" type="stmt"/>
        <line num="64" count="417" type="stmt"/>
        <line num="67" count="417" type="stmt"/>
        <line num="68" count="417" type="stmt"/>
        <line num="69" count="417" type="stmt"/>
        <line num="71" count="417" type="stmt"/>
        <line num="74" count="417" type="stmt"/>
        <line num="75" count="417" type="stmt"/>
        <line num="76" count="417" type="stmt"/>
        <line num="77" count="417" type="stmt"/>
        <line num="80" count="417" type="stmt"/>
        <line num="81" count="417" type="stmt"/>
        <line num="82" count="417" type="stmt"/>
        <line num="83" count="417" type="stmt"/>
        <line num="84" count="417" type="stmt"/>
        <line num="85" count="417" type="stmt"/>
        <line num="86" count="417" type="stmt"/>
        <line num="87" count="417" type="stmt"/>
        <line num="88" count="417" type="stmt"/>
        <line num="89" count="417" type="stmt"/>
        <line num="90" count="417" type="stmt"/>
        <line num="91" count="417" type="stmt"/>
        <line num="95" count="417" type="stmt"/>
        <line num="98" count="417" type="stmt"/>
        <line num="99" count="417" type="stmt"/>
        <line num="100" count="417" type="stmt"/>
        <line num="101" count="417" type="stmt"/>
        <line num="102" count="417" type="stmt"/>
        <line num="103" count="417" type="stmt"/>
        <line num="104" count="417" type="stmt"/>
        <line num="105" count="417" type="stmt"/>
        <line num="106" count="417" type="stmt"/>
        <line num="107" count="417" type="stmt"/>
        <line num="108" count="417" type="stmt"/>
        <line num="109" count="417" type="stmt"/>
        <line num="112" count="417" type="stmt"/>
        <line num="113" count="417" type="stmt"/>
        <line num="114" count="417" type="stmt"/>
        <line num="115" count="417" type="stmt"/>
        <line num="118" count="417" type="stmt"/>
        <line num="119" count="110" type="stmt"/>
        <line num="120" count="110" type="stmt"/>
        <line num="122" count="110" type="stmt"/>
        <line num="123" count="13" type="stmt"/>
        <line num="125" count="97" type="stmt"/>
        <line num="129" count="110" type="stmt"/>
        <line num="131" count="110" type="stmt"/>
        <line num="136" count="417" type="stmt"/>
        <line num="138" count="117" type="cond" truecount="2" falsecount="0"/>
        <line num="139" count="68" type="stmt"/>
        <line num="140" count="68" type="cond" truecount="2" falsecount="0"/>
        <line num="143" count="68" type="cond" truecount="2" falsecount="0"/>
        <line num="144" count="26" type="stmt"/>
        <line num="149" count="117" type="cond" truecount="2" falsecount="0"/>
        <line num="150" count="1" type="stmt"/>
        <line num="153" count="1" type="cond" truecount="1" falsecount="1"/>
        <line num="154" count="1" type="cond" truecount="1" falsecount="1"/>
        <line num="155" count="1" type="cond" truecount="1" falsecount="1"/>
        <line num="156" count="1" type="stmt"/>
        <line num="157" count="1" type="cond" truecount="1" falsecount="1"/>
        <line num="159" count="1" type="cond" truecount="1" falsecount="1"/>
        <line num="160" count="0" type="stmt"/>
        <line num="162" count="1" type="cond" truecount="1" falsecount="1"/>
        <line num="163" count="0" type="stmt"/>
        <line num="168" count="1" type="cond" truecount="1" falsecount="1"/>
        <line num="169" count="1" type="cond" truecount="1" falsecount="1"/>
        <line num="170" count="1" type="cond" truecount="1" falsecount="1"/>
        <line num="171" count="0" type="stmt"/>
        <line num="172" count="0" type="stmt"/>
        <line num="178" count="1" type="cond" truecount="1" falsecount="1"/>
        <line num="179" count="1" type="stmt"/>
        <line num="181" count="1" type="cond" truecount="1" falsecount="1"/>
        <line num="182" count="1" type="stmt"/>
        <line num="188" count="417" type="stmt"/>
        <line num="190" count="200" type="cond" truecount="4" falsecount="0"/>
        <line num="191" count="114" type="stmt"/>
        <line num="194" count="114" type="cond" truecount="2" falsecount="0"/>
        <line num="195" count="1" type="stmt"/>
        <line num="198" count="114" type="cond" truecount="1" falsecount="1"/>
        <line num="199" count="0" type="stmt"/>
        <line num="202" count="114" type="cond" truecount="1" falsecount="1"/>
        <line num="203" count="0" type="stmt"/>
        <line num="206" count="114" type="cond" truecount="1" falsecount="1"/>
        <line num="207" count="0" type="stmt"/>
        <line num="210" count="114" type="cond" truecount="1" falsecount="1"/>
        <line num="211" count="0" type="stmt"/>
        <line num="215" count="114" type="cond" truecount="2" falsecount="0"/>
        <line num="216" count="1" type="stmt"/>
        <line num="219" count="114" type="cond" truecount="1" falsecount="1"/>
        <line num="220" count="0" type="stmt"/>
        <line num="223" count="114" type="cond" truecount="1" falsecount="1"/>
        <line num="224" count="0" type="stmt"/>
        <line num="227" count="114" type="cond" truecount="1" falsecount="1"/>
        <line num="228" count="0" type="stmt"/>
        <line num="231" count="114" type="cond" truecount="1" falsecount="1"/>
        <line num="232" count="0" type="stmt"/>
        <line num="237" count="417" type="stmt"/>
        <line num="238" count="28" type="cond" truecount="1" falsecount="1"/>
        <line num="240" count="28" type="stmt"/>
        <line num="242" count="28" type="stmt"/>
        <line num="243" count="28" type="stmt"/>
        <line num="248" count="28" type="stmt"/>
        <line num="250" count="28" type="stmt"/>
        <line num="251" count="28" type="stmt"/>
        <line num="253" count="0" type="stmt"/>
        <line num="255" count="28" type="stmt"/>
        <line num="260" count="417" type="stmt"/>
        <line num="261" count="110" type="stmt"/>
        <line num="262" count="110" type="stmt"/>
        <line num="263" count="110" type="stmt"/>
        <line num="264" count="107" type="cond" truecount="2" falsecount="0"/>
        <line num="265" count="2" type="stmt"/>
        <line num="266" count="2" type="stmt"/>
        <line num="269" count="105" type="stmt"/>
        <line num="270" count="104" type="stmt"/>
        <line num="275" count="104" type="stmt"/>
        <line num="277" count="4" type="stmt"/>
        <line num="283" count="417" type="stmt"/>
        <line num="284" count="5" type="stmt"/>
        <line num="285" count="5" type="cond" truecount="2" falsecount="0"/>
        <line num="286" count="1" type="stmt"/>
        <line num="287" count="1" type="stmt"/>
        <line num="289" count="4" type="stmt"/>
        <line num="291" count="4" type="stmt"/>
        <line num="292" count="4" type="stmt"/>
        <line num="298" count="3" type="cond" truecount="2" falsecount="0"/>
        <line num="299" count="1" type="stmt"/>
        <line num="302" count="2" type="stmt"/>
        <line num="304" count="2" type="stmt"/>
        <line num="306" count="4" type="stmt"/>
        <line num="311" count="417" type="stmt"/>
        <line num="312" count="7" type="stmt"/>
        <line num="313" count="7" type="stmt"/>
        <line num="315" count="7" type="cond" truecount="2" falsecount="0"/>
        <line num="316" count="2" type="stmt"/>
        <line num="317" count="2" type="stmt"/>
        <line num="320" count="5" type="stmt"/>
        <line num="322" count="5" type="stmt"/>
        <line num="323" count="5" type="stmt"/>
        <line num="329" count="5" type="cond" truecount="2" falsecount="0"/>
        <line num="330" count="1" type="stmt"/>
        <line num="333" count="4" type="stmt"/>
        <line num="335" count="1" type="stmt"/>
        <line num="337" count="5" type="stmt"/>
        <line num="342" count="417" type="stmt"/>
        <line num="343" count="0" type="stmt"/>
        <line num="344" count="0" type="stmt"/>
        <line num="349" count="0" type="stmt"/>
        <line num="350" count="0" type="stmt"/>
        <line num="355" count="0" type="stmt"/>
        <line num="356" count="0" type="stmt"/>
        <line num="359" count="0" type="stmt"/>
        <line num="360" count="0" type="stmt"/>
        <line num="362" count="0" type="stmt"/>
        <line num="367" count="417" type="stmt"/>
        <line num="368" count="0" type="stmt"/>
        <line num="369" count="0" type="stmt"/>
        <line num="374" count="0" type="stmt"/>
        <line num="375" count="0" type="stmt"/>
        <line num="380" count="0" type="stmt"/>
        <line num="381" count="0" type="stmt"/>
        <line num="385" count="0" type="stmt"/>
        <line num="390" count="417" type="stmt"/>
        <line num="391" count="14" type="stmt"/>
        <line num="392" count="14" type="stmt"/>
        <line num="393" count="14" type="stmt"/>
        <line num="397" count="417" type="stmt"/>
        <line num="398" count="14" type="stmt"/>
        <line num="399" count="14" type="stmt"/>
        <line num="400" count="14" type="stmt"/>
        <line num="404" count="417" type="stmt"/>
        <line num="405" count="9" type="stmt"/>
        <line num="416" count="417" type="stmt"/>
        <line num="417" count="15" type="stmt"/>
        <line num="427" count="417" type="stmt"/>
        <line num="428" count="21" type="stmt"/>
        <line num="438" count="417" type="stmt"/>
        <line num="439" count="8" type="stmt"/>
        <line num="449" count="417" type="stmt"/>
        <line num="450" count="1" type="stmt"/>
        <line num="469" count="417" type="stmt"/>
        <line num="470" count="9" type="stmt"/>
        <line num="473" count="9" type="stmt"/>
        <line num="475" count="9" type="stmt"/>
        <line num="477" count="9" type="cond" truecount="1" falsecount="1"/>
        <line num="478" count="9" type="stmt"/>
        <line num="486" count="9" type="cond" truecount="1" falsecount="1"/>
        <line num="488" count="0" type="cond" truecount="0" falsecount="2"/>
        <line num="493" count="0" type="stmt"/>
        <line num="495" count="0" type="stmt"/>
        <line num="498" count="0" type="cond" truecount="0" falsecount="2"/>
        <line num="503" count="0" type="stmt"/>
        <line num="505" count="0" type="stmt"/>
        <line num="509" count="9" type="cond" truecount="2" falsecount="0"/>
        <line num="514" count="4" type="stmt"/>
        <line num="516" count="5" type="stmt"/>
        <line num="519" count="9" type="cond" truecount="1" falsecount="1"/>
        <line num="524" count="0" type="stmt"/>
        <line num="526" count="9" type="stmt"/>
        <line num="531" count="9" type="stmt"/>
        <line num="532" count="9" type="cond" truecount="1" falsecount="1"/>
        <line num="533" count="9" type="stmt"/>
        <line num="534" count="0" type="cond" truecount="0" falsecount="2"/>
        <line num="535" count="0" type="stmt"/>
        <line num="536" count="0" type="cond" truecount="0" falsecount="2"/>
        <line num="537" count="0" type="stmt"/>
        <line num="538" count="0" type="cond" truecount="0" falsecount="2"/>
        <line num="539" count="0" type="stmt"/>
        <line num="540" count="0" type="cond" truecount="0" falsecount="2"/>
        <line num="541" count="0" type="stmt"/>
        <line num="542" count="0" type="cond" truecount="0" falsecount="2"/>
        <line num="543" count="0" type="stmt"/>
        <line num="547" count="9" type="stmt"/>
        <line num="557" count="9" type="stmt"/>
        <line num="572" count="2" type="stmt"/>
        <line num="574" count="2" type="stmt"/>
        <line num="582" count="2" type="stmt"/>
        <line num="586" count="417" type="stmt"/>
        <line num="588" count="193" type="stmt"/>
        <line num="590" count="146" type="cond" truecount="2" falsecount="0"/>
        <line num="595" count="1" type="stmt"/>
        <line num="601" count="193" type="stmt"/>
        <line num="604" count="417" type="stmt"/>
        <line num="605" count="117" type="cond" truecount="1" falsecount="1"/>
        <line num="613" count="0" type="stmt"/>
        <line num="615" count="0" type="stmt"/>
        <line num="625" count="0" type="cond" truecount="0" falsecount="2"/>
        <line num="633" count="0" type="stmt"/>
        <line num="643" count="0" type="stmt"/>
        <line num="644" count="0" type="stmt"/>
        <line num="645" count="0" type="cond" truecount="0" falsecount="2"/>
        <line num="646" count="0" type="stmt"/>
        <line num="655" count="417" type="stmt"/>
        <line num="656" count="3" type="cond" truecount="3" falsecount="1"/>
        <line num="657" count="0" type="stmt"/>
        <line num="660" count="3" type="stmt"/>
        <line num="663" count="3" type="stmt"/>
        <line num="664" count="3" type="stmt"/>
        <line num="667" count="3" type="stmt"/>
        <line num="668" count="3" type="stmt"/>
        <line num="670" count="3" type="stmt"/>
        <line num="671" count="3" type="stmt"/>
        <line num="674" count="3" type="stmt"/>
        <line num="677" count="3" type="stmt"/>
        <line num="678" count="3" type="stmt"/>
        <line num="681" count="3" type="stmt"/>
        <line num="682" count="3" type="cond" truecount="3" falsecount="1"/>
        <line num="683" count="0" type="stmt"/>
        <line num="684" count="3" type="cond" truecount="3" falsecount="1"/>
        <line num="685" count="3" type="stmt"/>
        <line num="689" count="417" type="stmt"/>
        <line num="690" count="2" type="cond" truecount="3" falsecount="1"/>
        <line num="693" count="2" type="stmt"/>
        <line num="694" count="2" type="stmt"/>
        <line num="697" count="2" type="stmt"/>
        <line num="698" count="2" type="stmt"/>
        <line num="700" count="2" type="stmt"/>
        <line num="701" count="2" type="stmt"/>
        <line num="704" count="2" type="stmt"/>
        <line num="705" count="2" type="cond" truecount="3" falsecount="1"/>
        <line num="706" count="2" type="stmt"/>
        <line num="707" count="0" type="cond" truecount="0" falsecount="4"/>
        <line num="713" count="417" type="stmt"/>
        <line num="714" count="3" type="cond" truecount="1" falsecount="1"/>
        <line num="716" count="3" type="stmt"/>
        <line num="718" count="3" type="stmt"/>
        <line num="723" count="0" type="stmt"/>
        <line num="731" count="1" type="stmt"/>
        <line num="848" count="0" type="stmt"/>
        <line num="890" count="0" type="stmt"/>
        <line num="891" count="0" type="stmt"/>
        <line num="892" count="0" type="stmt"/>
        <line num="920" count="417" type="stmt"/>
        <line num="921" count="417" type="cond" truecount="2" falsecount="0"/>
        <line num="924" count="417" type="stmt"/>
        <line num="941" count="8" type="stmt"/>
        <line num="994" count="5" type="stmt"/>
      </file>
      <file name="NavigationForm.js" path="/Users/mohamedgueye/Documents/Concordia/Winter 2025/SOEN 390/SOEN-_390-Q-QD/ConcordiaMaps/components/MultistepNavigation/NavigationForm.js">
        <metrics statements="45" coveredstatements="36" conditionals="116" coveredconditionals="104" methods="17" coveredmethods="15"/>
        <line num="17" count="4" type="stmt"/>
        <line num="61" count="299" type="stmt"/>
        <line num="89" count="1" type="stmt"/>
        <line num="105" count="13" type="stmt"/>
        <line num="145" count="0" type="stmt"/>
        <line num="146" count="0" type="stmt"/>
        <line num="165" count="6" type="stmt"/>
        <line num="168" count="1" type="stmt"/>
        <line num="211" count="53" type="cond" truecount="2" falsecount="0"/>
        <line num="216" count="1" type="stmt"/>
        <line num="217" count="1" type="cond" truecount="1" falsecount="1"/>
        <line num="218" count="1" type="stmt"/>
        <line num="221" count="0" type="cond" truecount="0" falsecount="2"/>
        <line num="222" count="0" type="stmt"/>
        <line num="225" count="0" type="cond" truecount="0" falsecount="2"/>
        <line num="226" count="0" type="stmt"/>
        <line num="228" count="0" type="stmt"/>
        <line num="230" count="52" type="cond" truecount="2" falsecount="0"/>
        <line num="236" count="49" type="stmt"/>
        <line num="244" count="49" type="cond" truecount="2" falsecount="0"/>
        <line num="245" count="18" type="stmt"/>
        <line num="246" count="31" type="cond" truecount="2" falsecount="0"/>
        <line num="248" count="3" type="stmt"/>
        <line num="249" count="28" type="cond" truecount="2" falsecount="0"/>
        <line num="254" count="25" type="stmt"/>
        <line num="257" count="3" type="stmt"/>
        <line num="261" count="3" type="cond" truecount="1" falsecount="1"/>
        <line num="266" count="53" type="stmt"/>
        <line num="269" count="53" type="stmt"/>
        <line num="273" count="53" type="cond" truecount="2" falsecount="0"/>
        <line num="293" count="24" type="stmt"/>
        <line num="296" count="10" type="stmt"/>
        <line num="323" count="8" type="stmt"/>
        <line num="341" count="12" type="stmt"/>
        <line num="382" count="0" type="stmt"/>
        <line num="383" count="0" type="stmt"/>
        <line num="401" count="8" type="stmt"/>
        <line num="404" count="1" type="stmt"/>
        <line num="446" count="9" type="cond" truecount="2" falsecount="0"/>
        <line num="449" count="9" type="stmt"/>
        <line num="452" count="9" type="stmt"/>
        <line num="456" count="9" type="cond" truecount="2" falsecount="0"/>
        <line num="472" count="76" type="stmt"/>
        <line num="475" count="9" type="stmt"/>
        <line num="520" count="4" type="stmt"/>
      </file>
      <file name="NavigationStep.js" path="/Users/mohamedgueye/Documents/Concordia/Winter 2025/SOEN 390/SOEN-_390-Q-QD/ConcordiaMaps/components/MultistepNavigation/NavigationStep.js">
        <metrics statements="22" coveredstatements="22" conditionals="33" coveredconditionals="30" methods="8" coveredmethods="8"/>
        <line num="24" count="4" type="stmt"/>
        <line num="32" count="153" type="cond" truecount="1" falsecount="1"/>
        <line num="35" count="153" type="stmt"/>
        <line num="36" count="32" type="stmt"/>
        <line num="44" count="153" type="stmt"/>
        <line num="45" count="84" type="stmt"/>
        <line num="47" count="84" type="stmt"/>
        <line num="87" count="10" type="stmt"/>
        <line num="105" count="153" type="stmt"/>
        <line num="106" count="69" type="cond" truecount="2" falsecount="0"/>
        <line num="109" count="69" type="cond" truecount="2" falsecount="0"/>
        <line num="113" count="69" type="stmt"/>
        <line num="142" count="64" type="stmt"/>
        <line num="163" count="33" type="cond" truecount="1" falsecount="1"/>
        <line num="167" count="33" type="stmt"/>
        <line num="195" count="153" type="stmt"/>
        <line num="204" count="4" type="stmt"/>
        <line num="227" count="4" type="stmt"/>
        <line num="239" count="140" type="cond" truecount="1" falsecount="1"/>
        <line num="241" count="140" type="stmt"/>
        <line num="243" count="140" type="stmt"/>
        <line num="315" count="4" type="stmt"/>
      </file>
    </package>
    <package name="ConcordiaMaps.components.OutdoorNavigation">
      <metrics statements="202" coveredstatements="176" conditionals="113" coveredconditionals="83" methods="49" coveredmethods="45"/>
      <file name="DirectionsBox.js" path="/Users/mohamedgueye/Documents/Concordia/Winter 2025/SOEN 390/SOEN-_390-Q-QD/ConcordiaMaps/components/OutdoorNavigation/DirectionsBox.js">
        <metrics statements="14" coveredstatements="14" conditionals="11" coveredconditionals="7" methods="8" coveredmethods="7"/>
        <line num="17" count="8" type="cond" truecount="2" falsecount="0"/>
        <line num="20" count="8" type="stmt"/>
        <line num="21" count="8" type="stmt"/>
        <line num="28" count="8" type="stmt"/>
        <line num="29" count="5" type="stmt"/>
        <line num="32" count="8" type="stmt"/>
        <line num="38" count="8" type="stmt"/>
        <line num="39" count="16" type="stmt"/>
        <line num="40" count="48" type="stmt"/>
        <line num="45" count="16" type="stmt"/>
        <line num="46" count="48" type="stmt"/>
        <line num="55" count="8" type="stmt"/>
        <line num="70" count="16" type="stmt"/>
        <line num="88" count="3" type="stmt"/>
      </file>
      <file name="ExpandedMapModal.js" path="/Users/mohamedgueye/Documents/Concordia/Winter 2025/SOEN 390/SOEN-_390-Q-QD/ConcordiaMaps/components/OutdoorNavigation/ExpandedMapModal.js">
        <metrics statements="4" coveredstatements="4" conditionals="2" coveredconditionals="2" methods="1" coveredmethods="1"/>
        <line num="17" count="3" type="stmt"/>
        <line num="20" count="5" type="cond" truecount="2" falsecount="0"/>
        <line num="22" count="4" type="stmt"/>
        <line num="53" count="3" type="stmt"/>
      </file>
      <file name="FloatingSearchBar.js" path="/Users/mohamedgueye/Documents/Concordia/Winter 2025/SOEN 390/SOEN-_390-Q-QD/ConcordiaMaps/components/OutdoorNavigation/FloatingSearchBar.js">
        <metrics statements="68" coveredstatements="63" conditionals="24" coveredconditionals="19" methods="14" coveredmethods="14"/>
        <line num="16" count="3" type="stmt"/>
        <line num="23" count="65" type="stmt"/>
        <line num="24" count="65" type="stmt"/>
[...]
        <line num="417" count="1" type="stmt"/>
        <line num="428" count="1" type="stmt"/>
        <line num="445" count="4" type="stmt"/>
        <line num="458" count="1" type="stmt"/>
        <line num="471" count="1" type="stmt"/>
        <line num="482" count="1" type="stmt"/>
        <line num="499" count="4" type="stmt"/>
        <line num="507" count="1" type="stmt"/>
        <line num="525" count="4" type="stmt"/>
        <line num="526" count="9" type="cond" truecount="2" falsecount="0"/>
        <line num="527" count="8" type="stmt"/>
      </file>
      <file name="NavigationStrategyService.js" path="/Users/mohamedgueye/Documents/Concordia/Winter 2025/SOEN 390/SOEN-_390-Q-QD/ConcordiaMaps/services/NavigationStrategyService.js">
        <metrics statements="90" coveredstatements="80" conditionals="147" coveredconditionals="120" methods="12" coveredmethods="12"/>
        <line num="4" count="3" type="stmt"/>
        <line num="6" count="2" type="cond" truecount="5" falsecount="0"/>
        <line num="7" count="1" type="stmt"/>
        <line num="12" count="1" type="stmt"/>
        <line num="16" count="1" type="stmt"/>
        <line num="37" count="1" type="stmt"/>
        <line num="43" count="3" type="stmt"/>
        <line num="44" count="1" type="cond" truecount="1" falsecount="1"/>
        <line num="46" count="1" type="stmt"/>
        <line num="47" count="1" type="stmt"/>
        <line num="48" count="1" type="stmt"/>
        <line num="49" count="1" type="stmt"/>
        <line num="52" count="0" type="stmt"/>
        <line num="53" count="0" type="stmt"/>
        <line num="65" count="3" type="stmt"/>
        <line num="67" count="3" type="cond" truecount="2" falsecount="0"/>
        <line num="73" count="1" type="stmt"/>
        <line num="80" count="1" type="stmt"/>
        <line num="86" count="2" type="cond" truecount="2" falsecount="0"/>
        <line num="88" count="1" type="stmt"/>
        <line num="96" count="1" type="cond" truecount="1" falsecount="1"/>
        <line num="97" count="1" type="cond" truecount="1" falsecount="1"/>
        <line num="99" count="1" type="stmt"/>
        <line num="102" count="1" type="stmt"/>
        <line num="105" count="1" type="stmt"/>
        <line num="117" count="3" type="stmt"/>
        <line num="119" count="1" type="stmt"/>
        <line num="134" count="3" type="stmt"/>
        <line num="135" count="2" type="cond" truecount="5" falsecount="0"/>
        <line num="136" count="1" type="stmt"/>
        <line num="141" count="1" type="stmt"/>
        <line num="145" count="1" type="stmt"/>
        <line num="170" count="1" type="stmt"/>
        <line num="186" count="4" type="stmt"/>
        <line num="189" count="4" type="stmt"/>
        <line num="190" count="4" type="stmt"/>
        <line num="192" count="4" type="stmt"/>
        <line num="197" count="4" type="cond" truecount="2" falsecount="0"/>
        <line num="198" count="2" type="stmt"/>
        <line num="223" count="2" type="cond" truecount="1" falsecount="1"/>
        <line num="224" count="0" type="stmt"/>
        <line num="246" count="2" type="stmt"/>
        <line num="298" count="17" type="cond" truecount="4" falsecount="0"/>
        <line num="301" count="15" type="cond" truecount="2" falsecount="0"/>
        <line num="302" count="13" type="cond" truecount="5" falsecount="0"/>
        <line num="303" count="1" type="stmt"/>
        <line num="306" count="12" type="cond" truecount="2" falsecount="0"/>
        <line num="311" count="1" type="stmt"/>
        <line num="312" count="1" type="cond" truecount="1" falsecount="1"/>
        <line num="316" count="11" type="cond" truecount="1" falsecount="1"/>
        <line num="317" count="0" type="stmt"/>
        <line num="321" count="11" type="stmt"/>
        <line num="322" count="11" type="stmt"/>
        <line num="323" count="11" type="cond" truecount="2" falsecount="2"/>
        <line num="324" count="0" type="stmt"/>
        <line num="328" count="11" type="stmt"/>
        <line num="329" count="11" type="stmt"/>
        <line num="330" count="11" type="cond" truecount="2" falsecount="2"/>
        <line num="331" count="0" type="stmt"/>
        <line num="336" count="11" type="stmt"/>
        <line num="337" count="11" type="stmt"/>
        <line num="338" count="11" type="cond" truecount="2" falsecount="0"/>
        <line num="339" count="10" type="stmt"/>
        <line num="343" count="1" type="stmt"/>
        <line num="344" count="1" type="stmt"/>
        <line num="345" count="1" type="cond" truecount="1" falsecount="1"/>
        <line num="346" count="0" type="stmt"/>
        <line num="349" count="1" type="stmt"/>
        <line num="361" count="1" type="stmt"/>
        <line num="363" count="1" type="stmt"/>
        <line num="389" count="9" type="cond" truecount="1" falsecount="1"/>
        <line num="390" count="0" type="stmt"/>
        <line num="391" count="0" type="stmt"/>
        <line num="395" count="9" type="cond" truecount="4" falsecount="0"/>
        <line num="396" count="1" type="stmt"/>
        <line num="400" count="1" type="stmt"/>
        <line num="403" count="1" type="stmt"/>
        <line num="407" count="8" type="stmt"/>
        <line num="410" count="8" type="cond" truecount="4" falsecount="1"/>
        <line num="412" count="3" type="stmt"/>
        <line num="413" count="3" type="stmt"/>
        <line num="415" count="1" type="stmt"/>
        <line num="416" count="1" type="stmt"/>
        <line num="418" count="2" type="stmt"/>
        <line num="419" count="2" type="stmt"/>
        <line num="421" count="2" type="stmt"/>
        <line num="422" count="2" type="stmt"/>
        <line num="424" count="0" type="stmt"/>
        <line num="436" count="2" type="stmt"/>
        <line num="465" count="1" type="stmt"/>
      </file>
      <file name="NavigationStylesService.js" path="/Users/mohamedgueye/Documents/Concordia/Winter 2025/SOEN 390/SOEN-_390-Q-QD/ConcordiaMaps/services/NavigationStylesService.js">
        <metrics statements="31" coveredstatements="31" conditionals="24" coveredconditionals="24" methods="3" coveredmethods="3"/>
        <line num="10" count="4" type="stmt"/>
        <line num="11" count="25" type="cond" truecount="6" falsecount="0"/>
        <line num="13" count="3" type="stmt"/>
        <line num="15" count="3" type="stmt"/>
        <line num="17" count="3" type="stmt"/>
        <line num="19" count="3" type="stmt"/>
        <line num="21" count="3" type="stmt"/>
        <line num="23" count="10" type="stmt"/>
        <line num="32" count="4" type="stmt"/>
        <line num="33" count="7" type="cond" truecount="6" falsecount="0"/>
        <line num="35" count="1" type="stmt"/>
        <line num="37" count="1" type="stmt"/>
        <line num="39" count="1" type="stmt"/>
        <line num="41" count="1" type="stmt"/>
        <line num="43" count="1" type="stmt"/>
        <line num="45" count="2" type="stmt"/>
        <line num="54" count="4" type="stmt"/>
        <line num="55" count="10" type="cond" truecount="2" falsecount="0"/>
        <line num="56" count="1" type="stmt"/>
        <line num="57" count="9" type="cond" truecount="2" falsecount="0"/>
        <line num="58" count="1" type="stmt"/>
        <line num="61" count="8" type="stmt"/>
        <line num="62" count="8" type="cond" truecount="2" falsecount="0"/>
        <line num="63" count="6" type="cond" truecount="2" falsecount="0"/>
        <line num="64" count="1" type="stmt"/>
        <line num="65" count="5" type="cond" truecount="2" falsecount="0"/>
        <line num="66" count="1" type="stmt"/>
        <line num="67" count="4" type="cond" truecount="2" falsecount="0"/>
        <line num="68" count="1" type="stmt"/>
        <line num="70" count="3" type="stmt"/>
        <line num="73" count="2" type="stmt"/>
      </file>
      <file name="NavigationUtilsService.js" path="/Users/mohamedgueye/Documents/Concordia/Winter 2025/SOEN 390/SOEN-_390-Q-QD/ConcordiaMaps/services/NavigationUtilsService.js">
        <metrics statements="40" coveredstatements="40" conditionals="38" coveredconditionals="38" methods="7" coveredmethods="7"/>
        <line num="6" count="4" type="stmt"/>
        <line num="16" count="4" type="stmt"/>
        <line num="24" count="4" type="stmt"/>
        <line num="35" count="4" type="stmt"/>
        <line num="36" count="18" type="stmt"/>
        <line num="37" count="52" type="stmt"/>
        <line num="45" count="282" type="stmt"/>
        <line num="54" count="4" type="stmt"/>
        <line num="55" count="9" type="stmt"/>
        <line num="64" count="4" type="stmt"/>
        <line num="65" count="111" type="cond" truecount="2" falsecount="0"/>
        <line num="71" count="3" type="stmt"/>
        <line num="75" count="108" type="cond" truecount="12" falsecount="0"/>
        <line num="80" count="33" type="stmt"/>
        <line num="85" count="33" type="stmt"/>
        <line num="89" count="25" type="stmt"/>
        <line num="93" count="17" type="stmt"/>
        <line num="104" count="4" type="stmt"/>
        <line num="106" count="8" type="cond" truecount="4" falsecount="0"/>
        <line num="108" count="3" type="stmt"/>
        <line num="110" count="3" type="cond" truecount="2" falsecount="0"/>
        <line num="111" count="1" type="stmt"/>
        <line num="112" count="1" type="stmt"/>
        <line num="117" count="7" type="cond" truecount="2" falsecount="0"/>
        <line num="118" count="5" type="stmt"/>
        <line num="119" count="5" type="cond" truecount="2" falsecount="0"/>
        <line num="123" count="2" type="stmt"/>
        <line num="124" count="2" type="stmt"/>
        <line num="133" count="4" type="stmt"/>
        <line num="135" count="23" type="stmt"/>
        <line num="136" count="23" type="cond" truecount="2" falsecount="0"/>
        <line num="137" count="4" type="stmt"/>
        <line num="141" count="19" type="cond" truecount="2" falsecount="0"/>
        <line num="142" count="6" type="stmt"/>
        <line num="146" count="13" type="cond" truecount="2" falsecount="0"/>
        <line num="148" count="6" type="cond" truecount="2" falsecount="0"/>
        <line num="149" count="2" type="stmt"/>
        <line num="152" count="4" type="cond" truecount="2" falsecount="0"/>
        <line num="153" count="2" type="stmt"/>
        <line num="158" count="9" type="stmt"/>
      </file>
      <file name="NavigationValidationService.js" path="/Users/mohamedgueye/Documents/Concordia/Winter 2025/SOEN 390/SOEN-_390-Q-QD/ConcordiaMaps/services/NavigationValidationService.js">
        <metrics statements="20" coveredstatements="20" conditionals="16" coveredconditionals="16" methods="4" coveredmethods="4"/>
        <line num="13" count="3" type="stmt"/>
        <line num="19" count="5" type="cond" truecount="4" falsecount="0"/>
        <line num="20" count="2" type="stmt"/>
        <line num="23" count="3" type="cond" truecount="2" falsecount="0"/>
        <line num="24" count="1" type="stmt"/>
        <line num="27" count="2" type="cond" truecount="2" falsecount="0"/>
        <line num="28" count="1" type="stmt"/>
        <line num="31" count="1" type="stmt"/>
        <line num="41" count="3" type="stmt"/>
        <line num="42" count="4" type="stmt"/>
        <line num="43" count="4" type="cond" truecount="2" falsecount="0"/>
        <line num="46" count="3" type="stmt"/>
        <line num="47" count="5" type="stmt"/>
        <line num="48" count="5" type="cond" truecount="4" falsecount="0"/>
        <line num="49" count="2" type="stmt"/>
        <line num="52" count="1" type="stmt"/>
        <line num="61" count="3" type="stmt"/>
        <line num="62" count="2" type="stmt"/>
        <line num="63" count="2" type="stmt"/>
        <line num="64" count="3" type="cond" truecount="2" falsecount="0"/>
      </file>
      <file name="PathCalculationService.js" path="/Users/mohamedgueye/Documents/Concordia/Winter 2025/SOEN 390/SOEN-_390-Q-QD/ConcordiaMaps/services/PathCalculationService.js">
        <metrics statements="42" coveredstatements="36" conditionals="33" coveredconditionals="27" methods="7" coveredmethods="7"/>
        <line num="12" count="3" type="stmt"/>
        <line num="13" count="10" type="stmt"/>
        <line num="14" count="10" type="stmt"/>
        <line num="16" count="10" type="stmt"/>
        <line num="18" count="10" type="stmt"/>
        <line num="19" count="21" type="cond" truecount="4" falsecount="0"/>
        <line num="20" count="8" type="stmt"/>
        <line num="24" count="2" type="stmt"/>
        <line num="36" count="3" type="stmt"/>
        <line num="43" count="3" type="stmt"/>
        <line num="49" count="3" type="cond" truecount="2" falsecount="0"/>
        <line num="50" count="1" type="stmt"/>
        <line num="53" count="2" type="stmt"/>
        <line num="61" count="1" type="stmt"/>
        <line num="84" count="3" type="stmt"/>
        <line num="93" count="4" type="stmt"/>
        <line num="95" count="4" type="cond" truecount="2" falsecount="0"/>
        <line num="96" count="1" type="stmt"/>
        <line num="101" count="3" type="stmt"/>
        <line num="106" count="3" type="stmt"/>
        <line num="112" count="3" type="cond" truecount="4" falsecount="0"/>
        <line num="113" count="2" type="stmt"/>
        <line num="116" count="1" type="stmt"/>
        <line num="124" count="2" type="stmt"/>
        <line num="135" count="2" type="stmt"/>
        <line num="155" count="3" type="stmt"/>
        <line num="164" count="2" type="cond" truecount="2" falsecount="0"/>
        <line num="171" count="1" type="stmt"/>
        <line num="176" count="1" type="stmt"/>
        <line num="182" count="1" type="stmt"/>
        <line num="191" count="1" type="stmt"/>
        <line num="192" count="1" type="stmt"/>
        <line num="193" count="1" type="stmt"/>
        <line num="196" count="1" type="cond" truecount="3" falsecount="1"/>
        <line num="197" count="0" type="stmt"/>
        <line num="200" count="1" type="cond" truecount="1" falsecount="1"/>
        <line num="201" count="1" type="stmt"/>
        <line num="206" count="0" type="cond" truecount="0" falsecount="2"/>
        <line num="207" count="0" type="stmt"/>
        <line num="213" count="0" type="cond" truecount="0" falsecount="2"/>
        <line num="214" count="0" type="stmt"/>
        <line num="222" count="0" type="stmt"/>
      </file>
    </package>
    <package name="ConcordiaMaps.styles">
      <metrics statements="2" coveredstatements="2" conditionals="0" coveredconditionals="0" methods="0" coveredmethods="0"/>
      <file name="DirectionBox.style.js" path="/Users/mohamedgueye/Documents/Concordia/Winter 2025/SOEN 390/SOEN-_390-Q-QD/ConcordiaMaps/styles/DirectionBox.style.js">
        <metrics statements="1" coveredstatements="1" conditionals="0" coveredconditionals="0" methods="0" coveredmethods="0"/>
        <line num="3" count="5" type="stmt"/>
      </file>
      <file name="LiveBusTrackerStyles.js" path="/Users/mohamedgueye/Documents/Concordia/Winter 2025/SOEN 390/SOEN-_390-Q-QD/ConcordiaMaps/styles/LiveBusTrackerStyles.js">
        <metrics statements="1" coveredstatements="1" conditionals="0" coveredconditionals="0" methods="0" coveredmethods="0"/>
        <line num="2" count="2" type="stmt"/>
      </file>
    </package>
    <package name="ConcordiaMaps.styles.IndoorNavigation">
      <metrics statements="6" coveredstatements="6" conditionals="0" coveredconditionals="0" methods="0" coveredmethods="0"/>
      <file name="BuildingSelectorStyles.js" path="/Users/mohamedgueye/Documents/Concordia/Winter 2025/SOEN 390/SOEN-_390-Q-QD/ConcordiaMaps/styles/IndoorNavigation/BuildingSelectorStyles.js">
        <metrics statements="1" coveredstatements="1" conditionals="0" coveredconditionals="0" methods="0" coveredmethods="0"/>
        <line num="3" count="3" type="stmt"/>
      </file>
      <file name="FloorSelectorStyles.js" path="/Users/mohamedgueye/Documents/Concordia/Winter 2025/SOEN 390/SOEN-_390-Q-QD/ConcordiaMaps/styles/IndoorNavigation/FloorSelectorStyles.js">
        <metrics statements="1" coveredstatements="1" conditionals="0" coveredconditionals="0" methods="0" coveredmethods="0"/>
        <line num="3" count="3" type="stmt"/>
      </file>
      <file name="IndoorNavigationStyles.js" path="/Users/mohamedgueye/Documents/Concordia/Winter 2025/SOEN 390/SOEN-_390-Q-QD/ConcordiaMaps/styles/IndoorNavigation/IndoorNavigationStyles.js">
        <metrics statements="1" coveredstatements="1" conditionals="0" coveredconditionals="0" methods="0" coveredmethods="0"/>
        <line num="3" count="3" type="stmt"/>
      </file>
      <file name="InterfloorNavigationStyles.js" path="/Users/mohamedgueye/Documents/Concordia/Winter 2025/SOEN 390/SOEN-_390-Q-QD/ConcordiaMaps/styles/IndoorNavigation/InterfloorNavigationStyles.js">
        <metrics statements="1" coveredstatements="1" conditionals="0" coveredconditionals="0" methods="0" coveredmethods="0"/>
        <line num="3" count="3" type="stmt"/>
      </file>
      <file name="RoomtoRoomNavigationStyles.js" path="/Users/mohamedgueye/Documents/Concordia/Winter 2025/SOEN 390/SOEN-_390-Q-QD/ConcordiaMaps/styles/IndoorNavigation/RoomtoRoomNavigationStyles.js">
        <metrics statements="1" coveredstatements="1" conditionals="0" coveredconditionals="0" methods="0" coveredmethods="0"/>
        <line num="3" count="3" type="stmt"/>
      </file>
      <file name="TunnelNavigationStyles.js" path="/Users/mohamedgueye/Documents/Concordia/Winter 2025/SOEN 390/SOEN-_390-Q-QD/ConcordiaMaps/styles/IndoorNavigation/TunnelNavigationStyles.js">
        <metrics statements="1" coveredstatements="1" conditionals="0" coveredconditionals="0" methods="0" coveredmethods="0"/>
        <line num="3" count="3" type="stmt"/>
      </file>
    </package>
    <package name="ConcordiaMaps.styles.MultistepNavigation">
      <metrics statements="4" coveredstatements="4" conditionals="0" coveredconditionals="0" methods="0" coveredmethods="0"/>
      <file name="DirectionArrowStyles.js" path="/Users/mohamedgueye/Documents/Concordia/Winter 2025/SOEN 390/SOEN-_390-Q-QD/ConcordiaMaps/styles/MultistepNavigation/DirectionArrowStyles.js">
        <metrics statements="1" coveredstatements="1" conditionals="0" coveredconditionals="0" methods="0" coveredmethods="0"/>
        <line num="3" count="2" type="stmt"/>
      </file>
      <file name="MultistepNavigationStyles.js" path="/Users/mohamedgueye/Documents/Concordia/Winter 2025/SOEN 390/SOEN-_390-Q-QD/ConcordiaMaps/styles/MultistepNavigation/MultistepNavigationStyles.js">
        <metrics statements="2" coveredstatements="2" conditionals="0" coveredconditionals="0" methods="0" coveredmethods="0"/>
        <line num="3" count="4" type="stmt"/>
        <line num="5" count="4" type="stmt"/>
      </file>
      <file name="NavigationStepStyles.js" path="/Users/mohamedgueye/Documents/Concordia/Winter 2025/SOEN 390/SOEN-_390-Q-QD/ConcordiaMaps/styles/MultistepNavigation/NavigationStepStyles.js">
        <metrics statements="1" coveredstatements="1" conditionals="0" coveredconditionals="0" methods="0" coveredmethods="0"/>
        <line num="3" count="5" type="stmt"/>
      </file>
    </package>
    <package name="ConcordiaMaps.utils">
      <metrics statements="4" coveredstatements="4" conditionals="0" coveredconditionals="0" methods="1" coveredmethods="1"/>
      <file name="timeUtils.js" path="/Users/mohamedgueye/Documents/Concordia/Winter 2025/SOEN 390/SOEN-_390-Q-QD/ConcordiaMaps/utils/timeUtils.js">
        <metrics statements="4" coveredstatements="4" conditionals="0" coveredconditionals="0" methods="1" coveredmethods="1"/>
        <line num="1" count="2" type="stmt"/>
        <line num="2" count="15" type="stmt"/>
        <line num="3" count="15" type="stmt"/>
        <line num="4" count="15" type="stmt"/>
      </file>
    </package>
  </project>
</coverage>
