<?xml version="1.0" encoding="UTF-8"?>
<coverage generated="1742816255659" clover="3.2.0">
  <project timestamp="1742816255659" name="All files">
    <metrics statements="1154" coveredstatements="1000" conditionals="610" coveredconditionals="471" methods="291" coveredmethods="247" elements="2055" coveredelements="1718" complexity="0" loc="1154" ncloc="1154" packages="14" files="66" classes="66"/>
    <package name="ConcordiaMaps">
      <metrics statements="14" coveredstatements="14" conditionals="0" coveredconditionals="0" methods="4" coveredmethods="4"/>
      <file name="App.js" path="/Users/mohamedgueye/Documents/Concordia/Winter 2025/SOEN 390/SOEN-_390-Q-QD/ConcordiaMaps/App.js">
        <metrics statements="13" coveredstatements="13" conditionals="0" coveredconditionals="0" methods="4" coveredmethods="4"/>
        <line num="20" count="2" type="stmt"/>
        <line num="22" count="2" type="stmt"/>
        <line num="25" count="2" type="stmt"/>
        <line num="26" count="8" type="stmt"/>
        <line num="27" count="8" type="stmt"/>
        <line num="36" count="2" type="stmt"/>
        <line num="42" count="9" type="stmt"/>
        <line num="43" count="8" type="stmt"/>
        <line num="48" count="8" type="stmt"/>
        <line num="49" count="1" type="stmt"/>
        <line num="53" count="8" type="stmt"/>
        <line num="54" count="8" type="stmt"/>
        <line num="58" count="8" type="stmt"/>
      </file>
      <file name="styles.js" path="/Users/mohamedgueye/Documents/Concordia/Winter 2025/SOEN 390/SOEN-_390-Q-QD/ConcordiaMaps/styles.js">
        <metrics statements="1" coveredstatements="1" conditionals="0" coveredconditionals="0" methods="0" coveredmethods="0"/>
        <line num="3" count="7" type="stmt"/>
      </file>
    </package>
    <package name="ConcordiaMaps.assets">
      <metrics statements="9" coveredstatements="9" conditionals="0" coveredconditionals="0" methods="0" coveredmethods="0"/>
      <file name="ConcordiaLogo.png" path="/Users/mohamedgueye/Documents/Concordia/Winter 2025/SOEN 390/SOEN-_390-Q-QD/ConcordiaMaps/assets/ConcordiaLogo.png">
        <metrics statements="1" coveredstatements="1" conditionals="0" coveredconditionals="0" methods="0" coveredmethods="0"/>
        <line num="1" count="4" type="stmt"/>
      </file>
      <file name="PinLogo.png" path="/Users/mohamedgueye/Documents/Concordia/Winter 2025/SOEN 390/SOEN-_390-Q-QD/ConcordiaMaps/assets/PinLogo.png">
        <metrics statements="1" coveredstatements="1" conditionals="0" coveredconditionals="0" methods="0" coveredmethods="0"/>
        <line num="1" count="3" type="stmt"/>
      </file>
      <file name="Shuttle.png" path="/Users/mohamedgueye/Documents/Concordia/Winter 2025/SOEN 390/SOEN-_390-Q-QD/ConcordiaMaps/assets/Shuttle.png">
        <metrics statements="1" coveredstatements="1" conditionals="0" coveredconditionals="0" methods="0" coveredmethods="0"/>
        <line num="1" count="4" type="stmt"/>
      </file>
      <file name="ToggleButton.png" path="/Users/mohamedgueye/Documents/Concordia/Winter 2025/SOEN 390/SOEN-_390-Q-QD/ConcordiaMaps/assets/ToggleButton.png">
        <metrics statements="1" coveredstatements="1" conditionals="0" coveredconditionals="0" methods="0" coveredmethods="0"/>
        <line num="1" count="1" type="stmt"/>
      </file>
      <file name="cafeICON.png" path="/Users/mohamedgueye/Documents/Concordia/Winter 2025/SOEN 390/SOEN-_390-Q-QD/ConcordiaMaps/assets/cafeICON.png">
        <metrics statements="1" coveredstatements="1" conditionals="0" coveredconditionals="0" methods="0" coveredmethods="0"/>
        <line num="1" count="2" type="stmt"/>
      </file>
      <file name="calendarIcon.png" path="/Users/mohamedgueye/Documents/Concordia/Winter 2025/SOEN 390/SOEN-_390-Q-QD/ConcordiaMaps/assets/calendarIcon.png">
        <metrics statements="1" coveredstatements="1" conditionals="0" coveredconditionals="0" methods="0" coveredmethods="0"/>
        <line num="1" count="5" type="stmt"/>
      </file>
      <file name="parkICON.png" path="/Users/mohamedgueye/Documents/Concordia/Winter 2025/SOEN 390/SOEN-_390-Q-QD/ConcordiaMaps/assets/parkICON.png">
        <metrics statements="1" coveredstatements="1" conditionals="0" coveredconditionals="0" methods="0" coveredmethods="0"/>
        <line num="1" count="2" type="stmt"/>
      </file>
      <file name="restoICON.png" path="/Users/mohamedgueye/Documents/Concordia/Winter 2025/SOEN 390/SOEN-_390-Q-QD/ConcordiaMaps/assets/restoICON.png">
        <metrics statements="1" coveredstatements="1" conditionals="0" coveredconditionals="0" methods="0" coveredmethods="0"/>
        <line num="1" count="2" type="stmt"/>
      </file>
      <file name="storeICON.png" path="/Users/mohamedgueye/Documents/Concordia/Winter 2025/SOEN 390/SOEN-_390-Q-QD/ConcordiaMaps/assets/storeICON.png">
        <metrics statements="1" coveredstatements="1" conditionals="0" coveredconditionals="0" methods="0" coveredmethods="0"/>
        <line num="1" count="2" type="stmt"/>
      </file>
    </package>
    <package name="ConcordiaMaps.assets.svg">
      <metrics statements="9" coveredstatements="9" conditionals="0" coveredconditionals="0" methods="0" coveredmethods="0"/>
      <file name="SVGtoString.js" path="/Users/mohamedgueye/Documents/Concordia/Winter 2025/SOEN 390/SOEN-_390-Q-QD/ConcordiaMaps/assets/svg/SVGtoString.js">
        <metrics statements="9" coveredstatements="9" conditionals="0" coveredconditionals="0" methods="0" coveredmethods="0"/>
        <line num="1" count="2" type="stmt"/>
        <line num="689" count="2" type="stmt"/>
        <line num="1495" count="2" type="stmt"/>
        <line num="1575" count="2" type="stmt"/>
        <line num="2565" count="2" type="stmt"/>
        <line num="3229" count="2" type="stmt"/>
        <line num="4086" count="2" type="stmt"/>
        <line num="4188" count="2" type="stmt"/>
        <line num="5259" count="2" type="stmt"/>
      </file>
    </package>
    <package name="ConcordiaMaps.components">
      <metrics statements="425" coveredstatements="381" conditionals="208" coveredconditionals="166" methods="122" coveredmethods="110"/>
      <file name="AsyncPersistence.js" path="/Users/mohamedgueye/Documents/Concordia/Winter 2025/SOEN 390/SOEN-_390-Q-QD/ConcordiaMaps/components/AsyncPersistence.js">
        <metrics statements="10" coveredstatements="10" conditionals="2" coveredconditionals="2" methods="2" coveredmethods="2"/>
        <line num="3" count="3" type="stmt"/>
        <line num="4" count="2" type="stmt"/>
        <line num="5" count="2" type="stmt"/>
        <line num="7" count="1" type="stmt"/>
        <line num="10" count="3" type="stmt"/>
        <line num="11" count="17" type="stmt"/>
        <line num="12" count="17" type="stmt"/>
        <line num="13" count="16" type="cond" truecount="2" falsecount="0"/>
        <line num="15" count="1" type="stmt"/>
        <line num="16" count="1" type="stmt"/>
      </file>
      <file name="CalendarScreen.js" path="/Users/mohamedgueye/Documents/Concordia/Winter 2025/SOEN 390/SOEN-_390-Q-QD/ConcordiaMaps/components/CalendarScreen.js">
        <metrics statements="45" coveredstatements="45" conditionals="16" coveredconditionals="13" methods="20" coveredmethods="20"/>
        <line num="16" count="3" type="stmt"/>
        <line num="17" count="21" type="stmt"/>
        <line num="18" count="21" type="stmt"/>
        <line num="19" count="21" type="stmt"/>
        <line num="20" count="21" type="stmt"/>
        <line num="21" count="21" type="stmt"/>
        <line num="23" count="21" type="stmt"/>
        <line num="24" count="5" type="stmt"/>
        <line num="27" count="21" type="stmt"/>
        <line num="28" count="10" type="stmt"/>
        <line num="31" count="21" type="stmt"/>
        <line num="32" count="5" type="stmt"/>
        <line num="33" count="5" type="cond" truecount="2" falsecount="0"/>
        <line num="34" count="4" type="stmt"/>
        <line num="36" count="1" type="stmt"/>
        <line num="40" count="21" type="stmt"/>
        <line num="41" count="4" type="stmt"/>
        <line num="44" count="4" type="stmt"/>
        <line num="47" count="8" type="stmt"/>
        <line num="50" count="21" type="stmt"/>
        <line num="51" count="5" type="stmt"/>
        <line num="52" count="5" type="stmt"/>
        <line num="54" count="5" type="stmt"/>
        <line num="55" count="5" type="stmt"/>
        <line num="57" count="5" type="stmt"/>
        <line num="60" count="21" type="stmt"/>
        <line num="61" count="10" type="cond" truecount="2" falsecount="0"/>
        <line num="62" count="5" type="stmt"/>
        <line num="63" count="5" type="stmt"/>
        <line num="66" count="5" type="stmt"/>
        <line num="68" count="5" type="stmt"/>
        <line num="73" count="5" type="stmt"/>
        <line num="76" count="21" type="stmt"/>
        <line num="77" count="1" type="stmt"/>
        <line num="78" count="2" type="cond" truecount="1" falsecount="1"/>
        <line num="82" count="21" type="stmt"/>
        <line num="94" count="1" type="stmt"/>
        <line num="109" count="22" type="stmt"/>
        <line num="112" count="1" type="stmt"/>
        <line num="129" count="1" type="stmt"/>
        <line num="141" count="1" type="stmt"/>
        <line num="147" count="1" type="stmt"/>
        <line num="161" count="10" type="stmt"/>
        <line num="163" count="6" type="stmt"/>
        <line num="179" count="1" type="cond" truecount="1" falsecount="1"/>
      </file>
      <file name="DirectionsBox.js" path="/Users/mohamedgueye/Documents/Concordia/Winter 2025/SOEN 390/SOEN-_390-Q-QD/ConcordiaMaps/components/DirectionsBox.js">
        <metrics statements="14" coveredstatements="14" conditionals="11" coveredconditionals="7" methods="8" coveredmethods="7"/>
        <line num="17" count="8" type="cond" truecount="2" falsecount="0"/>
        <line num="20" count="8" type="stmt"/>
        <line num="21" count="8" type="stmt"/>
        <line num="28" count="8" type="stmt"/>
        <line num="29" count="5" type="stmt"/>
        <line num="32" count="8" type="stmt"/>
        <line num="38" count="8" type="stmt"/>
        <line num="39" count="16" type="stmt"/>
        <line num="40" count="48" type="stmt"/>
        <line num="45" count="16" type="stmt"/>
        <line num="46" count="48" type="stmt"/>
        <line num="55" count="8" type="stmt"/>
        <line num="70" count="16" type="stmt"/>
        <line num="88" count="3" type="stmt"/>
      </file>
      <file name="FloatingSearchBar.js" path="/Users/mohamedgueye/Documents/Concordia/Winter 2025/SOEN 390/SOEN-_390-Q-QD/ConcordiaMaps/components/FloatingSearchBar.js">
        <metrics statements="89" coveredstatements="71" conditionals="36" coveredconditionals="20" methods="15" coveredmethods="13"/>
        <line num="16" count="3" type="stmt"/>
        <line num="23" count="66" type="stmt"/>
        <line num="25" count="66" type="stmt"/>
        <line num="26" count="66" type="stmt"/>
        <line num="27" count="66" type="stmt"/>
        <line num="28" count="66" type="stmt"/>
        <line num="29" count="66" type="stmt"/>
        <line num="30" count="66" type="stmt"/>
        <line num="32" count="66" type="stmt"/>
        <line num="33" count="25" type="stmt"/>
        <line num="35" count="25" type="stmt"/>
        <line num="38" count="25" type="stmt"/>
        <line num="39" count="25" type="stmt"/>
        <line num="40" count="400" type="stmt"/>
        <line num="42" count="25" type="stmt"/>
        <line num="45" count="25" type="stmt"/>
        <line num="47" count="0" type="stmt"/>
        <line num="50" count="0" type="stmt"/>
        <line num="52" count="0" type="cond" truecount="0" falsecount="2"/>
        <line num="53" count="0" type="cond" truecount="0" falsecount="4"/>
        <line num="54" count="0" type="stmt"/>
        <line num="55" count="0" type="stmt"/>
        <line num="56" count="0" type="stmt"/>
        <line num="57" count="0" type="stmt"/>
        <line num="62" count="0" type="stmt"/>
        <line num="68" count="0" type="stmt"/>
        <line num="71" count="0" type="stmt"/>
        <line num="76" count="66" type="stmt"/>
        <line num="77" count="24" type="stmt"/>
        <line num="78" count="24" type="stmt"/>
        <line num="79" count="24" type="stmt"/>
        <line num="82" count="24" type="stmt"/>
        <line num="83" count="24" type="stmt"/>
        <line num="85" count="24" type="stmt"/>
        <line num="89" count="66" type="stmt"/>
        <line num="90" count="24" type="stmt"/>
        <line num="91" count="24" type="stmt"/>
        <line num="92" count="24" type="stmt"/>
        <line num="93" count="24" type="cond" truecount="2" falsecount="0"/>
        <line num="94" count="7" type="stmt"/>
        <line num="95" count="7" type="stmt"/>
        <line num="98" count="17" type="stmt"/>
        <line num="99" count="17" type="stmt"/>
        <line num="104" count="17" type="stmt"/>
        <line num="106" count="0" type="stmt"/>
        <line num="111" count="66" type="stmt"/>
        <line num="112" count="9" type="stmt"/>
        <line num="113" count="9" type="cond" truecount="1" falsecount="1"/>
        <line num="114" count="0" type="stmt"/>
        <line num="117" count="9" type="cond" truecount="2" falsecount="0"/>
        <line num="118" count="1" type="stmt"/>
        <line num="119" count="1" type="stmt"/>
        <line num="121" count="8" type="stmt"/>
        <line num="123" count="8" type="stmt"/>
        <line num="124" count="8" type="stmt"/>
        <line num="125" count="8" type="cond" truecount="2" falsecount="2"/>
        <line num="126" count="0" type="stmt"/>
        <line num="128" count="8" type="stmt"/>
        <line num="134" count="8" type="stmt"/>
        <line num="138" count="7" type="stmt"/>
        <line num="139" count="6" type="cond" truecount="1" falsecount="1"/>
        <line num="141" count="2" type="stmt"/>
        <line num="143" count="8" type="stmt"/>
        <line num="147" count="66" type="stmt"/>
        <line num="148" count="2" type="stmt"/>
        <line num="149" count="2" type="stmt"/>
        <line num="152" count="1" type="stmt"/>
        <line num="153" count="1" type="cond" truecount="1" falsecount="1"/>
        <line num="155" count="1" type="stmt"/>
        <line num="164" count="1" type="cond" truecount="1" falsecount="1"/>
        <line num="165" count="0" type="stmt"/>
        <line num="168" count="1" type="stmt"/>
        <line num="169" count="1" type="stmt"/>
        <line num="172" count="1" type="stmt"/>
        <line num="173" count="1" type="stmt"/>
        <line num="176" count="1" type="stmt"/>
        <line num="177" count="0" type="cond" truecount="0" falsecount="2"/>
        <line num="178" count="0" type="stmt"/>
        <line num="183" count="1" type="stmt"/>
        <line num="188" count="66" type="cond" truecount="1" falsecount="1"/>
        <line num="190" count="66" type="stmt"/>
        <line num="206" count="1" type="stmt"/>
        <line num="207" count="1" type="stmt"/>
        <line num="208" count="1" type="cond" truecount="1" falsecount="1"/>
        <line num="209" count="0" type="stmt"/>
        <line num="220" count="14" type="stmt"/>
        <line num="224" count="8" type="stmt"/>
        <line num="225" count="2" type="stmt"/>
        <line num="243" count="3" type="stmt"/>
      </file>
      <file name="Footer.js" path="/Users/mohamedgueye/Documents/Concordia/Winter 2025/SOEN 390/SOEN-_390-Q-QD/ConcordiaMaps/components/Footer.js">
        <metrics statements="1" coveredstatements="1" conditionals="0" coveredconditionals="0" methods="1" coveredmethods="1"/>
        <line num="6" count="42" type="stmt"/>
      </file>
      <file name="GetDirections.js" path="/Users/mohamedgueye/Documents/Concordia/Winter 2025/SOEN 390/SOEN-_390-Q-QD/ConcordiaMaps/components/GetDirections.js">
        <metrics statements="89" coveredstatements="78" conditionals="61" coveredconditionals="51" methods="23" coveredmethods="21"/>
        <line num="21" count="3" type="stmt"/>
        <line num="23" count="3" type="stmt"/>
        <line num="24" count="48" type="cond" truecount="2" falsecount="0"/>
        <line num="25" count="19" type="stmt"/>
        <line num="28" count="3" type="stmt"/>
        <line num="29" count="3" type="stmt"/>
        <line num="38" count="3" type="stmt"/>
        <line num="39" count="71" type="stmt"/>
        <line num="47" count="3" type="stmt"/>
        <line num="48" count="3" type="stmt"/>
        <line num="59" count="3" type="stmt"/>
        <line num="60" count="98" type="stmt"/>
        <line num="61" count="98" type="stmt"/>
        <line num="62" count="98" type="stmt"/>
        <line num="63" count="98" type="stmt"/>
        <line num="64" count="98" type="stmt"/>
        <line num="65" count="98" type="stmt"/>
        <line num="66" count="98" type="stmt"/>
        <line num="67" count="98" type="stmt"/>
        <line num="69" count="98" type="stmt"/>
        <line num="71" count="98" type="stmt"/>
        <line num="72" count="98" type="stmt"/>
        <line num="73" count="98" type="stmt"/>
        <line num="74" count="98" type="stmt"/>
        <line num="77" count="98" type="stmt"/>
        <line num="78" count="33" type="cond" truecount="4" falsecount="0"/>
        <line num="79" count="29" type="stmt"/>
        <line num="86" count="98" type="cond" truecount="1" falsecount="0"/>
        <line num="87" count="62" type="cond" truecount="2" falsecount="2"/>
        <line num="88" count="0" type="stmt"/>
        <line num="95" count="98" type="stmt"/>
        <line num="96" count="30" type="stmt"/>
        <line num="105" count="98" type="stmt"/>
        <line num="106" count="61" type="cond" truecount="2" falsecount="0"/>
        <line num="107" count="32" type="stmt"/>
        <line num="111" count="98" type="stmt"/>
        <line num="112" count="40" type="cond" truecount="2" falsecount="0"/>
        <line num="113" count="11" type="stmt"/>
        <line num="117" count="98" type="stmt"/>
        <line num="118" count="48" type="cond" truecount="2" falsecount="0"/>
        <line num="119" count="19" type="stmt"/>
        <line num="123" count="98" type="stmt"/>
        <line num="124" count="23" type="stmt"/>
        <line num="125" count="23" type="stmt"/>
        <line num="126" count="22" type="stmt"/>
        <line num="127" count="22" type="stmt"/>
        <line num="128" count="19" type="stmt"/>
        <line num="129" count="19" type="stmt"/>
        <line num="130" count="19" type="stmt"/>
        <line num="131" count="19" type="stmt"/>
        <line num="133" count="4" type="stmt"/>
        <line num="137" count="98" type="stmt"/>
        <line num="138" count="2" type="stmt"/>
        <line num="139" count="2" type="stmt"/>
        <line num="143" count="98" type="stmt"/>
        <line num="146" count="91" type="stmt"/>
        <line num="147" count="9" type="stmt"/>
        <line num="148" count="9" type="cond" truecount="2" falsecount="0"/>
        <line num="150" count="8" type="stmt"/>
        <line num="154" count="0" type="stmt"/>
        <line num="159" count="0" type="cond" truecount="0" falsecount="2"/>
        <line num="163" count="0" type="stmt"/>
        <line num="165" count="0" type="cond" truecount="0" falsecount="4"/>
        <line num="166" count="0" type="stmt"/>
        <line num="171" count="0" type="stmt"/>
        <line num="172" count="0" type="stmt"/>
        <line num="173" count="0" type="stmt"/>
        <line num="177" count="8" type="stmt"/>
        <line num="181" count="91" type="cond" truecount="4" falsecount="0"/>
        <line num="182" count="7" type="stmt"/>
        <line num="183" count="7" type="stmt"/>
        <line num="186" count="91" type="stmt"/>
        <line num="187" count="91" type="cond" truecount="2" falsecount="0"/>
        <line num="188" count="7" type="stmt"/>
        <line num="200" count="98" type="stmt"/>
        <line num="201" count="33" type="cond" truecount="4" falsecount="0"/>
        <line num="202" count="29" type="stmt"/>
        <line num="209" count="98" type="stmt"/>
        <line num="218" count="3" type="stmt"/>
        <line num="219" count="3" type="stmt"/>
        <line num="220" count="3" type="stmt"/>
        <line num="229" count="0" type="stmt"/>
        <line num="235" count="11" type="stmt"/>
        <line num="236" count="11" type="stmt"/>
        <line num="243" count="0" type="stmt"/>
        <line num="249" count="1" type="stmt"/>
        <line num="254" count="1" type="stmt"/>
        <line num="259" count="1" type="stmt"/>
        <line num="264" count="1" type="stmt"/>
      </file>
      <file name="Header.js" path="/Users/mohamedgueye/Documents/Concordia/Winter 2025/SOEN 390/SOEN-_390-Q-QD/ConcordiaMaps/components/Header.js">
        <metrics statements="13" coveredstatements="10" conditionals="2" coveredconditionals="0" methods="5" coveredmethods="3"/>
        <line num="15" count="67" type="stmt"/>
        <line num="16" count="67" type="stmt"/>
        <line num="17" count="67" type="stmt"/>
        <line num="19" count="67" type="stmt"/>
        <line num="20" count="0" type="cond" truecount="0" falsecount="2"/>
        <line num="21" count="0" type="stmt"/>
        <line num="25" count="0" type="stmt"/>
        <line num="28" count="67" type="stmt"/>
        <line num="29" count="1" type="stmt"/>
        <line num="32" count="67" type="stmt"/>
        <line num="33" count="1" type="stmt"/>
        <line num="36" count="67" type="stmt"/>
        <line num="41" count="67" type="stmt"/>
      </file>
      <file name="Legend.js" path="/Users/mohamedgueye/Documents/Concordia/Winter 2025/SOEN 390/SOEN-_390-Q-QD/ConcordiaMaps/components/Legend.js">
        <metrics statements="2" coveredstatements="2" conditionals="0" coveredconditionals="0" methods="1" coveredmethods="1"/>
        <line num="5" count="2" type="stmt"/>
        <line num="6" count="5" type="stmt"/>
      </file>
      <file name="LiveBusTracker.js" path="/Users/mohamedgueye/Documents/Concordia/Winter 2025/SOEN 390/SOEN-_390-Q-QD/ConcordiaMaps/components/LiveBusTracker.js">
        <metrics statements="19" coveredstatements="19" conditionals="0" coveredconditionals="0" methods="7" coveredmethods="7"/>
        <line num="7" count="3" type="stmt"/>
        <line num="9" count="3" type="stmt"/>
        <line num="11" count="8" type="stmt"/>
        <line num="13" count="8" type="stmt"/>
        <line num="14" count="6" type="stmt"/>
        <line num="15" count="6" type="stmt"/>
        <line num="17" count="6" type="stmt"/>
        <line num="22" count="5" type="stmt"/>
        <line num="31" count="5" type="stmt"/>
        <line num="32" count="2" type="stmt"/>
        <line num="33" count="2" type="stmt"/>
        <line num="40" count="1" type="stmt"/>
        <line num="42" count="5" type="stmt"/>
        <line num="47" count="6" type="stmt"/>
        <line num="50" count="6" type="stmt"/>
        <line num="53" count="6" type="stmt"/>
        <line num="56" count="8" type="stmt"/>
        <line num="60" count="2" type="stmt"/>
        <line num="75" count="3" type="stmt"/>
      </file>
      <file name="MapMarkers.js" path="/Users/mohamedgueye/Documents/Concordia/Winter 2025/SOEN 390/SOEN-_390-Q-QD/ConcordiaMaps/components/MapMarkers.js">
        <metrics statements="18" coveredstatements="16" conditionals="4" coveredconditionals="4" methods="5" coveredmethods="4"/>
        <line num="7" count="3" type="stmt"/>
        <line num="9" count="3" type="stmt"/>
        <line num="10" count="5" type="stmt"/>
        <line num="11" count="5" type="stmt"/>
        <line num="13" count="5" type="cond" truecount="4" falsecount="0"/>
        <line num="15" count="4" type="stmt"/>
        <line num="16" count="1" type="stmt"/>
        <line num="17" count="1" type="stmt"/>
        <line num="20" count="4" type="stmt"/>
        <line num="21" count="0" type="stmt"/>
        <line num="22" count="0" type="stmt"/>
        <line num="25" count="4" type="stmt"/>
        <line num="28" count="4" type="stmt"/>
        <line num="34" count="1" type="stmt"/>
        <line num="56" count="3" type="stmt"/>
        <line num="77" count="3" type="stmt"/>
        <line num="91" count="3" type="stmt"/>
        <line num="729" count="3" type="stmt"/>
      </file>
      <file name="NavBar.js" path="/Users/mohamedgueye/Documents/Concordia/Winter 2025/SOEN 390/SOEN-_390-Q-QD/ConcordiaMaps/components/NavBar.js">
        <metrics statements="28" coveredstatements="22" conditionals="10" coveredconditionals="6" methods="12" coveredmethods="9"/>
        <line num="9" count="120" type="stmt"/>
        <line num="10" count="120" type="stmt"/>
        <line num="11" count="120" type="stmt"/>
        <line num="12" count="120" type="stmt"/>
        <line num="14" count="120" type="stmt"/>
        <line num="15" count="1" type="cond" truecount="1" falsecount="1"/>
        <line num="16" count="1" type="stmt"/>
        <line num="20" count="1" type="stmt"/>
        <line num="23" count="120" type="stmt"/>
        <line num="24" count="3" type="cond" truecount="1" falsecount="1"/>
        <line num="25" count="0" type="stmt"/>
        <line num="26" count="3" type="cond" truecount="2" falsecount="0"/>
        <line num="27" count="1" type="stmt"/>
        <line num="28" count="2" type="cond" truecount="1" falsecount="1"/>
        <line num="29" count="0" type="stmt"/>
        <line num="30" count="2" type="cond" truecount="1" falsecount="1"/>
        <line num="31" count="0" type="stmt"/>
        <line num="33" count="2" type="stmt"/>
        <line num="37" count="120" type="stmt"/>
        <line num="42" count="120" type="stmt"/>
        <line num="55" count="1" type="stmt"/>
        <line num="58" count="1" type="stmt"/>
        <line num="61" count="0" type="stmt"/>
        <line num="65" count="0" type="stmt"/>
        <line num="70" count="0" type="stmt"/>
        <line num="74" count="1" type="stmt"/>
        <line num="78" count="2" type="stmt"/>
        <line num="88" count="1" type="stmt"/>
      </file>
      <file name="PopupModal.js" path="/Users/mohamedgueye/Documents/Concordia/Winter 2025/SOEN 390/SOEN-_390-Q-QD/ConcordiaMaps/components/PopupModal.js">
        <metrics statements="11" coveredstatements="8" conditionals="6" coveredconditionals="5" methods="4" coveredmethods="3"/>
        <line num="7" count="2" type="stmt"/>
        <line num="12" count="2" type="stmt"/>
        <line num="13" count="5" type="stmt"/>
        <line num="14" count="0" type="stmt"/>
        <line num="15" count="0" type="stmt"/>
        <line num="16" count="0" type="stmt"/>
        <line num="23" count="5" type="cond" truecount="2" falsecount="0"/>
        <line num="25" count="5" type="stmt"/>
        <line num="46" count="1" type="stmt"/>
        <line num="74" count="1" type="stmt"/>
        <line num="88" count="2" type="stmt"/>
      </file>
      <file name="PopupOPI.js" path="/Users/mohamedgueye/Documents/Concordia/Winter 2025/SOEN 390/SOEN-_390-Q-QD/ConcordiaMaps/components/PopupOPI.js">
        <metrics statements="7" coveredstatements="7" conditionals="3" coveredconditionals="3" methods="2" coveredmethods="2"/>
        <line num="6" count="3" type="stmt"/>
        <line num="7" count="3" type="stmt"/>
        <line num="9" count="3" type="cond" truecount="1" falsecount="0"/>
        <line num="10" count="49" type="cond" truecount="2" falsecount="0"/>
        <line num="12" count="49" type="stmt"/>
        <line num="32" count="1" type="stmt"/>
        <line num="44" count="3" type="stmt"/>
      </file>
      <file name="ShuttleSchedule.js" path="/Users/mohamedgueye/Documents/Concordia/Winter 2025/SOEN 390/SOEN-_390-Q-QD/ConcordiaMaps/components/ShuttleSchedule.js">
        <metrics statements="48" coveredstatements="48" conditionals="44" coveredconditionals="43" methods="10" coveredmethods="10"/>
        <line num="6" count="7" type="stmt"/>
        <line num="134" count="7" type="stmt"/>
        <line num="135" count="73" type="stmt"/>
        <line num="136" count="73" type="stmt"/>
        <line num="138" count="73" type="stmt"/>
        <line num="140" count="537" type="cond" truecount="4" falsecount="0"/>
        <line num="141" count="1" type="stmt"/>
        <line num="142" count="1" type="stmt"/>
        <line num="146" count="536" type="stmt"/>
        <line num="149" count="536" type="cond" truecount="1" falsecount="1"/>
        <line num="151" count="536" type="stmt"/>
        <line num="152" count="536" type="stmt"/>
        <line num="153" count="536" type="stmt"/>
        <line num="156" count="536" type="cond" truecount="2" falsecount="0"/>
        <line num="164" count="3" type="stmt"/>
        <line num="168" count="533" type="cond" truecount="4" falsecount="0"/>
        <line num="169" count="533" type="cond" truecount="4" falsecount="0"/>
        <line num="171" count="533" type="stmt"/>
        <line num="173" count="533" type="cond" truecount="2" falsecount="0"/>
        <line num="176" count="16" type="stmt"/>
        <line num="180" count="197" type="stmt"/>
        <line num="181" count="197" type="stmt"/>
        <line num="182" count="197" type="stmt"/>
        <line num="185" count="197" type="stmt"/>
        <line num="187" count="71" type="stmt"/>
        <line num="188" count="71" type="stmt"/>
        <line num="191" count="71" type="cond" truecount="4" falsecount="0"/>
        <line num="192" count="1" type="stmt"/>
        <line num="193" count="1" type="stmt"/>
        <line num="197" count="70" type="stmt"/>
        <line num="198" count="70" type="cond" truecount="2" falsecount="0"/>
        <line num="201" count="70" type="cond" truecount="2" falsecount="0"/>
        <line num="202" count="4" type="stmt"/>
        <line num="206" count="70" type="stmt"/>
        <line num="212" count="71" type="stmt"/>
        <line num="216" count="197" type="stmt"/>
        <line num="219" count="197" type="stmt"/>
        <line num="220" count="197" type="stmt"/>
        <line num="221" count="2150" type="stmt"/>
        <line num="224" count="197" type="stmt"/>
        <line num="246" count="1" type="stmt"/>
        <line num="255" count="2" type="stmt"/>
        <line num="269" count="1" type="stmt"/>
        <line num="278" count="3" type="stmt"/>
        <line num="289" count="2150" type="stmt"/>
        <line num="291" count="6429" type="stmt"/>
        <line num="319" count="7" type="stmt"/>
        <line num="409" count="7" type="stmt"/>
      </file>
      <file name="ShuttleStop.js" path="/Users/mohamedgueye/Documents/Concordia/Winter 2025/SOEN 390/SOEN-_390-Q-QD/ConcordiaMaps/components/ShuttleStop.js">
        <metrics statements="6" coveredstatements="6" conditionals="0" coveredconditionals="0" methods="2" coveredmethods="2"/>
        <line num="5" count="3" type="stmt"/>
        <line num="8" count="3" type="stmt"/>
        <line num="19" count="3" type="stmt"/>
        <line num="20" count="8" type="stmt"/>
        <line num="21" count="16" type="stmt"/>
        <line num="32" count="3" type="stmt"/>
      </file>
      <file name="buildingColoring.js" path="/Users/mohamedgueye/Documents/Concordia/Winter 2025/SOEN 390/SOEN-_390-Q-QD/ConcordiaMaps/components/buildingColoring.js">
        <metrics statements="10" coveredstatements="9" conditionals="9" coveredconditionals="8" methods="3" coveredmethods="3"/>
        <line num="5" count="3" type="stmt"/>
        <line num="6" count="8" type="stmt"/>
        <line num="9" count="356" type="stmt"/>
        <line num="13" count="356" type="cond" truecount="3" falsecount="0"/>
        <line num="17" count="356" type="cond" truecount="2" falsecount="0"/>
        <line num="18" count="4107" type="stmt"/>
        <line num="23" count="353" type="stmt"/>
        <line num="34" count="3" type="cond" truecount="1" falsecount="1"/>
        <line num="35" count="3" type="stmt"/>
        <line num="47" count="0" type="stmt"/>
      </file>
      <file name="convertToCoordinates.js" path="/Users/mohamedgueye/Documents/Concordia/Winter 2025/SOEN 390/SOEN-_390-Q-QD/ConcordiaMaps/components/convertToCoordinates.js">
        <metrics statements="13" coveredstatements="13" conditionals="4" coveredconditionals="4" methods="1" coveredmethods="1"/>
        <line num="2" count="3" type="stmt"/>
        <line num="3" count="18" type="stmt"/>
        <line num="4" count="18" type="stmt"/>
        <line num="5" count="18" type="stmt"/>
        <line num="8" count="13" type="stmt"/>
        <line num="10" count="12" type="cond" truecount="2" falsecount="0"/>
        <line num="11" count="7" type="cond" truecount="2" falsecount="0"/>
        <line num="12" count="5" type="stmt"/>
        <line num="13" count="5" type="stmt"/>
        <line num="15" count="2" type="stmt"/>
        <line num="17" count="5" type="stmt"/>
        <line num="19" count="2" type="stmt"/>
        <line num="20" count="2" type="stmt"/>
      </file>
      <file name="temporaryModal.js" path="/Users/mohamedgueye/Documents/Concordia/Winter 2025/SOEN 390/SOEN-_390-Q-QD/ConcordiaMaps/components/temporaryModal.js">
        <metrics statements="2" coveredstatements="2" conditionals="0" coveredconditionals="0" methods="1" coveredmethods="1"/>
        <line num="17" count="6" type="stmt"/>
        <line num="23" count="6" type="stmt"/>
      </file>
    </package>
    <package name="ConcordiaMaps.components.IndoorNavigation">
      <metrics statements="382" coveredstatements="313" conditionals="221" coveredconditionals="155" methods="85" coveredmethods="65"/>
      <file name="BuildingSelector.js" path="/Users/mohamedgueye/Documents/Concordia/Winter 2025/SOEN 390/SOEN-_390-Q-QD/ConcordiaMaps/components/IndoorNavigation/BuildingSelector.js">
        <metrics statements="12" coveredstatements="12" conditionals="2" coveredconditionals="2" methods="5" coveredmethods="5"/>
        <line num="9" count="3" type="stmt"/>
        <line num="10" count="7" type="stmt"/>
        <line num="12" count="7" type="stmt"/>
        <line num="14" count="7" type="stmt"/>
        <line num="16" count="3" type="stmt"/>
        <line num="17" count="3" type="stmt"/>
        <line num="18" count="3" type="stmt"/>
        <line num="21" count="3" type="cond" truecount="2" falsecount="0"/>
        <line num="22" count="2" type="stmt"/>
        <line num="26" count="7" type="stmt"/>
        <line num="38" count="18" type="stmt"/>
        <line num="41" count="3" type="stmt"/>
      </file>
      <file name="ExpandedFloorPlan.js" path="/Users/mohamedgueye/Documents/Concordia/Winter 2025/SOEN 390/SOEN-_390-Q-QD/ConcordiaMaps/components/IndoorNavigation/ExpandedFloorPlan.js">
        <metrics statements="3" coveredstatements="2" conditionals="18" coveredconditionals="0" methods="1" coveredmethods="0"/>
        <line num="7" count="2" type="stmt"/>
        <line num="15" count="0" type="stmt"/>
        <line num="70" count="2" type="stmt"/>
      </file>
      <file name="FloorSelector.js" path="/Users/mohamedgueye/Documents/Concordia/Winter 2025/SOEN 390/SOEN-_390-Q-QD/ConcordiaMaps/components/IndoorNavigation/FloorSelector.js">
        <metrics statements="16" coveredstatements="16" conditionals="8" coveredconditionals="8" methods="4" coveredmethods="4"/>
        <line num="15" count="3" type="stmt"/>
        <line num="16" count="7" type="stmt"/>
        <line num="17" count="7" type="stmt"/>
        <line num="18" count="7" type="stmt"/>
        <line num="21" count="7" type="cond" truecount="2" falsecount="0"/>
        <line num="23" count="7" type="stmt"/>
        <line num="25" count="7" type="stmt"/>
        <line num="27" count="3" type="cond" truecount="2" falsecount="0"/>
        <line num="28" count="1" type="stmt"/>
        <line num="29" count="1" type="stmt"/>
        <line num="33" count="2" type="cond" truecount="2" falsecount="0"/>
        <line num="34" count="1" type="stmt"/>
        <line num="39" count="1" type="stmt"/>
        <line num="43" count="7" type="stmt"/>
        <line num="56" count="21" type="stmt"/>
        <line num="64" count="3" type="stmt"/>
      </file>
      <file name="IndoorNavigation.js" path="/Users/mohamedgueye/Documents/Concordia/Winter 2025/SOEN 390/SOEN-_390-Q-QD/ConcordiaMaps/components/IndoorNavigation/IndoorNavigation.js">
        <metrics statements="56" coveredstatements="44" conditionals="19" coveredconditionals="14" methods="12" coveredmethods="12"/>
        <line num="11" count="3" type="stmt"/>
        <line num="12" count="38" type="stmt"/>
        <line num="13" count="38" type="stmt"/>
        <line num="14" count="38" type="stmt"/>
        <line num="15" count="38" type="stmt"/>
        <line num="16" count="38" type="stmt"/>
        <line num="17" count="38" type="stmt"/>
        <line num="20" count="38" type="cond" truecount="1" falsecount="0"/>
        <line num="22" count="38" type="stmt"/>
        <line num="24" count="38" type="stmt"/>
        <line num="26" count="9" type="stmt"/>
        <line num="38" count="9" type="stmt"/>
        <line num="39" count="9" type="stmt"/>
        <line num="42" count="9" type="stmt"/>
        <line num="45" count="38" type="stmt"/>
        <line num="46" count="9" type="stmt"/>
        <line num="47" count="9" type="stmt"/>
        <line num="48" count="8" type="stmt"/>
        <line num="50" count="1" type="stmt"/>
        <line num="52" count="1" type="stmt"/>
        <line num="56" count="38" type="stmt"/>
        <line num="57" count="3" type="stmt"/>
        <line num="58" count="3" type="stmt"/>
        <line num="59" count="3" type="stmt"/>
        <line num="61" count="3" type="cond" truecount="2" falsecount="0"/>
        <line num="62" count="1" type="stmt"/>
        <line num="64" count="2" type="stmt"/>
        <line num="67" count="2" type="cond" truecount="1" falsecount="1"/>
        <line num="68" count="0" type="stmt"/>
        <line num="71" count="0" type="stmt"/>
        <line num="74" count="0" type="stmt"/>
        <line num="228" count="0" type="stmt"/>
        <line num="232" count="0" type="stmt"/>
        <line num="237" count="38" type="stmt"/>
        <line num="238" count="38" type="stmt"/>
        <line num="422" count="38" type="stmt"/>
        <line num="423" count="8" type="cond" truecount="1" falsecount="1"/>
        <line num="425" count="0" type="stmt"/>
        <line num="426" count="0" type="stmt"/>
        <line num="428" count="0" type="stmt"/>
        <line num="484" count="0" type="stmt"/>
        <line num="486" count="38" type="stmt"/>
        <line num="487" count="38" type="cond" truecount="1" falsecount="3"/>
        <line num="489" count="0" type="stmt"/>
        <line num="491" count="0" type="stmt"/>
        <line num="493" count="0" type="stmt"/>
        <line num="495" count="38" type="stmt"/>
        <line num="498" count="38" type="stmt"/>
        <line num="520" count="145" type="stmt"/>
        <line num="527" count="4" type="stmt"/>
        <line num="528" count="4" type="stmt"/>
        <line num="541" count="145" type="stmt"/>
        <line num="548" count="4" type="stmt"/>
        <line num="549" count="4" type="stmt"/>
        <line num="569" count="7" type="stmt"/>
        <line num="590" count="3" type="stmt"/>
      </file>
      <file name="NavigationSteps.js" path="/Users/mohamedgueye/Documents/Concordia/Winter 2025/SOEN 390/SOEN-_390-Q-QD/ConcordiaMaps/components/IndoorNavigation/NavigationSteps.js">
        <metrics statements="7" coveredstatements="7" conditionals="5" coveredconditionals="5" methods="2" coveredmethods="2"/>
        <line num="11" count="3" type="cond" truecount="1" falsecount="0"/>
        <line num="12" count="5" type="cond" truecount="4" falsecount="0"/>
        <line num="13" count="2" type="stmt"/>
        <line num="21" count="3" type="stmt"/>
        <line num="28" count="15" type="stmt"/>
        <line num="51" count="3" type="stmt"/>
        <line num="96" count="3" type="stmt"/>
      </file>
      <file name="PathFinder.js" path="/Users/mohamedgueye/Documents/Concordia/Winter 2025/SOEN 390/SOEN-_390-Q-QD/ConcordiaMaps/components/IndoorNavigation/PathFinder.js">
        <metrics statements="29" coveredstatements="29" conditionals="12" coveredconditionals="12" methods="7" coveredmethods="7"/>
        <line num="9" count="15" type="stmt"/>
        <line num="11" count="15" type="stmt"/>
        <line num="13" count="15" type="stmt"/>
        <line num="17" count="15" type="stmt"/>
        <line num="18" count="15" type="stmt"/>
        <line num="19" count="15" type="stmt"/>
        <line num="21" count="15" type="stmt"/>
        <line num="22" count="568" type="cond" truecount="2" falsecount="0"/>
        <line num="23" count="568" type="stmt"/>
        <line num="24" count="568" type="stmt"/>
        <line num="27" count="15" type="stmt"/>
        <line num="31" count="56" type="stmt"/>
        <line num="33" count="2194" type="cond" truecount="4" falsecount="0"/>
        <line num="39" count="15" type="stmt"/>
        <line num="40" count="56" type="stmt"/>
        <line num="41" count="56" type="stmt"/>
        <line num="43" count="56" type="cond" truecount="2" falsecount="0"/>
        <line num="45" count="41" type="stmt"/>
        <line num="50" count="41" type="stmt"/>
        <line num="51" count="109" type="stmt"/>
        <line num="52" count="109" type="cond" truecount="2" falsecount="0"/>
        <line num="53" count="67" type="stmt"/>
        <line num="54" count="67" type="stmt"/>
        <line num="60" count="15" type="stmt"/>
        <line num="61" count="15" type="stmt"/>
        <line num="63" count="15" type="stmt"/>
        <line num="64" count="34" type="stmt"/>
        <line num="65" count="34" type="stmt"/>
        <line num="68" count="15" type="cond" truecount="2" falsecount="0"/>
      </file>
      <file name="PathVisualizer.js" path="/Users/mohamedgueye/Documents/Concordia/Winter 2025/SOEN 390/SOEN-_390-Q-QD/ConcordiaMaps/components/IndoorNavigation/PathVisualizer.js">
        <metrics statements="28" coveredstatements="28" conditionals="6" coveredconditionals="6" methods="2" coveredmethods="1"/>
        <line num="9" count="3" type="stmt"/>
        <line num="10" count="3" type="stmt"/>
        <line num="13" count="3" type="cond" truecount="4" falsecount="0"/>
        <line num="16" count="1" type="stmt"/>
        <line num="17" count="1" type="stmt"/>
        <line num="18" count="1" type="stmt"/>
        <line num="21" count="1" type="stmt"/>
        <line num="23" count="1" type="stmt"/>
        <line num="24" count="2" type="stmt"/>
        <line num="25" count="2" type="stmt"/>
        <line num="27" count="2" type="cond" truecount="2" falsecount="0"/>
        <line num="29" count="1" type="stmt"/>
        <line num="32" count="1" type="stmt"/>
        <line num="37" count="1" type="stmt"/>
        <line num="38" count="1" type="stmt"/>
        <line num="39" count="1" type="stmt"/>
        <line num="40" count="1" type="stmt"/>
        <line num="41" count="1" type="stmt"/>
        <line num="42" count="1" type="stmt"/>
        <line num="43" count="1" type="stmt"/>
        <line num="46" count="1" type="stmt"/>
        <line num="47" count="1" type="stmt"/>
        <line num="48" count="1" type="stmt"/>
        <line num="49" count="1" type="stmt"/>
        <line num="50" count="1" type="stmt"/>
        <line num="51" count="1" type="stmt"/>
        <line num="52" count="1" type="stmt"/>
        <line num="55" count="1" type="stmt"/>
      </file>
      <file name="RoomToRoomNavigation.js" path="/Users/mohamedgueye/Documents/Concordia/Winter 2025/SOEN 390/SOEN-_390-Q-QD/ConcordiaMaps/components/IndoorNavigation/RoomToRoomNavigation.js">
        <metrics statements="218" coveredstatements="162" conditionals="149" coveredconditionals="107" methods="46" coveredmethods="28"/>
        <line num="26" count="3" type="stmt"/>
        <line num="27" count="22" type="stmt"/>
        <line num="28" count="22" type="stmt"/>
        <line num="38" count="22" type="cond" truecount="1" falsecount="1"/>
        <line num="41" count="22" type="stmt"/>
        <line num="42" count="21" type="stmt"/>
        <line num="43" count="21" type="stmt"/>
        <line num="44" count="21" type="stmt"/>
        <line num="47" count="21" type="stmt"/>
        <line num="48" count="21" type="stmt"/>
        <line num="49" count="21" type="stmt"/>
        <line num="50" count="21" type="stmt"/>
        <line num="53" count="21" type="stmt"/>
        <line num="54" count="21" type="stmt"/>
        <line num="55" count="21" type="stmt"/>
        <line num="56" count="21" type="stmt"/>
        <line num="57" count="21" type="stmt"/>
        <line num="60" count="21" type="stmt"/>
        <line num="61" count="21" type="stmt"/>
        <line num="62" count="21" type="stmt"/>
        <line num="65" count="21" type="stmt"/>
        <line num="66" count="21" type="stmt"/>
        <line num="69" count="21" type="stmt"/>
        <line num="72" count="21" type="stmt"/>
        <line num="73" count="6" type="cond" truecount="2" falsecount="0"/>
        <line num="74" count="3" type="stmt"/>
        <line num="79" count="3" type="cond" truecount="1" falsecount="1"/>
        <line num="80" count="3" type="stmt"/>
        <line num="83" count="3" type="stmt"/>
        <line num="84" count="3" type="stmt"/>
        <line num="87" count="3" type="stmt"/>
        <line num="88" count="3" type="stmt"/>
        <line num="91" count="3" type="cond" truecount="4" falsecount="0"/>
        <line num="92" count="1" type="stmt"/>
        <line num="97" count="1" type="stmt"/>
        <line num="103" count="3" type="cond" truecount="4" falsecount="0"/>
        <line num="104" count="1" type="stmt"/>
        <line num="109" count="1" type="stmt"/>
        <line num="115" count="3" type="cond" truecount="1" falsecount="1"/>
        <line num="116" count="3" type="stmt"/>
        <line num="117" count="3" type="stmt"/>
        <line num="121" count="3" type="stmt"/>
        <line num="124" count="3" type="cond" truecount="1" falsecount="1"/>
        <line num="125" count="3" type="stmt"/>
        <line num="126" count="3" type="stmt"/>
        <line num="130" count="3" type="stmt"/>
        <line num="134" count="3" type="cond" truecount="1" falsecount="1"/>
        <line num="135" count="3" type="cond" truecount="1" falsecount="1"/>
        <line num="138" count="3" type="cond" truecount="2" falsecount="0"/>
        <line num="145" count="2" type="stmt"/>
        <line num="146" count="1" type="cond" truecount="3" falsecount="1"/>
        <line num="147" count="1" type="stmt"/>
        <line num="148" count="0" type="cond" truecount="0" falsecount="4"/>
        <line num="149" count="0" type="stmt"/>
        <line num="151" count="0" type="stmt"/>
        <line num="155" count="3" type="stmt"/>
        <line num="158" count="3" type="stmt"/>
        <line num="163" count="21" type="stmt"/>
        <line num="165" count="2" type="stmt"/>
        <line num="166" count="2" type="stmt"/>
        <line num="168" count="2" type="stmt"/>
        <line num="169" count="2" type="stmt"/>
        <line num="172" count="2" type="cond" truecount="1" falsecount="1"/>
        <line num="173" count="2" type="stmt"/>
        <line num="174" count="2" type="stmt"/>
        <line num="175" count="2" type="stmt"/>
        <line num="178" count="2" type="stmt"/>
        <line num="179" count="2" type="stmt"/>
        <line num="182" count="2" type="stmt"/>
        <line num="183" count="2" type="stmt"/>
        <line num="184" count="2" type="stmt"/>
        <line num="185" count="2" type="stmt"/>
        <line num="186" count="2" type="stmt"/>
        <line num="187" count="2" type="stmt"/>
        <line num="188" count="2" type="stmt"/>
        <line num="189" count="2" type="stmt"/>
        <line num="190" count="2" type="stmt"/>
        <line num="191" count="2" type="stmt"/>
        <line num="192" count="2" type="stmt"/>
        <line num="195" count="2" type="stmt"/>
        <line num="200" count="21" type="stmt"/>
        <line num="201" count="6" type="cond" truecount="4" falsecount="1"/>
        <line num="202" count="0" type="stmt"/>
        <line num="203" count="0" type="stmt"/>
        <line num="206" count="6" type="stmt"/>
        <line num="207" count="6" type="stmt"/>
        <line num="212" count="6" type="stmt"/>
        <line num="216" count="6" type="cond" truecount="1" falsecount="1"/>
        <line num="217" count="6" type="stmt"/>
        <line num="220" count="6" type="stmt"/>
        <line num="222" count="0" type="stmt"/>
        <line num="223" count="0" type="stmt"/>
        <line num="226" count="6" type="cond" truecount="1" falsecount="1"/>
        <line num="227" count="0" type="stmt"/>
        <line num="228" count="0" type="cond" truecount="0" falsecount="2"/>
        <line num="229" count="0" type="stmt"/>
        <line num="232" count="0" type="stmt"/>
        <line num="234" count="0" type="stmt"/>
        <line num="235" count="0" type="stmt"/>
        <line num="239" count="6" type="stmt"/>
        <line num="241" count="0" type="stmt"/>
        <line num="242" count="0" type="stmt"/>
        <line num="247" count="21" type="stmt"/>
        <line num="248" count="16" type="cond" truecount="2" falsecount="0"/>
        <line num="258" count="2" type="stmt"/>
        <line num="259" count="2" type="stmt"/>
        <line num="260" count="2" type="cond" truecount="1" falsecount="1"/>
        <line num="261" count="2" type="stmt"/>
        <line num="276" count="21" type="stmt"/>
        <line num="277" count="13" type="cond" truecount="4" falsecount="0"/>
        <line num="278" count="4" type="stmt"/>
        <line num="281" count="4" type="stmt"/>
        <line num="286" count="21" type="stmt"/>
        <line num="287" count="9" type="cond" truecount="3" falsecount="1"/>
        <line num="288" count="0" type="stmt"/>
        <line num="289" count="0" type="stmt"/>
        <line num="292" count="9" type="cond" truecount="2" falsecount="2"/>
        <line num="293" count="0" type="stmt"/>
        <line num="294" count="0" type="stmt"/>
        <line num="299" count="21" type="stmt"/>
        <line num="300" count="2" type="cond" truecount="2" falsecount="0"/>
        <line num="301" count="1" type="stmt"/>
        <line num="302" count="1" type="stmt"/>
        <line num="303" count="1" type="stmt"/>
        <line num="304" count="1" type="stmt"/>
        <line num="305" count="1" type="stmt"/>
        <line num="307" count="1" type="stmt"/>
        <line num="308" count="1" type="stmt"/>
        <line num="309" count="1" type="stmt"/>
        <line num="310" count="1" type="stmt"/>
        <line num="311" count="1" type="stmt"/>
        <line num="315" count="2" type="cond" truecount="6" falsecount="0"/>
        <line num="316" count="1" type="stmt"/>
        <line num="322" count="21" type="stmt"/>
        <line num="323" count="1" type="stmt"/>
        <line num="325" count="1" type="cond" truecount="1" falsecount="1"/>
        <line num="332" count="0" type="stmt"/>
        <line num="338" count="0" type="stmt"/>
        <line num="346" count="0" type="stmt"/>
        <line num="349" count="0" type="stmt"/>
        <line num="352" count="1" type="stmt"/>
        <line num="358" count="1" type="stmt"/>
        <line num="367" count="1" type="stmt"/>
        <line num="368" count="1" type="stmt"/>
        <line num="369" count="1" type="stmt"/>
        <line num="371" count="1" type="stmt"/>
        <line num="376" count="1" type="stmt"/>
        <line num="382" count="1" type="stmt"/>
        <line num="389" count="1" type="cond" truecount="1" falsecount="1"/>
        <line num="390" count="0" type="stmt"/>
        <line num="391" count="0" type="stmt"/>
        <line num="392" count="0" type="stmt"/>
        <line num="397" count="1" type="cond" truecount="1" falsecount="1"/>
        <line num="398" count="1" type="stmt"/>
        <line num="406" count="0" type="stmt"/>
        <line num="407" count="0" type="stmt"/>
        <line num="411" count="0" type="stmt"/>
        <line num="416" count="0" type="stmt"/>
        <line num="427" count="1" type="stmt"/>
        <line num="428" count="1" type="stmt"/>
        <line num="432" count="1" type="stmt"/>
        <line num="436" count="1" type="stmt"/>
        <line num="438" count="1" type="stmt"/>
        <line num="439" count="1" type="stmt"/>
        <line num="440" count="1" type="stmt"/>
        <line num="441" count="1" type="stmt"/>
        <line num="444" count="1" type="stmt"/>
        <line num="445" count="0" type="cond" truecount="0" falsecount="2"/>
        <line num="446" count="0" type="cond" truecount="0" falsecount="2"/>
        <line num="449" count="0" type="stmt"/>
        <line num="450" count="0" type="stmt"/>
        <line num="455" count="21" type="stmt"/>
        <line num="456" count="9" type="stmt"/>
        <line num="460" count="18" type="stmt"/>
        <line num="466" count="2" type="stmt"/>
        <line num="480" count="21" type="stmt"/>
        <line num="481" count="3" type="stmt"/>
        <line num="482" count="3" type="cond" truecount="1" falsecount="1"/>
        <line num="484" count="3" type="stmt"/>
        <line num="495" count="6" type="stmt"/>
        <line num="501" count="1" type="stmt"/>
        <line num="514" count="6" type="stmt"/>
        <line num="520" count="1" type="stmt"/>
        <line num="536" count="0" type="stmt"/>
        <line num="543" count="0" type="stmt"/>
        <line num="552" count="21" type="stmt"/>
        <line num="553" count="4" type="stmt"/>
        <line num="564" count="8" type="stmt"/>
        <line num="570" count="12" type="stmt"/>
        <line num="576" count="0" type="stmt"/>
        <line num="591" count="8" type="stmt"/>
        <line num="597" count="12" type="stmt"/>
        <line num="603" count="0" type="stmt"/>
        <line num="625" count="0" type="stmt"/>
        <line num="633" count="21" type="stmt"/>
        <line num="634" count="5" type="cond" truecount="1" falsecount="1"/>
        <line num="636" count="5" type="stmt"/>
        <line num="646" count="0" type="stmt"/>
        <line num="664" count="0" type="stmt"/>
        <line num="666" count="0" type="stmt"/>
        <line num="668" count="0" type="stmt"/>
        <line num="687" count="0" type="stmt"/>
        <line num="705" count="0" type="stmt"/>
        <line num="707" count="0" type="stmt"/>
        <line num="709" count="0" type="stmt"/>
        <line num="733" count="1" type="stmt"/>
        <line num="740" count="0" type="stmt"/>
        <line num="750" count="21" type="stmt"/>
        <line num="751" count="21" type="cond" truecount="1" falsecount="1"/>
        <line num="753" count="0" type="stmt"/>
        <line num="754" count="0" type="cond" truecount="0" falsecount="2"/>
        <line num="755" count="0" type="cond" truecount="0" falsecount="2"/>
        <line num="756" count="0" type="cond" truecount="0" falsecount="2"/>
        <line num="758" count="0" type="stmt"/>
        <line num="762" count="0" type="stmt"/>
        <line num="767" count="0" type="stmt"/>
        <line num="768" count="0" type="stmt"/>
        <line num="778" count="21" type="stmt"/>
      </file>
      <file name="TunnelNavigation.js" path="/Users/mohamedgueye/Documents/Concordia/Winter 2025/SOEN 390/SOEN-_390-Q-QD/ConcordiaMaps/components/IndoorNavigation/TunnelNavigation.js">
        <metrics statements="13" coveredstatements="13" conditionals="2" coveredconditionals="1" methods="6" coveredmethods="6"/>
        <line num="9" count="3" type="stmt"/>
        <line num="10" count="2" type="stmt"/>
        <line num="12" count="2" type="stmt"/>
        <line num="13" count="10" type="stmt"/>
        <line num="16" count="2" type="stmt"/>
        <line num="18" count="1" type="stmt"/>
        <line num="19" count="1" type="stmt"/>
        <line num="20" count="1" type="stmt"/>
        <line num="23" count="1" type="cond" truecount="1" falsecount="1"/>
        <line num="24" count="1" type="stmt"/>
        <line num="28" count="2" type="stmt"/>
        <line num="40" count="8" type="stmt"/>
        <line num="43" count="1" type="stmt"/>
      </file>
    </package>
    <package name="ConcordiaMaps.constants">
      <metrics statements="5" coveredstatements="5" conditionals="0" coveredconditionals="0" methods="0" coveredmethods="0"/>
      <file name="OutdoorPtsOfDirections.js" path="/Users/mohamedgueye/Documents/Concordia/Winter 2025/SOEN 390/SOEN-_390-Q-QD/ConcordiaMaps/constants/OutdoorPtsOfDirections.js">
        <metrics statements="5" coveredstatements="5" conditionals="0" coveredconditionals="0" methods="0" coveredmethods="0"/>
        <line num="1" count="2" type="stmt"/>
        <line num="2" count="2" type="stmt"/>
        <line num="3" count="2" type="stmt"/>
        <line num="4" count="2" type="stmt"/>
        <line num="6" count="2" type="stmt"/>
      </file>
    </package>
    <package name="ConcordiaMaps.constants.coordinates">
      <metrics statements="24" coveredstatements="24" conditionals="24" coveredconditionals="14" methods="6" coveredmethods="6"/>
      <file name="cc1.js" path="/Users/mohamedgueye/Documents/Concordia/Winter 2025/SOEN 390/SOEN-_390-Q-QD/ConcordiaMaps/constants/coordinates/cc1.js">
        <metrics statements="2" coveredstatements="2" conditionals="0" coveredconditionals="0" methods="0" coveredmethods="0"/>
        <line num="1" count="3" type="stmt"/>
        <line num="231" count="3" type="stmt"/>
      </file>
      <file name="h1.js" path="/Users/mohamedgueye/Documents/Concordia/Winter 2025/SOEN 390/SOEN-_390-Q-QD/ConcordiaMaps/constants/coordinates/h1.js">
        <metrics statements="3" coveredstatements="3" conditionals="4" coveredconditionals="2" methods="1" coveredmethods="1"/>
        <line num="1" count="20" type="stmt"/>
        <line num="10" count="2" type="stmt"/>
        <line num="23" count="2" type="stmt"/>
      </file>
      <file name="h8.js" path="/Users/mohamedgueye/Documents/Concordia/Winter 2025/SOEN 390/SOEN-_390-Q-QD/ConcordiaMaps/constants/coordinates/h8.js">
        <metrics statements="3" coveredstatements="3" conditionals="4" coveredconditionals="2" methods="1" coveredmethods="1"/>
        <line num="1" count="220" type="stmt"/>
        <line num="10" count="4" type="stmt"/>
        <line num="68" count="4" type="stmt"/>
      </file>
      <file name="h9.js" path="/Users/mohamedgueye/Documents/Concordia/Winter 2025/SOEN 390/SOEN-_390-Q-QD/ConcordiaMaps/constants/coordinates/h9.js">
        <metrics statements="3" coveredstatements="3" conditionals="4" coveredconditionals="2" methods="1" coveredmethods="1"/>
        <line num="1" count="154" type="stmt"/>
        <line num="10" count="2" type="stmt"/>
        <line num="90" count="2" type="stmt"/>
      </file>
      <file name="msb1.js" path="/Users/mohamedgueye/Documents/Concordia/Winter 2025/SOEN 390/SOEN-_390-Q-QD/ConcordiaMaps/constants/coordinates/msb1.js">
        <metrics statements="3" coveredstatements="3" conditionals="4" coveredconditionals="2" methods="1" coveredmethods="1"/>
        <line num="1" count="42" type="stmt"/>
        <line num="10" count="2" type="stmt"/>
        <line num="34" count="2" type="stmt"/>
      </file>
      <file name="msb2.js" path="/Users/mohamedgueye/Documents/Concordia/Winter 2025/SOEN 390/SOEN-_390-Q-QD/ConcordiaMaps/constants/coordinates/msb2.js">
        <metrics statements="3" coveredstatements="3" conditionals="4" coveredconditionals="4" methods="1" coveredmethods="1"/>
        <line num="1" count="74" type="stmt"/>
        <line num="10" count="2" type="stmt"/>
        <line num="50" count="2" type="stmt"/>
      </file>
      <file name="ve1.js" path="/Users/mohamedgueye/Documents/Concordia/Winter 2025/SOEN 390/SOEN-_390-Q-QD/ConcordiaMaps/constants/coordinates/ve1.js">
        <metrics statements="2" coveredstatements="2" conditionals="0" coveredconditionals="0" methods="0" coveredmethods="0"/>
        <line num="1" count="2" type="stmt"/>
        <line num="27" count="2" type="stmt"/>
      </file>
      <file name="ve2.js" path="/Users/mohamedgueye/Documents/Concordia/Winter 2025/SOEN 390/SOEN-_390-Q-QD/ConcordiaMaps/constants/coordinates/ve2.js">
        <metrics statements="2" coveredstatements="2" conditionals="0" coveredconditionals="0" methods="0" coveredmethods="0"/>
        <line num="1" count="2" type="stmt"/>
        <line num="107" count="2" type="stmt"/>
      </file>
      <file name="vl1.js" path="/Users/mohamedgueye/Documents/Concordia/Winter 2025/SOEN 390/SOEN-_390-Q-QD/ConcordiaMaps/constants/coordinates/vl1.js">
        <metrics statements="3" coveredstatements="3" conditionals="4" coveredconditionals="2" methods="1" coveredmethods="1"/>
        <line num="1" count="98" type="stmt"/>
        <line num="10" count="2" type="stmt"/>
        <line num="65" count="2" type="stmt"/>
      </file>
    </package>
    <package name="ConcordiaMaps.contexts">
      <metrics statements="14" coveredstatements="14" conditionals="2" coveredconditionals="2" methods="3" coveredmethods="3"/>
      <file name="LocationContext.js" path="/Users/mohamedgueye/Documents/Concordia/Winter 2025/SOEN 390/SOEN-_390-Q-QD/ConcordiaMaps/contexts/LocationContext.js">
        <metrics statements="14" coveredstatements="14" conditionals="2" coveredconditionals="2" methods="3" coveredmethods="3"/>
        <line num="6" count="4" type="stmt"/>
        <line num="8" count="4" type="stmt"/>
        <line num="9" count="18" type="stmt"/>
        <line num="11" count="18" type="stmt"/>
        <line num="12" count="9" type="stmt"/>
        <line num="13" count="9" type="stmt"/>
        <line num="14" count="9" type="cond" truecount="2" falsecount="0"/>
        <line num="15" count="1" type="stmt"/>
        <line num="19" count="1" type="stmt"/>
        <line num="22" count="8" type="stmt"/>
        <line num="23" count="8" type="stmt"/>
        <line num="26" count="9" type="stmt"/>
        <line num="29" count="18" type="stmt"/>
        <line num="36" count="4" type="stmt"/>
      </file>
    </package>
    <package name="ConcordiaMaps.data">
      <metrics statements="1" coveredstatements="1" conditionals="0" coveredconditionals="0" methods="0" coveredmethods="0"/>
      <file name="coloringData.js" path="/Users/mohamedgueye/Documents/Concordia/Winter 2025/SOEN 390/SOEN-_390-Q-QD/ConcordiaMaps/data/coloringData.js">
        <metrics statements="1" coveredstatements="1" conditionals="0" coveredconditionals="0" methods="0" coveredmethods="0"/>
        <line num="1" count="2" type="stmt"/>
      </file>
    </package>
    <package name="ConcordiaMaps.hooks">
      <metrics statements="60" coveredstatements="47" conditionals="32" coveredconditionals="24" methods="7" coveredmethods="7"/>
      <file name="useGoogleMapDirections.js" path="/Users/mohamedgueye/Documents/Concordia/Winter 2025/SOEN 390/SOEN-_390-Q-QD/ConcordiaMaps/hooks/useGoogleMapDirections.js">
        <metrics statements="60" coveredstatements="47" conditionals="32" coveredconditionals="24" methods="7" coveredmethods="7"/>
        <line num="1" count="4" type="stmt"/>
        <line num="4" count="4" type="stmt"/>
        <line num="6" count="7" type="stmt"/>
        <line num="7" count="2" type="stmt"/>
        <line num="8" count="2" type="stmt"/>
        <line num="14" count="2" type="stmt"/>
        <line num="16" count="2" type="cond" truecount="4" falsecount="0"/>
        <line num="17" count="1" type="stmt"/>
        <line num="18" count="1" type="stmt"/>
        <line num="23" count="1" type="stmt"/>
        <line num="26" count="1" type="stmt"/>
        <line num="27" count="1" type="stmt"/>
        <line num="32" count="7" type="stmt"/>
        <line num="33" count="1" type="stmt"/>
        <line num="34" count="1" type="stmt"/>
        <line num="36" count="1" type="cond" truecount="1" falsecount="1"/>
        <line num="37" count="0" type="stmt"/>
        <line num="40" count="1" type="stmt"/>
        <line num="43" count="1" type="stmt"/>
        <line num="49" count="1" type="stmt"/>
        <line num="51" count="0" type="stmt"/>
        <line num="52" count="0" type="stmt"/>
        <line num="57" count="7" type="stmt"/>
        <line num="58" count="1" type="stmt"/>
        <line num="59" count="1" type="stmt"/>
        <line num="60" count="1" type="cond" truecount="3" falsecount="1"/>
        <line num="61" count="0" type="stmt"/>
        <line num="64" count="1" type="stmt"/>
        <line num="68" count="1" type="cond" truecount="1" falsecount="1"/>
        <line num="69" count="0" type="stmt"/>
        <line num="72" count="1" type="stmt"/>
        <line num="74" count="1" type="cond" truecount="3" falsecount="1"/>
        <line num="75" count="0" type="stmt"/>
        <line num="80" count="1" type="cond" truecount="3" falsecount="1"/>
        <line num="81" count="0" type="stmt"/>
        <line num="84" count="1" type="stmt"/>
        <line num="86" count="0" type="stmt"/>
        <line num="87" count="0" type="stmt"/>
        <line num="91" count="7" type="stmt"/>
        <line num="92" count="4" type="stmt"/>
        <line num="93" count="4" type="stmt"/>
        <line num="96" count="4" type="stmt"/>
        <line num="98" count="4" type="stmt"/>
        <line num="100" count="4" type="cond" truecount="4" falsecount="0"/>
        <line num="101" count="2" type="stmt"/>
        <line num="102" count="2" type="stmt"/>
        <line num="105" count="2" type="cond" truecount="3" falsecount="1"/>
        <line num="106" count="0" type="stmt"/>
        <line num="107" count="0" type="stmt"/>
        <line num="110" count="2" type="cond" truecount="2" falsecount="0"/>
        <line num="111" count="1" type="stmt"/>
        <line num="115" count="1" type="stmt"/>
        <line num="118" count="1" type="stmt"/>
        <line num="119" count="2" type="stmt"/>
        <line num="123" count="1" type="stmt"/>
        <line num="124" count="1" type="stmt"/>
        <line num="125" count="1" type="stmt"/>
        <line num="127" count="0" type="stmt"/>
        <line num="128" count="0" type="stmt"/>
        <line num="132" count="7" type="stmt"/>
      </file>
    </package>
    <package name="ConcordiaMaps.screen">
      <metrics statements="70" coveredstatements="53" conditionals="31" coveredconditionals="24" methods="23" coveredmethods="16"/>
      <file name="HomeScreen.js" path="/Users/mohamedgueye/Documents/Concordia/Winter 2025/SOEN 390/SOEN-_390-Q-QD/ConcordiaMaps/screen/HomeScreen.js">
        <metrics statements="70" coveredstatements="53" conditionals="31" coveredconditionals="24" methods="23" coveredmethods="16"/>
        <line num="27" count="2" type="stmt"/>
        <line num="30" count="43" type="stmt"/>
        <line num="31" count="43" type="stmt"/>
        <line num="33" count="43" type="stmt"/>
        <line num="34" count="43" type="stmt"/>
        <line num="36" count="43" type="stmt"/>
        <line num="37" count="43" type="stmt"/>
        <line num="38" count="43" type="stmt"/>
        <line num="39" count="43" type="stmt"/>
        <line num="40" count="43" type="stmt"/>
        <line num="41" count="43" type="stmt"/>
        <line num="42" count="43" type="stmt"/>
        <line num="43" count="43" type="stmt"/>
        <line num="46" count="43" type="stmt"/>
        <line num="47" count="43" type="stmt"/>
        <line num="49" count="43" type="stmt"/>
        <line num="50" count="14" type="stmt"/>
        <line num="51" count="14" type="stmt"/>
        <line num="52" count="14" type="stmt"/>
        <line num="53" count="14" type="stmt"/>
        <line num="54" count="10" type="cond" truecount="2" falsecount="0"/>
        <line num="55" count="6" type="stmt"/>
        <line num="57" count="4" type="stmt"/>
        <line num="60" count="14" type="stmt"/>
        <line num="63" count="43" type="stmt"/>
        <line num="64" count="28" type="stmt"/>
        <line num="65" count="28" type="cond" truecount="1" falsecount="1"/>
        <line num="66" count="0" type="stmt"/>
        <line num="67" count="0" type="stmt"/>
        <line num="68" count="0" type="cond" truecount="0" falsecount="2"/>
        <line num="69" count="0" type="stmt"/>
        <line num="71" count="0" type="stmt"/>
        <line num="75" count="28" type="stmt"/>
        <line num="78" count="43" type="stmt"/>
        <line num="79" count="21" type="cond" truecount="2" falsecount="0"/>
        <line num="80" count="14" type="stmt"/>
        <line num="89" count="43" type="stmt"/>
        <line num="90" count="18" type="cond" truecount="4" falsecount="0"/>
        <line num="91" count="4" type="stmt"/>
        <line num="103" count="43" type="stmt"/>
        <line num="104" count="1" type="stmt"/>
        <line num="105" count="1" type="cond" truecount="1" falsecount="1"/>
        <line num="109" count="43" type="stmt"/>
        <line num="110" count="0" type="stmt"/>
        <line num="111" count="0" type="stmt"/>
        <line num="117" count="0" type="stmt"/>
        <line num="118" count="0" type="stmt"/>
        <line num="119" count="0" type="stmt"/>
        <line num="120" count="0" type="stmt"/>
        <line num="124" count="43" type="stmt"/>
        <line num="125" count="1" type="stmt"/>
        <line num="131" count="1" type="stmt"/>
        <line num="134" count="43" type="stmt"/>
        <line num="135" count="0" type="stmt"/>
        <line num="136" count="0" type="stmt"/>
        <line num="139" count="43" type="stmt"/>
        <line num="140" count="43" type="stmt"/>
        <line num="141" count="16" type="cond" truecount="2" falsecount="0"/>
        <line num="142" count="14" type="stmt"/>
        <line num="143" count="2" type="stmt"/>
        <line num="146" count="14" type="stmt"/>
        <line num="150" count="43" type="stmt"/>
        <line num="163" count="0" type="stmt"/>
        <line num="189" count="0" type="stmt"/>
        <line num="192" count="420" type="stmt"/>
        <line num="199" count="1" type="stmt"/>
        <line num="208" count="84" type="stmt"/>
        <line num="213" count="0" type="stmt"/>
        <line num="264" count="0" type="stmt"/>
        <line num="270" count="2" type="stmt"/>
      </file>
    </package>
    <package name="ConcordiaMaps.services">
      <metrics statements="132" coveredstatements="121" conditionals="92" coveredconditionals="86" methods="41" coveredmethods="36"/>
      <file name="BuildingDataService.js" path="/Users/mohamedgueye/Documents/Concordia/Winter 2025/SOEN 390/SOEN-_390-Q-QD/ConcordiaMaps/services/BuildingDataService.js">
        <metrics statements="33" coveredstatements="28" conditionals="13" coveredconditionals="13" methods="24" coveredmethods="19"/>
        <line num="47" count="3" type="stmt"/>
        <line num="61" count="2" type="stmt"/>
        <line num="69" count="1" type="stmt"/>
        <line num="77" count="0" type="stmt"/>
        <line num="85" count="0" type="stmt"/>
        <line num="102" count="1" type="stmt"/>
        <line num="110" count="1" type="stmt"/>
        <line num="118" count="1" type="stmt"/>
        <line num="135" count="1" type="stmt"/>
        <line num="143" count="1" type="stmt"/>
        <line num="161" count="0" type="stmt"/>
        <line num="180" count="0" type="stmt"/>
        <line num="188" count="1" type="stmt"/>
        <line num="206" count="0" type="stmt"/>
        <line num="214" count="1" type="stmt"/>
        <line num="232" count="1" type="stmt"/>
        <line num="240" count="1" type="stmt"/>
        <line num="243" count="2" type="stmt"/>
        <line num="248" count="14" type="stmt"/>
        <line num="253" count="4" type="stmt"/>
        <line num="254" count="4" type="cond" truecount="2" falsecount="0"/>
        <line num="255" count="3" type="stmt"/>
        <line num="260" count="52" type="stmt"/>
        <line num="261" count="52" type="cond" truecount="2" falsecount="0"/>
        <line num="262" count="47" type="stmt"/>
        <line num="267" count="9" type="stmt"/>
        <line num="268" count="9" type="cond" truecount="2" falsecount="0"/>
        <line num="273" count="3" type="stmt"/>
        <line num="274" count="3" type="cond" truecount="2" falsecount="0"/>
        <line num="279" count="14" type="stmt"/>
        <line num="280" count="14" type="cond" truecount="2" falsecount="0"/>
        <line num="285" count="19" type="stmt"/>
        <line num="286" count="19" type="stmt"/>
      </file>
      <file name="FloorPlanService.js" path="/Users/mohamedgueye/Documents/Concordia/Winter 2025/SOEN 390/SOEN-_390-Q-QD/ConcordiaMaps/services/FloorPlanService.js">
        <metrics statements="6" coveredstatements="6" conditionals="6" coveredconditionals="6" methods="3" coveredmethods="3"/>
        <line num="12" count="3" type="cond" truecount="2" falsecount="0"/>
        <line num="14" count="7" type="stmt"/>
        <line num="15" count="6" type="cond" truecount="2" falsecount="0"/>
        <line num="16" count="6" type="stmt"/>
        <line num="19" count="7" type="stmt"/>
        <line num="21" count="7" type="stmt"/>
      </file>
      <file name="NavigationStylesService.js" path="/Users/mohamedgueye/Documents/Concordia/Winter 2025/SOEN 390/SOEN-_390-Q-QD/ConcordiaMaps/services/NavigationStylesService.js">
        <metrics statements="31" coveredstatements="31" conditionals="24" coveredconditionals="24" methods="3" coveredmethods="3"/>
        <line num="10" count="3" type="stmt"/>
        <line num="11" count="7" type="cond" truecount="6" falsecount="0"/>
        <line num="13" count="1" type="stmt"/>
        <line num="15" count="1" type="stmt"/>
        <line num="17" count="1" type="stmt"/>
        <line num="19" count="1" type="stmt"/>
        <line num="21" count="1" type="stmt"/>
        <line num="23" count="2" type="stmt"/>
        <line num="32" count="3" type="stmt"/>
        <line num="33" count="7" type="cond" truecount="6" falsecount="0"/>
        <line num="35" count="1" type="stmt"/>
        <line num="37" count="1" type="stmt"/>
        <line num="39" count="1" type="stmt"/>
        <line num="41" count="1" type="stmt"/>
        <line num="43" count="1" type="stmt"/>
        <line num="45" count="2" type="stmt"/>
        <line num="54" count="3" type="stmt"/>
        <line num="55" count="10" type="cond" truecount="2" falsecount="0"/>
        <line num="56" count="1" type="stmt"/>
        <line num="57" count="9" type="cond" truecount="2" falsecount="0"/>
        <line num="58" count="1" type="stmt"/>
        <line num="61" count="8" type="stmt"/>
        <line num="62" count="8" type="cond" truecount="2" falsecount="0"/>
        <line num="63" count="6" type="cond" truecount="2" falsecount="0"/>
        <line num="64" count="1" type="stmt"/>
        <line num="65" count="5" type="cond" truecount="2" falsecount="0"/>
        <line num="66" count="1" type="stmt"/>
        <line num="67" count="4" type="cond" truecount="2" falsecount="0"/>
        <line num="68" count="1" type="stmt"/>
        <line num="70" count="3" type="stmt"/>
        <line num="73" count="2" type="stmt"/>
      </file>
      <file name="NavigationValidationService.js" path="/Users/mohamedgueye/Documents/Concordia/Winter 2025/SOEN 390/SOEN-_390-Q-QD/ConcordiaMaps/services/NavigationValidationService.js">
        <metrics statements="20" coveredstatements="20" conditionals="16" coveredconditionals="16" methods="4" coveredmethods="4"/>
        <line num="13" count="3" type="stmt"/>
        <line num="19" count="5" type="cond" truecount="4" falsecount="0"/>
        <line num="20" count="2" type="stmt"/>
        <line num="23" count="3" type="cond" truecount="2" falsecount="0"/>
        <line num="24" count="1" type="stmt"/>
        <line num="27" count="2" type="cond" truecount="2" falsecount="0"/>
        <line num="28" count="1" type="stmt"/>
        <line num="31" count="1" type="stmt"/>
        <line num="41" count="3" type="stmt"/>
        <line num="42" count="4" type="stmt"/>
        <line num="43" count="4" type="cond" truecount="2" falsecount="0"/>
        <line num="46" count="3" type="stmt"/>
        <line num="47" count="5" type="stmt"/>
        <line num="48" count="5" type="cond" truecount="4" falsecount="0"/>
        <line num="49" count="2" type="stmt"/>
        <line num="52" count="1" type="stmt"/>
        <line num="61" count="3" type="stmt"/>
        <line num="62" count="2" type="stmt"/>
        <line num="63" count="2" type="stmt"/>
        <line num="64" count="3" type="cond" truecount="2" falsecount="0"/>
      </file>
      <file name="PathCalculationService.js" path="/Users/mohamedgueye/Documents/Concordia/Winter 2025/SOEN 390/SOEN-_390-Q-QD/ConcordiaMaps/services/PathCalculationService.js">
        <metrics statements="42" coveredstatements="36" conditionals="33" coveredconditionals="27" methods="7" coveredmethods="7"/>
        <line num="12" count="3" type="stmt"/>
        <line num="13" count="10" type="stmt"/>
        <line num="14" count="10" type="stmt"/>
        <line num="16" count="10" type="stmt"/>
        <line num="18" count="10" type="stmt"/>
        <line num="19" count="21" type="cond" truecount="4" falsecount="0"/>
        <line num="20" count="8" type="stmt"/>
        <line num="24" count="2" type="stmt"/>
        <line num="36" count="3" type="stmt"/>
        <line num="43" count="3" type="stmt"/>
        <line num="49" count="3" type="cond" truecount="2" falsecount="0"/>
        <line num="50" count="1" type="stmt"/>
        <line num="53" count="2" type="stmt"/>
        <line num="61" count="1" type="stmt"/>
        <line num="84" count="3" type="stmt"/>
        <line num="93" count="4" type="stmt"/>
        <line num="95" count="4" type="cond" truecount="2" falsecount="0"/>
        <line num="96" count="1" type="stmt"/>
        <line num="101" count="3" type="stmt"/>
        <line num="106" count="3" type="stmt"/>
        <line num="112" count="3" type="cond" truecount="4" falsecount="0"/>
        <line num="113" count="2" type="stmt"/>
        <line num="116" count="1" type="stmt"/>
        <line num="124" count="2" type="stmt"/>
        <line num="135" count="2" type="stmt"/>
        <line num="155" count="3" type="stmt"/>
        <line num="164" count="2" type="cond" truecount="2" falsecount="0"/>
        <line num="171" count="1" type="stmt"/>
        <line num="176" count="1" type="stmt"/>
        <line num="182" count="1" type="stmt"/>
        <line num="191" count="1" type="stmt"/>
        <line num="192" count="1" type="stmt"/>
        <line num="193" count="1" type="stmt"/>
        <line num="196" count="1" type="cond" truecount="3" falsecount="1"/>
        <line num="197" count="0" type="stmt"/>
        <line num="200" count="1" type="cond" truecount="1" falsecount="1"/>
        <line num="201" count="1" type="stmt"/>
        <line num="206" count="0" type="cond" truecount="0" falsecount="2"/>
        <line num="207" count="0" type="stmt"/>
        <line num="213" count="0" type="cond" truecount="0" falsecount="2"/>
        <line num="214" count="0" type="stmt"/>
        <line num="222" count="0" type="stmt"/>
      </file>
    </package>
    <package name="ConcordiaMaps.styles">
      <metrics statements="1" coveredstatements="1" conditionals="0" coveredconditionals="0" methods="0" coveredmethods="0"/>
      <file name="DirectionBox.style.js" path="/Users/mohamedgueye/Documents/Concordia/Winter 2025/SOEN 390/SOEN-_390-Q-QD/ConcordiaMaps/styles/DirectionBox.style.js">
        <metrics statements="1" coveredstatements="1" conditionals="0" coveredconditionals="0" methods="0" coveredmethods="0"/>
        <line num="3" count="5" type="stmt"/>
      </file>
    </package>
    <package name="ConcordiaMaps.styles.IndoorNavigation">
      <metrics statements="8" coveredstatements="8" conditionals="0" coveredconditionals="0" methods="0" coveredmethods="0"/>
      <file name="BuildingSelectorStyles.js" path="/Users/mohamedgueye/Documents/Concordia/Winter 2025/SOEN 390/SOEN-_390-Q-QD/ConcordiaMaps/styles/IndoorNavigation/BuildingSelectorStyles.js">
        <metrics statements="1" coveredstatements="1" conditionals="0" coveredconditionals="0" methods="0" coveredmethods="0"/>
        <line num="7" count="3" type="stmt"/>
      </file>
      <file name="BuildingSelectorTunnelNavigationCommonStyles.js" path="/Users/mohamedgueye/Documents/Concordia/Winter 2025/SOEN 390/SOEN-_390-Q-QD/ConcordiaMaps/styles/IndoorNavigation/BuildingSelectorTunnelNavigationCommonStyles.js">
        <metrics statements="2" coveredstatements="2" conditionals="0" coveredconditionals="0" methods="0" coveredmethods="0"/>
        <line num="3" count="4" type="stmt"/>
        <line num="12" count="4" type="stmt"/>
      </file>
      <file name="FloorSelectorStyles.js" path="/Users/mohamedgueye/Documents/Concordia/Winter 2025/SOEN 390/SOEN-_390-Q-QD/ConcordiaMaps/styles/IndoorNavigation/FloorSelectorStyles.js">
        <metrics statements="1" coveredstatements="1" conditionals="0" coveredconditionals="0" methods="0" coveredmethods="0"/>
        <line num="3" count="3" type="stmt"/>
      </file>
      <file name="IndoorNavigationStyles.js" path="/Users/mohamedgueye/Documents/Concordia/Winter 2025/SOEN 390/SOEN-_390-Q-QD/ConcordiaMaps/styles/IndoorNavigation/IndoorNavigationStyles.js">
        <metrics statements="1" coveredstatements="1" conditionals="0" coveredconditionals="0" methods="0" coveredmethods="0"/>
        <line num="3" count="3" type="stmt"/>
      </file>
      <file name="InterfloorNavigationStyles.js" path="/Users/mohamedgueye/Documents/Concordia/Winter 2025/SOEN 390/SOEN-_390-Q-QD/ConcordiaMaps/styles/IndoorNavigation/InterfloorNavigationStyles.js">
        <metrics statements="1" coveredstatements="1" conditionals="0" coveredconditionals="0" methods="0" coveredmethods="0"/>
        <line num="3" count="2" type="stmt"/>
      </file>
      <file name="RoomtoRoomNavigationStyles.js" path="/Users/mohamedgueye/Documents/Concordia/Winter 2025/SOEN 390/SOEN-_390-Q-QD/ConcordiaMaps/styles/IndoorNavigation/RoomtoRoomNavigationStyles.js">
        <metrics statements="1" coveredstatements="1" conditionals="0" coveredconditionals="0" methods="0" coveredmethods="0"/>
        <line num="3" count="3" type="stmt"/>
      </file>
      <file name="TunnelNavigationStyles.js" path="/Users/mohamedgueye/Documents/Concordia/Winter 2025/SOEN 390/SOEN-_390-Q-QD/ConcordiaMaps/styles/IndoorNavigation/TunnelNavigationStyles.js">
        <metrics statements="1" coveredstatements="1" conditionals="0" coveredconditionals="0" methods="0" coveredmethods="0"/>
        <line num="4" count="3" type="stmt"/>
      </file>
    </package>
  </project>
</coverage>
