{
  "/Users/mohamedgueye/Documents/Concordia/Winter 2025/SOEN 390/SOEN-_390-Q-QD/ConcordiaMaps/App.js": {
    "path": "/Users/mohamedgueye/Documents/Concordia/Winter 2025/SOEN 390/SOEN-_390-Q-QD/ConcordiaMaps/App.js",
    "statementMap": {
      "0": {
        "start": { "line": 20, "column": 28 },
        "end": { "line": 20, "column": 43 }
      },
      "1": {
        "start": { "line": 22, "column": 14 },
        "end": { "line": 22, "column": 42 }
      },
      "2": {
        "start": { "line": 25, "column": 26 },
        "end": { "line": 35, "column": 1 }
      },
      "3": {
        "start": { "line": 26, "column": 21 },
        "end": { "line": 26, "column": 36 }
      },
      "4": {
        "start": { "line": 27, "column": 2 },
        "end": { "line": 34, "column": 4 }
      },
      "5": {
        "start": { "line": 36, "column": 0 },
        "end": { "line": 40, "column": 2 }
      },
      "6": {
        "start": { "line": 42, "column": 44 },
        "end": { "line": 42, "column": 59 }
      },
      "7": {
        "start": { "line": 43, "column": 36 },
        "end": { "line": 46, "column": 4 }
      },
      "8": {
        "start": { "line": 48, "column": 22 },
        "end": { "line": 50, "column": 3 }
      },
      "9": {
        "start": { "line": 49, "column": 4 },
        "end": { "line": 49, "column": 37 }
      },
      "10": {
        "start": { "line": 53, "column": 28 },
        "end": { "line": 56, "column": 3 }
      },
      "11": {
        "start": { "line": 54, "column": 11 },
        "end": { "line": 54, "column": 67 }
      },
      "12": {
        "start": { "line": 58, "column": 2 },
        "end": { "line": 99, "column": 4 }
      }
    },
    "fnMap": {
      "0": {
        "name": "(anonymous_0)",
        "decl": {
          "start": { "line": 25, "column": 26 },
          "end": { "line": 25, "column": 27 }
        },
        "loc": {
          "start": { "line": 25, "column": 60 },
          "end": { "line": 35, "column": 1 }
        },
        "line": 25
      },
      "1": {
        "name": "App",
        "decl": {
          "start": { "line": 41, "column": 24 },
          "end": { "line": 41, "column": 27 }
        },
        "loc": {
          "start": { "line": 41, "column": 30 },
          "end": { "line": 100, "column": 1 }
        },
        "line": 41
      },
      "2": {
        "name": "(anonymous_2)",
        "decl": {
          "start": { "line": 48, "column": 22 },
          "end": { "line": 48, "column": 23 }
        },
        "loc": {
          "start": { "line": 48, "column": 28 },
          "end": { "line": 50, "column": 3 }
        },
        "line": 48
      },
      "3": {
        "name": "(anonymous_3)",
        "decl": {
          "start": { "line": 54, "column": 4 },
          "end": { "line": 54, "column": 5 }
        },
        "loc": {
          "start": { "line": 54, "column": 11 },
          "end": { "line": 54, "column": 67 }
        },
        "line": 54
      }
    },
    "branchMap": {},
    "s": {
      "0": 2,
      "1": 2,
      "2": 2,
      "3": 8,
      "4": 8,
      "5": 2,
      "6": 9,
      "7": 8,
      "8": 8,
      "9": 1,
      "10": 8,
      "11": 8,
      "12": 8
    },
    "f": { "0": 8, "1": 9, "2": 1, "3": 8 },
    "b": {},
    "_coverageSchema": "1a1c01bbd47fc00a2c39e90264f33305004495a9",
    "hash": "56b9f906aada145921b2d443c29312ffc94d48f3"
  },
  "/Users/mohamedgueye/Documents/Concordia/Winter 2025/SOEN 390/SOEN-_390-Q-QD/ConcordiaMaps/styles.js": {
    "path": "/Users/mohamedgueye/Documents/Concordia/Winter 2025/SOEN 390/SOEN-_390-Q-QD/ConcordiaMaps/styles.js",
    "statementMap": {
      "0": {
        "start": { "line": 3, "column": 15 },
        "end": { "line": 360, "column": 2 }
      }
    },
    "fnMap": {},
    "branchMap": {},
    "s": { "0": 7 },
    "f": {},
    "b": {},
    "_coverageSchema": "1a1c01bbd47fc00a2c39e90264f33305004495a9",
    "hash": "1931f9c61d2f768d05d63a0cf63d23230c7af772"
  },
  "/Users/mohamedgueye/Documents/Concordia/Winter 2025/SOEN 390/SOEN-_390-Q-QD/ConcordiaMaps/assets/ConcordiaLogo.png": {
    "path": "/Users/mohamedgueye/Documents/Concordia/Winter 2025/SOEN 390/SOEN-_390-Q-QD/ConcordiaMaps/assets/ConcordiaLogo.png",
    "statementMap": {
      "0": {
        "start": { "line": 1, "column": 0 },
        "end": { "line": 4, "column": 6 }
      }
    },
    "fnMap": {},
    "branchMap": {},
    "s": { "0": 4 },
    "f": {},
    "b": {},
    "_coverageSchema": "1a1c01bbd47fc00a2c39e90264f33305004495a9",
    "hash": "ad0e3c508ebabd6030fb923cb2bf11d1d7aafa37"
  },
  "/Users/mohamedgueye/Documents/Concordia/Winter 2025/SOEN 390/SOEN-_390-Q-QD/ConcordiaMaps/assets/PinLogo.png": {
    "path": "/Users/mohamedgueye/Documents/Concordia/Winter 2025/SOEN 390/SOEN-_390-Q-QD/ConcordiaMaps/assets/PinLogo.png",
    "statementMap": {
      "0": {
        "start": { "line": 1, "column": 0 },
        "end": { "line": 4, "column": 6 }
      }
    },
    "fnMap": {},
    "branchMap": {},
    "s": { "0": 3 },
    "f": {},
    "b": {},
    "_coverageSchema": "1a1c01bbd47fc00a2c39e90264f33305004495a9",
    "hash": "f17f22b8b8fb92cd7c1010c6d0bd6b6f0b5dbbb9"
  },
  "/Users/mohamedgueye/Documents/Concordia/Winter 2025/SOEN 390/SOEN-_390-Q-QD/ConcordiaMaps/assets/Shuttle.png": {
    "path": "/Users/mohamedgueye/Documents/Concordia/Winter 2025/SOEN 390/SOEN-_390-Q-QD/ConcordiaMaps/assets/Shuttle.png",
    "statementMap": {
      "0": {
        "start": { "line": 1, "column": 0 },
        "end": { "line": 4, "column": 6 }
      }
    },
    "fnMap": {},
    "branchMap": {},
    "s": { "0": 4 },
    "f": {},
    "b": {},
    "_coverageSchema": "1a1c01bbd47fc00a2c39e90264f33305004495a9",
    "hash": "94e49689e18252cfa4b21b16b5b7f7eebd1df9fe"
  },
  "/Users/mohamedgueye/Documents/Concordia/Winter 2025/SOEN 390/SOEN-_390-Q-QD/ConcordiaMaps/assets/ToggleButton.png": {
    "path": "/Users/mohamedgueye/Documents/Concordia/Winter 2025/SOEN 390/SOEN-_390-Q-QD/ConcordiaMaps/assets/ToggleButton.png",
    "statementMap": {
      "0": {
        "start": { "line": 1, "column": 0 },
        "end": { "line": 4, "column": 6 }
      }
    },
    "fnMap": {},
    "branchMap": {},
    "s": { "0": 1 },
    "f": {},
    "b": {},
    "_coverageSchema": "1a1c01bbd47fc00a2c39e90264f33305004495a9",
    "hash": "804e7e104e4544979cbb4038003f935c69ad29a9"
  },
  "/Users/mohamedgueye/Documents/Concordia/Winter 2025/SOEN 390/SOEN-_390-Q-QD/ConcordiaMaps/assets/cafeICON.png": {
    "path": "/Users/mohamedgueye/Documents/Concordia/Winter 2025/SOEN 390/SOEN-_390-Q-QD/ConcordiaMaps/assets/cafeICON.png",
    "statementMap": {
      "0": {
        "start": { "line": 1, "column": 0 },
        "end": { "line": 4, "column": 6 }
      }
    },
    "fnMap": {},
    "branchMap": {},
    "s": { "0": 2 },
    "f": {},
    "b": {},
    "_coverageSchema": "1a1c01bbd47fc00a2c39e90264f33305004495a9",
    "hash": "19d73fd2fecbce34d24ef62f8b6f6fdabe31f554"
  },
  "/Users/mohamedgueye/Documents/Concordia/Winter 2025/SOEN 390/SOEN-_390-Q-QD/ConcordiaMaps/assets/calendarIcon.png": {
    "path": "/Users/mohamedgueye/Documents/Concordia/Winter 2025/SOEN 390/SOEN-_390-Q-QD/ConcordiaMaps/assets/calendarIcon.png",
    "statementMap": {
      "0": {
        "start": { "line": 1, "column": 0 },
        "end": { "line": 4, "column": 6 }
      }
    },
    "fnMap": {},
    "branchMap": {},
    "s": { "0": 5 },
    "f": {},
    "b": {},
    "_coverageSchema": "1a1c01bbd47fc00a2c39e90264f33305004495a9",
    "hash": "8c534774f54b12bbd2b8b64d4b58f3849a352a2d"
  },
  "/Users/mohamedgueye/Documents/Concordia/Winter 2025/SOEN 390/SOEN-_390-Q-QD/ConcordiaMaps/assets/parkICON.png": {
    "path": "/Users/mohamedgueye/Documents/Concordia/Winter 2025/SOEN 390/SOEN-_390-Q-QD/ConcordiaMaps/assets/parkICON.png",
    "statementMap": {
      "0": {
        "start": { "line": 1, "column": 0 },
        "end": { "line": 4, "column": 6 }
      }
    },
    "fnMap": {},
    "branchMap": {},
    "s": { "0": 2 },
    "f": {},
    "b": {},
    "_coverageSchema": "1a1c01bbd47fc00a2c39e90264f33305004495a9",
    "hash": "a4db8f4f67794c95d1722fd23bdbe618c0cc37ff"
  },
  "/Users/mohamedgueye/Documents/Concordia/Winter 2025/SOEN 390/SOEN-_390-Q-QD/ConcordiaMaps/assets/restoICON.png": {
    "path": "/Users/mohamedgueye/Documents/Concordia/Winter 2025/SOEN 390/SOEN-_390-Q-QD/ConcordiaMaps/assets/restoICON.png",
    "statementMap": {
      "0": {
        "start": { "line": 1, "column": 0 },
        "end": { "line": 4, "column": 6 }
      }
    },
    "fnMap": {},
    "branchMap": {},
    "s": { "0": 2 },
    "f": {},
    "b": {},
    "_coverageSchema": "1a1c01bbd47fc00a2c39e90264f33305004495a9",
    "hash": "8b058ab9d3699a0a01a793825c15ed6add50c93d"
  },
  "/Users/mohamedgueye/Documents/Concordia/Winter 2025/SOEN 390/SOEN-_390-Q-QD/ConcordiaMaps/assets/storeICON.png": {
    "path": "/Users/mohamedgueye/Documents/Concordia/Winter 2025/SOEN 390/SOEN-_390-Q-QD/ConcordiaMaps/assets/storeICON.png",
    "statementMap": {
      "0": {
        "start": { "line": 1, "column": 0 },
        "end": { "line": 4, "column": 6 }
      }
    },
    "fnMap": {},
    "branchMap": {},
    "s": { "0": 2 },
    "f": {},
    "b": {},
    "_coverageSchema": "1a1c01bbd47fc00a2c39e90264f33305004495a9",
    "hash": "b996c2a661b441efce144b3578274a6cb7842e39"
  },
  "/Users/mohamedgueye/Documents/Concordia/Winter 2025/SOEN 390/SOEN-_390-Q-QD/ConcordiaMaps/assets/svg/SVGtoString.js": {
    "path": "/Users/mohamedgueye/Documents/Concordia/Winter 2025/SOEN 390/SOEN-_390-Q-QD/ConcordiaMaps/assets/svg/SVGtoString.js",
    "statementMap": {
      "0": {
        "start": { "line": 1, "column": 18 },
        "end": { "line": 688, "column": 1 }
      },
      "1": {
        "start": { "line": 689, "column": 18 },
        "end": { "line": 1494, "column": 1 }
      },
      "2": {
        "start": { "line": 1495, "column": 18 },
        "end": { "line": 1574, "column": 1 }
      },
      "3": {
        "start": { "line": 1575, "column": 20 },
        "end": { "line": 2564, "column": 1 }
      },
      "4": {
        "start": { "line": 2565, "column": 20 },
        "end": { "line": 3228, "column": 1 }
      },
      "5": {
        "start": { "line": 3229, "column": 20 },
        "end": { "line": 4085, "column": 1 }
      },
      "6": {
        "start": { "line": 4086, "column": 20 },
        "end": { "line": 4187, "column": 1 }
      },
      "7": {
        "start": { "line": 4188, "column": 20 },
        "end": { "line": 5257, "column": 1 }
      },
      "8": {
        "start": { "line": 5259, "column": 20 },
        "end": { "line": 5308, "column": 1 }
      }
    },
    "fnMap": {},
    "branchMap": {},
    "s": {
      "0": 2,
      "1": 2,
      "2": 2,
      "3": 2,
      "4": 2,
      "5": 2,
      "6": 2,
      "7": 2,
      "8": 2
    },
    "f": {},
    "b": {},
    "_coverageSchema": "1a1c01bbd47fc00a2c39e90264f33305004495a9",
    "hash": "8d801961c3529ea300d35d1913a128009f3d3dba"
  },
  "/Users/mohamedgueye/Documents/Concordia/Winter 2025/SOEN 390/SOEN-_390-Q-QD/ConcordiaMaps/components/AsyncPersistence.js": {
    "path": "/Users/mohamedgueye/Documents/Concordia/Winter 2025/SOEN 390/SOEN-_390-Q-QD/ConcordiaMaps/components/AsyncPersistence.js",
    "statementMap": {
      "0": {
        "start": { "line": 3, "column": 27 },
        "end": { "line": 9, "column": 1 }
      },
      "1": {
        "start": { "line": 4, "column": 2 },
        "end": { "line": 8, "column": 3 }
      },
      "2": {
        "start": { "line": 5, "column": 4 },
        "end": { "line": 5, "column": 43 }
      },
      "3": {
        "start": { "line": 7, "column": 4 },
        "end": { "line": 7, "column": 49 }
      },
      "4": {
        "start": { "line": 10, "column": 28 },
        "end": { "line": 18, "column": 1 }
      },
      "5": {
        "start": { "line": 11, "column": 2 },
        "end": { "line": 17, "column": 3 }
      },
      "6": {
        "start": { "line": 12, "column": 19 },
        "end": { "line": 12, "column": 50 }
      },
      "7": {
        "start": { "line": 13, "column": 4 },
        "end": { "line": 13, "column": 34 }
      },
      "8": {
        "start": { "line": 15, "column": 4 },
        "end": { "line": 15, "column": 53 }
      },
      "9": {
        "start": { "line": 16, "column": 4 },
        "end": { "line": 16, "column": 24 }
      }
    },
    "fnMap": {
      "0": {
        "name": "(anonymous_0)",
        "decl": {
          "start": { "line": 3, "column": 27 },
          "end": { "line": 3, "column": 28 }
        },
        "loc": {
          "start": { "line": 3, "column": 49 },
          "end": { "line": 9, "column": 1 }
        },
        "line": 3
      },
      "1": {
        "name": "(anonymous_1)",
        "decl": {
          "start": { "line": 10, "column": 28 },
          "end": { "line": 10, "column": 29 }
        },
        "loc": {
          "start": { "line": 10, "column": 57 },
          "end": { "line": 18, "column": 1 }
        },
        "line": 10
      }
    },
    "branchMap": {
      "0": {
        "loc": {
          "start": { "line": 13, "column": 11 },
          "end": { "line": 13, "column": 33 }
        },
        "type": "binary-expr",
        "locations": [
          {
            "start": { "line": 13, "column": 11 },
            "end": { "line": 13, "column": 17 }
          },
          {
            "start": { "line": 13, "column": 21 },
            "end": { "line": 13, "column": 33 }
          }
        ],
        "line": 13
      }
    },
    "s": {
      "0": 3,
      "1": 2,
      "2": 2,
      "3": 1,
      "4": 3,
      "5": 17,
      "6": 17,
      "7": 16,
      "8": 1,
      "9": 1
    },
    "f": { "0": 2, "1": 17 },
    "b": { "0": [16, 15] },
    "_coverageSchema": "1a1c01bbd47fc00a2c39e90264f33305004495a9",
    "hash": "ca8195951f7eab74593c2c9f5a07767ea4a0e01d"
  },
  "/Users/mohamedgueye/Documents/Concordia/Winter 2025/SOEN 390/SOEN-_390-Q-QD/ConcordiaMaps/components/CalendarScreen.js": {
    "path": "/Users/mohamedgueye/Documents/Concordia/Winter 2025/SOEN 390/SOEN-_390-Q-QD/ConcordiaMaps/components/CalendarScreen.js",
    "statementMap": {
      "0": {
        "start": { "line": 16, "column": 23 },
        "end": { "line": 194, "column": 1 }
      },
      "1": {
        "start": { "line": 17, "column": 30 },
        "end": { "line": 17, "column": 42 }
      },
      "2": {
        "start": { "line": 18, "column": 36 },
        "end": { "line": 18, "column": 48 }
      },
      "3": {
        "start": { "line": 19, "column": 56 },
        "end": { "line": 19, "column": 68 }
      },
      "4": {
        "start": { "line": 20, "column": 40 },
        "end": { "line": 20, "column": 60 }
      },
      "5": {
        "start": { "line": 21, "column": 42 },
        "end": { "line": 21, "column": 57 }
      },
      "6": {
        "start": { "line": 23, "column": 2 },
        "end": { "line": 25, "column": 9 }
      },
      "7": {
        "start": { "line": 24, "column": 4 },
        "end": { "line": 24, "column": 32 }
      },
      "8": {
        "start": { "line": 27, "column": 2 },
        "end": { "line": 29, "column": 41 }
      },
      "9": {
        "start": { "line": 28, "column": 4 },
        "end": { "line": 28, "column": 26 }
      },
      "10": {
        "start": { "line": 31, "column": 36 },
        "end": { "line": 38, "column": 3 }
      },
      "11": {
        "start": { "line": 32, "column": 23 },
        "end": { "line": 32, "column": 71 }
      },
      "12": {
        "start": { "line": 33, "column": 4 },
        "end": { "line": 37, "column": 5 }
      },
      "13": {
        "start": { "line": 34, "column": 6 },
        "end": { "line": 34, "column": 23 }
      },
      "14": {
        "start": { "line": 36, "column": 6 },
        "end": { "line": 36, "column": 61 }
      },
      "15": {
        "start": { "line": 40, "column": 25 },
        "end": { "line": 48, "column": 3 }
      },
      "16": {
        "start": { "line": 41, "column": 31 },
        "end": { "line": 43, "column": 5 }
      },
      "17": {
        "start": { "line": 44, "column": 4 },
        "end": { "line": 44, "column": 37 }
      },
      "18": {
        "start": { "line": 47, "column": 4 },
        "end": { "line": 47, "column": 68 }
      },
      "19": {
        "start": { "line": 47, "column": 59 },
        "end": { "line": 47, "column": 65 }
      },
      "20": {
        "start": { "line": 50, "column": 30 },
        "end": { "line": 58, "column": 3 }
      },
      "21": {
        "start": { "line": 51, "column": 22 },
        "end": { "line": 51, "column": 36 }
      },
      "22": {
        "start": { "line": 52, "column": 4 },
        "end": { "line": 52, "column": 35 }
      },
      "23": {
        "start": { "line": 54, "column": 20 },
        "end": { "line": 54, "column": 34 }
      },
      "24": {
        "start": { "line": 55, "column": 4 },
        "end": { "line": 55, "column": 38 }
      },
      "25": {
        "start": { "line": 57, "column": 4 },
        "end": { "line": 57, "column": 34 }
      },
      "26": {
        "start": { "line": 60, "column": 30 },
        "end": { "line": 74, "column": 3 }
      },
      "27": {
        "start": { "line": 61, "column": 4 },
        "end": { "line": 64, "column": 5 }
      },
      "28": {
        "start": { "line": 62, "column": 6 },
        "end": { "line": 62, "column": 20 }
      },
      "29": {
        "start": { "line": 63, "column": 6 },
        "end": { "line": 63, "column": 13 }
      },
      "30": {
        "start": { "line": 66, "column": 35 },
        "end": { "line": 66, "column": 67 }
      },
      "31": {
        "start": { "line": 68, "column": 19 },
        "end": { "line": 72, "column": 5 }
      },
      "32": {
        "start": { "line": 73, "column": 4 },
        "end": { "line": 73, "column": 22 }
      },
      "33": {
        "start": { "line": 76, "column": 34 },
        "end": { "line": 80, "column": 3 }
      },
      "34": {
        "start": { "line": 77, "column": 4 },
        "end": { "line": 79, "column": 6 }
      },
      "35": {
        "start": { "line": 78, "column": 6 },
        "end": { "line": 78, "column": 78 }
      },
      "36": {
        "start": { "line": 78, "column": 49 },
        "end": { "line": 78, "column": 61 }
      },
      "37": {
        "start": { "line": 82, "column": 2 },
        "end": { "line": 193, "column": 4 }
      },
      "38": {
        "start": { "line": 94, "column": 25 },
        "end": { "line": 94, "column": 46 }
      },
      "39": {
        "start": { "line": 109, "column": 18 },
        "end": { "line": 124, "column": 37 }
      },
      "40": {
        "start": { "line": 112, "column": 35 },
        "end": { "line": 112, "column": 66 }
      },
      "41": {
        "start": { "line": 129, "column": 31 },
        "end": { "line": 129, "column": 53 }
      },
      "42": {
        "start": { "line": 141, "column": 27 },
        "end": { "line": 141, "column": 66 }
      },
      "43": {
        "start": { "line": 147, "column": 27 },
        "end": { "line": 147, "column": 66 }
      },
      "44": {
        "start": { "line": 161, "column": 36 },
        "end": { "line": 161, "column": 43 }
      },
      "45": {
        "start": { "line": 163, "column": 14 },
        "end": { "line": 187, "column": 21 }
      },
      "46": {
        "start": { "line": 179, "column": 20 },
        "end": { "line": 179, "column": 68 }
      }
    },
    "fnMap": {
      "0": {
        "name": "(anonymous_0)",
        "decl": {
          "start": { "line": 16, "column": 23 },
          "end": { "line": 16, "column": 24 }
        },
        "loc": {
          "start": { "line": 16, "column": 29 },
          "end": { "line": 194, "column": 1 }
        },
        "line": 16
      },
      "1": {
        "name": "(anonymous_1)",
        "decl": {
          "start": { "line": 23, "column": 12 },
          "end": { "line": 23, "column": 13 }
        },
        "loc": {
          "start": { "line": 23, "column": 18 },
          "end": { "line": 25, "column": 3 }
        },
        "line": 23
      },
      "2": {
        "name": "(anonymous_2)",
        "decl": {
          "start": { "line": 27, "column": 12 },
          "end": { "line": 27, "column": 13 }
        },
        "loc": {
          "start": { "line": 27, "column": 18 },
          "end": { "line": 29, "column": 3 }
        },
        "line": 27
      },
      "3": {
        "name": "(anonymous_3)",
        "decl": {
          "start": { "line": 31, "column": 36 },
          "end": { "line": 31, "column": 37 }
        },
        "loc": {
          "start": { "line": 31, "column": 48 },
          "end": { "line": 38, "column": 3 }
        },
        "line": 31
      },
      "4": {
        "name": "(anonymous_4)",
        "decl": {
          "start": { "line": 40, "column": 25 },
          "end": { "line": 40, "column": 26 }
        },
        "loc": {
          "start": { "line": 40, "column": 37 },
          "end": { "line": 48, "column": 3 }
        },
        "line": 40
      },
      "5": {
        "name": "(anonymous_5)",
        "decl": {
          "start": { "line": 47, "column": 50 },
          "end": { "line": 47, "column": 51 }
        },
        "loc": {
          "start": { "line": 47, "column": 59 },
          "end": { "line": 47, "column": 65 }
        },
        "line": 47
      },
      "6": {
        "name": "(anonymous_6)",
        "decl": {
          "start": { "line": 50, "column": 30 },
          "end": { "line": 50, "column": 31 }
        },
        "loc": {
          "start": { "line": 50, "column": 40 },
          "end": { "line": 58, "column": 3 }
        },
        "line": 50
      },
      "7": {
        "name": "(anonymous_7)",
        "decl": {
          "start": { "line": 60, "column": 30 },
          "end": { "line": 60, "column": 31 }
        },
        "loc": {
          "start": { "line": 60, "column": 42 },
          "end": { "line": 74, "column": 3 }
        },
        "line": 60
      },
      "8": {
        "name": "(anonymous_8)",
        "decl": {
          "start": { "line": 76, "column": 34 },
          "end": { "line": 76, "column": 35 }
        },
        "loc": {
          "start": { "line": 76, "column": 42 },
          "end": { "line": 80, "column": 3 }
        },
        "line": 76
      },
      "9": {
        "name": "(anonymous_9)",
        "decl": {
          "start": { "line": 77, "column": 27 },
          "end": { "line": 77, "column": 28 }
        },
        "loc": {
          "start": { "line": 78, "column": 6 },
          "end": { "line": 78, "column": 78 }
        },
        "line": 78
      },
      "10": {
        "name": "(anonymous_10)",
        "decl": {
          "start": { "line": 78, "column": 38 },
          "end": { "line": 78, "column": 39 }
        },
        "loc": {
          "start": { "line": 78, "column": 49 },
          "end": { "line": 78, "column": 61 }
        },
        "line": 78
      },
      "11": {
        "name": "(anonymous_11)",
        "decl": {
          "start": { "line": 94, "column": 19 },
          "end": { "line": 94, "column": 20 }
        },
        "loc": {
          "start": { "line": 94, "column": 25 },
          "end": { "line": 94, "column": 46 }
        },
        "line": 94
      },
      "12": {
        "name": "(anonymous_12)",
        "decl": {
          "start": { "line": 108, "column": 31 },
          "end": { "line": 108, "column": 32 }
        },
        "loc": {
          "start": { "line": 109, "column": 18 },
          "end": { "line": 124, "column": 37 }
        },
        "line": 109
      },
      "13": {
        "name": "(anonymous_13)",
        "decl": {
          "start": { "line": 112, "column": 29 },
          "end": { "line": 112, "column": 30 }
        },
        "loc": {
          "start": { "line": 112, "column": 35 },
          "end": { "line": 112, "column": 66 }
        },
        "line": 112
      },
      "14": {
        "name": "(anonymous_14)",
        "decl": {
          "start": { "line": 129, "column": 25 },
          "end": { "line": 129, "column": 26 }
        },
        "loc": {
          "start": { "line": 129, "column": 31 },
          "end": { "line": 129, "column": 53 }
        },
        "line": 129
      },
      "15": {
        "name": "(anonymous_15)",
        "decl": {
          "start": { "line": 141, "column": 21 },
          "end": { "line": 141, "column": 22 }
        },
        "loc": {
          "start": { "line": 141, "column": 27 },
          "end": { "line": 141, "column": 66 }
        },
        "line": 141
      },
      "16": {
        "name": "(anonymous_16)",
        "decl": {
          "start": { "line": 147, "column": 21 },
          "end": { "line": 147, "column": 22 }
        },
        "loc": {
          "start": { "line": 147, "column": 27 },
          "end": { "line": 147, "column": 66 }
        },
        "line": 147
      },
      "17": {
        "name": "(anonymous_17)",
        "decl": {
          "start": { "line": 161, "column": 26 },
          "end": { "line": 161, "column": 27 }
        },
        "loc": {
          "start": { "line": 161, "column": 36 },
          "end": { "line": 161, "column": 43 }
        },
        "line": 161
      },
      "18": {
        "name": "(anonymous_18)",
        "decl": {
          "start": { "line": 162, "column": 24 },
          "end": { "line": 162, "column": 25 }
        },
        "loc": {
          "start": { "line": 163, "column": 14 },
          "end": { "line": 187, "column": 21 }
        },
        "line": 163
      },
      "19": {
        "name": "(anonymous_19)",
        "decl": {
          "start": { "line": 178, "column": 27 },
          "end": { "line": 178, "column": 28 }
        },
        "loc": {
          "start": { "line": 179, "column": 20 },
          "end": { "line": 179, "column": 68 }
        },
        "line": 179
      }
    },
    "branchMap": {
      "0": {
        "loc": {
          "start": { "line": 33, "column": 4 },
          "end": { "line": 37, "column": 5 }
        },
        "type": "if",
        "locations": [
          {
            "start": { "line": 33, "column": 4 },
            "end": { "line": 37, "column": 5 }
          },
          {
            "start": { "line": 35, "column": 11 },
            "end": { "line": 37, "column": 5 }
          }
        ],
        "line": 33
      },
      "1": {
        "loc": {
          "start": { "line": 61, "column": 4 },
          "end": { "line": 64, "column": 5 }
        },
        "type": "if",
        "locations": [
          {
            "start": { "line": 61, "column": 4 },
            "end": { "line": 64, "column": 5 }
          },
          { "start": {}, "end": {} }
        ],
        "line": 61
      },
      "2": {
        "loc": {
          "start": { "line": 78, "column": 6 },
          "end": { "line": 78, "column": 78 }
        },
        "type": "cond-expr",
        "locations": [
          {
            "start": { "line": 78, "column": 26 },
            "end": { "line": 78, "column": 62 }
          },
          {
            "start": { "line": 78, "column": 65 },
            "end": { "line": 78, "column": 78 }
          }
        ],
        "line": 78
      },
      "3": {
        "loc": {
          "start": { "line": 116, "column": 24 },
          "end": { "line": 118, "column": 44 }
        },
        "type": "cond-expr",
        "locations": [
          {
            "start": { "line": 117, "column": 28 },
            "end": { "line": 117, "column": 38 }
          },
          {
            "start": { "line": 118, "column": 28 },
            "end": { "line": 118, "column": 44 }
          }
        ],
        "line": 116
      },
      "4": {
        "loc": {
          "start": { "line": 154, "column": 9 },
          "end": { "line": 190, "column": 9 }
        },
        "type": "cond-expr",
        "locations": [
          {
            "start": { "line": 155, "column": 10 },
            "end": { "line": 157, "column": 17 }
          },
          {
            "start": { "line": 159, "column": 10 },
            "end": { "line": 189, "column": 12 }
          }
        ],
        "line": 154
      },
      "5": {
        "loc": {
          "start": { "line": 165, "column": 17 },
          "end": { "line": 169, "column": 17 }
        },
        "type": "binary-expr",
        "locations": [
          {
            "start": { "line": 165, "column": 17 },
            "end": { "line": 165, "column": 27 }
          },
          {
            "start": { "line": 166, "column": 18 },
            "end": { "line": 168, "column": 25 }
          }
        ],
        "line": 165
      },
      "6": {
        "loc": {
          "start": { "line": 167, "column": 21 },
          "end": { "line": 167, "column": 63 }
        },
        "type": "binary-expr",
        "locations": [
          {
            "start": { "line": 167, "column": 21 },
            "end": { "line": 167, "column": 31 }
          },
          {
            "start": { "line": 167, "column": 35 },
            "end": { "line": 167, "column": 63 }
          }
        ],
        "line": 167
      },
      "7": {
        "loc": {
          "start": { "line": 179, "column": 50 },
          "end": { "line": 179, "column": 66 }
        },
        "type": "binary-expr",
        "locations": [
          {
            "start": { "line": 179, "column": 50 },
            "end": { "line": 179, "column": 60 }
          },
          {
            "start": { "line": 179, "column": 64 },
            "end": { "line": 179, "column": 66 }
          }
        ],
        "line": 179
      }
    },
    "s": {
      "0": 3,
      "1": 21,
      "2": 21,
      "3": 21,
      "4": 21,
      "5": 21,
      "6": 21,
      "7": 5,
      "8": 21,
      "9": 10,
      "10": 21,
      "11": 5,
      "12": 5,
      "13": 4,
      "14": 1,
      "15": 21,
      "16": 4,
      "17": 4,
      "18": 4,
      "19": 8,
      "20": 21,
      "21": 5,
      "22": 5,
      "23": 5,
      "24": 5,
      "25": 5,
      "26": 21,
      "27": 10,
      "28": 5,
      "29": 5,
      "30": 5,
      "31": 5,
      "32": 5,
      "33": 21,
      "34": 1,
      "35": 1,
      "36": 2,
      "37": 21,
      "38": 1,
      "39": 22,
      "40": 1,
      "41": 1,
      "42": 1,
      "43": 1,
      "44": 10,
      "45": 6,
      "46": 1
    },
    "f": {
      "0": 21,
      "1": 5,
      "2": 10,
      "3": 5,
      "4": 4,
      "5": 8,
      "6": 5,
      "7": 10,
      "8": 1,
      "9": 1,
      "10": 2,
      "11": 1,
      "12": 22,
      "13": 1,
      "14": 1,
      "15": 1,
      "16": 1,
      "17": 10,
      "18": 6,
      "19": 1
    },
    "b": {
      "0": [4, 1],
      "1": [5, 5],
      "2": [1, 0],
      "3": [19, 3],
      "4": [14, 7],
      "5": [6, 6],
      "6": [6, 0],
      "7": [1, 0]
    },
    "_coverageSchema": "1a1c01bbd47fc00a2c39e90264f33305004495a9",
    "hash": "114f6638d024e4c4cd9d9df1f3977846084745c7"
  },
  "/Users/mohamedgueye/Documents/Concordia/Winter 2025/SOEN 390/SOEN-_390-Q-QD/ConcordiaMaps/components/DirectionsBox.js": {
    "path": "/Users/mohamedgueye/Documents/Concordia/Winter 2025/SOEN 390/SOEN-_390-Q-QD/ConcordiaMaps/components/DirectionsBox.js",
    "statementMap": {
      "0": {
        "start": { "line": 17, "column": 22 },
        "end": { "line": 17, "column": 71 }
      },
      "1": {
        "start": { "line": 20, "column": 2 },
        "end": { "line": 26, "column": 31 }
      },
      "2": {
        "start": { "line": 21, "column": 4 },
        "end": { "line": 25, "column": 15 }
      },
      "3": {
        "start": { "line": 28, "column": 25 },
        "end": { "line": 30, "column": 3 }
      },
      "4": {
        "start": { "line": 29, "column": 4 },
        "end": { "line": 29, "column": 33 }
      },
      "5": {
        "start": { "line": 32, "column": 21 },
        "end": { "line": 35, "column": 4 }
      },
      "6": {
        "start": { "line": 38, "column": 32 },
        "end": { "line": 53, "column": 3 }
      },
      "7": {
        "start": { "line": 39, "column": 18 },
        "end": { "line": 44, "column": 5 }
      },
      "8": {
        "start": { "line": 40, "column": 6 },
        "end": { "line": 43, "column": 36 }
      },
      "9": {
        "start": { "line": 45, "column": 4 },
        "end": { "line": 52, "column": 7 }
      },
      "10": {
        "start": { "line": 46, "column": 6 },
        "end": { "line": 51, "column": 13 }
      },
      "11": {
        "start": { "line": 55, "column": 2 },
        "end": { "line": 85, "column": 4 }
      },
      "12": {
        "start": { "line": 70, "column": 12 },
        "end": { "line": 78, "column": 19 }
      },
      "13": {
        "start": { "line": 88, "column": 0 },
        "end": { "line": 97, "column": 2 }
      }
    },
    "fnMap": {
      "0": {
        "name": "DirectionsBox",
        "decl": {
          "start": { "line": 12, "column": 9 },
          "end": { "line": 12, "column": 22 }
        },
        "loc": {
          "start": { "line": 16, "column": 3 },
          "end": { "line": 86, "column": 1 }
        },
        "line": 16
      },
      "1": {
        "name": "(anonymous_1)",
        "decl": {
          "start": { "line": 15, "column": 19 },
          "end": { "line": 15, "column": 20 }
        },
        "loc": {
          "start": { "line": 15, "column": 25 },
          "end": { "line": 15, "column": 27 }
        },
        "line": 15
      },
      "2": {
        "name": "(anonymous_2)",
        "decl": {
          "start": { "line": 20, "column": 12 },
          "end": { "line": 20, "column": 13 }
        },
        "loc": {
          "start": { "line": 20, "column": 18 },
          "end": { "line": 26, "column": 3 }
        },
        "line": 20
      },
      "3": {
        "name": "(anonymous_3)",
        "decl": {
          "start": { "line": 28, "column": 25 },
          "end": { "line": 28, "column": 26 }
        },
        "loc": {
          "start": { "line": 28, "column": 31 },
          "end": { "line": 30, "column": 3 }
        },
        "line": 28
      },
      "4": {
        "name": "(anonymous_4)",
        "decl": {
          "start": { "line": 38, "column": 32 },
          "end": { "line": 38, "column": 33 }
        },
        "loc": {
          "start": { "line": 38, "column": 48 },
          "end": { "line": 53, "column": 3 }
        },
        "line": 38
      },
      "5": {
        "name": "(anonymous_5)",
        "decl": {
          "start": { "line": 39, "column": 49 },
          "end": { "line": 39, "column": 50 }
        },
        "loc": {
          "start": { "line": 40, "column": 6 },
          "end": { "line": 43, "column": 36 }
        },
        "line": 40
      },
      "6": {
        "name": "(anonymous_6)",
        "decl": {
          "start": { "line": 45, "column": 21 },
          "end": { "line": 45, "column": 22 }
        },
        "loc": {
          "start": { "line": 46, "column": 6 },
          "end": { "line": 51, "column": 13 }
        },
        "line": 46
      },
      "7": {
        "name": "(anonymous_7)",
        "decl": {
          "start": { "line": 69, "column": 25 },
          "end": { "line": 69, "column": 26 }
        },
        "loc": {
          "start": { "line": 70, "column": 12 },
          "end": { "line": 78, "column": 19 }
        },
        "line": 70
      }
    },
    "branchMap": {
      "0": {
        "loc": {
          "start": { "line": 13, "column": 2 },
          "end": { "line": 13, "column": 17 }
        },
        "type": "default-arg",
        "locations": [
          {
            "start": { "line": 13, "column": 15 },
            "end": { "line": 13, "column": 17 }
          }
        ],
        "line": 13
      },
      "1": {
        "loc": {
          "start": { "line": 14, "column": 2 },
          "end": { "line": 14, "column": 20 }
        },
        "type": "default-arg",
        "locations": [
          {
            "start": { "line": 14, "column": 16 },
            "end": { "line": 14, "column": 20 }
          }
        ],
        "line": 14
      },
      "2": {
        "loc": {
          "start": { "line": 15, "column": 2 },
          "end": { "line": 15, "column": 27 }
        },
        "type": "default-arg",
        "locations": [
          {
            "start": { "line": 15, "column": 19 },
            "end": { "line": 15, "column": 27 }
          }
        ],
        "line": 15
      },
      "3": {
        "loc": {
          "start": { "line": 17, "column": 50 },
          "end": { "line": 17, "column": 69 }
        },
        "type": "cond-expr",
        "locations": [
          {
            "start": { "line": 17, "column": 64 },
            "end": { "line": 17, "column": 65 }
          },
          {
            "start": { "line": 17, "column": 68 },
            "end": { "line": 17, "column": 69 }
          }
        ],
        "line": 17
      },
      "4": {
        "loc": {
          "start": { "line": 22, "column": 15 },
          "end": { "line": 22, "column": 34 }
        },
        "type": "cond-expr",
        "locations": [
          {
            "start": { "line": 22, "column": 29 },
            "end": { "line": 22, "column": 30 }
          },
          {
            "start": { "line": 22, "column": 33 },
            "end": { "line": 22, "column": 34 }
          }
        ],
        "line": 22
      },
      "5": {
        "loc": {
          "start": { "line": 48, "column": 15 },
          "end": { "line": 48, "column": 68 }
        },
        "type": "cond-expr",
        "locations": [
          {
            "start": { "line": 48, "column": 33 },
            "end": { "line": 48, "column": 48 }
          },
          {
            "start": { "line": 48, "column": 51 },
            "end": { "line": 48, "column": 68 }
          }
        ],
        "line": 48
      },
      "6": {
        "loc": {
          "start": { "line": 68, "column": 9 },
          "end": { "line": 82, "column": 9 }
        },
        "type": "cond-expr",
        "locations": [
          {
            "start": { "line": 69, "column": 10 },
            "end": { "line": 79, "column": 12 }
          },
          {
            "start": { "line": 81, "column": 10 },
            "end": { "line": 81, "column": 75 }
          }
        ],
        "line": 68
      }
    },
    "s": {
      "0": 8,
      "1": 8,
      "2": 8,
      "3": 8,
      "4": 5,
      "5": 8,
      "6": 8,
      "7": 16,
      "8": 48,
      "9": 16,
      "10": 48,
      "11": 8,
      "12": 16,
      "13": 3
    },
    "f": { "0": 8, "1": 0, "2": 8, "3": 5, "4": 16, "5": 48, "6": 48, "7": 16 },
    "b": {
      "0": [0],
      "1": [0],
      "2": [0],
      "3": [5, 3],
      "4": [5, 3],
      "5": [16, 32],
      "6": [8, 0]
    },
    "_coverageSchema": "1a1c01bbd47fc00a2c39e90264f33305004495a9",
    "hash": "8162d0dc31d07621cdb2dbd67a654c16d4476259"
  },
  "/Users/mohamedgueye/Documents/Concordia/Winter 2025/SOEN 390/SOEN-_390-Q-QD/ConcordiaMaps/components/FloatingSearchBar.js": {
    "path": "/Users/mohamedgueye/Documents/Concordia/Winter 2025/SOEN 390/SOEN-_390-Q-QD/ConcordiaMaps/components/FloatingSearchBar.js",
    "statementMap": {
      "0": {
        "start": { "line": 16, "column": 26 },
        "end": { "line": 241, "column": 1 }
      },
      "1": {
        "start": { "line": 23, "column": 30 },
        "end": { "line": 23, "column": 73 }
      },
      "2": {
        "start": { "line": 25, "column": 40 },
        "end": { "line": 25, "column": 52 }
      },
      "3": {
        "start": { "line": 26, "column": 40 },
        "end": { "line": 26, "column": 52 }
      },
      "4": {
        "start": { "line": 27, "column": 32 },
        "end": { "line": 27, "column": 47 }
      },
      "5": {
        "start": { "line": 28, "column": 42 },
        "end": { "line": 28, "column": 56 }
      },
      "6": {
        "start": { "line": 29, "column": 26 },
        "end": { "line": 29, "column": 36 }
      },
      "7": {
        "start": { "line": 30, "column": 19 },
        "end": { "line": 30, "column": 31 }
      },
      "8": {
        "start": { "line": 32, "column": 30 },
        "end": { "line": 73, "column": 3 }
      },
      "9": {
        "start": { "line": 33, "column": 4 },
        "end": { "line": 72, "column": 5 }
      },
      "10": {
        "start": { "line": 35, "column": 26 },
        "end": { "line": 35, "column": 62 }
      },
      "11": {
        "start": { "line": 38, "column": 19 },
        "end": { "line": 38, "column": 21 }
      },
      "12": {
        "start": { "line": 39, "column": 6 },
        "end": { "line": 41, "column": 7 }
      },
      "13": {
        "start": { "line": 39, "column": 19 },
        "end": { "line": 39, "column": 20 }
      },
      "14": {
        "start": { "line": 40, "column": 8 },
        "end": { "line": 40, "column": 54 }
      },
      "15": {
        "start": { "line": 42, "column": 6 },
        "end": { "line": 42, "column": 28 }
      },
      "16": {
        "start": { "line": 45, "column": 6 },
        "end": { "line": 45, "column": 59 }
      },
      "17": {
        "start": { "line": 47, "column": 6 },
        "end": { "line": 47, "column": 61 }
      },
      "18": {
        "start": { "line": 50, "column": 6 },
        "end": { "line": 63, "column": 7 }
      },
      "19": {
        "start": { "line": 52, "column": 23 },
        "end": { "line": 52, "column": 55 }
      },
      "20": {
        "start": { "line": 53, "column": 8 },
        "end": { "line": 60, "column": 9 }
      },
      "21": {
        "start": { "line": 54, "column": 24 },
        "end": { "line": 54, "column": 42 }
      },
      "22": {
        "start": { "line": 55, "column": 10 },
        "end": { "line": 55, "column": 40 }
      },
      "23": {
        "start": { "line": 56, "column": 10 },
        "end": { "line": 59, "column": 30 }
      },
      "24": {
        "start": { "line": 57, "column": 24 },
        "end": { "line": 57, "column": 38 }
      },
      "25": {
        "start": { "line": 62, "column": 8 },
        "end": { "line": 62, "column": 73 }
      },
      "26": {
        "start": { "line": 68, "column": 6 },
        "end": { "line": 70, "column": 8 }
      },
      "27": {
        "start": { "line": 71, "column": 6 },
        "end": { "line": 71, "column": 80 }
      },
      "28": {
        "start": { "line": 76, "column": 2 },
        "end": { "line": 87, "column": 9 }
      },
      "29": {
        "start": { "line": 77, "column": 22 },
        "end": { "line": 80, "column": 5 }
      },
      "30": {
        "start": { "line": 78, "column": 20 },
        "end": { "line": 78, "column": 47 }
      },
      "31": {
        "start": { "line": 79, "column": 6 },
        "end": { "line": 79, "column": 38 }
      },
      "32": {
        "start": { "line": 82, "column": 4 },
        "end": { "line": 82, "column": 16 }
      },
      "33": {
        "start": { "line": 83, "column": 4 },
        "end": { "line": 86, "column": 6 }
      },
      "34": {
        "start": { "line": 85, "column": 6 },
        "end": { "line": 85, "column": 35 }
      },
      "35": {
        "start": { "line": 89, "column": 2 },
        "end": { "line": 109, "column": 9 }
      },
      "36": {
        "start": { "line": 90, "column": 4 },
        "end": { "line": 108, "column": 9 }
      },
      "37": {
        "start": { "line": 91, "column": 6 },
        "end": { "line": 107, "column": 7 }
      },
      "38": {
        "start": { "line": 92, "column": 25 },
        "end": { "line": 92, "column": 75 }
      },
      "39": {
        "start": { "line": 93, "column": 8 },
        "end": { "line": 96, "column": 9 }
      },
      "40": {
        "start": { "line": 94, "column": 10 },
        "end": { "line": 94, "column": 48 }
      },
      "41": {
        "start": { "line": 95, "column": 10 },
        "end": { "line": 95, "column": 17 }
      },
      "42": {
        "start": { "line": 98, "column": 23 },
        "end": { "line": 98, "column": 65 }
      },
      "43": {
        "start": { "line": 99, "column": 27 },
        "end": { "line": 102, "column": 9 }
      },
      "44": {
        "start": { "line": 104, "column": 8 },
        "end": { "line": 104, "column": 36 }
      },
      "45": {
        "start": { "line": 106, "column": 8 },
        "end": { "line": 106, "column": 56 }
      },
      "46": {
        "start": { "line": 111, "column": 23 },
        "end": { "line": 145, "column": 3 }
      },
      "47": {
        "start": { "line": 112, "column": 4 },
        "end": { "line": 112, "column": 25 }
      },
      "48": {
        "start": { "line": 113, "column": 4 },
        "end": { "line": 115, "column": 5 }
      },
      "49": {
        "start": { "line": 114, "column": 6 },
        "end": { "line": 114, "column": 25 }
      },
      "50": {
        "start": { "line": 117, "column": 4 },
        "end": { "line": 120, "column": 5 }
      },
      "51": {
        "start": { "line": 118, "column": 6 },
        "end": { "line": 118, "column": 25 }
      },
      "52": {
        "start": { "line": 119, "column": 6 },
        "end": { "line": 119, "column": 13 }
      },
      "53": {
        "start": { "line": 121, "column": 4 },
        "end": { "line": 121, "column": 21 }
      },
      "54": {
        "start": { "line": 123, "column": 4 },
        "end": { "line": 144, "column": 5 }
      },
      "55": {
        "start": { "line": 124, "column": 26 },
        "end": { "line": 124, "column": 28 }
      },
      "56": {
        "start": { "line": 125, "column": 6 },
        "end": { "line": 131, "column": 7 }
      },
      "57": {
        "start": { "line": 126, "column": 8 },
        "end": { "line": 126, "column": 99 }
      },
      "58": {
        "start": { "line": 128, "column": 8 },
        "end": { "line": 130, "column": 10 }
      },
      "59": {
        "start": { "line": 134, "column": 23 },
        "end": { "line": 136, "column": 7 }
      },
      "60": {
        "start": { "line": 138, "column": 30 },
        "end": { "line": 138, "column": 51 }
      },
      "61": {
        "start": { "line": 139, "column": 6 },
        "end": { "line": 139, "column": 40 }
      },
      "62": {
        "start": { "line": 141, "column": 6 },
        "end": { "line": 141, "column": 27 }
      },
      "63": {
        "start": { "line": 143, "column": 6 },
        "end": { "line": 143, "column": 24 }
      },
      "64": {
        "start": { "line": 147, "column": 26 },
        "end": { "line": 185, "column": 3 }
      },
      "65": {
        "start": { "line": 148, "column": 4 },
        "end": { "line": 184, "column": 5 }
      },
      "66": {
        "start": { "line": 149, "column": 23 },
        "end": { "line": 151, "column": 7 }
      },
      "67": {
        "start": { "line": 152, "column": 25 },
        "end": { "line": 152, "column": 46 }
      },
      "68": {
        "start": { "line": 153, "column": 6 },
        "end": { "line": 181, "column": 7 }
      },
      "69": {
        "start": { "line": 155, "column": 8 },
        "end": { "line": 161, "column": 10 }
      },
      "70": {
        "start": { "line": 164, "column": 8 },
        "end": { "line": 166, "column": 9 }
      },
      "71": {
        "start": { "line": 165, "column": 10 },
        "end": { "line": 165, "column": 36 }
      },
      "72": {
        "start": { "line": 168, "column": 8 },
        "end": { "line": 168, "column": 27 }
      },
      "73": {
        "start": { "line": 169, "column": 8 },
        "end": { "line": 169, "column": 36 }
      },
      "74": {
        "start": { "line": 172, "column": 25 },
        "end": { "line": 172, "column": 52 }
      },
      "75": {
        "start": { "line": 173, "column": 8 },
        "end": { "line": 173, "column": 43 }
      },
      "76": {
        "start": { "line": 176, "column": 8 },
        "end": { "line": 180, "column": 16 }
      },
      "77": {
        "start": { "line": 177, "column": 10 },
        "end": { "line": 179, "column": 11 }
      },
      "78": {
        "start": { "line": 178, "column": 12 },
        "end": { "line": 178, "column": 48 }
      },
      "79": {
        "start": { "line": 183, "column": 6 },
        "end": { "line": 183, "column": 60 }
      },
      "80": {
        "start": { "line": 188, "column": 23 },
        "end": { "line": 188, "column": 64 }
      },
      "81": {
        "start": { "line": 190, "column": 2 },
        "end": { "line": 240, "column": 4 }
      },
      "82": {
        "start": { "line": 206, "column": 14 },
        "end": { "line": 206, "column": 33 }
      },
      "83": {
        "start": { "line": 207, "column": 14 },
        "end": { "line": 207, "column": 33 }
      },
      "84": {
        "start": { "line": 208, "column": 14 },
        "end": { "line": 210, "column": 15 }
      },
      "85": {
        "start": { "line": 209, "column": 16 },
        "end": { "line": 209, "column": 33 }
      },
      "86": {
        "start": { "line": 220, "column": 34 },
        "end": { "line": 220, "column": 47 }
      },
      "87": {
        "start": { "line": 224, "column": 12 },
        "end": { "line": 235, "column": 31 }
      },
      "88": {
        "start": { "line": 225, "column": 29 },
        "end": { "line": 225, "column": 77 }
      },
      "89": {
        "start": { "line": 243, "column": 0 },
        "end": { "line": 249, "column": 2 }
      }
    },
    "fnMap": {
      "0": {
        "name": "(anonymous_0)",
        "decl": {
          "start": { "line": 16, "column": 26 },
          "end": { "line": 16, "column": 27 }
        },
        "loc": {
          "start": { "line": 22, "column": 6 },
          "end": { "line": 241, "column": 1 }
        },
        "line": 22
      },
      "1": {
        "name": "(anonymous_1)",
        "decl": {
          "start": { "line": 32, "column": 30 },
          "end": { "line": 32, "column": 31 }
        },
        "loc": {
          "start": { "line": 32, "column": 42 },
          "end": { "line": 73, "column": 3 }
        },
        "line": 32
      },
      "2": {
        "name": "(anonymous_2)",
        "decl": {
          "start": { "line": 57, "column": 17 },
          "end": { "line": 57, "column": 18 }
        },
        "loc": {
          "start": { "line": 57, "column": 24 },
          "end": { "line": 57, "column": 38 }
        },
        "line": 57
      },
      "3": {
        "name": "(anonymous_3)",
        "decl": {
          "start": { "line": 76, "column": 12 },
          "end": { "line": 76, "column": 13 }
        },
        "loc": {
          "start": { "line": 76, "column": 18 },
          "end": { "line": 87, "column": 3 }
        },
        "line": 76
      },
      "4": {
        "name": "(anonymous_4)",
        "decl": {
          "start": { "line": 77, "column": 22 },
          "end": { "line": 77, "column": 23 }
        },
        "loc": {
          "start": { "line": 77, "column": 34 },
          "end": { "line": 80, "column": 5 }
        },
        "line": 77
      },
      "5": {
        "name": "(anonymous_5)",
        "decl": {
          "start": { "line": 83, "column": 11 },
          "end": { "line": 83, "column": 12 }
        },
        "loc": {
          "start": { "line": 83, "column": 17 },
          "end": { "line": 86, "column": 5 }
        },
        "line": 83
      },
      "6": {
        "name": "(anonymous_6)",
        "decl": {
          "start": { "line": 89, "column": 12 },
          "end": { "line": 89, "column": 13 }
        },
        "loc": {
          "start": { "line": 89, "column": 18 },
          "end": { "line": 109, "column": 3 }
        },
        "line": 89
      },
      "7": {
        "name": "(anonymous_7)",
        "decl": {
          "start": { "line": 90, "column": 5 },
          "end": { "line": 90, "column": 6 }
        },
        "loc": {
          "start": { "line": 90, "column": 17 },
          "end": { "line": 108, "column": 5 }
        },
        "line": 90
      },
      "8": {
        "name": "(anonymous_8)",
        "decl": {
          "start": { "line": 111, "column": 23 },
          "end": { "line": 111, "column": 24 }
        },
        "loc": {
          "start": { "line": 111, "column": 39 },
          "end": { "line": 145, "column": 3 }
        },
        "line": 111
      },
      "9": {
        "name": "(anonymous_9)",
        "decl": {
          "start": { "line": 147, "column": 26 },
          "end": { "line": 147, "column": 27 }
        },
        "loc": {
          "start": { "line": 147, "column": 58 },
          "end": { "line": 185, "column": 3 }
        },
        "line": 147
      },
      "10": {
        "name": "(anonymous_10)",
        "decl": {
          "start": { "line": 176, "column": 19 },
          "end": { "line": 176, "column": 20 }
        },
        "loc": {
          "start": { "line": 176, "column": 25 },
          "end": { "line": 180, "column": 9 }
        },
        "line": 176
      },
      "11": {
        "name": "(anonymous_11)",
        "decl": {
          "start": { "line": 205, "column": 21 },
          "end": { "line": 205, "column": 22 }
        },
        "loc": {
          "start": { "line": 205, "column": 27 },
          "end": { "line": 211, "column": 13 }
        },
        "line": 205
      },
      "12": {
        "name": "(anonymous_12)",
        "decl": {
          "start": { "line": 220, "column": 24 },
          "end": { "line": 220, "column": 25 }
        },
        "loc": {
          "start": { "line": 220, "column": 34 },
          "end": { "line": 220, "column": 47 }
        },
        "line": 220
      },
      "13": {
        "name": "(anonymous_13)",
        "decl": {
          "start": { "line": 223, "column": 22 },
          "end": { "line": 223, "column": 23 }
        },
        "loc": {
          "start": { "line": 224, "column": 12 },
          "end": { "line": 235, "column": 31 }
        },
        "line": 224
      },
      "14": {
        "name": "(anonymous_14)",
        "decl": {
          "start": { "line": 225, "column": 23 },
          "end": { "line": 225, "column": 24 }
        },
        "loc": {
          "start": { "line": 225, "column": 29 },
          "end": { "line": 225, "column": 77 }
        },
        "line": 225
      }
    },
    "branchMap": {
      "0": {
        "loc": {
          "start": { "line": 52, "column": 23 },
          "end": { "line": 52, "column": 55 }
        },
        "type": "binary-expr",
        "locations": [
          {
            "start": { "line": 52, "column": 23 },
            "end": { "line": 52, "column": 36 }
          },
          {
            "start": { "line": 52, "column": 40 },
            "end": { "line": 52, "column": 55 }
          }
        ],
        "line": 52
      },
      "1": {
        "loc": {
          "start": { "line": 53, "column": 8 },
          "end": { "line": 60, "column": 9 }
        },
        "type": "if",
        "locations": [
          {
            "start": { "line": 53, "column": 8 },
            "end": { "line": 60, "column": 9 }
          },
          { "start": {}, "end": {} }
        ],
        "line": 53
      },
      "2": {
        "loc": {
          "start": { "line": 53, "column": 12 },
          "end": { "line": 53, "column": 44 }
        },
        "type": "binary-expr",
        "locations": [
          {
            "start": { "line": 53, "column": 12 },
            "end": { "line": 53, "column": 18 }
          },
          {
            "start": { "line": 53, "column": 22 },
            "end": { "line": 53, "column": 44 }
          }
        ],
        "line": 53
      },
      "3": {
        "loc": {
          "start": { "line": 93, "column": 8 },
          "end": { "line": 96, "column": 9 }
        },
        "type": "if",
        "locations": [
          {
            "start": { "line": 93, "column": 8 },
            "end": { "line": 96, "column": 9 }
          },
          { "start": {}, "end": {} }
        ],
        "line": 93
      },
      "4": {
        "loc": {
          "start": { "line": 113, "column": 4 },
          "end": { "line": 115, "column": 5 }
        },
        "type": "if",
        "locations": [
          {
            "start": { "line": 113, "column": 4 },
            "end": { "line": 115, "column": 5 }
          },
          { "start": {}, "end": {} }
        ],
        "line": 113
      },
      "5": {
        "loc": {
          "start": { "line": 117, "column": 4 },
          "end": { "line": 120, "column": 5 }
        },
        "type": "if",
        "locations": [
          {
            "start": { "line": 117, "column": 4 },
            "end": { "line": 120, "column": 5 }
          },
          { "start": {}, "end": {} }
        ],
        "line": 117
      },
      "6": {
        "loc": {
          "start": { "line": 125, "column": 6 },
          "end": { "line": 131, "column": 7 }
        },
        "type": "if",
        "locations": [
          {
            "start": { "line": 125, "column": 6 },
            "end": { "line": 131, "column": 7 }
          },
          {
            "start": { "line": 127, "column": 13 },
            "end": { "line": 131, "column": 7 }
          }
        ],
        "line": 125
      },
      "7": {
        "loc": {
          "start": { "line": 125, "column": 10 },
          "end": { "line": 125, "column": 59 }
        },
        "type": "binary-expr",
        "locations": [
          {
            "start": { "line": 125, "column": 10 },
            "end": { "line": 125, "column": 32 }
          },
          {
            "start": { "line": 125, "column": 36 },
            "end": { "line": 125, "column": 59 }
          }
        ],
        "line": 125
      },
      "8": {
        "loc": {
          "start": { "line": 139, "column": 21 },
          "end": { "line": 139, "column": 38 }
        },
        "type": "binary-expr",
        "locations": [
          {
            "start": { "line": 139, "column": 21 },
            "end": { "line": 139, "column": 32 }
          },
          {
            "start": { "line": 139, "column": 36 },
            "end": { "line": 139, "column": 38 }
          }
        ],
        "line": 139
      },
      "9": {
        "loc": {
          "start": { "line": 153, "column": 6 },
          "end": { "line": 181, "column": 7 }
        },
        "type": "if",
        "locations": [
          {
            "start": { "line": 153, "column": 6 },
            "end": { "line": 181, "column": 7 }
          },
          { "start": {}, "end": {} }
        ],
        "line": 153
      },
      "10": {
        "loc": {
          "start": { "line": 164, "column": 8 },
          "end": { "line": 166, "column": 9 }
        },
        "type": "if",
        "locations": [
          {
            "start": { "line": 164, "column": 8 },
            "end": { "line": 166, "column": 9 }
          },
          { "start": {}, "end": {} }
        ],
        "line": 164
      },
      "11": {
        "loc": {
          "start": { "line": 177, "column": 10 },
          "end": { "line": 179, "column": 11 }
        },
        "type": "if",
        "locations": [
          {
            "start": { "line": 177, "column": 10 },
            "end": { "line": 179, "column": 11 }
          },
          { "start": {}, "end": {} }
        ],
        "line": 177
      },
      "12": {
        "loc": {
          "start": { "line": 188, "column": 23 },
          "end": { "line": 188, "column": 64 }
        },
        "type": "cond-expr",
        "locations": [
          {
            "start": { "line": 188, "column": 45 },
            "end": { "line": 188, "column": 50 }
          },
          {
            "start": { "line": 188, "column": 53 },
            "end": { "line": 188, "column": 64 }
          }
        ],
        "line": 188
      },
      "13": {
        "loc": {
          "start": { "line": 198, "column": 23 },
          "end": { "line": 198, "column": 61 }
        },
        "type": "binary-expr",
        "locations": [
          {
            "start": { "line": 198, "column": 23 },
            "end": { "line": 198, "column": 34 }
          },
          {
            "start": { "line": 198, "column": 38 },
            "end": { "line": 198, "column": 61 }
          }
        ],
        "line": 198
      },
      "14": {
        "loc": {
          "start": { "line": 202, "column": 9 },
          "end": { "line": 202, "column": 41 }
        },
        "type": "binary-expr",
        "locations": [
          {
            "start": { "line": 202, "column": 9 },
            "end": { "line": 202, "column": 16 }
          },
          {
            "start": { "line": 202, "column": 20 },
            "end": { "line": 202, "column": 41 }
          }
        ],
        "line": 202
      },
      "15": {
        "loc": {
          "start": { "line": 203, "column": 9 },
          "end": { "line": 215, "column": 9 }
        },
        "type": "binary-expr",
        "locations": [
          {
            "start": { "line": 203, "column": 9 },
            "end": { "line": 203, "column": 32 }
          },
          {
            "start": { "line": 204, "column": 10 },
            "end": { "line": 214, "column": 29 }
          }
        ],
        "line": 203
      },
      "16": {
        "loc": {
          "start": { "line": 208, "column": 14 },
          "end": { "line": 210, "column": 15 }
        },
        "type": "if",
        "locations": [
          {
            "start": { "line": 208, "column": 14 },
            "end": { "line": 210, "column": 15 }
          },
          { "start": {}, "end": {} }
        ],
        "line": 208
      },
      "17": {
        "loc": {
          "start": { "line": 217, "column": 7 },
          "end": { "line": 238, "column": 7 }
        },
        "type": "binary-expr",
        "locations": [
          {
            "start": { "line": 217, "column": 7 },
            "end": { "line": 217, "column": 29 }
          },
          {
            "start": { "line": 218, "column": 8 },
            "end": { "line": 237, "column": 10 }
          }
        ],
        "line": 217
      }
    },
    "s": {
      "0": 3,
      "1": 66,
      "2": 66,
      "3": 66,
      "4": 66,
      "5": 66,
      "6": 66,
      "7": 66,
      "8": 66,
      "9": 25,
      "10": 25,
      "11": 25,
      "12": 25,
      "13": 25,
      "14": 400,
      "15": 25,
      "16": 25,
      "17": 0,
      "18": 0,
      "19": 0,
      "20": 0,
      "21": 0,
      "22": 0,
      "23": 0,
      "24": 0,
      "25": 0,
      "26": 0,
      "27": 0,
      "28": 66,
      "29": 24,
      "30": 24,
      "31": 24,
      "32": 24,
      "33": 24,
      "34": 24,
      "35": 66,
      "36": 24,
      "37": 24,
      "38": 24,
      "39": 24,
      "40": 7,
      "41": 7,
      "42": 17,
      "43": 17,
      "44": 17,
      "45": 0,
      "46": 66,
      "47": 9,
      "48": 9,
      "49": 0,
      "50": 9,
      "51": 1,
      "52": 1,
      "53": 8,
      "54": 8,
      "55": 8,
      "56": 8,
      "57": 0,
      "58": 8,
      "59": 8,
      "60": 7,
      "61": 6,
      "62": 2,
      "63": 8,
      "64": 66,
      "65": 2,
      "66": 2,
      "67": 1,
      "68": 1,
      "69": 1,
      "70": 1,
      "71": 0,
      "72": 1,
      "73": 1,
      "74": 1,
      "75": 1,
      "76": 1,
      "77": 0,
      "78": 0,
      "79": 1,
      "80": 66,
      "81": 66,
      "82": 1,
      "83": 1,
      "84": 1,
      "85": 0,
      "86": 14,
      "87": 8,
      "88": 2,
      "89": 3
    },
    "f": {
      "0": 66,
      "1": 25,
      "2": 0,
      "3": 24,
      "4": 24,
      "5": 24,
      "6": 24,
      "7": 24,
      "8": 9,
      "9": 2,
      "10": 0,
      "11": 1,
      "12": 14,
      "13": 8,
      "14": 2
    },
    "b": {
      "0": [0, 0],
      "1": [0, 0],
      "2": [0, 0],
      "3": [7, 17],
      "4": [0, 9],
      "5": [1, 8],
      "6": [0, 8],
      "7": [8, 0],
      "8": [6, 0],
      "9": [1, 0],
      "10": [0, 1],
      "11": [0, 0],
      "12": [0, 66],
      "13": [66, 42],
      "14": [66, 2],
      "15": [66, 12],
      "16": [0, 1],
      "17": [66, 6]
    },
    "_coverageSchema": "1a1c01bbd47fc00a2c39e90264f33305004495a9",
    "hash": "c446c0890dca6281bf65b4c1470a89c44f296c5f"
  },
  "/Users/mohamedgueye/Documents/Concordia/Winter 2025/SOEN 390/SOEN-_390-Q-QD/ConcordiaMaps/components/Footer.js": {
    "path": "/Users/mohamedgueye/Documents/Concordia/Winter 2025/SOEN 390/SOEN-_390-Q-QD/ConcordiaMaps/components/Footer.js",
    "statementMap": {
      "0": {
        "start": { "line": 6, "column": 2 },
        "end": { "line": 10, "column": 4 }
      }
    },
    "fnMap": {
      "0": {
        "name": "Footer",
        "decl": {
          "start": { "line": 5, "column": 9 },
          "end": { "line": 5, "column": 15 }
        },
        "loc": {
          "start": { "line": 5, "column": 18 },
          "end": { "line": 11, "column": 1 }
        },
        "line": 5
      }
    },
    "branchMap": {},
    "s": { "0": 42 },
    "f": { "0": 42 },
    "b": {},
    "_coverageSchema": "1a1c01bbd47fc00a2c39e90264f33305004495a9",
    "hash": "adc18fac753fb3653e9afc452141ffe60da04014"
  },
  "/Users/mohamedgueye/Documents/Concordia/Winter 2025/SOEN 390/SOEN-_390-Q-QD/ConcordiaMaps/components/GetDirections.js": {
    "path": "/Users/mohamedgueye/Documents/Concordia/Winter 2025/SOEN 390/SOEN-_390-Q-QD/ConcordiaMaps/components/GetDirections.js",
    "statementMap": {
      "0": {
        "start": { "line": 21, "column": 24 },
        "end": { "line": 21, "column": 37 }
      },
      "1": {
        "start": { "line": 23, "column": 22 },
        "end": { "line": 26, "column": 2 }
      },
      "2": {
        "start": { "line": 24, "column": 2 },
        "end": { "line": 24, "column": 38 }
      },
      "3": {
        "start": { "line": 24, "column": 26 },
        "end": { "line": 24, "column": 38 }
      },
      "4": {
        "start": { "line": 25, "column": 2 },
        "end": { "line": 25, "column": 78 }
      },
      "5": {
        "start": { "line": 28, "column": 0 },
        "end": { "line": 28, "column": 44 }
      },
      "6": {
        "start": { "line": 29, "column": 0 },
        "end": { "line": 36, "column": 2 }
      },
      "7": {
        "start": { "line": 38, "column": 24 },
        "end": { "line": 45, "column": 2 }
      },
      "8": {
        "start": { "line": 39, "column": 2 },
        "end": { "line": 44, "column": 4 }
      },
      "9": {
        "start": { "line": 47, "column": 0 },
        "end": { "line": 47, "column": 48 }
      },
      "10": {
        "start": { "line": 48, "column": 0 },
        "end": { "line": 57, "column": 2 }
      },
      "11": {
        "start": { "line": 59, "column": 22 },
        "end": { "line": 295, "column": 1 }
      },
      "12": {
        "start": { "line": 60, "column": 17 },
        "end": { "line": 60, "column": 29 }
      },
      "13": {
        "start": { "line": 61, "column": 19 },
        "end": { "line": 61, "column": 46 }
      },
      "14": {
        "start": { "line": 62, "column": 26 },
        "end": { "line": 62, "column": 45 }
      },
      "15": {
        "start": { "line": 63, "column": 30 },
        "end": { "line": 63, "column": 44 }
      },
      "16": {
        "start": { "line": 64, "column": 40 },
        "end": { "line": 64, "column": 54 }
      },
      "17": {
        "start": { "line": 65, "column": 38 },
        "end": { "line": 65, "column": 50 }
      },
      "18": {
        "start": { "line": 66, "column": 28 },
        "end": { "line": 66, "column": 40 }
      },
      "19": {
        "start": { "line": 67, "column": 54 },
        "end": { "line": 67, "column": 69 }
      },
      "20": {
        "start": { "line": 69, "column": 4 },
        "end": { "line": 69, "column": 18 }
      },
      "21": {
        "start": { "line": 71, "column": 42 },
        "end": { "line": 71, "column": 66 }
      },
      "22": {
        "start": { "line": 72, "column": 54 },
        "end": { "line": 72, "column": 68 }
      },
      "23": {
        "start": { "line": 73, "column": 38 },
        "end": { "line": 73, "column": 50 }
      },
      "24": {
        "start": { "line": 74, "column": 48 },
        "end": { "line": 74, "column": 60 }
      },
      "25": {
        "start": { "line": 77, "column": 2 },
        "end": { "line": 84, "column": 37 }
      },
      "26": {
        "start": { "line": 78, "column": 4 },
        "end": { "line": 83, "column": 5 }
      },
      "27": {
        "start": { "line": 79, "column": 6 },
        "end": { "line": 82, "column": 9 }
      },
      "28": {
        "start": { "line": 86, "column": 30 },
        "end": { "line": 93, "column": 3 }
      },
      "29": {
        "start": { "line": 87, "column": 4 },
        "end": { "line": 92, "column": 5 }
      },
      "30": {
        "start": { "line": 88, "column": 6 },
        "end": { "line": 91, "column": 9 }
      },
      "31": {
        "start": { "line": 95, "column": 24 },
        "end": { "line": 103, "column": 3 }
      },
      "32": {
        "start": { "line": 96, "column": 11 },
        "end": { "line": 101, "column": 5 }
      },
      "33": {
        "start": { "line": 105, "column": 2 },
        "end": { "line": 109, "column": 15 }
      },
      "34": {
        "start": { "line": 106, "column": 4 },
        "end": { "line": 108, "column": 5 }
      },
      "35": {
        "start": { "line": 107, "column": 6 },
        "end": { "line": 107, "column": 36 }
      },
      "36": {
        "start": { "line": 111, "column": 2 },
        "end": { "line": 115, "column": 20 }
      },
      "37": {
        "start": { "line": 112, "column": 4 },
        "end": { "line": 114, "column": 5 }
      },
      "38": {
        "start": { "line": 113, "column": 6 },
        "end": { "line": 113, "column": 41 }
      },
      "39": {
        "start": { "line": 117, "column": 2 },
        "end": { "line": 121, "column": 14 }
      },
      "40": {
        "start": { "line": 118, "column": 4 },
        "end": { "line": 120, "column": 5 }
      },
      "41": {
        "start": { "line": 119, "column": 6 },
        "end": { "line": 119, "column": 33 }
      },
      "42": {
        "start": { "line": 123, "column": 26 },
        "end": { "line": 135, "column": 3 }
      },
      "43": {
        "start": { "line": 124, "column": 4 },
        "end": { "line": 134, "column": 5 }
      },
      "44": {
        "start": { "line": 125, "column": 21 },
        "end": { "line": 125, "column": 68 }
      },
      "45": {
        "start": { "line": 126, "column": 6 },
        "end": { "line": 126, "column": 28 }
      },
      "46": {
        "start": { "line": 127, "column": 23 },
        "end": { "line": 127, "column": 67 }
      },
      "47": {
        "start": { "line": 128, "column": 6 },
        "end": { "line": 128, "column": 25 }
      },
      "48": {
        "start": { "line": 129, "column": 6 },
        "end": { "line": 129, "column": 34 }
      },
      "49": {
        "start": { "line": 130, "column": 6 },
        "end": { "line": 130, "column": 41 }
      },
      "50": {
        "start": { "line": 131, "column": 6 },
        "end": { "line": 131, "column": 50 }
      },
      "51": {
        "start": { "line": 133, "column": 6 },
        "end": { "line": 133, "column": 45 }
      },
      "52": {
        "start": { "line": 137, "column": 29 },
        "end": { "line": 140, "column": 3 }
      },
      "53": {
        "start": { "line": 138, "column": 4 },
        "end": { "line": 138, "column": 33 }
      },
      "54": {
        "start": { "line": 139, "column": 4 },
        "end": { "line": 139, "column": 38 }
      },
      "55": {
        "start": { "line": 143, "column": 2 },
        "end": { "line": 198, "column": 5 }
      },
      "56": {
        "start": { "line": 146, "column": 27 },
        "end": { "line": 179, "column": 5 }
      },
      "57": {
        "start": { "line": 147, "column": 6 },
        "end": { "line": 178, "column": 7 }
      },
      "58": {
        "start": { "line": 148, "column": 8 },
        "end": { "line": 148, "column": 40 }
      },
      "59": {
        "start": { "line": 148, "column": 33 },
        "end": { "line": 148, "column": 40 }
      },
      "60": {
        "start": { "line": 150, "column": 28 },
        "end": { "line": 152, "column": 10 }
      },
      "61": {
        "start": { "line": 154, "column": 26 },
        "end": { "line": 157, "column": 9 }
      },
      "62": {
        "start": { "line": 159, "column": 8 },
        "end": { "line": 175, "column": 9 }
      },
      "63": {
        "start": { "line": 163, "column": 10 },
        "end": { "line": 163, "column": 31 }
      },
      "64": {
        "start": { "line": 165, "column": 10 },
        "end": { "line": 174, "column": 11 }
      },
      "65": {
        "start": { "line": 166, "column": 57 },
        "end": { "line": 169, "column": 14 }
      },
      "66": {
        "start": { "line": 171, "column": 12 },
        "end": { "line": 171, "column": 45 }
      },
      "67": {
        "start": { "line": 172, "column": 12 },
        "end": { "line": 172, "column": 38 }
      },
      "68": {
        "start": { "line": 173, "column": 12 },
        "end": { "line": 173, "column": 74 }
      },
      "69": {
        "start": { "line": 177, "column": 8 },
        "end": { "line": 177, "column": 57 }
      },
      "70": {
        "start": { "line": 181, "column": 4 },
        "end": { "line": 184, "column": 5 }
      },
      "71": {
        "start": { "line": 182, "column": 6 },
        "end": { "line": 182, "column": 23 }
      },
      "72": {
        "start": { "line": 183, "column": 6 },
        "end": { "line": 183, "column": 54 }
      },
      "73": {
        "start": { "line": 186, "column": 4 },
        "end": { "line": 190, "column": 6 }
      },
      "74": {
        "start": { "line": 187, "column": 6 },
        "end": { "line": 189, "column": 7 }
      },
      "75": {
        "start": { "line": 188, "column": 8 },
        "end": { "line": 188, "column": 34 }
      },
      "76": {
        "start": { "line": 200, "column": 2 },
        "end": { "line": 207, "column": 37 }
      },
      "77": {
        "start": { "line": 201, "column": 4 },
        "end": { "line": 206, "column": 5 }
      },
      "78": {
        "start": { "line": 202, "column": 6 },
        "end": { "line": 205, "column": 9 }
      },
      "79": {
        "start": { "line": 209, "column": 2 },
        "end": { "line": 294, "column": 4 }
      },
      "80": {
        "start": { "line": 218, "column": 16 },
        "end": { "line": 218, "column": 45 }
      },
      "81": {
        "start": { "line": 219, "column": 16 },
        "end": { "line": 219, "column": 36 }
      },
      "82": {
        "start": { "line": 220, "column": 16 },
        "end": { "line": 220, "column": 43 }
      },
      "83": {
        "start": { "line": 229, "column": 16 },
        "end": { "line": 229, "column": 50 }
      },
      "84": {
        "start": { "line": 235, "column": 16 },
        "end": { "line": 235, "column": 41 }
      },
      "85": {
        "start": { "line": 236, "column": 16 },
        "end": { "line": 236, "column": 48 }
      },
      "86": {
        "start": { "line": 243, "column": 16 },
        "end": { "line": 243, "column": 50 }
      },
      "87": {
        "start": { "line": 249, "column": 31 },
        "end": { "line": 249, "column": 49 }
      },
      "88": {
        "start": { "line": 254, "column": 31 },
        "end": { "line": 254, "column": 49 }
      },
      "89": {
        "start": { "line": 259, "column": 31 },
        "end": { "line": 259, "column": 49 }
      },
      "90": {
        "start": { "line": 264, "column": 31 },
        "end": { "line": 264, "column": 48 }
      }
    },
    "fnMap": {
      "0": {
        "name": "(anonymous_0)",
        "decl": {
          "start": { "line": 23, "column": 27 },
          "end": { "line": 23, "column": 28 }
        },
        "loc": {
          "start": { "line": 23, "column": 42 },
          "end": { "line": 26, "column": 1 }
        },
        "line": 23
      },
      "1": {
        "name": "(anonymous_1)",
        "decl": {
          "start": { "line": 38, "column": 29 },
          "end": { "line": 38, "column": 30 }
        },
        "loc": {
          "start": { "line": 38, "column": 58 },
          "end": { "line": 45, "column": 1 }
        },
        "line": 38
      },
      "2": {
        "name": "(anonymous_2)",
        "decl": {
          "start": { "line": 59, "column": 22 },
          "end": { "line": 59, "column": 23 }
        },
        "loc": {
          "start": { "line": 59, "column": 28 },
          "end": { "line": 295, "column": 1 }
        },
        "line": 59
      },
      "3": {
        "name": "(anonymous_3)",
        "decl": {
          "start": { "line": 77, "column": 12 },
          "end": { "line": 77, "column": 13 }
        },
        "loc": {
          "start": { "line": 77, "column": 18 },
          "end": { "line": 84, "column": 3 }
        },
        "line": 77
      },
      "4": {
        "name": "(anonymous_4)",
        "decl": {
          "start": { "line": 86, "column": 30 },
          "end": { "line": 86, "column": 31 }
        },
        "loc": {
          "start": { "line": 86, "column": 64 },
          "end": { "line": 93, "column": 3 }
        },
        "line": 86
      },
      "5": {
        "name": "(anonymous_5)",
        "decl": {
          "start": { "line": 96, "column": 4 },
          "end": { "line": 96, "column": 5 }
        },
        "loc": {
          "start": { "line": 96, "column": 11 },
          "end": { "line": 101, "column": 5 }
        },
        "line": 96
      },
      "6": {
        "name": "(anonymous_6)",
        "decl": {
          "start": { "line": 105, "column": 12 },
          "end": { "line": 105, "column": 13 }
        },
        "loc": {
          "start": { "line": 105, "column": 18 },
          "end": { "line": 109, "column": 3 }
        },
        "line": 105
      },
      "7": {
        "name": "(anonymous_7)",
        "decl": {
          "start": { "line": 111, "column": 12 },
          "end": { "line": 111, "column": 13 }
        },
        "loc": {
          "start": { "line": 111, "column": 18 },
          "end": { "line": 115, "column": 3 }
        },
        "line": 111
      },
      "8": {
        "name": "(anonymous_8)",
        "decl": {
          "start": { "line": 117, "column": 12 },
          "end": { "line": 117, "column": 13 }
        },
        "loc": {
          "start": { "line": 117, "column": 18 },
          "end": { "line": 121, "column": 3 }
        },
        "line": 117
      },
      "9": {
        "name": "(anonymous_9)",
        "decl": {
          "start": { "line": 123, "column": 26 },
          "end": { "line": 123, "column": 27 }
        },
        "loc": {
          "start": { "line": 123, "column": 38 },
          "end": { "line": 135, "column": 3 }
        },
        "line": 123
      },
      "10": {
        "name": "(anonymous_10)",
        "decl": {
          "start": { "line": 137, "column": 29 },
          "end": { "line": 137, "column": 30 }
        },
        "loc": {
          "start": { "line": 137, "column": 41 },
          "end": { "line": 140, "column": 3 }
        },
        "line": 137
      },
      "11": {
        "name": "(anonymous_11)",
        "decl": {
          "start": { "line": 143, "column": 12 },
          "end": { "line": 143, "column": 13 }
        },
        "loc": {
          "start": { "line": 143, "column": 18 },
          "end": { "line": 191, "column": 3 }
        },
[...]
        "end": { "line": 16, "column": 62 }
      },
      "4": {
        "start": { "line": 18, "column": 2 },
        "end": { "line": 22, "column": 3 }
      },
      "5": {
        "start": { "line": 19, "column": 4 },
        "end": { "line": 21, "column": 5 }
      },
      "6": {
        "start": { "line": 20, "column": 6 },
        "end": { "line": 20, "column": 20 }
      },
      "7": {
        "start": { "line": 24, "column": 2 },
        "end": { "line": 24, "column": 14 }
      },
      "8": {
        "start": { "line": 36, "column": 41 },
        "end": { "line": 71, "column": 1 }
      },
      "9": {
        "start": { "line": 43, "column": 21 },
        "end": { "line": 47, "column": 3 }
      },
      "10": {
        "start": { "line": 49, "column": 2 },
        "end": { "line": 51, "column": 3 }
      },
      "11": {
        "start": { "line": 50, "column": 4 },
        "end": { "line": 50, "column": 65 }
      },
      "12": {
        "start": { "line": 53, "column": 2 },
        "end": { "line": 70, "column": 4 }
      },
      "13": {
        "start": { "line": 61, "column": 48 },
        "end": { "line": 64, "column": 7 }
      },
      "14": {
        "start": { "line": 84, "column": 42 },
        "end": { "line": 148, "column": 1 }
      },
      "15": {
        "start": { "line": 93, "column": 26 },
        "end": { "line": 93, "column": 77 }
      },
      "16": {
        "start": { "line": 95, "column": 2 },
        "end": { "line": 99, "column": 3 }
      },
      "17": {
        "start": { "line": 96, "column": 4 },
        "end": { "line": 98, "column": 6 }
      },
      "18": {
        "start": { "line": 101, "column": 34 },
        "end": { "line": 105, "column": 3 }
      },
      "19": {
        "start": { "line": 106, "column": 32 },
        "end": { "line": 110, "column": 3 }
      },
      "20": {
        "start": { "line": 112, "column": 2 },
        "end": { "line": 114, "column": 3 }
      },
      "21": {
        "start": { "line": 113, "column": 4 },
        "end": { "line": 113, "column": 74 }
      },
      "22": {
        "start": { "line": 116, "column": 2 },
        "end": { "line": 147, "column": 4 }
      },
      "23": {
        "start": { "line": 124, "column": 64 },
        "end": { "line": 130, "column": 7 }
      },
      "24": {
        "start": { "line": 135, "column": 62 },
        "end": { "line": 141, "column": 7 }
      },
      "25": {
        "start": { "line": 155, "column": 39 },
        "end": { "line": 232, "column": 1 }
      },
      "26": {
        "start": { "line": 164, "column": 2 },
        "end": { "line": 174, "column": 3 }
      },
      "27": {
        "start": { "line": 171, "column": 4 },
        "end": { "line": 173, "column": 6 }
      },
      "28": {
        "start": { "line": 176, "column": 2 },
        "end": { "line": 181, "column": 4 }
      },
      "29": {
        "start": { "line": 182, "column": 2 },
        "end": { "line": 189, "column": 4 }
      },
      "30": {
        "start": { "line": 191, "column": 26 },
        "end": { "line": 191, "column": 74 }
      },
      "31": {
        "start": { "line": 192, "column": 24 },
        "end": { "line": 192, "column": 70 }
      },
      "32": {
        "start": { "line": 193, "column": 19 },
        "end": { "line": 193, "column": 58 }
      },
      "33": {
        "start": { "line": 196, "column": 2 },
        "end": { "line": 198, "column": 3 }
      },
      "34": {
        "start": { "line": 197, "column": 4 },
        "end": { "line": 197, "column": 62 }
      },
      "35": {
        "start": { "line": 200, "column": 2 },
        "end": { "line": 204, "column": 3 }
      },
      "36": {
        "start": { "line": 201, "column": 4 },
        "end": { "line": 203, "column": 6 }
      },
      "37": {
        "start": { "line": 206, "column": 2 },
        "end": { "line": 210, "column": 3 }
      },
      "38": {
        "start": { "line": 207, "column": 4 },
        "end": { "line": 209, "column": 6 }
      },
      "39": {
        "start": { "line": 213, "column": 2 },
        "end": { "line": 231, "column": 3 }
      },
      "40": {
        "start": { "line": 214, "column": 4 },
        "end": { "line": 220, "column": 6 }
      },
      "41": {
        "start": { "line": 222, "column": 4 },
        "end": { "line": 230, "column": 6 }
      }
    },
    "fnMap": {
      "0": {
        "name": "(anonymous_0)",
        "decl": {
          "start": { "line": 12, "column": 35 },
          "end": { "line": 12, "column": 36 }
        },
        "loc": {
          "start": { "line": 12, "column": 71 },
          "end": { "line": 25, "column": 1 }
        },
        "line": 12
      },
      "1": {
        "name": "(anonymous_1)",
        "decl": {
          "start": { "line": 36, "column": 41 },
          "end": { "line": 36, "column": 42 }
        },
        "loc": {
          "start": { "line": 42, "column": 5 },
          "end": { "line": 71, "column": 1 }
        },
        "line": 42
      },
      "2": {
        "name": "(anonymous_2)",
        "decl": {
          "start": { "line": 61, "column": 37 },
          "end": { "line": 61, "column": 38 }
        },
        "loc": {
          "start": { "line": 61, "column": 48 },
          "end": { "line": 64, "column": 7 }
        },
        "line": 61
      },
      "3": {
        "name": "(anonymous_3)",
        "decl": {
          "start": { "line": 84, "column": 42 },
          "end": { "line": 84, "column": 43 }
        },
        "loc": {
          "start": { "line": 92, "column": 5 },
          "end": { "line": 148, "column": 1 }
        },
        "line": 92
      },
      "4": {
        "name": "(anonymous_4)",
        "decl": {
          "start": { "line": 124, "column": 46 },
          "end": { "line": 124, "column": 47 }
        },
        "loc": {
          "start": { "line": 124, "column": 64 },
          "end": { "line": 130, "column": 7 }
        },
        "line": 124
      },
      "5": {
        "name": "(anonymous_5)",
        "decl": {
          "start": { "line": 135, "column": 44 },
          "end": { "line": 135, "column": 45 }
        },
        "loc": {
          "start": { "line": 135, "column": 62 },
          "end": { "line": 141, "column": 7 }
        },
        "line": 135
      },
      "6": {
        "name": "(anonymous_6)",
        "decl": {
          "start": { "line": 155, "column": 39 },
          "end": { "line": 155, "column": 40 }
        },
        "loc": {
          "start": { "line": 162, "column": 6 },
          "end": { "line": 232, "column": 1 }
        },
        "line": 162
      }
    },
    "branchMap": {
      "0": {
        "loc": {
          "start": { "line": 19, "column": 4 },
          "end": { "line": 21, "column": 5 }
        },
        "type": "if",
        "locations": [
          {
            "start": { "line": 19, "column": 4 },
            "end": { "line": 21, "column": 5 }
          },
          { "start": {}, "end": {} }
        ],
        "line": 19
      },
      "1": {
        "loc": {
          "start": { "line": 19, "column": 8 },
          "end": { "line": 19, "column": 54 }
        },
        "type": "binary-expr",
        "locations": [
          {
            "start": { "line": 19, "column": 8 },
            "end": { "line": 19, "column": 30 }
          },
          {
            "start": { "line": 19, "column": 34 },
            "end": { "line": 19, "column": 54 }
          }
        ],
        "line": 19
      },
      "2": {
        "loc": {
          "start": { "line": 49, "column": 2 },
          "end": { "line": 51, "column": 3 }
        },
        "type": "if",
        "locations": [
          {
            "start": { "line": 49, "column": 2 },
            "end": { "line": 51, "column": 3 }
          },
          { "start": {}, "end": {} }
        ],
        "line": 49
      },
      "3": {
        "loc": {
          "start": { "line": 95, "column": 2 },
          "end": { "line": 99, "column": 3 }
        },
        "type": "if",
        "locations": [
          {
            "start": { "line": 95, "column": 2 },
            "end": { "line": 99, "column": 3 }
          },
          { "start": {}, "end": {} }
        ],
        "line": 95
      },
      "4": {
        "loc": {
          "start": { "line": 112, "column": 2 },
          "end": { "line": 114, "column": 3 }
        },
        "type": "if",
        "locations": [
          {
            "start": { "line": 112, "column": 2 },
            "end": { "line": 114, "column": 3 }
          },
          { "start": {}, "end": {} }
        ],
        "line": 112
      },
      "5": {
        "loc": {
          "start": { "line": 112, "column": 6 },
          "end": { "line": 112, "column": 76 }
        },
        "type": "binary-expr",
        "locations": [
          {
            "start": { "line": 112, "column": 6 },
            "end": { "line": 112, "column": 40 }
          },
          {
            "start": { "line": 112, "column": 44 },
            "end": { "line": 112, "column": 76 }
          }
        ],
        "line": 112
      },
      "6": {
        "loc": {
          "start": { "line": 127, "column": 10 },
          "end": { "line": 129, "column": 29 }
        },
        "type": "cond-expr",
        "locations": [
          {
            "start": { "line": 128, "column": 14 },
            "end": { "line": 128, "column": 67 }
          },
          {
            "start": { "line": 129, "column": 14 },
            "end": { "line": 129, "column": 29 }
          }
        ],
        "line": 127
      },
      "7": {
        "loc": {
          "start": { "line": 138, "column": 10 },
          "end": { "line": 140, "column": 29 }
        },
        "type": "cond-expr",
        "locations": [
          {
            "start": { "line": 139, "column": 14 },
            "end": { "line": 139, "column": 66 }
          },
          {
            "start": { "line": 140, "column": 14 },
            "end": { "line": 140, "column": 29 }
          }
        ],
        "line": 138
      },
      "8": {
        "loc": {
          "start": { "line": 164, "column": 2 },
          "end": { "line": 174, "column": 3 }
        },
        "type": "if",
        "locations": [
          {
            "start": { "line": 164, "column": 2 },
            "end": { "line": 174, "column": 3 }
          },
          { "start": {}, "end": {} }
        ],
        "line": 164
      },
      "9": {
        "loc": {
          "start": { "line": 165, "column": 4 },
          "end": { "line": 169, "column": 20 }
        },
        "type": "binary-expr",
        "locations": [
          {
            "start": { "line": 165, "column": 4 },
            "end": { "line": 165, "column": 17 }
          },
          {
            "start": { "line": 166, "column": 4 },
            "end": { "line": 166, "column": 15 }
          },
          {
            "start": { "line": 167, "column": 4 },
            "end": { "line": 167, "column": 13 }
          },
          {
            "start": { "line": 168, "column": 4 },
            "end": { "line": 168, "column": 22 }
          },
          {
            "start": { "line": 169, "column": 4 },
            "end": { "line": 169, "column": 20 }
          }
        ],
        "line": 165
      },
      "10": {
        "loc": {
          "start": { "line": 196, "column": 2 },
          "end": { "line": 198, "column": 3 }
        },
        "type": "if",
        "locations": [
          {
            "start": { "line": 196, "column": 2 },
            "end": { "line": 198, "column": 3 }
          },
          { "start": {}, "end": {} }
        ],
        "line": 196
      },
      "11": {
        "loc": {
          "start": { "line": 196, "column": 6 },
          "end": { "line": 196, "column": 44 }
        },
        "type": "binary-expr",
        "locations": [
          {
            "start": { "line": 196, "column": 6 },
            "end": { "line": 196, "column": 24 }
          },
          {
            "start": { "line": 196, "column": 28 },
            "end": { "line": 196, "column": 44 }
          }
        ],
        "line": 196
      },
      "12": {
        "loc": {
          "start": { "line": 200, "column": 2 },
          "end": { "line": 204, "column": 3 }
        },
        "type": "if",
        "locations": [
          {
            "start": { "line": 200, "column": 2 },
            "end": { "line": 204, "column": 3 }
          },
          { "start": {}, "end": {} }
        ],
        "line": 200
      },
      "13": {
        "loc": {
          "start": { "line": 206, "column": 2 },
          "end": { "line": 210, "column": 3 }
        },
        "type": "if",
        "locations": [
          {
            "start": { "line": 206, "column": 2 },
            "end": { "line": 210, "column": 3 }
          },
          { "start": {}, "end": {} }
        ],
        "line": 206
      },
      "14": {
        "loc": {
          "start": { "line": 213, "column": 2 },
          "end": { "line": 231, "column": 3 }
        },
        "type": "if",
        "locations": [
          {
            "start": { "line": 213, "column": 2 },
            "end": { "line": 231, "column": 3 }
          },
          {
            "start": { "line": 221, "column": 9 },
            "end": { "line": 231, "column": 3 }
          }
        ],
        "line": 213
      }
    },
    "s": {
      "0": 3,
      "1": 10,
      "2": 10,
      "3": 10,
      "4": 10,
      "5": 21,
      "6": 8,
      "7": 2,
      "8": 3,
      "9": 3,
      "10": 3,
      "11": 1,
      "12": 2,
      "13": 1,
      "14": 3,
      "15": 4,
      "16": 4,
      "17": 1,
      "18": 3,
      "19": 3,
      "20": 3,
      "21": 2,
      "22": 1,
      "23": 2,
      "24": 2,
      "25": 3,
      "26": 2,
      "27": 1,
      "28": 1,
      "29": 1,
      "30": 1,
      "31": 1,
      "32": 1,
      "33": 1,
      "34": 0,
      "35": 1,
      "36": 1,
      "37": 0,
      "38": 0,
      "39": 0,
      "40": 0,
      "41": 0
    },
    "f": { "0": 10, "1": 3, "2": 1, "3": 4, "4": 2, "5": 2, "6": 2 },
    "b": {
      "0": [8, 13],
      "1": [21, 9],
      "2": [1, 2],
      "3": [1, 3],
      "4": [2, 1],
      "5": [3, 2],
      "6": [1, 1],
      "7": [1, 1],
      "8": [1, 1],
      "9": [2, 2, 1, 1, 1],
      "10": [0, 1],
      "11": [1, 1],
      "12": [1, 0],
      "13": [0, 0],
      "14": [0, 0]
    },
    "_coverageSchema": "1a1c01bbd47fc00a2c39e90264f33305004495a9",
    "hash": "89c3e6281e6bf4c7da9e6dfd01a9b3de8e29ad75"
  },
  "/Users/mohamedgueye/Documents/Concordia/Winter 2025/SOEN 390/SOEN-_390-Q-QD/ConcordiaMaps/styles/DirectionBox.style.js": {
    "path": "/Users/mohamedgueye/Documents/Concordia/Winter 2025/SOEN 390/SOEN-_390-Q-QD/ConcordiaMaps/styles/DirectionBox.style.js",
    "statementMap": {
      "0": {
        "start": { "line": 3, "column": 15 },
        "end": { "line": 144, "column": 2 }
      }
    },
    "fnMap": {},
    "branchMap": {},
    "s": { "0": 5 },
    "f": {},
    "b": {},
    "_coverageSchema": "1a1c01bbd47fc00a2c39e90264f33305004495a9",
    "hash": "e4991b8d986901acb7d42f014e8cf7b37a23e1a0"
  },
  "/Users/mohamedgueye/Documents/Concordia/Winter 2025/SOEN 390/SOEN-_390-Q-QD/ConcordiaMaps/styles/IndoorNavigation/BuildingSelectorStyles.js": {
    "path": "/Users/mohamedgueye/Documents/Concordia/Winter 2025/SOEN 390/SOEN-_390-Q-QD/ConcordiaMaps/styles/IndoorNavigation/BuildingSelectorStyles.js",
    "statementMap": {
      "0": {
        "start": { "line": 7, "column": 15 },
        "end": { "line": 39, "column": 2 }
      }
    },
    "fnMap": {},
    "branchMap": {},
    "s": { "0": 3 },
    "f": {},
    "b": {},
    "_coverageSchema": "1a1c01bbd47fc00a2c39e90264f33305004495a9",
    "hash": "a50399f78becd6aeb71e1bf2dc7b864dfa725d02"
  },
  "/Users/mohamedgueye/Documents/Concordia/Winter 2025/SOEN 390/SOEN-_390-Q-QD/ConcordiaMaps/styles/IndoorNavigation/BuildingSelectorTunnelNavigationCommonStyles.js": {
    "path": "/Users/mohamedgueye/Documents/Concordia/Winter 2025/SOEN 390/SOEN-_390-Q-QD/ConcordiaMaps/styles/IndoorNavigation/BuildingSelectorTunnelNavigationCommonStyles.js",
    "statementMap": {
      "0": {
        "start": { "line": 3, "column": 22 },
        "end": { "line": 10, "column": 1 }
      },
      "1": {
        "start": { "line": 12, "column": 28 },
        "end": { "line": 69, "column": 2 }
      }
    },
    "fnMap": {},
    "branchMap": {},
    "s": { "0": 4, "1": 4 },
    "f": {},
    "b": {},
    "_coverageSchema": "1a1c01bbd47fc00a2c39e90264f33305004495a9",
    "hash": "0b0f495e9addce086bf03ae1f53ff0b5a11cac13"
  },
  "/Users/mohamedgueye/Documents/Concordia/Winter 2025/SOEN 390/SOEN-_390-Q-QD/ConcordiaMaps/styles/IndoorNavigation/FloorSelectorStyles.js": {
    "path": "/Users/mohamedgueye/Documents/Concordia/Winter 2025/SOEN 390/SOEN-_390-Q-QD/ConcordiaMaps/styles/IndoorNavigation/FloorSelectorStyles.js",
    "statementMap": {
      "0": {
        "start": { "line": 3, "column": 15 },
        "end": { "line": 56, "column": 2 }
      }
    },
    "fnMap": {},
    "branchMap": {},
    "s": { "0": 3 },
    "f": {},
    "b": {},
    "_coverageSchema": "1a1c01bbd47fc00a2c39e90264f33305004495a9",
    "hash": "1aaa389c99afc187bee344b58eae3db013632880"
  },
  "/Users/mohamedgueye/Documents/Concordia/Winter 2025/SOEN 390/SOEN-_390-Q-QD/ConcordiaMaps/styles/IndoorNavigation/IndoorNavigationStyles.js": {
    "path": "/Users/mohamedgueye/Documents/Concordia/Winter 2025/SOEN 390/SOEN-_390-Q-QD/ConcordiaMaps/styles/IndoorNavigation/IndoorNavigationStyles.js",
    "statementMap": {
      "0": {
        "start": { "line": 3, "column": 15 },
        "end": { "line": 109, "column": 2 }
      }
    },
    "fnMap": {},
    "branchMap": {},
    "s": { "0": 3 },
    "f": {},
    "b": {},
    "_coverageSchema": "1a1c01bbd47fc00a2c39e90264f33305004495a9",
    "hash": "ba684fe2d9be7dbc9673c885c6d114469e37b961"
  },
  "/Users/mohamedgueye/Documents/Concordia/Winter 2025/SOEN 390/SOEN-_390-Q-QD/ConcordiaMaps/styles/IndoorNavigation/InterfloorNavigationStyles.js": {
    "path": "/Users/mohamedgueye/Documents/Concordia/Winter 2025/SOEN 390/SOEN-_390-Q-QD/ConcordiaMaps/styles/IndoorNavigation/InterfloorNavigationStyles.js",
    "statementMap": {
      "0": {
        "start": { "line": 3, "column": 15 },
        "end": { "line": 191, "column": 2 }
      }
    },
    "fnMap": {},
    "branchMap": {},
    "s": { "0": 2 },
    "f": {},
    "b": {},
    "_coverageSchema": "1a1c01bbd47fc00a2c39e90264f33305004495a9",
    "hash": "27dbbc5bc7c03ffefef33e678be7a642798d7f21"
  },
  "/Users/mohamedgueye/Documents/Concordia/Winter 2025/SOEN 390/SOEN-_390-Q-QD/ConcordiaMaps/styles/IndoorNavigation/RoomtoRoomNavigationStyles.js": {
    "path": "/Users/mohamedgueye/Documents/Concordia/Winter 2025/SOEN 390/SOEN-_390-Q-QD/ConcordiaMaps/styles/IndoorNavigation/RoomtoRoomNavigationStyles.js",
    "statementMap": {
      "0": {
        "start": { "line": 3, "column": 15 },
        "end": { "line": 238, "column": 2 }
      }
    },
    "fnMap": {},
    "branchMap": {},
    "s": { "0": 3 },
    "f": {},
    "b": {},
    "_coverageSchema": "1a1c01bbd47fc00a2c39e90264f33305004495a9",
    "hash": "7083dac86a5b0c8a722d732955cfea26255880e4"
  },
  "/Users/mohamedgueye/Documents/Concordia/Winter 2025/SOEN 390/SOEN-_390-Q-QD/ConcordiaMaps/styles/IndoorNavigation/TunnelNavigationStyles.js": {
    "path": "/Users/mohamedgueye/Documents/Concordia/Winter 2025/SOEN 390/SOEN-_390-Q-QD/ConcordiaMaps/styles/IndoorNavigation/TunnelNavigationStyles.js",
    "statementMap": {
      "0": {
        "start": { "line": 4, "column": 15 },
        "end": { "line": 23, "column": 2 }
      }
    },
    "fnMap": {},
    "branchMap": {},
    "s": { "0": 3 },
    "f": {},
    "b": {},
    "_coverageSchema": "1a1c01bbd47fc00a2c39e90264f33305004495a9",
    "hash": "f7c34e22c2187ca88f129f471e95bb6ed775b61e"
  }
}
