{"/Users/mohamedgueye/Documents/Concordia/Winter 2025/SOEN 390/SOEN-_390-Q-QD/ConcordiaMaps/App.js": {"path":"/Users/mohamedgueye/Documents/Concordia/Winter 2025/SOEN 390/SOEN-_390-Q-QD/ConcordiaMaps/App.js","statementMap":{"0":{"start":{"line":24,"column":28},"end":{"line":24,"column":43}},"1":{"start":{"line":26,"column":14},"end":{"line":26,"column":42}},"2":{"start":{"line":29,"column":26},"end":{"line":39,"column":1}},"3":{"start":{"line":30,"column":21},"end":{"line":30,"column":36}},"4":{"start":{"line":31,"column":2},"end":{"line":38,"column":4}},"5":{"start":{"line":40,"column":0},"end":{"line":44,"column":2}},"6":{"start":{"line":46,"column":44},"end":{"line":46,"column":59}},"7":{"start":{"line":47,"column":36},"end":{"line":50,"column":4}},"8":{"start":{"line":52,"column":22},"end":{"line":54,"column":3}},"9":{"start":{"line":53,"column":4},"end":{"line":53,"column":37}},"10":{"start":{"line":57,"column":28},"end":{"line":60,"column":3}},"11":{"start":{"line":58,"column":11},"end":{"line":58,"column":67}},"12":{"start":{"line":62,"column":2},"end":{"line":116,"column":4}}},"fnMap":{"0":{"name":"(anonymous_0)","decl":{"start":{"line":29,"column":26},"end":{"line":29,"column":27}},"loc":{"start":{"line":29,"column":60},"end":{"line":39,"column":1}},"line":29},"1":{"name":"App","decl":{"start":{"line":45,"column":24},"end":{"line":45,"column":27}},"loc":{"start":{"line":45,"column":30},"end":{"line":117,"column":1}},"line":45},"2":{"name":"(anonymous_2)","decl":{"start":{"line":52,"column":22},"end":{"line":52,"column":23}},"loc":{"start":{"line":52,"column":28},"end":{"line":54,"column":3}},"line":52},"3":{"name":"(anonymous_3)","decl":{"start":{"line":58,"column":4},"end":{"line":58,"column":5}},"loc":{"start":{"line":58,"column":11},"end":{"line":58,"column":67}},"line":58}},"branchMap":{},"s":{"0":2,"1":2,"2":2,"3":3,"4":3,"5":2,"6":4,"7":3,"8":3,"9":0,"10":3,"11":3,"12":3},"f":{"0":3,"1":4,"2":0,"3":3},"b":{},"_coverageSchema":"1a1c01bbd47fc00a2c39e90264f33305004495a9","hash":"77506a1d77800c5a08d98f8f5b64ce23d66b4465"}
,"/Users/mohamedgueye/Documents/Concordia/Winter 2025/SOEN 390/SOEN-_390-Q-QD/ConcordiaMaps/styles.js": {"path":"/Users/mohamedgueye/Documents/Concordia/Winter 2025/SOEN 390/SOEN-_390-Q-QD/ConcordiaMaps/styles.js","statementMap":{"0":{"start":{"line":3,"column":15},"end":{"line":447,"column":2}}},"fnMap":{},"branchMap":{},"s":{"0":8},"f":{},"b":{},"_coverageSchema":"1a1c01bbd47fc00a2c39e90264f33305004495a9","hash":"3ffb24ef734a926c62277a5ad1b1470c7b5da079"}
,"/Users/mohamedgueye/Documents/Concordia/Winter 2025/SOEN 390/SOEN-_390-Q-QD/ConcordiaMaps/assets/ConcordiaLogo.png": {"path":"/Users/mohamedgueye/Documents/Concordia/Winter 2025/SOEN 390/SOEN-_390-Q-QD/ConcordiaMaps/assets/ConcordiaLogo.png","statementMap":{"0":{"start":{"line":1,"column":0},"end":{"line":4,"column":6}}},"fnMap":{},"branchMap":{},"s":{"0":4},"f":{},"b":{},"_coverageSchema":"1a1c01bbd47fc00a2c39e90264f33305004495a9","hash":"ad0e3c508ebabd6030fb923cb2bf11d1d7aafa37"}
,"/Users/mohamedgueye/Documents/Concordia/Winter 2025/SOEN 390/SOEN-_390-Q-QD/ConcordiaMaps/assets/PinLogo.png": {"path":"/Users/mohamedgueye/Documents/Concordia/Winter 2025/SOEN 390/SOEN-_390-Q-QD/ConcordiaMaps/assets/PinLogo.png","statementMap":{"0":{"start":{"line":1,"column":0},"end":{"line":4,"column":6}}},"fnMap":{},"branchMap":{},"s":{"0":3},"f":{},"b":{},"_coverageSchema":"1a1c01bbd47fc00a2c39e90264f33305004495a9","hash":"f17f22b8b8fb92cd7c1010c6d0bd6b6f0b5dbbb9"}
,"/Users/mohamedgueye/Documents/Concordia/Winter 2025/SOEN 390/SOEN-_390-Q-QD/ConcordiaMaps/assets/Shuttle.png": {"path":"/Users/mohamedgueye/Documents/Concordia/Winter 2025/SOEN 390/SOEN-_390-Q-QD/ConcordiaMaps/assets/Shuttle.png","statementMap":{"0":{"start":{"line":1,"column":0},"end":{"line":4,"column":6}}},"fnMap":{},"branchMap":{},"s":{"0":4},"f":{},"b":{},"_coverageSchema":"1a1c01bbd47fc00a2c39e90264f33305004495a9","hash":"94e49689e18252cfa4b21b16b5b7f7eebd1df9fe"}
,"/Users/mohamedgueye/Documents/Concordia/Winter 2025/SOEN 390/SOEN-_390-Q-QD/ConcordiaMaps/assets/ToggleButton.png": {"path":"/Users/mohamedgueye/Documents/Concordia/Winter 2025/SOEN 390/SOEN-_390-Q-QD/ConcordiaMaps/assets/ToggleButton.png","statementMap":{"0":{"start":{"line":1,"column":0},"end":{"line":4,"column":6}}},"fnMap":{},"branchMap":{},"s":{"0":1},"f":{},"b":{},"_coverageSchema":"1a1c01bbd47fc00a2c39e90264f33305004495a9","hash":"804e7e104e4544979cbb4038003f935c69ad29a9"}
,"/Users/mohamedgueye/Documents/Concordia/Winter 2025/SOEN 390/SOEN-_390-Q-QD/ConcordiaMaps/assets/cafeICON.png": {"path":"/Users/mohamedgueye/Documents/Concordia/Winter 2025/SOEN 390/SOEN-_390-Q-QD/ConcordiaMaps/assets/cafeICON.png","statementMap":{"0":{"start":{"line":1,"column":0},"end":{"line":4,"column":6}}},"fnMap":{},"branchMap":{},"s":{"0":2},"f":{},"b":{},"_coverageSchema":"1a1c01bbd47fc00a2c39e90264f33305004495a9","hash":"19d73fd2fecbce34d24ef62f8b6f6fdabe31f554"}
,"/Users/mohamedgueye/Documents/Concordia/Winter 2025/SOEN 390/SOEN-_390-Q-QD/ConcordiaMaps/assets/calendarIcon.png": {"path":"/Users/mohamedgueye/Documents/Concordia/Winter 2025/SOEN 390/SOEN-_390-Q-QD/ConcordiaMaps/assets/calendarIcon.png","statementMap":{"0":{"start":{"line":1,"column":0},"end":{"line":4,"column":6}}},"fnMap":{},"branchMap":{},"s":{"0":5},"f":{},"b":{},"_coverageSchema":"1a1c01bbd47fc00a2c39e90264f33305004495a9","hash":"8c534774f54b12bbd2b8b64d4b58f3849a352a2d"}
,"/Users/mohamedgueye/Documents/Concordia/Winter 2025/SOEN 390/SOEN-_390-Q-QD/ConcordiaMaps/assets/parkICON.png": {"path":"/Users/mohamedgueye/Documents/Concordia/Winter 2025/SOEN 390/SOEN-_390-Q-QD/ConcordiaMaps/assets/parkICON.png","statementMap":{"0":{"start":{"line":1,"column":0},"end":{"line":4,"column":6}}},"fnMap":{},"branchMap":{},"s":{"0":2},"f":{},"b":{},"_coverageSchema":"1a1c01bbd47fc00a2c39e90264f33305004495a9","hash":"a4db8f4f67794c95d1722fd23bdbe618c0cc37ff"}
,"/Users/mohamedgueye/Documents/Concordia/Winter 2025/SOEN 390/SOEN-_390-Q-QD/ConcordiaMaps/assets/restoICON.png": {"path":"/Users/mohamedgueye/Documents/Concordia/Winter 2025/SOEN 390/SOEN-_390-Q-QD/ConcordiaMaps/assets/restoICON.png","statementMap":{"0":{"start":{"line":1,"column":0},"end":{"line":4,"column":6}}},"fnMap":{},"branchMap":{},"s":{"0":2},"f":{},"b":{},"_coverageSchema":"1a1c01bbd47fc00a2c39e90264f33305004495a9","hash":"8b058ab9d3699a0a01a793825c15ed6add50c93d"}
,"/Users/mohamedgueye/Documents/Concordia/Winter 2025/SOEN 390/SOEN-_390-Q-QD/ConcordiaMaps/assets/storeICON.png": {"path":"/Users/mohamedgueye/Documents/Concordia/Winter 2025/SOEN 390/SOEN-_390-Q-QD/ConcordiaMaps/assets/storeICON.png","statementMap":{"0":{"start":{"line":1,"column":0},"end":{"line":4,"column":6}}},"fnMap":{},"branchMap":{},"s":{"0":2},"f":{},"b":{},"_coverageSchema":"1a1c01bbd47fc00a2c39e90264f33305004495a9","hash":"b996c2a661b441efce144b3578274a6cb7842e39"}
,"/Users/mohamedgueye/Documents/Concordia/Winter 2025/SOEN 390/SOEN-_390-Q-QD/ConcordiaMaps/assets/svg/SVGtoString.js": {"path":"/Users/mohamedgueye/Documents/Concordia/Winter 2025/SOEN 390/SOEN-_390-Q-QD/ConcordiaMaps/assets/svg/SVGtoString.js","statementMap":{"0":{"start":{"line":1,"column":18},"end":{"line":688,"column":1}},"1":{"start":{"line":689,"column":18},"end":{"line":1494,"column":1}},"2":{"start":{"line":1495,"column":18},"end":{"line":1574,"column":1}},"3":{"start":{"line":1575,"column":20},"end":{"line":2564,"column":1}},"4":{"start":{"line":2565,"column":20},"end":{"line":3228,"column":1}},"5":{"start":{"line":3229,"column":20},"end":{"line":4085,"column":1}},"6":{"start":{"line":4086,"column":20},"end":{"line":4187,"column":1}},"7":{"start":{"line":4188,"column":20},"end":{"line":5257,"column":1}},"8":{"start":{"line":5259,"column":20},"end":{"line":5308,"column":1}}},"fnMap":{},"branchMap":{},"s":{"0":7,"1":7,"2":7,"3":7,"4":7,"5":7,"6":7,"7":7,"8":7},"f":{},"b":{},"_coverageSchema":"1a1c01bbd47fc00a2c39e90264f33305004495a9","hash":"8d801961c3529ea300d35d1913a128009f3d3dba"}
,"/Users/mohamedgueye/Documents/Concordia/Winter 2025/SOEN 390/SOEN-_390-Q-QD/ConcordiaMaps/components/AsyncPersistence.js": {"path":"/Users/mohamedgueye/Documents/Concordia/Winter 2025/SOEN 390/SOEN-_390-Q-QD/ConcordiaMaps/components/AsyncPersistence.js","statementMap":{"0":{"start":{"line":3,"column":27},"end":{"line":9,"column":1}},"1":{"start":{"line":4,"column":2},"end":{"line":8,"column":3}},"2":{"start":{"line":5,"column":4},"end":{"line":5,"column":43}},"3":{"start":{"line":7,"column":4},"end":{"line":7,"column":49}},"4":{"start":{"line":10,"column":28},"end":{"line":18,"column":1}},"5":{"start":{"line":11,"column":2},"end":{"line":17,"column":3}},"6":{"start":{"line":12,"column":19},"end":{"line":12,"column":50}},"7":{"start":{"line":13,"column":4},"end":{"line":13,"column":34}},"8":{"start":{"line":15,"column":4},"end":{"line":15,"column":53}},"9":{"start":{"line":16,"column":4},"end":{"line":16,"column":24}}},"fnMap":{"0":{"name":"(anonymous_0)","decl":{"start":{"line":3,"column":27},"end":{"line":3,"column":28}},"loc":{"start":{"line":3,"column":49},"end":{"line":9,"column":1}},"line":3},"1":{"name":"(anonymous_1)","decl":{"start":{"line":10,"column":28},"end":{"line":10,"column":29}},"loc":{"start":{"line":10,"column":57},"end":{"line":18,"column":1}},"line":10}},"branchMap":{"0":{"loc":{"start":{"line":13,"column":11},"end":{"line":13,"column":33}},"type":"binary-expr","locations":[{"start":{"line":13,"column":11},"end":{"line":13,"column":17}},{"start":{"line":13,"column":21},"end":{"line":13,"column":33}}],"line":13}},"s":{"0":3,"1":2,"2":2,"3":1,"4":3,"5":14,"6":14,"7":13,"8":1,"9":1},"f":{"0":2,"1":14},"b":{"0":[13,12]},"_coverageSchema":"1a1c01bbd47fc00a2c39e90264f33305004495a9","hash":"ca8195951f7eab74593c2c9f5a07767ea4a0e01d"}
,"/Users/mohamedgueye/Documents/Concordia/Winter 2025/SOEN 390/SOEN-_390-Q-QD/ConcordiaMaps/components/CalendarScreen.js": {"path":"/Users/mohamedgueye/Documents/Concordia/Winter 2025/SOEN 390/SOEN-_390-Q-QD/ConcordiaMaps/components/CalendarScreen.js","statementMap":{"0":{"start":{"line":21,"column":23},"end":{"line":225,"column":1}},"1":{"start":{"line":22,"column":30},"end":{"line":22,"column":42}},"2":{"start":{"line":23,"column":36},"end":{"line":23,"column":48}},"3":{"start":{"line":24,"column":56},"end":{"line":24,"column":68}},"4":{"start":{"line":25,"column":40},"end":{"line":25,"column":60}},"5":{"start":{"line":26,"column":42},"end":{"line":26,"column":57}},"6":{"start":{"line":28,"column":54},"end":{"line":28,"column":66}},"7":{"start":{"line":29,"column":48},"end":{"line":29,"column":61}},"8":{"start":{"line":30,"column":51},"end":{"line":34,"column":4}},"9":{"start":{"line":36,"column":2},"end":{"line":39,"column":9}},"10":{"start":{"line":37,"column":4},"end":{"line":37,"column":32}},"11":{"start":{"line":38,"column":4},"end":{"line":38,"column":31}},"12":{"start":{"line":41,"column":2},"end":{"line":43,"column":42}},"13":{"start":{"line":42,"column":4},"end":{"line":42,"column":31}},"14":{"start":{"line":46,"column":35},"end":{"line":57,"column":3}},"15":{"start":{"line":47,"column":4},"end":{"line":47,"column":32}},"16":{"start":{"line":48,"column":4},"end":{"line":48,"column":37}},"17":{"start":{"line":49,"column":4},"end":{"line":49,"column":61}},"18":{"start":{"line":50,"column":4},"end":{"line":56,"column":5}},"19":{"start":{"line":51,"column":6},"end":{"line":51,"column":58}},"20":{"start":{"line":52,"column":11},"end":{"line":56,"column":5}},"21":{"start":{"line":53,"column":6},"end":{"line":53,"column":73}},"22":{"start":{"line":55,"column":6},"end":{"line":55,"column":58}},"23":{"start":{"line":59,"column":2},"end":{"line":61,"column":41}},"24":{"start":{"line":60,"column":4},"end":{"line":60,"column":26}},"25":{"start":{"line":63,"column":36},"end":{"line":70,"column":3}},"26":{"start":{"line":64,"column":23},"end":{"line":64,"column":71}},"27":{"start":{"line":65,"column":4},"end":{"line":69,"column":5}},"28":{"start":{"line":66,"column":6},"end":{"line":66,"column":23}},"29":{"start":{"line":68,"column":6},"end":{"line":68,"column":67}},"30":{"start":{"line":72,"column":25},"end":{"line":80,"column":3}},"31":{"start":{"line":73,"column":31},"end":{"line":75,"column":5}},"32":{"start":{"line":76,"column":4},"end":{"line":76,"column":37}},"33":{"start":{"line":79,"column":4},"end":{"line":79,"column":68}},"34":{"start":{"line":79,"column":59},"end":{"line":79,"column":65}},"35":{"start":{"line":82,"column":30},"end":{"line":90,"column":3}},"36":{"start":{"line":83,"column":22},"end":{"line":83,"column":36}},"37":{"start":{"line":84,"column":4},"end":{"line":84,"column":35}},"38":{"start":{"line":86,"column":20},"end":{"line":86,"column":34}},"39":{"start":{"line":87,"column":4},"end":{"line":87,"column":38}},"40":{"start":{"line":89,"column":4},"end":{"line":89,"column":34}},"41":{"start":{"line":92,"column":30},"end":{"line":106,"column":3}},"42":{"start":{"line":93,"column":4},"end":{"line":96,"column":5}},"43":{"start":{"line":94,"column":6},"end":{"line":94,"column":20}},"44":{"start":{"line":95,"column":6},"end":{"line":95,"column":13}},"45":{"start":{"line":98,"column":35},"end":{"line":98,"column":67}},"46":{"start":{"line":100,"column":19},"end":{"line":104,"column":5}},"47":{"start":{"line":105,"column":4},"end":{"line":105,"column":22}},"48":{"start":{"line":108,"column":34},"end":{"line":112,"column":3}},"49":{"start":{"line":109,"column":4},"end":{"line":111,"column":6}},"50":{"start":{"line":110,"column":6},"end":{"line":110,"column":78}},"51":{"start":{"line":110,"column":49},"end":{"line":110,"column":61}},"52":{"start":{"line":114,"column":2},"end":{"line":224,"column":4}},"53":{"start":{"line":127,"column":25},"end":{"line":127,"column":46}},"54":{"start":{"line":142,"column":18},"end":{"line":157,"column":37}},"55":{"start":{"line":145,"column":35},"end":{"line":145,"column":66}},"56":{"start":{"line":162,"column":31},"end":{"line":162,"column":53}},"57":{"start":{"line":174,"column":27},"end":{"line":174,"column":66}},"58":{"start":{"line":180,"column":27},"end":{"line":180,"column":66}},"59":{"start":{"line":194,"column":36},"end":{"line":194,"column":43}},"60":{"start":{"line":196,"column":14},"end":{"line":216,"column":21}},"61":{"start":{"line":209,"column":33},"end":{"line":209,"column":63}}},"fnMap":{"0":{"name":"(anonymous_0)","decl":{"start":{"line":21,"column":23},"end":{"line":21,"column":24}},"loc":{"start":{"line":21,"column":29},"end":{"line":225,"column":1}},"line":21},"1":{"name":"(anonymous_1)","decl":{"start":{"line":36,"column":12},"end":{"line":36,"column":13}},"loc":{"start":{"line":36,"column":18},"end":{"line":39,"column":3}},"line":36},"2":{"name":"(anonymous_2)","decl":{"start":{"line":41,"column":12},"end":{"line":41,"column":13}},"loc":{"start":{"line":41,"column":18},"end":{"line":43,"column":3}},"line":41},"3":{"name":"(anonymous_3)","decl":{"start":{"line":46,"column":35},"end":{"line":46,"column":36}},"loc":{"start":{"line":46,"column":41},"end":{"line":57,"column":3}},"line":46},"4":{"name":"(anonymous_4)","decl":{"start":{"line":59,"column":12},"end":{"line":59,"column":13}},"loc":{"start":{"line":59,"column":18},"end":{"line":61,"column":3}},"line":59},"5":{"name":"(anonymous_5)","decl":{"start":{"line":63,"column":36},"end":{"line":63,"column":37}},"loc":{"start":{"line":63,"column":48},"end":{"line":70,"column":3}},"line":63},"6":{"name":"(anonymous_6)","decl":{"start":{"line":72,"column":25},"end":{"line":72,"column":26}},"loc":{"start":{"line":72,"column":37},"end":{"line":80,"column":3}},"line":72},"7":{"name":"(anonymous_7)","decl":{"start":{"line":79,"column":50},"end":{"line":79,"column":51}},"loc":{"start":{"line":79,"column":59},"end":{"line":79,"column":65}},"line":79},"8":{"name":"(anonymous_8)","decl":{"start":{"line":82,"column":30},"end":{"line":82,"column":31}},"loc":{"start":{"line":82,"column":40},"end":{"line":90,"column":3}},"line":82},"9":{"name":"(anonymous_9)","decl":{"start":{"line":92,"column":30},"end":{"line":92,"column":31}},"loc":{"start":{"line":92,"column":42},"end":{"line":106,"column":3}},"line":92},"10":{"name":"(anonymous_10)","decl":{"start":{"line":108,"column":34},"end":{"line":108,"column":35}},"loc":{"start":{"line":108,"column":42},"end":{"line":112,"column":3}},"line":108},"11":{"name":"(anonymous_11)","decl":{"start":{"line":109,"column":27},"end":{"line":109,"column":28}},"loc":{"start":{"line":110,"column":6},"end":{"line":110,"column":78}},"line":110},"12":{"name":"(anonymous_12)","decl":{"start":{"line":110,"column":38},"end":{"line":110,"column":39}},"loc":{"start":{"line":110,"column":49},"end":{"line":110,"column":61}},"line":110},"13":{"name":"(anonymous_13)","decl":{"start":{"line":127,"column":19},"end":{"line":127,"column":20}},"loc":{"start":{"line":127,"column":25},"end":{"line":127,"column":46}},"line":127},"14":{"name":"(anonymous_14)","decl":{"start":{"line":141,"column":31},"end":{"line":141,"column":32}},"loc":{"start":{"line":142,"column":18},"end":{"line":157,"column":37}},"line":142},"15":{"name":"(anonymous_15)","decl":{"start":{"line":145,"column":29},"end":{"line":145,"column":30}},"loc":{"start":{"line":145,"column":35},"end":{"line":145,"column":66}},"line":145},"16":{"name":"(anonymous_16)","decl":{"start":{"line":162,"column":25},"end":{"line":162,"column":26}},"loc":{"start":{"line":162,"column":31},"end":{"line":162,"column":53}},"line":162},"17":{"name":"(anonymous_17)","decl":{"start":{"line":174,"column":21},"end":{"line":174,"column":22}},"loc":{"start":{"line":174,"column":27},"end":{"line":174,"column":66}},"line":174},"18":{"name":"(anonymous_18)","decl":{"start":{"line":180,"column":21},"end":{"line":180,"column":22}},"loc":{"start":{"line":180,"column":27},"end":{"line":180,"column":66}},"line":180},"19":{"name":"(anonymous_19)","decl":{"start":{"line":194,"column":26},"end":{"line":194,"column":27}},"loc":{"start":{"line":194,"column":36},"end":{"line":194,"column":43}},"line":194},"20":{"name":"(anonymous_20)","decl":{"start":{"line":195,"column":24},"end":{"line":195,"column":25}},"loc":{"start":{"line":196,"column":14},"end":{"line":216,"column":21}},"line":196},"21":{"name":"(anonymous_21)","decl":{"start":{"line":209,"column":27},"end":{"line":209,"column":28}},"loc":{"start":{"line":209,"column":33},"end":{"line":209,"column":63}},"line":209}},"branchMap":{"0":{"loc":{"start":{"line":50,"column":4},"end":{"line":56,"column":5}},"type":"if","locations":[{"start":{"line":50,"column":4},"end":{"line":56,"column":5}},{"start":{"line":52,"column":11},"end":{"line":56,"column":5}}],"line":50},"1":{"loc":{"start":{"line":50,"column":8},"end":{"line":50,"column":64}},"type":"binary-expr","locations":[{"start":{"line":50,"column":8},"end":{"line":50,"column":17}},{"start":{"line":50,"column":22},"end":{"line":50,"column":40}},{"start":{"line":50,"column":44},"end":{"line":50,"column":63}}],"line":50},"2":{"loc":{"start":{"line":52,"column":11},"end":{"line":56,"column":5}},"type":"if","locations":[{"start":{"line":52,"column":11},"end":{"line":56,"column":5}},{"start":{"line":54,"column":11},"end":{"line":56,"column":5}}],"line":52},"3":{"loc":{"start":{"line":52,"column":15},"end":{"line":52,"column":40}},"type":"binary-expr","locations":[{"start":{"line":52,"column":15},"end":{"line":52,"column":24}},{"start":{"line":52,"column":28},"end":{"line":52,"column":40}}],"line":52},"4":{"loc":{"start":{"line":65,"column":4},"end":{"line":69,"column":5}},"type":"if","locations":[{"start":{"line":65,"column":4},"end":{"line":69,"column":5}},{"start":{"line":67,"column":11},"end":{"line":69,"column":5}}],"line":65},"5":{"loc":{"start":{"line":93,"column":4},"end":{"line":96,"column":5}},"type":"if","locations":[{"start":{"line":93,"column":4},"end":{"line":96,"column":5}},{"start":{},"end":{}}],"line":93},"6":{"loc":{"start":{"line":110,"column":6},"end":{"line":110,"column":78}},"type":"cond-expr","locations":[{"start":{"line":110,"column":26},"end":{"line":110,"column":62}},{"start":{"line":110,"column":65},"end":{"line":110,"column":78}}],"line":110},"7":{"loc":{"start":{"line":149,"column":24},"end":{"line":151,"column":44}},"type":"cond-expr","locations":[{"start":{"line":150,"column":28},"end":{"line":150,"column":38}},{"start":{"line":151,"column":28},"end":{"line":151,"column":44}}],"line":149},"8":{"loc":{"start":{"line":187,"column":9},"end":{"line":219,"column":9}},"type":"cond-expr","locations":[{"start":{"line":188,"column":10},"end":{"line":190,"column":17}},{"start":{"line":192,"column":10},"end":{"line":218,"column":12}}],"line":187},"9":{"loc":{"start":{"line":199,"column":19},"end":{"line":199,"column":64}},"type":"binary-expr","locations":[{"start":{"line":199,"column":19},"end":{"line":199,"column":32}},{"start":{"line":199,"column":36},"end":{"line":199,"column":64}}],"line":199}},"s":{"0":3,"1":36,"2":36,"3":36,"4":36,"5":36,"6":36,"7":36,"8":36,"9":36,"10":7,"11":7,"12":36,"13":7,"14":36,"15":14,"16":14,"17":14,"18":14,"19":0,"20":14,"21":0,"22":14,"23":36,"24":16,"25":36,"26":7,"27":7,"28":6,"29":1,"30":36,"31":6,"32":6,"33":6,"34":12,"35":36,"36":9,"37":9,"38":9,"39":9,"40":9,"41":36,"42":16,"43":7,"44":7,"45":9,"46":9,"47":9,"48":36,"49":3,"50":3,"51":4,"52":36,"53":3,"54":44,"55":3,"56":3,"57":1,"58":1,"59":19,"60":13,"61":2},"f":{"0":36,"1":7,"2":7,"3":14,"4":16,"5":7,"6":6,"7":12,"8":9,"9":16,"10":3,"11":3,"12":4,"13":3,"14":44,"15":3,"16":3,"17":1,"18":1,"19":19,"20":13,"21":2},"b":{"0":[0,14],"1":[14,14,0],"2":[0,14],"3":[14,0],"4":[6,1],"5":[7,9],"6":[2,1],"7":[37,7],"8":[20,16],"9":[13,1]},"_coverageSchema":"1a1c01bbd47fc00a2c39e90264f33305004495a9","hash":"d8521fd115e25d0d4f46446cf292132158f16e3a"}
,"/Users/mohamedgueye/Documents/Concordia/Winter 2025/SOEN 390/SOEN-_390-Q-QD/ConcordiaMaps/components/CalendarService.js": {"path":"/Users/mohamedgueye/Documents/Concordia/Winter 2025/SOEN 390/SOEN-_390-Q-QD/ConcordiaMaps/components/CalendarService.js","statementMap":{"0":{"start":{"line":10,"column":21},"end":{"line":10,"column":69}},"1":{"start":{"line":11,"column":2},"end":{"line":13,"column":3}},"2":{"start":{"line":12,"column":4},"end":{"line":12,"column":61}},"3":{"start":{"line":15,"column":20},"end":{"line":17,"column":3}},"4":{"start":{"line":18,"column":2},"end":{"line":20,"column":3}},"5":{"start":{"line":19,"column":4},"end":{"line":19,"column":16}},"6":{"start":{"line":22,"column":14},"end":{"line":22,"column":24}},"7":{"start":{"line":23,"column":19},"end":{"line":23,"column":29}},"8":{"start":{"line":24,"column":2},"end":{"line":24,"column":37}},"9":{"start":{"line":27,"column":17},"end":{"line":31,"column":3}},"10":{"start":{"line":28,"column":27},"end":{"line":28,"column":33}},"11":{"start":{"line":34,"column":25},"end":{"line":36,"column":3}},"12":{"start":{"line":35,"column":15},"end":{"line":35,"column":46}},"13":{"start":{"line":39,"column":23},"end":{"line":45,"column":7}},"14":{"start":{"line":41,"column":18},"end":{"line":41,"column":63}},"15":{"start":{"line":44,"column":18},"end":{"line":44,"column":63}},"16":{"start":{"line":48,"column":25},"end":{"line":51,"column":4}},"17":{"start":{"line":49,"column":18},"end":{"line":49,"column":35}},"18":{"start":{"line":50,"column":4},"end":{"line":50,"column":70}},"19":{"start":{"line":50,"column":44},"end":{"line":50,"column":68}},"20":{"start":{"line":53,"column":2},"end":{"line":53,"column":62}}},"fnMap":{"0":{"name":"getNextEvent","decl":{"start":{"line":8,"column":22},"end":{"line":8,"column":34}},"loc":{"start":{"line":8,"column":37},"end":{"line":54,"column":1}},"line":8},"1":{"name":"(anonymous_1)","decl":{"start":{"line":28,"column":18},"end":{"line":28,"column":19}},"loc":{"start":{"line":28,"column":27},"end":{"line":28,"column":33}},"line":28},"2":{"name":"(anonymous_2)","decl":{"start":{"line":35,"column":4},"end":{"line":35,"column":5}},"loc":{"start":{"line":35,"column":15},"end":{"line":35,"column":46}},"line":35},"3":{"name":"(anonymous_3)","decl":{"start":{"line":41,"column":8},"end":{"line":41,"column":9}},"loc":{"start":{"line":41,"column":18},"end":{"line":41,"column":63}},"line":41},"4":{"name":"(anonymous_4)","decl":{"start":{"line":44,"column":8},"end":{"line":44,"column":9}},"loc":{"start":{"line":44,"column":18},"end":{"line":44,"column":63}},"line":44},"5":{"name":"(anonymous_5)","decl":{"start":{"line":48,"column":45},"end":{"line":48,"column":46}},"loc":{"start":{"line":48,"column":56},"end":{"line":51,"column":3}},"line":48},"6":{"name":"(anonymous_6)","decl":{"start":{"line":50,"column":32},"end":{"line":50,"column":33}},"loc":{"start":{"line":50,"column":44},"end":{"line":50,"column":68}},"line":50}},"branchMap":{"0":{"loc":{"start":{"line":11,"column":2},"end":{"line":13,"column":3}},"type":"if","locations":[{"start":{"line":11,"column":2},"end":{"line":13,"column":3}},{"start":{},"end":{}}],"line":11},"1":{"loc":{"start":{"line":18,"column":2},"end":{"line":20,"column":3}},"type":"if","locations":[{"start":{"line":18,"column":2},"end":{"line":20,"column":3}},{"start":{},"end":{}}],"line":18},"2":{"loc":{"start":{"line":39,"column":23},"end":{"line":45,"column":7}},"type":"cond-expr","locations":[{"start":{"line":40,"column":6},"end":{"line":42,"column":7}},{"start":{"line":43,"column":6},"end":{"line":45,"column":7}}],"line":39},"3":{"loc":{"start":{"line":49,"column":18},"end":{"line":49,"column":35}},"type":"binary-expr","locations":[{"start":{"line":49,"column":18},"end":{"line":49,"column":29}},{"start":{"line":49,"column":33},"end":{"line":49,"column":35}}],"line":49},"4":{"loc":{"start":{"line":53,"column":9},"end":{"line":53,"column":61}},"type":"cond-expr","locations":[{"start":{"line":53,"column":37},"end":{"line":53,"column":54}},{"start":{"line":53,"column":57},"end":{"line":53,"column":61}}],"line":53}},"s":{"0":11,"1":11,"2":1,"3":10,"4":9,"5":1,"6":8,"7":8,"8":8,"9":8,"10":8,"11":8,"12":9,"13":8,"14":1,"15":1,"16":8,"17":9,"18":9,"19":81,"20":8},"f":{"0":11,"1":8,"2":9,"3":1,"4":1,"5":9,"6":81},"b":{"0":[1,10],"1":[1,8],"2":[7,1],"3":[9,1],"4":[6,2]},"_coverageSchema":"1a1c01bbd47fc00a2c39e90264f33305004495a9","hash":"9240f9546d2560383991ff5c0a1b076fc85e10ee"}
,"/Users/mohamedgueye/Documents/Concordia/Winter 2025/SOEN 390/SOEN-_390-Q-QD/ConcordiaMaps/components/EventComponents.js": {"path":"/Users/mohamedgueye/Documents/Concordia/Winter 2025/SOEN 390/SOEN-_390-Q-QD/ConcordiaMaps/components/EventComponents.js","statementMap":{"0":{"start":{"line":9,"column":28},"end":{"line":11,"column":1}},"1":{"start":{"line":10,"column":2},"end":{"line":10,"column":52}},"2":{"start":{"line":14,"column":28},"end":{"line":59,"column":1}},"3":{"start":{"line":20,"column":2},"end":{"line":58,"column":5}},"4":{"start":{"line":62,"column":24},"end":{"line":71,"column":1}},"5":{"start":{"line":63,"column":2},"end":{"line":70,"column":9}}},"fnMap":{"0":{"name":"(anonymous_0)","decl":{"start":{"line":9,"column":28},"end":{"line":9,"column":29}},"loc":{"start":{"line":10,"column":2},"end":{"line":10,"column":52}},"line":10},"1":{"name":"(anonymous_1)","decl":{"start":{"line":14,"column":28},"end":{"line":14,"column":29}},"loc":{"start":{"line":20,"column":2},"end":{"line":58,"column":5}},"line":20},"2":{"name":"(anonymous_2)","decl":{"start":{"line":62,"column":24},"end":{"line":62,"column":25}},"loc":{"start":{"line":63,"column":2},"end":{"line":70,"column":9}},"line":63}},"branchMap":{"0":{"loc":{"start":{"line":31,"column":9},"end":{"line":35,"column":9}},"type":"binary-expr","locations":[{"start":{"line":31,"column":9},"end":{"line":31,"column":23}},{"start":{"line":32,"column":10},"end":{"line":34,"column":17}}],"line":31}},"s":{"0":2,"1":11,"2":2,"3":15,"4":2,"5":5},"f":{"0":11,"1":15,"2":5},"b":{"0":[15,13]},"_coverageSchema":"1a1c01bbd47fc00a2c39e90264f33305004495a9","hash":"b1713ba01a2020c1bcdfd7e08b87f156c22e7b11"}
,"/Users/mohamedgueye/Documents/Concordia/Winter 2025/SOEN 390/SOEN-_390-Q-QD/ConcordiaMaps/components/Footer.js": {"path":"/Users/mohamedgueye/Documents/Concordia/Winter 2025/SOEN 390/SOEN-_390-Q-QD/ConcordiaMaps/components/Footer.js","statementMap":{"0":{"start":{"line":6,"column":2},"end":{"line":6,"column":45}}},"fnMap":{"0":{"name":"Footer","decl":{"start":{"line":5,"column":9},"end":{"line":5,"column":15}},"loc":{"start":{"line":5,"column":18},"end":{"line":7,"column":1}},"line":5}},"branchMap":{},"s":{"0":67},"f":{"0":67},"b":{},"_coverageSchema":"1a1c01bbd47fc00a2c39e90264f33305004495a9","hash":"f2313689031c7a6cbb891b7fcf62922ce7db573e"}
,"/Users/mohamedgueye/Documents/Concordia/Winter 2025/SOEN 390/SOEN-_390-Q-QD/ConcordiaMaps/components/HamburgerButton.js": {"path":"/Users/mohamedgueye/Documents/Concordia/Winter 2025/SOEN 390/SOEN-_390-Q-QD/ConcordiaMaps/components/HamburgerButton.js","statementMap":{"0":{"start":{"line":11,"column":24},"end":{"line":27,"column":1}},"1":{"start":{"line":12,"column":2},"end":{"line":26,"column":4}},"2":{"start":{"line":30,"column":0},"end":{"line":33,"column":2}}},"fnMap":{"0":{"name":"(anonymous_0)","decl":{"start":{"line":11,"column":24},"end":{"line":11,"column":25}},"loc":{"start":{"line":11,"column":55},"end":{"line":27,"column":1}},"line":11}},"branchMap":{"0":{"loc":{"start":{"line":11,"column":36},"end":{"line":11,"column":48}},"type":"default-arg","locations":[{"start":{"line":11,"column":44},"end":{"line":11,"column":48}}],"line":11}},"s":{"0":5,"1":72,"2":5},"f":{"0":72},"b":{"0":[72]},"_coverageSchema":"1a1c01bbd47fc00a2c39e90264f33305004495a9","hash":"5143fa13982c02cfd102ae9ca7fa21a442aedc1e"}
,"/Users/mohamedgueye/Documents/Concordia/Winter 2025/SOEN 390/SOEN-_390-Q-QD/ConcordiaMaps/components/Header.js": {"path":"/Users/mohamedgueye/Documents/Concordia/Winter 2025/SOEN 390/SOEN-_390-Q-QD/ConcordiaMaps/components/Header.js","statementMap":{"0":{"start":{"line":16,"column":30},"end":{"line":16,"column":45}},"1":{"start":{"line":17,"column":22},"end":{"line":17,"column":53}},"2":{"start":{"line":18,"column":21},"end":{"line":18,"column":36}},"3":{"start":{"line":20,"column":21},"end":{"line":27,"column":3}},"4":{"start":{"line":21,"column":20},"end":{"line":21,"column":34}},"5":{"start":{"line":22,"column":4},"end":{"line":26,"column":39}},"6":{"start":{"line":26,"column":19},"end":{"line":26,"column":37}},"7":{"start":{"line":29,"column":22},"end":{"line":31,"column":3}},"8":{"start":{"line":30,"column":4},"end":{"line":30,"column":32}},"9":{"start":{"line":33,"column":30},"end":{"line":35,"column":3}},"10":{"start":{"line":34,"column":4},"end":{"line":34,"column":36}},"11":{"start":{"line":37,"column":21},"end":{"line":40,"column":4}},"12":{"start":{"line":42,"column":2},"end":{"line":65,"column":4}}},"fnMap":{"0":{"name":"Header","decl":{"start":{"line":15,"column":9},"end":{"line":15,"column":15}},"loc":{"start":{"line":15,"column":18},"end":{"line":66,"column":1}},"line":15},"1":{"name":"(anonymous_1)","decl":{"start":{"line":20,"column":21},"end":{"line":20,"column":22}},"loc":{"start":{"line":20,"column":27},"end":{"line":27,"column":3}},"line":20},"2":{"name":"(anonymous_2)","decl":{"start":{"line":26,"column":13},"end":{"line":26,"column":14}},"loc":{"start":{"line":26,"column":19},"end":{"line":26,"column":37}},"line":26},"3":{"name":"(anonymous_3)","decl":{"start":{"line":29,"column":22},"end":{"line":29,"column":23}},"loc":{"start":{"line":29,"column":28},"end":{"line":31,"column":3}},"line":29},"4":{"name":"(anonymous_4)","decl":{"start":{"line":33,"column":30},"end":{"line":33,"column":31}},"loc":{"start":{"line":33,"column":36},"end":{"line":35,"column":3}},"line":33}},"branchMap":{"0":{"loc":{"start":{"line":21,"column":20},"end":{"line":21,"column":34}},"type":"cond-expr","locations":[{"start":{"line":21,"column":29},"end":{"line":21,"column":30}},{"start":{"line":21,"column":33},"end":{"line":21,"column":34}}],"line":21}},"s":{"0":72,"1":72,"2":72,"3":72,"4":0,"5":0,"6":0,"7":72,"8":1,"9":72,"10":1,"11":72,"12":72},"f":{"0":72,"1":0,"2":0,"3":1,"4":1},"b":{"0":[0,0]},"_coverageSchema":"1a1c01bbd47fc00a2c39e90264f33305004495a9","hash":"9ff07afd269fa8a4d6f15f8c7782f7c59f540c59"}
,"/Users/mohamedgueye/Documents/Concordia/Winter 2025/SOEN 390/SOEN-_390-Q-QD/ConcordiaMaps/components/Legend.js": {"path":"/Users/mohamedgueye/Documents/Concordia/Winter 2025/SOEN 390/SOEN-_390-Q-QD/ConcordiaMaps/components/Legend.js","statementMap":{"0":{"start":{"line":5,"column":15},"end":{"line":23,"column":1}},"1":{"start":{"line":6,"column":2},"end":{"line":22,"column":4}}},"fnMap":{"0":{"name":"(anonymous_0)","decl":{"start":{"line":5,"column":15},"end":{"line":5,"column":16}},"loc":{"start":{"line":5,"column":21},"end":{"line":23,"column":1}},"line":5}},"branchMap":{},"s":{"0":2,"1":5},"f":{"0":5},"b":{},"_coverageSchema":"1a1c01bbd47fc00a2c39e90264f33305004495a9","hash":"06269c06ef8c224d2c6571c1ef26295c47a1cb22"}
,"/Users/mohamedgueye/Documents/Concordia/Winter 2025/SOEN 390/SOEN-_390-Q-QD/ConcordiaMaps/components/LiveBusTracker.js": {"path":"/Users/mohamedgueye/Documents/Concordia/Winter 2025/SOEN 390/SOEN-_390-Q-QD/ConcordiaMaps/components/LiveBusTracker.js","statementMap":{"0":{"start":{"line":8,"column":16},"end":{"line":8,"column":48}},"1":{"start":{"line":10,"column":23},"end":{"line":93,"column":1}},"2":{"start":{"line":12,"column":42},"end":{"line":12,"column":54}},"3":{"start":{"line":13,"column":28},"end":{"line":13,"column":42}},"4":{"start":{"line":15,"column":2},"end":{"line":68,"column":9}},"5":{"start":{"line":16,"column":25},"end":{"line":58,"column":5}},"6":{"start":{"line":17,"column":6},"end":{"line":57,"column":7}},"7":{"start":{"line":18,"column":8},"end":{"line":18,"column":23}},"8":{"start":{"line":21,"column":8},"end":{"line":24,"column":10}},"9":{"start":{"line":27,"column":25},"end":{"line":34,"column":9}},"10":{"start":{"line":37,"column":8},"end":{"line":53,"column":9}},"11":{"start":{"line":38,"column":23},"end":{"line":46,"column":75}},"12":{"start":{"line":39,"column":12},"end":{"line":39,"column":39}},"13":{"start":{"line":41,"column":27},"end":{"line":45,"column":13}},"14":{"start":{"line":46,"column":29},"end":{"line":46,"column":74}},"15":{"start":{"line":49,"column":10},"end":{"line":49,"column":32}},"16":{"start":{"line":51,"column":10},"end":{"line":51,"column":63}},"17":{"start":{"line":52,"column":10},"end":{"line":52,"column":50}},"18":{"start":{"line":55,"column":8},"end":{"line":55,"column":57}},"19":{"start":{"line":56,"column":8},"end":{"line":56,"column":57}},"20":{"start":{"line":61,"column":4},"end":{"line":61,"column":19}},"21":{"start":{"line":64,"column":21},"end":{"line":64,"column":53}},"22":{"start":{"line":67,"column":4},"end":{"line":67,"column":41}},"23":{"start":{"line":67,"column":17},"end":{"line":67,"column":40}},"24":{"start":{"line":70,"column":2},"end":{"line":92,"column":4}},"25":{"start":{"line":73,"column":8},"end":{"line":83,"column":17}}},"fnMap":{"0":{"name":"(anonymous_0)","decl":{"start":{"line":10,"column":23},"end":{"line":10,"column":24}},"loc":{"start":{"line":10,"column":29},"end":{"line":93,"column":1}},"line":10},"1":{"name":"(anonymous_1)","decl":{"start":{"line":15,"column":12},"end":{"line":15,"column":13}},"loc":{"start":{"line":15,"column":18},"end":{"line":68,"column":3}},"line":15},"2":{"name":"(anonymous_2)","decl":{"start":{"line":16,"column":25},"end":{"line":16,"column":26}},"loc":{"start":{"line":16,"column":37},"end":{"line":58,"column":5}},"line":16},"3":{"name":"(anonymous_3)","decl":{"start":{"line":38,"column":53},"end":{"line":38,"column":54}},"loc":{"start":{"line":39,"column":12},"end":{"line":39,"column":39}},"line":39},"4":{"name":"(anonymous_4)","decl":{"start":{"line":41,"column":17},"end":{"line":41,"column":18}},"loc":{"start":{"line":41,"column":27},"end":{"line":45,"column":13}},"line":41},"5":{"name":"(anonymous_5)","decl":{"start":{"line":46,"column":20},"end":{"line":46,"column":21}},"loc":{"start":{"line":46,"column":29},"end":{"line":46,"column":74}},"line":46},"6":{"name":"(anonymous_6)","decl":{"start":{"line":67,"column":11},"end":{"line":67,"column":12}},"loc":{"start":{"line":67,"column":17},"end":{"line":67,"column":40}},"line":67},"7":{"name":"(anonymous_7)","decl":{"start":{"line":72,"column":24},"end":{"line":72,"column":25}},"loc":{"start":{"line":73,"column":8},"end":{"line":83,"column":17}},"line":73}},"branchMap":{"0":{"loc":{"start":{"line":37,"column":8},"end":{"line":53,"column":9}},"type":"if","locations":[{"start":{"line":37,"column":8},"end":{"line":53,"column":9}},{"start":{"line":50,"column":15},"end":{"line":53,"column":9}}],"line":37},"1":{"loc":{"start":{"line":46,"column":29},"end":{"line":46,"column":74}},"type":"binary-expr","locations":[{"start":{"line":46,"column":29},"end":{"line":46,"column":49}},{"start":{"line":46,"column":53},"end":{"line":46,"column":74}}],"line":46},"2":{"loc":{"start":{"line":86,"column":7},"end":{"line":90,"column":7}},"type":"binary-expr","locations":[{"start":{"line":86,"column":7},"end":{"line":86,"column":12}},{"start":{"line":87,"column":8},"end":{"line":89,"column":15}}],"line":86}},"s":{"0":2,"1":2,"2":6,"3":6,"4":6,"5":3,"6":3,"7":3,"8":3,"9":2,"10":2,"11":1,"12":2,"13":2,"14":2,"15":1,"16":1,"17":1,"18":1,"19":1,"20":3,"21":3,"22":3,"23":3,"24":6,"25":2},"f":{"0":6,"1":3,"2":3,"3":2,"4":2,"5":2,"6":3,"7":2},"b":{"0":[1,1],"1":[2,2],"2":[6,2]},"_coverageSchema":"1a1c01bbd47fc00a2c39e90264f33305004495a9","hash":"165dc414795fbed04b1a83a2f4b360edfd0b61c4"}
,"/Users/mohamedgueye/Documents/Concordia/Winter 2025/SOEN 390/SOEN-_390-Q-QD/ConcordiaMaps/components/MapMarkers.js": {"path":"/Users/mohamedgueye/Documents/Concordia/Winter 2025/SOEN 390/SOEN-_390-Q-QD/ConcordiaMaps/components/MapMarkers.js","statementMap":{"0":{"start":{"line":7,"column":26},"end":{"line":7,"column":58}},"1":{"start":{"line":9,"column":19},"end":{"line":54,"column":1}},"2":{"start":{"line":10,"column":42},"end":{"line":10,"column":57}},"3":{"start":{"line":11,"column":36},"end":{"line":11,"column":50}},"4":{"start":{"line":13,"column":2},"end":{"line":13,"column":52}},"5":{"start":{"line":13,"column":40},"end":{"line":13,"column":52}},"6":{"start":{"line":15,"column":28},"end":{"line":18,"column":3}},"7":{"start":{"line":16,"column":4},"end":{"line":16,"column":25}},"8":{"start":{"line":17,"column":4},"end":{"line":17,"column":26}},"9":{"start":{"line":20,"column":21},"end":{"line":23,"column":3}},"10":{"start":{"line":21,"column":4},"end":{"line":21,"column":27}},"11":{"start":{"line":22,"column":4},"end":{"line":22,"column":23}},"12":{"start":{"line":25,"column":2},"end":{"line":53,"column":4}},"13":{"start":{"line":28,"column":8},"end":{"line":44,"column":17}},"14":{"start":{"line":34,"column":25},"end":{"line":34,"column":50}},"15":{"start":{"line":56,"column":15},"end":{"line":75,"column":2}},"16":{"start":{"line":77,"column":0},"end":{"line":87,"column":2}}},"fnMap":{"0":{"name":"(anonymous_0)","decl":{"start":{"line":9,"column":19},"end":{"line":9,"column":20}},"loc":{"start":{"line":9,"column":36},"end":{"line":54,"column":1}},"line":9},"1":{"name":"(anonymous_1)","decl":{"start":{"line":15,"column":28},"end":{"line":15,"column":29}},"loc":{"start":{"line":15,"column":40},"end":{"line":18,"column":3}},"line":15},"2":{"name":"(anonymous_2)","decl":{"start":{"line":20,"column":21},"end":{"line":20,"column":22}},"loc":{"start":{"line":20,"column":27},"end":{"line":23,"column":3}},"line":20},"3":{"name":"(anonymous_3)","decl":{"start":{"line":27,"column":19},"end":{"line":27,"column":20}},"loc":{"start":{"line":28,"column":8},"end":{"line":44,"column":17}},"line":28},"4":{"name":"(anonymous_4)","decl":{"start":{"line":34,"column":19},"end":{"line":34,"column":20}},"loc":{"start":{"line":34,"column":25},"end":{"line":34,"column":50}},"line":34}},"branchMap":{"0":{"loc":{"start":{"line":13,"column":2},"end":{"line":13,"column":52}},"type":"if","locations":[{"start":{"line":13,"column":2},"end":{"line":13,"column":52}},{"start":{},"end":{}}],"line":13},"1":{"loc":{"start":{"line":13,"column":6},"end":{"line":13,"column":38}},"type":"binary-expr","locations":[{"start":{"line":13,"column":6},"end":{"line":13,"column":14}},{"start":{"line":13,"column":18},"end":{"line":13,"column":38}}],"line":13}},"s":{"0":1,"1":1,"2":5,"3":5,"4":5,"5":1,"6":4,"7":1,"8":1,"9":4,"10":0,"11":0,"12":4,"13":4,"14":1,"15":1,"16":1},"f":{"0":5,"1":1,"2":0,"3":4,"4":1},"b":{"0":[1,4],"1":[5,5]},"_coverageSchema":"1a1c01bbd47fc00a2c39e90264f33305004495a9","hash":"ab9dab0450db3f4f4ba090bb89e84e3dfbc095fd"}
,"/Users/mohamedgueye/Documents/Concordia/Winter 2025/SOEN 390/SOEN-_390-Q-QD/ConcordiaMaps/components/NavBar.js": {"path":"/Users/mohamedgueye/Documents/Concordia/Winter 2025/SOEN 390/SOEN-_390-Q-QD/ConcordiaMaps/components/NavBar.js","statementMap":{"0":{"start":{"line":10,"column":17},"end":{"line":14,"column":1}},"1":{"start":{"line":11,"column":2},"end":{"line":13,"column":21}},"2":{"start":{"line":16,"column":0},"end":{"line":22,"column":2}},"3":{"start":{"line":25,"column":30},"end":{"line":25,"column":45}},"4":{"start":{"line":26,"column":52},"end":{"line":26,"column":67}},"5":{"start":{"line":27,"column":20},"end":{"line":27,"column":54}},"6":{"start":{"line":28,"column":21},"end":{"line":28,"column":36}},"7":{"start":{"line":30,"column":21},"end":{"line":37,"column":3}},"8":{"start":{"line":31,"column":20},"end":{"line":31,"column":34}},"9":{"start":{"line":32,"column":4},"end":{"line":36,"column":39}},"10":{"start":{"line":36,"column":19},"end":{"line":36,"column":37}},"11":{"start":{"line":40,"column":20},"end":{"line":67,"column":4}},"12":{"start":{"line":44,"column":4},"end":{"line":61,"column":5}},"13":{"start":{"line":46,"column":8},"end":{"line":46,"column":56}},"14":{"start":{"line":46,"column":23},"end":{"line":46,"column":55}},"15":{"start":{"line":47,"column":8},"end":{"line":47,"column":14}},"16":{"start":{"line":49,"column":8},"end":{"line":49,"column":65}},"17":{"start":{"line":49,"column":23},"end":{"line":49,"column":64}},"18":{"start":{"line":50,"column":8},"end":{"line":50,"column":14}},"19":{"start":{"line":53,"column":8},"end":{"line":57,"column":9}},"20":{"start":{"line":54,"column":10},"end":{"line":54,"column":52}},"21":{"start":{"line":54,"column":25},"end":{"line":54,"column":51}},"22":{"start":{"line":56,"column":10},"end":{"line":56,"column":73}},"23":{"start":{"line":56,"column":25},"end":{"line":56,"column":72}},"24":{"start":{"line":58,"column":8},"end":{"line":58,"column":14}},"25":{"start":{"line":60,"column":8},"end":{"line":60,"column":75}},"26":{"start":{"line":60,"column":23},"end":{"line":60,"column":74}},"27":{"start":{"line":63,"column":4},"end":{"line":66,"column":6}},"28":{"start":{"line":69,"column":21},"end":{"line":72,"column":4}},"29":{"start":{"line":74,"column":2},"end":{"line":98,"column":4}},"30":{"start":{"line":88,"column":10},"end":{"line":88,"column":48}},"31":{"start":{"line":95,"column":23},"end":{"line":95,"column":50}}},"fnMap":{"0":{"name":"(anonymous_0)","decl":{"start":{"line":10,"column":17},"end":{"line":10,"column":18}},"loc":{"start":{"line":11,"column":2},"end":{"line":13,"column":21}},"line":11},"1":{"name":"NavBar","decl":{"start":{"line":24,"column":9},"end":{"line":24,"column":15}},"loc":{"start":{"line":24,"column":18},"end":{"line":99,"column":1}},"line":24},"2":{"name":"(anonymous_2)","decl":{"start":{"line":30,"column":21},"end":{"line":30,"column":22}},"loc":{"start":{"line":30,"column":27},"end":{"line":37,"column":3}},"line":30},"3":{"name":"(anonymous_3)","decl":{"start":{"line":36,"column":13},"end":{"line":36,"column":14}},"loc":{"start":{"line":36,"column":19},"end":{"line":36,"column":37}},"line":36},"4":{"name":"(anonymous_4)","decl":{"start":{"line":40,"column":40},"end":{"line":40,"column":41}},"loc":{"start":{"line":40,"column":50},"end":{"line":67,"column":3}},"line":40},"5":{"name":"(anonymous_5)","decl":{"start":{"line":46,"column":17},"end":{"line":46,"column":18}},"loc":{"start":{"line":46,"column":23},"end":{"line":46,"column":55}},"line":46},"6":{"name":"(anonymous_6)","decl":{"start":{"line":49,"column":17},"end":{"line":49,"column":18}},"loc":{"start":{"line":49,"column":23},"end":{"line":49,"column":64}},"line":49},"7":{"name":"(anonymous_7)","decl":{"start":{"line":54,"column":19},"end":{"line":54,"column":20}},"loc":{"start":{"line":54,"column":25},"end":{"line":54,"column":51}},"line":54},"8":{"name":"(anonymous_8)","decl":{"start":{"line":56,"column":19},"end":{"line":56,"column":20}},"loc":{"start":{"line":56,"column":25},"end":{"line":56,"column":72}},"line":56},"9":{"name":"(anonymous_9)","decl":{"start":{"line":60,"column":17},"end":{"line":60,"column":18}},"loc":{"start":{"line":60,"column":23},"end":{"line":60,"column":74}},"line":60},"10":{"name":"(anonymous_10)","decl":{"start":{"line":87,"column":23},"end":{"line":87,"column":24}},"loc":{"start":{"line":88,"column":10},"end":{"line":88,"column":48}},"line":88},"11":{"name":"(anonymous_11)","decl":{"start":{"line":95,"column":17},"end":{"line":95,"column":18}},"loc":{"start":{"line":95,"column":23},"end":{"line":95,"column":50}},"line":95}},"branchMap":{"0":{"loc":{"start":{"line":31,"column":20},"end":{"line":31,"column":34}},"type":"cond-expr","locations":[{"start":{"line":31,"column":29},"end":{"line":31,"column":30}},{"start":{"line":31,"column":33},"end":{"line":31,"column":34}}],"line":31},"1":{"loc":{"start":{"line":44,"column":4},"end":{"line":61,"column":5}},"type":"switch","locations":[{"start":{"line":45,"column":6},"end":{"line":47,"column":14}},{"start":{"line":48,"column":6},"end":{"line":50,"column":14}},{"start":{"line":51,"column":6},"end":{"line":58,"column":14}},{"start":{"line":59,"column":6},"end":{"line":60,"column":75}}],"line":44},"2":{"loc":{"start":{"line":53,"column":8},"end":{"line":57,"column":9}},"type":"if","locations":[{"start":{"line":53,"column":8},"end":{"line":57,"column":9}},{"start":{"line":55,"column":15},"end":{"line":57,"column":9}}],"line":53}},"s":{"0":6,"1":1192,"2":6,"3":149,"4":149,"5":149,"6":149,"7":149,"8":1,"9":1,"10":1,"11":149,"12":1192,"13":745,"14":1,"15":745,"16":298,"17":1,"18":298,"19":149,"20":149,"21":2,"22":0,"23":0,"24":149,"25":0,"26":0,"27":1192,"28":149,"29":149,"30":1192,"31":1},"f":{"0":1192,"1":149,"2":1,"3":1,"4":1192,"5":1,"6":1,"7":2,"8":0,"9":0,"10":1192,"11":1},"b":{"0":[0,1],"1":[745,298,149,0],"2":[149,0]},"_coverageSchema":"1a1c01bbd47fc00a2c39e90264f33305004495a9","hash":"69f3714e0b5f58e46ceeb8d277248a216b5e97cf"}
,"/Users/mohamedgueye/Documents/Concordia/Winter 2025/SOEN 390/SOEN-_390-Q-QD/ConcordiaMaps/components/NextEventModal.js": {"path":"/Users/mohamedgueye/Documents/Concordia/Winter 2025/SOEN 390/SOEN-_390-Q-QD/ConcordiaMaps/components/NextEventModal.js","statementMap":{"0":{"start":{"line":9,"column":23},"end":{"line":96,"column":1}},"1":{"start":{"line":10,"column":36},"end":{"line":10,"column":50}},"2":{"start":{"line":11,"column":32},"end":{"line":11,"column":46}},"3":{"start":{"line":12,"column":44},"end":{"line":12,"column":55}},"4":{"start":{"line":13,"column":21},"end":{"line":13,"column":36}},"5":{"start":{"line":15,"column":2},"end":{"line":19,"column":18}},"6":{"start":{"line":16,"column":4},"end":{"line":18,"column":5}},"7":{"start":{"line":17,"column":6},"end":{"line":17,"column":23}},"8":{"start":{"line":21,"column":2},"end":{"line":29,"column":33}},"9":{"start":{"line":23,"column":4},"end":{"line":27,"column":5}},"10":{"start":{"line":24,"column":6},"end":{"line":26,"column":15}},"11":{"start":{"line":25,"column":8},"end":{"line":25,"column":53}},"12":{"start":{"line":25,"column":39},"end":{"line":25,"column":51}},"13":{"start":{"line":28,"column":4},"end":{"line":28,"column":43}},"14":{"start":{"line":28,"column":17},"end":{"line":28,"column":42}},"15":{"start":{"line":31,"column":25},"end":{"line":44,"column":3}},"16":{"start":{"line":32,"column":4},"end":{"line":32,"column":21}},"17":{"start":{"line":33,"column":4},"end":{"line":42,"column":5}},"18":{"start":{"line":34,"column":20},"end":{"line":34,"column":40}},"19":{"start":{"line":35,"column":6},"end":{"line":35,"column":26}},"20":{"start":{"line":37,"column":6},"end":{"line":41,"column":7}},"21":{"start":{"line":38,"column":8},"end":{"line":38,"column":55}},"22":{"start":{"line":40,"column":8},"end":{"line":40,"column":59}},"23":{"start":{"line":43,"column":4},"end":{"line":43,"column":22}},"24":{"start":{"line":46,"column":2},"end":{"line":56,"column":18}},"25":{"start":{"line":47,"column":4},"end":{"line":55,"column":5}},"26":{"start":{"line":48,"column":29},"end":{"line":48,"column":68}},"27":{"start":{"line":49,"column":26},"end":{"line":49,"column":36}},"28":{"start":{"line":50,"column":28},"end":{"line":53,"column":7}},"29":{"start":{"line":54,"column":6},"end":{"line":54,"column":38}},"30":{"start":{"line":58,"column":30},"end":{"line":70,"column":3}},"31":{"start":{"line":59,"column":26},"end":{"line":62,"column":5}},"32":{"start":{"line":63,"column":24},"end":{"line":63,"column":42}},"33":{"start":{"line":64,"column":4},"end":{"line":64,"column":14}},"34":{"start":{"line":65,"column":4},"end":{"line":69,"column":7}},"35":{"start":{"line":72,"column":24},"end":{"line":84,"column":3}},"36":{"start":{"line":73,"column":4},"end":{"line":73,"column":41}},"37":{"start":{"line":73,"column":17},"end":{"line":73,"column":41}},"38":{"start":{"line":74,"column":4},"end":{"line":82,"column":8}},"39":{"start":{"line":75,"column":6},"end":{"line":82,"column":8}},"40":{"start":{"line":83,"column":4},"end":{"line":83,"column":42}},"41":{"start":{"line":86,"column":2},"end":{"line":95,"column":4}},"42":{"start":{"line":98,"column":0},"end":{"line":101,"column":2}}},"fnMap":{"0":{"name":"(anonymous_0)","decl":{"start":{"line":9,"column":23},"end":{"line":9,"column":24}},"loc":{"start":{"line":9,"column":51},"end":{"line":96,"column":1}},"line":9},"1":{"name":"(anonymous_1)","decl":{"start":{"line":15,"column":12},"end":{"line":15,"column":13}},"loc":{"start":{"line":15,"column":18},"end":{"line":19,"column":3}},"line":15},"2":{"name":"(anonymous_2)","decl":{"start":{"line":21,"column":12},"end":{"line":21,"column":13}},"loc":{"start":{"line":21,"column":18},"end":{"line":29,"column":3}},"line":21},"3":{"name":"(anonymous_3)","decl":{"start":{"line":24,"column":31},"end":{"line":24,"column":32}},"loc":{"start":{"line":24,"column":37},"end":{"line":26,"column":7}},"line":24},"4":{"name":"(anonymous_4)","decl":{"start":{"line":25,"column":25},"end":{"line":25,"column":26}},"loc":{"start":{"line":25,"column":39},"end":{"line":25,"column":51}},"line":25},"5":{"name":"(anonymous_5)","decl":{"start":{"line":28,"column":11},"end":{"line":28,"column":12}},"loc":{"start":{"line":28,"column":17},"end":{"line":28,"column":42}},"line":28},"6":{"name":"(anonymous_6)","decl":{"start":{"line":31,"column":25},"end":{"line":31,"column":26}},"loc":{"start":{"line":31,"column":37},"end":{"line":44,"column":3}},"line":31},"7":{"name":"(anonymous_7)","decl":{"start":{"line":46,"column":12},"end":{"line":46,"column":13}},"loc":{"start":{"line":46,"column":18},"end":{"line":56,"column":3}},"line":46},"8":{"name":"(anonymous_8)","decl":{"start":{"line":58,"column":30},"end":{"line":58,"column":31}},"loc":{"start":{"line":58,"column":42},"end":{"line":70,"column":3}},"line":58},"9":{"name":"(anonymous_9)","decl":{"start":{"line":72,"column":24},"end":{"line":72,"column":25}},"loc":{"start":{"line":72,"column":30},"end":{"line":84,"column":3}},"line":72}},"branchMap":{"0":{"loc":{"start":{"line":16,"column":4},"end":{"line":18,"column":5}},"type":"if","locations":[{"start":{"line":16,"column":4},"end":{"line":18,"column":5}},{"start":{},"end":{}}],"line":16},"1":{"loc":{"start":{"line":23,"column":4},"end":{"line":27,"column":5}},"type":"if","locations":[{"start":{"line":23,"column":4},"end":{"line":27,"column":5}},{"start":{},"end":{}}],"line":23},"2":{"loc":{"start":{"line":23,"column":8},"end":{"line":23,"column":38}},"type":"binary-expr","locations":[{"start":{"line":23,"column":8},"end":{"line":23,"column":17}},{"start":{"line":23,"column":21},"end":{"line":23,"column":38}}],"line":23},"3":{"loc":{"start":{"line":37,"column":6},"end":{"line":41,"column":7}},"type":"if","locations":[{"start":{"line":37,"column":6},"end":{"line":41,"column":7}},{"start":{"line":39,"column":13},"end":{"line":41,"column":7}}],"line":37},"4":{"loc":{"start":{"line":47,"column":4},"end":{"line":55,"column":5}},"type":"if","locations":[{"start":{"line":47,"column":4},"end":{"line":55,"column":5}},{"start":{},"end":{}}],"line":47},"5":{"loc":{"start":{"line":73,"column":4},"end":{"line":73,"column":41}},"type":"if","locations":[{"start":{"line":73,"column":4},"end":{"line":73,"column":41}},{"start":{},"end":{}}],"line":73},"6":{"loc":{"start":{"line":74,"column":4},"end":{"line":82,"column":8}},"type":"if","locations":[{"start":{"line":74,"column":4},"end":{"line":82,"column":8}},{"start":{},"end":{}}],"line":74}},"s":{"0":2,"1":38,"2":38,"3":38,"4":38,"5":38,"6":14,"7":11,"8":38,"9":29,"10":9,"11":5,"12":5,"13":29,"14":29,"15":38,"16":11,"17":11,"18":11,"19":9,"20":2,"21":1,"22":1,"23":11,"24":38,"25":20,"26":6,"27":6,"28":6,"29":6,"30":38,"31":3,"32":3,"33":3,"34":3,"35":38,"36":38,"37":18,"38":20,"39":15,"40":5,"41":38,"42":2},"f":{"0":38,"1":14,"2":29,"3":5,"4":5,"5":29,"6":11,"7":20,"8":3,"9":38},"b":{"0":[11,3],"1":[9,20],"2":[29,15],"3":[1,1],"4":[6,14],"5":[18,20],"6":[15,5]},"_coverageSchema":"1a1c01bbd47fc00a2c39e90264f33305004495a9","hash":"86966083f62955409a6b07e38251d30b973f165c"}
,"/Users/mohamedgueye/Documents/Concordia/Winter 2025/SOEN 390/SOEN-_390-Q-QD/ConcordiaMaps/components/PopupModal.js": {"path":"/Users/mohamedgueye/Documents/Concordia/Winter 2025/SOEN 390/SOEN-_390-Q-QD/ConcordiaMaps/components/PopupModal.js","statementMap":{"0":{"start":{"line":7,"column":36},"end":{"line":14,"column":1}},"1":{"start":{"line":16,"column":19},"end":{"line":97,"column":1}},"2":{"start":{"line":17,"column":23},"end":{"line":17,"column":73}},"3":{"start":{"line":19,"column":41},"end":{"line":28,"column":3}},"4":{"start":{"line":20,"column":4},"end":{"line":20,"column":14}},"5":{"start":{"line":22,"column":4},"end":{"line":27,"column":7}},"6":{"start":{"line":30,"column":30},"end":{"line":37,"column":3}},"7":{"start":{"line":31,"column":4},"end":{"line":31,"column":14}},"8":{"start":{"line":33,"column":4},"end":{"line":36,"column":7}},"9":{"start":{"line":40,"column":30},"end":{"line":40,"column":78}},"10":{"start":{"line":42,"column":2},"end":{"line":96,"column":4}},"11":{"start":{"line":62,"column":29},"end":{"line":62,"column":61}},"12":{"start":{"line":99,"column":0},"end":{"line":113,"column":2}},"13":{"start":{"line":117,"column":0},"end":{"line":130,"column":2}}},"fnMap":{"0":{"name":"(anonymous_0)","decl":{"start":{"line":16,"column":19},"end":{"line":16,"column":20}},"loc":{"start":{"line":16,"column":65},"end":{"line":97,"column":1}},"line":16},"1":{"name":"(anonymous_1)","decl":{"start":{"line":19,"column":41},"end":{"line":19,"column":42}},"loc":{"start":{"line":19,"column":47},"end":{"line":28,"column":3}},"line":19},"2":{"name":"(anonymous_2)","decl":{"start":{"line":30,"column":30},"end":{"line":30,"column":31}},"loc":{"start":{"line":30,"column":36},"end":{"line":37,"column":3}},"line":30},"3":{"name":"(anonymous_3)","decl":{"start":{"line":62,"column":23},"end":{"line":62,"column":24}},"loc":{"start":{"line":62,"column":29},"end":{"line":62,"column":61}},"line":62}},"branchMap":{"0":{"loc":{"start":{"line":40,"column":30},"end":{"line":40,"column":78}},"type":"binary-expr","locations":[{"start":{"line":40,"column":30},"end":{"line":40,"column":34}},{"start":{"line":40,"column":38},"end":{"line":40,"column":78}}],"line":40},"1":{"loc":{"start":{"line":68,"column":13},"end":{"line":74,"column":13}},"type":"binary-expr","locations":[{"start":{"line":68,"column":13},"end":{"line":68,"column":32}},{"start":{"line":69,"column":14},"end":{"line":73,"column":33}}],"line":68},"2":{"loc":{"start":{"line":77,"column":11},"end":{"line":92,"column":11}},"type":"binary-expr","locations":[{"start":{"line":77,"column":11},"end":{"line":83,"column":32}},{"start":{"line":84,"column":12},"end":{"line":91,"column":31}}],"line":77}},"s":{"0":3,"1":3,"2":16,"3":16,"4":0,"5":0,"6":16,"7":1,"8":1,"9":16,"10":16,"11":0,"12":3,"13":3},"f":{"0":16,"1":0,"2":1,"3":0},"b":{"0":[16,16],"1":[16,1],"2":[16,10]},"_coverageSchema":"1a1c01bbd47fc00a2c39e90264f33305004495a9","hash":"9f12db1e3871269be1f8e62ccf637ceaffa46182"}
,"/Users/mohamedgueye/Documents/Concordia/Winter 2025/SOEN 390/SOEN-_390-Q-QD/ConcordiaMaps/components/PopupOPI.js": {"path":"/Users/mohamedgueye/Documents/Concordia/Winter 2025/SOEN 390/SOEN-_390-Q-QD/ConcordiaMaps/components/PopupOPI.js","statementMap":{"0":{"start":{"line":6,"column":21},"end":{"line":6,"column":43}},"1":{"start":{"line":7,"column":24},"end":{"line":7,"column":47}},"2":{"start":{"line":9,"column":17},"end":{"line":49,"column":1}},"3":{"start":{"line":10,"column":61},"end":{"line":10,"column":65}},"4":{"start":{"line":11,"column":41},"end":{"line":20,"column":3}},"5":{"start":{"line":12,"column":4},"end":{"line":12,"column":14}},"6":{"start":{"line":14,"column":4},"end":{"line":19,"column":7}},"7":{"start":{"line":21,"column":2},"end":{"line":48,"column":4}},"8":{"start":{"line":40,"column":29},"end":{"line":40,"column":61}},"9":{"start":{"line":51,"column":0},"end":{"line":61,"column":2}}},"fnMap":{"0":{"name":"(anonymous_0)","decl":{"start":{"line":9,"column":17},"end":{"line":9,"column":18}},"loc":{"start":{"line":9,"column":68},"end":{"line":49,"column":1}},"line":9},"1":{"name":"(anonymous_1)","decl":{"start":{"line":11,"column":41},"end":{"line":11,"column":42}},"loc":{"start":{"line":11,"column":47},"end":{"line":20,"column":3}},"line":11},"2":{"name":"(anonymous_2)","decl":{"start":{"line":40,"column":23},"end":{"line":40,"column":24}},"loc":{"start":{"line":40,"column":29},"end":{"line":40,"column":61}},"line":40}},"branchMap":{"0":{"loc":{"start":{"line":9,"column":31},"end":{"line":9,"column":40}},"type":"default-arg","locations":[{"start":{"line":9,"column":38},"end":{"line":9,"column":40}}],"line":9},"1":{"loc":{"start":{"line":10,"column":10},"end":{"line":10,"column":29}},"type":"default-arg","locations":[{"start":{"line":10,"column":17},"end":{"line":10,"column":29}}],"line":10},"2":{"loc":{"start":{"line":10,"column":31},"end":{"line":10,"column":56}},"type":"default-arg","locations":[{"start":{"line":10,"column":41},"end":{"line":10,"column":56}}],"line":10}},"s":{"0":3,"1":3,"2":3,"3":40,"4":40,"5":0,"6":0,"7":40,"8":0,"9":3},"f":{"0":40,"1":0,"2":0},"b":{"0":[1],"1":[2],"2":[2]},"_coverageSchema":"1a1c01bbd47fc00a2c39e90264f33305004495a9","hash":"c308fa4cb2a497720e9fb218533116253ca48ff2"}
,"/Users/mohamedgueye/Documents/Concordia/Winter 2025/SOEN 390/SOEN-_390-Q-QD/ConcordiaMaps/components/ShuttleSchedule.js": {"path":"/Users/mohamedgueye/Documents/Concordia/Winter 2025/SOEN 390/SOEN-_390-Q-QD/ConcordiaMaps/components/ShuttleSchedule.js","statementMap":{"0":{"start":{"line":6,"column":18},"end":{"line":131,"column":1}},"1":{"start":{"line":134,"column":23},"end":{"line":177,"column":1}},"2":{"start":{"line":135,"column":14},"end":{"line":135,"column":24}},"3":{"start":{"line":136,"column":22},"end":{"line":136,"column":60}},"4":{"start":{"line":138,"column":2},"end":{"line":174,"column":3}},"5":{"start":{"line":140,"column":4},"end":{"line":143,"column":5}},"6":{"start":{"line":141,"column":6},"end":{"line":141,"column":59}},"7":{"start":{"line":142,"column":6},"end":{"line":142,"column":15}},"8":{"start":{"line":146,"column":22},"end":{"line":146,"column":64}},"9":{"start":{"line":149,"column":4},"end":{"line":149,"column":29}},"10":{"start":{"line":149,"column":20},"end":{"line":149,"column":29}},"11":{"start":{"line":151,"column":37},"end":{"line":151,"column":46}},"12":{"start":{"line":152,"column":22},"end":{"line":152,"column":40}},"13":{"start":{"line":153,"column":26},"end":{"line":153,"column":46}},"14":{"start":{"line":156,"column":4},"end":{"line":165,"column":5}},"15":{"start":{"line":164,"column":6},"end":{"line":164,"column":15}},"16":{"start":{"line":168,"column":4},"end":{"line":168,"column":65}},"17":{"start":{"line":168,"column":47},"end":{"line":168,"column":65}},"18":{"start":{"line":169,"column":4},"end":{"line":169,"column":63}},"19":{"start":{"line":169,"column":47},"end":{"line":169,"column":63}},"20":{"start":{"line":171,"column":24},"end":{"line":171,"column":56}},"21":{"start":{"line":173,"column":4},"end":{"line":173,"column":47}},"22":{"start":{"line":173,"column":35},"end":{"line":173,"column":47}},"23":{"start":{"line":176,"column":2},"end":{"line":176,"column":34}},"24":{"start":{"line":180,"column":40},"end":{"line":180,"column":52}},"25":{"start":{"line":181,"column":46},"end":{"line":181,"column":61}},"26":{"start":{"line":182,"column":50},"end":{"line":182,"column":69}},"27":{"start":{"line":185,"column":2},"end":{"line":213,"column":34}},"28":{"start":{"line":187,"column":39},"end":{"line":209,"column":7}},"29":{"start":{"line":188,"column":20},"end":{"line":188,"column":39}},"30":{"start":{"line":191,"column":8},"end":{"line":194,"column":9}},"31":{"start":{"line":192,"column":10},"end":{"line":192,"column":59}},"32":{"start":{"line":193,"column":10},"end":{"line":193,"column":17}},"33":{"start":{"line":197,"column":25},"end":{"line":197,"column":34}},"34":{"start":{"line":198,"column":36},"end":{"line":198,"column":67}},"35":{"start":{"line":201,"column":8},"end":{"line":203,"column":9}},"36":{"start":{"line":202,"column":10},"end":{"line":202,"column":51}},"37":{"start":{"line":206,"column":8},"end":{"line":208,"column":10}},"38":{"start":{"line":212,"column":6},"end":{"line":212,"column":33}},"39":{"start":{"line":216,"column":19},"end":{"line":216,"column":62}},"40":{"start":{"line":219,"column":25},"end":{"line":219,"column":27}},"41":{"start":{"line":220,"column":2},"end":{"line":222,"column":3}},"42":{"start":{"line":220,"column":15},"end":{"line":220,"column":16}},"43":{"start":{"line":221,"column":4},"end":{"line":221,"column":50}},"44":{"start":{"line":224,"column":2},"end":{"line":316,"column":4}},"45":{"start":{"line":246,"column":29},"end":{"line":246,"column":53}},"46":{"start":{"line":255,"column":29},"end":{"line":255,"column":56}},"47":{"start":{"line":269,"column":29},"end":{"line":269,"column":59}},"48":{"start":{"line":278,"column":29},"end":{"line":278,"column":58}},"49":{"start":{"line":289,"column":16},"end":{"line":301,"column":23}},"50":{"start":{"line":291,"column":20},"end":{"line":299,"column":27}},"51":{"start":{"line":319,"column":15},"end":{"line":407,"column":2}},"52":{"start":{"line":409,"column":0},"end":{"line":412,"column":2}}},"fnMap":{"0":{"name":"(anonymous_0)","decl":{"start":{"line":134,"column":23},"end":{"line":134,"column":24}},"loc":{"start":{"line":134,"column":37},"end":{"line":177,"column":1}},"line":134},"1":{"name":"ShuttleSchedule","decl":{"start":{"line":179,"column":9},"end":{"line":179,"column":24}},"loc":{"start":{"line":179,"column":47},"end":{"line":317,"column":1}},"line":179},"2":{"name":"(anonymous_2)","decl":{"start":{"line":185,"column":12},"end":{"line":185,"column":13}},"loc":{"start":{"line":186,"column":4},"end":{"line":213,"column":5}},"line":186},"3":{"name":"(anonymous_3)","decl":{"start":{"line":187,"column":39},"end":{"line":187,"column":40}},"loc":{"start":{"line":187,"column":45},"end":{"line":209,"column":7}},"line":187},"4":{"name":"(anonymous_4)","decl":{"start":{"line":246,"column":23},"end":{"line":246,"column":24}},"loc":{"start":{"line":246,"column":29},"end":{"line":246,"column":53}},"line":246},"5":{"name":"(anonymous_5)","decl":{"start":{"line":255,"column":23},"end":{"line":255,"column":24}},"loc":{"start":{"line":255,"column":29},"end":{"line":255,"column":56}},"line":255},"6":{"name":"(anonymous_6)","decl":{"start":{"line":269,"column":23},"end":{"line":269,"column":24}},"loc":{"start":{"line":269,"column":29},"end":{"line":269,"column":59}},"line":269},"7":{"name":"(anonymous_7)","decl":{"start":{"line":278,"column":23},"end":{"line":278,"column":24}},"loc":{"start":{"line":278,"column":29},"end":{"line":278,"column":58}},"line":278},"8":{"name":"(anonymous_8)","decl":{"start":{"line":288,"column":34},"end":{"line":288,"column":35}},"loc":{"start":{"line":289,"column":16},"end":{"line":301,"column":23}},"line":289},"9":{"name":"(anonymous_9)","decl":{"start":{"line":290,"column":29},"end":{"line":290,"column":30}},"loc":{"start":{"line":291,"column":20},"end":{"line":299,"column":27}},"line":291}},"branchMap":{"0":{"loc":{"start":{"line":140,"column":4},"end":{"line":143,"column":5}},"type":"if","locations":[{"start":{"line":140,"column":4},"end":{"line":143,"column":5}},{"start":{},"end":{}}],"line":140},"1":{"loc":{"start":{"line":140,"column":8},"end":{"line":140,"column":49}},"type":"binary-expr","locations":[{"start":{"line":140,"column":8},"end":{"line":140,"column":21}},{"start":{"line":140,"column":25},"end":{"line":140,"column":49}}],"line":140},"2":{"loc":{"start":{"line":149,"column":4},"end":{"line":149,"column":29}},"type":"if","locations":[{"start":{"line":149,"column":4},"end":{"line":149,"column":29}},{"start":{},"end":{}}],"line":149},"3":{"loc":{"start":{"line":156,"column":4},"end":{"line":165,"column":5}},"type":"if","locations":[{"start":{"line":156,"column":4},"end":{"line":165,"column":5}},{"start":{},"end":{}}],"line":156},"4":{"loc":{"start":{"line":157,"column":6},"end":{"line":162,"column":24}},"type":"binary-expr","locations":[{"start":{"line":157,"column":6},"end":{"line":157,"column":24}},{"start":{"line":158,"column":6},"end":{"line":158,"column":26}},{"start":{"line":159,"column":6},"end":{"line":159,"column":21}},{"start":{"line":160,"column":6},"end":{"line":160,"column":22}},{"start":{"line":161,"column":6},"end":{"line":161,"column":23}},{"start":{"line":162,"column":6},"end":{"line":162,"column":24}}],"line":157},"5":{"loc":{"start":{"line":168,"column":4},"end":{"line":168,"column":65}},"type":"if","locations":[{"start":{"line":168,"column":4},"end":{"line":168,"column":65}},{"start":{},"end":{}}],"line":168},"6":{"loc":{"start":{"line":168,"column":8},"end":{"line":168,"column":45}},"type":"binary-expr","locations":[{"start":{"line":168,"column":8},"end":{"line":168,"column":23}},{"start":{"line":168,"column":27},"end":{"line":168,"column":45}}],"line":168},"7":{"loc":{"start":{"line":169,"column":4},"end":{"line":169,"column":63}},"type":"if","locations":[{"start":{"line":169,"column":4},"end":{"line":169,"column":63}},{"start":{},"end":{}}],"line":169},"8":{"loc":{"start":{"line":169,"column":8},"end":{"line":169,"column":45}},"type":"binary-expr","locations":[{"start":{"line":169,"column":8},"end":{"line":169,"column":23}},{"start":{"line":169,"column":27},"end":{"line":169,"column":45}}],"line":169},"9":{"loc":{"start":{"line":173,"column":4},"end":{"line":173,"column":47}},"type":"if","locations":[{"start":{"line":173,"column":4},"end":{"line":173,"column":47}},{"start":{},"end":{}}],"line":173},"10":{"loc":{"start":{"line":191,"column":8},"end":{"line":194,"column":9}},"type":"if","locations":[{"start":{"line":191,"column":8},"end":{"line":194,"column":9}},{"start":{},"end":{}}],"line":191},"11":{"loc":{"start":{"line":191,"column":12},"end":{"line":191,"column":34}},"type":"binary-expr","locations":[{"start":{"line":191,"column":12},"end":{"line":191,"column":21}},{"start":{"line":191,"column":25},"end":{"line":191,"column":34}}],"line":191},"12":{"loc":{"start":{"line":198,"column":36},"end":{"line":198,"column":67}},"type":"cond-expr","locations":[{"start":{"line":198,"column":47},"end":{"line":198,"column":55}},{"start":{"line":198,"column":58},"end":{"line":198,"column":67}}],"line":198},"13":{"loc":{"start":{"line":201,"column":8},"end":{"line":203,"column":9}},"type":"if","locations":[{"start":{"line":201,"column":8},"end":{"line":203,"column":9}},{"start":{},"end":{}}],"line":201},"14":{"loc":{"start":{"line":235,"column":31},"end":{"line":235,"column":74}},"type":"cond-expr","locations":[{"start":{"line":235,"column":58},"end":{"line":235,"column":63}},{"start":{"line":235,"column":66},"end":{"line":235,"column":74}}],"line":235},"15":{"loc":{"start":{"line":244,"column":16},"end":{"line":244,"column":63}},"type":"binary-expr","locations":[{"start":{"line":244,"column":16},"end":{"line":244,"column":40}},{"start":{"line":244,"column":44},"end":{"line":244,"column":63}}],"line":244},"16":{"loc":{"start":{"line":253,"column":16},"end":{"line":253,"column":66}},"type":"binary-expr","locations":[{"start":{"line":253,"column":16},"end":{"line":253,"column":43}},{"start":{"line":253,"column":47},"end":{"line":253,"column":66}}],"line":253},"17":{"loc":{"start":{"line":267,"column":16},"end":{"line":267,"column":69}},"type":"binary-expr","locations":[{"start":{"line":267,"column":16},"end":{"line":267,"column":46}},{"start":{"line":267,"column":50},"end":{"line":267,"column":69}}],"line":267},"18":{"loc":{"start":{"line":276,"column":16},"end":{"line":276,"column":68}},"type":"binary-expr","locations":[{"start":{"line":276,"column":16},"end":{"line":276,"column":45}},{"start":{"line":276,"column":49},"end":{"line":276,"column":68}}],"line":276},"19":{"loc":{"start":{"line":295,"column":24},"end":{"line":295,"column":70}},"type":"binary-expr","locations":[{"start":{"line":295,"column":24},"end":{"line":295,"column":44}},{"start":{"line":295,"column":48},"end":{"line":295,"column":70}}],"line":295}},"s":{"0":7,"1":7,"2":24,"3":24,"4":24,"5":488,"6":1,"7":1,"8":487,"9":487,"10":0,"11":487,"12":487,"13":487,"14":487,"15":3,"16":484,"17":293,"18":484,"19":1,"20":484,"21":484,"22":8,"23":16,"24":217,"25":217,"26":217,"27":217,"28":73,"29":73,"30":73,"31":52,"32":52,"33":21,"34":21,"35":21,"36":4,"37":21,"38":73,"39":217,"40":217,"41":217,"42":217,"43":2370,"44":217,"45":1,"46":2,"47":1,"48":3,"49":2370,"50":7089,"51":7,"52":7},"f":{"0":24,"1":217,"2":73,"3":73,"4":1,"5":2,"6":1,"7":3,"8":2370,"9":7089},"b":{"0":[1,487],"1":[488,487],"2":[0,487],"3":[3,484],"4":[487,487,487,486,485,485],"5":[293,191],"6":[484,334],"7":[1,483],"8":[484,150],"9":[8,476],"10":[52,21],"11":[73,21],"12":[4,17],"13":[4,17],"14":[212,5],"15":[217,212],"16":[217,5],"17":[217,210],"18":[217,7],"19":[7089,12]},"_coverageSchema":"1a1c01bbd47fc00a2c39e90264f33305004495a9","hash":"e2347746e14f655af23d562b8f064c56b72d0615"}
,"/Users/mohamedgueye/Documents/Concordia/Winter 2025/SOEN 390/SOEN-_390-Q-QD/ConcordiaMaps/components/ShuttleStop.js": {"path":"/Users/mohamedgueye/Documents/Concordia/Winter 2025/SOEN 390/SOEN-_390-Q-QD/ConcordiaMaps/components/ShuttleStop.js","statementMap":{"0":{"start":{"line":5,"column":26},"end":{"line":5,"column":58}},"1":{"start":{"line":8,"column":24},"end":{"line":17,"column":1}},"2":{"start":{"line":19,"column":20},"end":{"line":30,"column":1}},"3":{"start":{"line":20,"column":2},"end":{"line":29,"column":5}},"4":{"start":{"line":21,"column":4},"end":{"line":28,"column":13}},"5":{"start":{"line":32,"column":15},"end":{"line":52,"column":2}}},"fnMap":{"0":{"name":"(anonymous_0)","decl":{"start":{"line":19,"column":20},"end":{"line":19,"column":21}},"loc":{"start":{"line":19,"column":26},"end":{"line":30,"column":1}},"line":19},"1":{"name":"(anonymous_1)","decl":{"start":{"line":20,"column":22},"end":{"line":20,"column":23}},"loc":{"start":{"line":21,"column":4},"end":{"line":28,"column":13}},"line":21}},"branchMap":{},"s":{"0":3,"1":3,"2":3,"3":8,"4":16,"5":3},"f":{"0":8,"1":16},"b":{},"_coverageSchema":"1a1c01bbd47fc00a2c39e90264f33305004495a9","hash":"ec8a0ea9adbb75bee47659200c1e39a255cf4ecd"}
,"/Users/mohamedgueye/Documents/Concordia/Winter 2025/SOEN 390/SOEN-_390-Q-QD/ConcordiaMaps/components/buildingColoring.js": {"path":"/Users/mohamedgueye/Documents/Concordia/Winter 2025/SOEN 390/SOEN-_390-Q-QD/ConcordiaMaps/components/buildingColoring.js","statementMap":{"0":{"start":{"line":5,"column":25},"end":{"line":51,"column":1}},"1":{"start":{"line":6,"column":2},"end":{"line":50,"column":4}},"2":{"start":{"line":9,"column":41},"end":{"line":9,"column":48}},"3":{"start":{"line":13,"column":10},"end":{"line":15,"column":62}},"4":{"start":{"line":17,"column":8},"end":{"line":32,"column":9}},"5":{"start":{"line":18,"column":30},"end":{"line":21,"column":13}},"6":{"start":{"line":18,"column":70},"end":{"line":21,"column":11}},"7":{"start":{"line":23,"column":10},"end":{"line":31,"column":12}},"8":{"start":{"line":34,"column":8},"end":{"line":45,"column":9}},"9":{"start":{"line":35,"column":10},"end":{"line":44,"column":12}},"10":{"start":{"line":47,"column":8},"end":{"line":47,"column":20}}},"fnMap":{"0":{"name":"(anonymous_0)","decl":{"start":{"line":5,"column":25},"end":{"line":5,"column":26}},"loc":{"start":{"line":5,"column":31},"end":{"line":51,"column":1}},"line":5},"1":{"name":"(anonymous_1)","decl":{"start":{"line":8,"column":33},"end":{"line":8,"column":34}},"loc":{"start":{"line":8,"column":53},"end":{"line":48,"column":7}},"line":8},"2":{"name":"(anonymous_2)","decl":{"start":{"line":18,"column":58},"end":{"line":18,"column":59}},"loc":{"start":{"line":18,"column":70},"end":{"line":21,"column":11}},"line":18}},"branchMap":{"0":{"loc":{"start":{"line":13,"column":10},"end":{"line":15,"column":62}},"type":"binary-expr","locations":[{"start":{"line":13,"column":10},"end":{"line":13,"column":23}},{"start":{"line":14,"column":10},"end":{"line":14,"column":25}},{"start":{"line":15,"column":10},"end":{"line":15,"column":62}}],"line":13},"1":{"loc":{"start":{"line":15,"column":30},"end":{"line":15,"column":51}},"type":"binary-expr","locations":[{"start":{"line":15,"column":30},"end":{"line":15,"column":45}},{"start":{"line":15,"column":49},"end":{"line":15,"column":51}}],"line":15},"2":{"loc":{"start":{"line":17,"column":8},"end":{"line":32,"column":9}},"type":"if","locations":[{"start":{"line":17,"column":8},"end":{"line":32,"column":9}},{"start":{},"end":{}}],"line":17},"3":{"loc":{"start":{"line":34,"column":8},"end":{"line":45,"column":9}},"type":"if","locations":[{"start":{"line":34,"column":8},"end":{"line":45,"column":9}},{"start":{},"end":{}}],"line":34}},"s":{"0":3,"1":8,"2":426,"3":426,"4":426,"5":423,"6":4492,"7":423,"8":3,"9":3,"10":0},"f":{"0":8,"1":426,"2":4492},"b":{"0":[426,426,8],"1":[8,8],"2":[423,3],"3":[3,0]},"_coverageSchema":"1a1c01bbd47fc00a2c39e90264f33305004495a9","hash":"32f0ba6630cce27f057cfa9d2e803dbd0023152b"}
,"/Users/mohamedgueye/Documents/Concordia/Winter 2025/SOEN 390/SOEN-_390-Q-QD/ConcordiaMaps/components/convertToCoordinates.js": {"path":"/Users/mohamedgueye/Documents/Concordia/Winter 2025/SOEN 390/SOEN-_390-Q-QD/ConcordiaMaps/components/convertToCoordinates.js","statementMap":{"0":{"start":{"line":2,"column":29},"end":{"line":22,"column":1}},"1":{"start":{"line":3,"column":30},"end":{"line":3,"column":73}},"2":{"start":{"line":4,"column":2},"end":{"line":21,"column":3}},"3":{"start":{"line":5,"column":21},"end":{"line":7,"column":5}},"4":{"start":{"line":8,"column":32},"end":{"line":8,"column":45}},"5":{"start":{"line":10,"column":4},"end":{"line":17,"column":36}},"6":{"start":{"line":11,"column":6},"end":{"line":16,"column":7}},"7":{"start":{"line":12,"column":29},"end":{"line":12,"column":57}},"8":{"start":{"line":13,"column":8},"end":{"line":13,"column":49}},"9":{"start":{"line":15,"column":8},"end":{"line":15,"column":41}},"10":{"start":{"line":17,"column":11},"end":{"line":17,"column":36}},"11":{"start":{"line":19,"column":4},"end":{"line":19,"column":61}},"12":{"start":{"line":20,"column":4},"end":{"line":20,"column":70}}},"fnMap":{"0":{"name":"(anonymous_0)","decl":{"start":{"line":2,"column":29},"end":{"line":2,"column":30}},"loc":{"start":{"line":2,"column":52},"end":{"line":22,"column":1}},"line":2}},"branchMap":{"0":{"loc":{"start":{"line":10,"column":4},"end":{"line":17,"column":36}},"type":"if","locations":[{"start":{"line":10,"column":4},"end":{"line":17,"column":36}},{"start":{"line":17,"column":11},"end":{"line":17,"column":36}}],"line":10},"1":{"loc":{"start":{"line":11,"column":6},"end":{"line":16,"column":7}},"type":"if","locations":[{"start":{"line":11,"column":6},"end":{"line":16,"column":7}},{"start":{"line":14,"column":13},"end":{"line":16,"column":7}}],"line":11}},"s":{"0":3,"1":15,"2":15,"3":15,"4":11,"5":9,"6":7,"7":5,"8":5,"9":2,"10":2,"11":3,"12":3},"f":{"0":15},"b":{"0":[7,2],"1":[5,2]},"_coverageSchema":"1a1c01bbd47fc00a2c39e90264f33305004495a9","hash":"b84d3dab9ffbf91071d18cb9d7f74db1017f0702"}
,"/Users/mohamedgueye/Documents/Concordia/Winter 2025/SOEN 390/SOEN-_390-Q-QD/ConcordiaMaps/components/temporaryModal.js": {"path":"/Users/mohamedgueye/Documents/Concordia/Winter 2025/SOEN 390/SOEN-_390-Q-QD/ConcordiaMaps/components/temporaryModal.js","statementMap":{"0":{"start":{"line":17,"column":2},"end":{"line":22,"column":4}},"1":{"start":{"line":23,"column":2},"end":{"line":53,"column":4}}},"fnMap":{"0":{"name":"TemporaryModal","decl":{"start":{"line":11,"column":24},"end":{"line":11,"column":38}},"loc":{"start":{"line":16,"column":3},"end":{"line":54,"column":1}},"line":16}},"branchMap":{},"s":{"0":6,"1":6},"f":{"0":6},"b":{},"_coverageSchema":"1a1c01bbd47fc00a2c39e90264f33305004495a9","hash":"9c794e434315e052d8c43bc1c0a8dff8ddc8a712"}
,"/Users/mohamedgueye/Documents/Concordia/Winter 2025/SOEN 390/SOEN-_390-Q-QD/ConcordiaMaps/components/userInPolygon.js": {"path":"/Users/mohamedgueye/Documents/Concordia/Winter 2025/SOEN 390/SOEN-_390-Q-QD/ConcordiaMaps/components/userInPolygon.js","statementMap":{"0":{"start":{"line":14,"column":21},"end":{"line":44,"column":1}},"1":{"start":{"line":15,"column":2},"end":{"line":40,"column":3}},"2":{"start":{"line":16,"column":35},"end":{"line":16,"column":69}},"3":{"start":{"line":17,"column":20},"end":{"line":17,"column":51}},"4":{"start":{"line":18,"column":22},"end":{"line":18,"column":61}},"5":{"start":{"line":19,"column":29},"end":{"line":19,"column":63}},"6":{"start":{"line":20,"column":4},"end":{"line":39,"column":5}},"7":{"start":{"line":21,"column":6},"end":{"line":38,"column":10}},"8":{"start":{"line":22,"column":8},"end":{"line":29,"column":10}},"9":{"start":{"line":31,"column":8},"end":{"line":38,"column":10}},"10":{"start":{"line":43,"column":2},"end":{"line":43,"column":27}},"11":{"start":{"line":46,"column":16},"end":{"line":94,"column":1}},"12":{"start":{"line":47,"column":20},"end":{"line":47,"column":35}},"13":{"start":{"line":50,"column":2},"end":{"line":87,"column":3}},"14":{"start":{"line":51,"column":25},"end":{"line":51,"column":46}},"15":{"start":{"line":52,"column":21},"end":{"line":52,"column":38}},"16":{"start":{"line":53,"column":22},"end":{"line":53,"column":40}},"17":{"start":{"line":54,"column":27},"end":{"line":54,"column":58}},"18":{"start":{"line":55,"column":4},"end":{"line":86,"column":5}},"19":{"start":{"line":56,"column":6},"end":{"line":61,"column":8}},"20":{"start":{"line":63,"column":31},"end":{"line":65,"column":7}},"21":{"start":{"line":64,"column":22},"end":{"line":64,"column":52}},"22":{"start":{"line":68,"column":6},"end":{"line":85,"column":7}},"23":{"start":{"line":69,"column":8},"end":{"line":74,"column":10}},"24":{"start":{"line":76,"column":8},"end":{"line":78,"column":10}},"25":{"start":{"line":79,"column":8},"end":{"line":84,"column":10}},"26":{"start":{"line":89,"column":2},"end":{"line":93,"column":4}},"27":{"start":{"line":102,"column":23},"end":{"line":102,"column":50}},"28":{"start":{"line":103,"column":19},"end":{"line":106,"column":3}},"29":{"start":{"line":107,"column":26},"end":{"line":107,"column":38}},"30":{"start":{"line":108,"column":32},"end":{"line":108,"column":47}},"31":{"start":{"line":109,"column":44},"end":{"line":112,"column":4}},"32":{"start":{"line":113,"column":46},"end":{"line":113,"column":60}},"33":{"start":{"line":115,"column":2},"end":{"line":143,"column":56}},"34":{"start":{"line":117,"column":4},"end":{"line":142,"column":5}},"35":{"start":{"line":118,"column":30},"end":{"line":121,"column":7}},"36":{"start":{"line":124,"column":6},"end":{"line":124,"column":40}},"37":{"sta
[...]
":{"line":234,"column":6},"end":{"line":250,"column":7}},"type":"if","locations":[{"start":{"line":234,"column":6},"end":{"line":250,"column":7}},{"start":{},"end":{}}],"line":234},"10":{"loc":{"start":{"line":235,"column":8},"end":{"line":242,"column":36}},"type":"binary-expr","locations":[{"start":{"line":235,"column":8},"end":{"line":235,"column":40}},{"start":{"line":236,"column":8},"end":{"line":236,"column":35}},{"start":{"line":237,"column":8},"end":{"line":237,"column":41}},{"start":{"line":238,"column":8},"end":{"line":238,"column":36}},{"start":{"line":239,"column":8},"end":{"line":239,"column":40}},{"start":{"line":240,"column":8},"end":{"line":240,"column":35}},{"start":{"line":241,"column":8},"end":{"line":241,"column":41}},{"start":{"line":242,"column":8},"end":{"line":242,"column":36}}],"line":235},"11":{"loc":{"start":{"line":268,"column":8},"end":{"line":268,"column":59}},"type":"cond-expr","locations":[{"start":{"line":268,"column":38},"end":{"line":268,"column":47}},{"start":{"line":268,"column":50},"end":{"line":268,"column":59}}],"line":268},"12":{"loc":{"start":{"line":270,"column":8},"end":{"line":270,"column":60}},"type":"cond-expr","locations":[{"start":{"line":270,"column":39},"end":{"line":270,"column":48}},{"start":{"line":270,"column":51},"end":{"line":270,"column":60}}],"line":270},"13":{"loc":{"start":{"line":278,"column":6},"end":{"line":283,"column":7}},"type":"if","locations":[{"start":{"line":278,"column":6},"end":{"line":283,"column":7}},{"start":{},"end":{}}],"line":278},"14":{"loc":{"start":{"line":325,"column":8},"end":{"line":325,"column":66}},"type":"binary-expr","locations":[{"start":{"line":325,"column":8},"end":{"line":325,"column":35}},{"start":{"line":325,"column":39},"end":{"line":325,"column":66}}],"line":325},"15":{"loc":{"start":{"line":327,"column":8},"end":{"line":327,"column":68}},"type":"binary-expr","locations":[{"start":{"line":327,"column":8},"end":{"line":327,"column":36}},{"start":{"line":327,"column":40},"end":{"line":327,"column":68}}],"line":327},"16":{"loc":{"start":{"line":329,"column":6},"end":{"line":334,"column":7}},"type":"if","locations":[{"start":{"line":329,"column":6},"end":{"line":334,"column":7}},{"start":{},"end":{}}],"line":329},"17":{"loc":{"start":{"line":329,"column":10},"end":{"line":329,"column":35}},"type":"binary-expr","locations":[{"start":{"line":329,"column":10},"end":{"line":329,"column":20}},{"start":{"line":329,"column":24},"end":{"line":329,"column":35}}],"line":329},"18":{"loc":{"start":{"line":338,"column":8},"end":{"line":338,"column":59}},"type":"cond-expr","locations":[{"start":{"line":338,"column":38},"end":{"line":338,"column":47}},{"start":{"line":338,"column":50},"end":{"line":338,"column":59}}],"line":338},"19":{"loc":{"start":{"line":339,"column":6},"end":{"line":342,"column":7}},"type":"if","locations":[{"start":{"line":339,"column":6},"end":{"line":342,"column":7}},{"start":{},"end":{}}],"line":339},"20":{"loc":{"start":{"line":346,"column":8},"end":{"line":346,"column":60}},"type":"cond-expr","locations":[{"start":{"line":346,"column":39},"end":{"line":346,"column":48}},{"start":{"line":346,"column":51},"end":{"line":346,"column":60}}],"line":346},"21":{"loc":{"start":{"line":347,"column":6},"end":{"line":358,"column":7}},"type":"if","locations":[{"start":{"line":347,"column":6},"end":{"line":358,"column":7}},{"start":{},"end":{}}],"line":347},"22":{"loc":{"start":{"line":348,"column":8},"end":{"line":351,"column":42}},"type":"binary-expr","locations":[{"start":{"line":348,"column":8},"end":{"line":348,"column":46}},{"start":{"line":349,"column":8},"end":{"line":349,"column":41}},{"start":{"line":350,"column":8},"end":{"line":350,"column":47}},{"start":{"line":351,"column":8},"end":{"line":351,"column":42}}],"line":348}},"s":{"0":5,"1":0,"2":0,"3":0,"4":0,"5":0,"6":0,"7":0,"8":1,"9":0,"10":0,"11":1,"12":1,"13":1,"14":1,"15":1,"16":1,"17":1,"18":0,"19":0,"20":1,"21":1,"22":1,"23":1,"24":1,"25":1,"26":1,"27":1,"28":1,"29":1,"30":0,"31":1,"32":1,"33":1,"34":0,"35":1,"36":1,"37":1,"38":0,"39":0,"40":1,"41":1,"42":1,"43":1,"44":1,"45":1,"46":1,"47":1,"48":1,"49":1,"50":1,"51":1,"52":1,"53":1,"54":1,"55":1,"56":0,"57":0,"58":1,"59":0,"60":1,"61":1,"62":1,"63":0,"64":1,"65":1,"66":1,"67":1,"68":1,"69":0,"70":0,"71":1,"72":1,"73":1,"74":0,"75":1,"76":1,"77":1,"78":1,"79":1,"80":1,"81":0,"82":0,"83":1,"84":1,"85":1,"86":1,"87":1,"88":1,"89":1,"90":1,"91":1,"92":1,"93":1,"94":1,"95":1,"96":1,"97":0,"98":0,"99":1,"100":1,"101":0,"102":0,"103":1,"104":1,"105":0,"106":0,"107":1},"f":{"0":0,"1":0,"2":1,"3":1,"4":1,"5":1,"6":0,"7":1,"8":1,"9":0,"10":1,"11":1,"12":0,"13":1},"b":{"0":[0,1],"1":[0,1],"2":[1,1],"3":[0,1],"4":[0,1],"5":[1,1],"6":[0,1],"7":[1,1],"8":[0,1],"9":[0,1],"10":[1,1,1,1,1,1,1,1],"11":[1,0],"12":[0,1],"13":[0,1],"14":[1,0],"15":[1,1],"16":[0,1],"17":[1,1],"18":[1,0],"19":[0,1],"20":[0,1],"21":[0,1],"22":[1,1,1,1]},"_coverageSchema":"1a1c01bbd47fc00a2c39e90264f33305004495a9","hash":"e3c5fbc70112569e32bc86aaefbd1eee219101b4"}
,"/Users/mohamedgueye/Documents/Concordia/Winter 2025/SOEN 390/SOEN-_390-Q-QD/ConcordiaMaps/styles/DirectionBox.style.js": {"path":"/Users/mohamedgueye/Documents/Concordia/Winter 2025/SOEN 390/SOEN-_390-Q-QD/ConcordiaMaps/styles/DirectionBox.style.js","statementMap":{"0":{"start":{"line":3,"column":15},"end":{"line":144,"column":2}}},"fnMap":{},"branchMap":{},"s":{"0":5},"f":{},"b":{},"_coverageSchema":"1a1c01bbd47fc00a2c39e90264f33305004495a9","hash":"e4991b8d986901acb7d42f014e8cf7b37a23e1a0"}
,"/Users/mohamedgueye/Documents/Concordia/Winter 2025/SOEN 390/SOEN-_390-Q-QD/ConcordiaMaps/styles/LiveBusTrackerStyles.js": {"path":"/Users/mohamedgueye/Documents/Concordia/Winter 2025/SOEN 390/SOEN-_390-Q-QD/ConcordiaMaps/styles/LiveBusTrackerStyles.js","statementMap":{"0":{"start":{"line":2,"column":15},"end":{"line":21,"column":2}}},"fnMap":{},"branchMap":{},"s":{"0":2},"f":{},"b":{},"_coverageSchema":"1a1c01bbd47fc00a2c39e90264f33305004495a9","hash":"2c5c5474bbd04da0a3445dab72dfe152d42c6e23"}
,"/Users/mohamedgueye/Documents/Concordia/Winter 2025/SOEN 390/SOEN-_390-Q-QD/ConcordiaMaps/styles/IndoorNavigation/BuildingSelectorStyles.js": {"path":"/Users/mohamedgueye/Documents/Concordia/Winter 2025/SOEN 390/SOEN-_390-Q-QD/ConcordiaMaps/styles/IndoorNavigation/BuildingSelectorStyles.js","statementMap":{"0":{"start":{"line":3,"column":15},"end":{"line":70,"column":2}}},"fnMap":{},"branchMap":{},"s":{"0":3},"f":{},"b":{},"_coverageSchema":"1a1c01bbd47fc00a2c39e90264f33305004495a9","hash":"f7b719ab07f7cc0f0f2b33bbadfb77a8c90f57e6"}
,"/Users/mohamedgueye/Documents/Concordia/Winter 2025/SOEN 390/SOEN-_390-Q-QD/ConcordiaMaps/styles/IndoorNavigation/FloorSelectorStyles.js": {"path":"/Users/mohamedgueye/Documents/Concordia/Winter 2025/SOEN 390/SOEN-_390-Q-QD/ConcordiaMaps/styles/IndoorNavigation/FloorSelectorStyles.js","statementMap":{"0":{"start":{"line":3,"column":15},"end":{"line":56,"column":2}}},"fnMap":{},"branchMap":{},"s":{"0":3},"f":{},"b":{},"_coverageSchema":"1a1c01bbd47fc00a2c39e90264f33305004495a9","hash":"1aaa389c99afc187bee344b58eae3db013632880"}
,"/Users/mohamedgueye/Documents/Concordia/Winter 2025/SOEN 390/SOEN-_390-Q-QD/ConcordiaMaps/styles/IndoorNavigation/IndoorNavigationStyles.js": {"path":"/Users/mohamedgueye/Documents/Concordia/Winter 2025/SOEN 390/SOEN-_390-Q-QD/ConcordiaMaps/styles/IndoorNavigation/IndoorNavigationStyles.js","statementMap":{"0":{"start":{"line":3,"column":15},"end":{"line":112,"column":2}}},"fnMap":{},"branchMap":{},"s":{"0":3},"f":{},"b":{},"_coverageSchema":"1a1c01bbd47fc00a2c39e90264f33305004495a9","hash":"fd317903b67d09d498f6d6ce21e232abbf46ffe8"}
,"/Users/mohamedgueye/Documents/Concordia/Winter 2025/SOEN 390/SOEN-_390-Q-QD/ConcordiaMaps/styles/IndoorNavigation/InterfloorNavigationStyles.js": {"path":"/Users/mohamedgueye/Documents/Concordia/Winter 2025/SOEN 390/SOEN-_390-Q-QD/ConcordiaMaps/styles/IndoorNavigation/InterfloorNavigationStyles.js","statementMap":{"0":{"start":{"line":3,"column":15},"end":{"line":191,"column":2}}},"fnMap":{},"branchMap":{},"s":{"0":3},"f":{},"b":{},"_coverageSchema":"1a1c01bbd47fc00a2c39e90264f33305004495a9","hash":"27dbbc5bc7c03ffefef33e678be7a642798d7f21"}
,"/Users/mohamedgueye/Documents/Concordia/Winter 2025/SOEN 390/SOEN-_390-Q-QD/ConcordiaMaps/styles/IndoorNavigation/RoomtoRoomNavigationStyles.js": {"path":"/Users/mohamedgueye/Documents/Concordia/Winter 2025/SOEN 390/SOEN-_390-Q-QD/ConcordiaMaps/styles/IndoorNavigation/RoomtoRoomNavigationStyles.js","statementMap":{"0":{"start":{"line":3,"column":15},"end":{"line":238,"column":2}}},"fnMap":{},"branchMap":{},"s":{"0":3},"f":{},"b":{},"_coverageSchema":"1a1c01bbd47fc00a2c39e90264f33305004495a9","hash":"7083dac86a5b0c8a722d732955cfea26255880e4"}
,"/Users/mohamedgueye/Documents/Concordia/Winter 2025/SOEN 390/SOEN-_390-Q-QD/ConcordiaMaps/styles/IndoorNavigation/TunnelNavigationStyles.js": {"path":"/Users/mohamedgueye/Documents/Concordia/Winter 2025/SOEN 390/SOEN-_390-Q-QD/ConcordiaMaps/styles/IndoorNavigation/TunnelNavigationStyles.js","statementMap":{"0":{"start":{"line":3,"column":15},"end":{"line":65,"column":2}}},"fnMap":{},"branchMap":{},"s":{"0":3},"f":{},"b":{},"_coverageSchema":"1a1c01bbd47fc00a2c39e90264f33305004495a9","hash":"355ba1c658bf0f5d40c2b9cba2084199408e69bf"}
,"/Users/mohamedgueye/Documents/Concordia/Winter 2025/SOEN 390/SOEN-_390-Q-QD/ConcordiaMaps/styles/JourneyPlanner/JourneyPlannerScreenStyles.js": {"path":"/Users/mohamedgueye/Documents/Concordia/Winter 2025/SOEN 390/SOEN-_390-Q-QD/ConcordiaMaps/styles/JourneyPlanner/JourneyPlannerScreenStyles.js","statementMap":{"0":{"start":{"line":2,"column":15},"end":{"line":179,"column":2}}},"fnMap":{},"branchMap":{},"s":{"0":3},"f":{},"b":{},"_coverageSchema":"1a1c01bbd47fc00a2c39e90264f33305004495a9","hash":"3400b7f90320a93faf061cf56695f406903f407d"}
,"/Users/mohamedgueye/Documents/Concordia/Winter 2025/SOEN 390/SOEN-_390-Q-QD/ConcordiaMaps/styles/MultistepNavigation/DirectionArrowStyles.js": {"path":"/Users/mohamedgueye/Documents/Concordia/Winter 2025/SOEN 390/SOEN-_390-Q-QD/ConcordiaMaps/styles/MultistepNavigation/DirectionArrowStyles.js","statementMap":{"0":{"start":{"line":3,"column":15},"end":{"line":13,"column":2}}},"fnMap":{},"branchMap":{},"s":{"0":2},"f":{},"b":{},"_coverageSchema":"1a1c01bbd47fc00a2c39e90264f33305004495a9","hash":"bc444d9fb7f72c35273541b4b495c0fc081540b2"}
,"/Users/mohamedgueye/Documents/Concordia/Winter 2025/SOEN 390/SOEN-_390-Q-QD/ConcordiaMaps/styles/MultistepNavigation/MultistepNavigationStyles.js": {"path":"/Users/mohamedgueye/Documents/Concordia/Winter 2025/SOEN 390/SOEN-_390-Q-QD/ConcordiaMaps/styles/MultistepNavigation/MultistepNavigationStyles.js","statementMap":{"0":{"start":{"line":3,"column":26},"end":{"line":3,"column":50}},"1":{"start":{"line":5,"column":15},"end":{"line":871,"column":2}}},"fnMap":{},"branchMap":{},"s":{"0":4,"1":4},"f":{},"b":{},"_coverageSchema":"1a1c01bbd47fc00a2c39e90264f33305004495a9","hash":"7408f1be477a36d5fd421209c9efb597b9368f50"}
,"/Users/mohamedgueye/Documents/Concordia/Winter 2025/SOEN 390/SOEN-_390-Q-QD/ConcordiaMaps/styles/MultistepNavigation/NavigationStepStyles.js": {"path":"/Users/mohamedgueye/Documents/Concordia/Winter 2025/SOEN 390/SOEN-_390-Q-QD/ConcordiaMaps/styles/MultistepNavigation/NavigationStepStyles.js","statementMap":{"0":{"start":{"line":3,"column":15},"end":{"line":262,"column":2}}},"fnMap":{},"branchMap":{},"s":{"0":5},"f":{},"b":{},"_coverageSchema":"1a1c01bbd47fc00a2c39e90264f33305004495a9","hash":"0a3f4f5e556bd10393e30bcf9c1518618794b0b2"}
,"/Users/mohamedgueye/Documents/Concordia/Winter 2025/SOEN 390/SOEN-_390-Q-QD/ConcordiaMaps/utils/RoomFormattingUtils.js": {"path":"/Users/mohamedgueye/Documents/Concordia/Winter 2025/SOEN 390/SOEN-_390-Q-QD/ConcordiaMaps/utils/RoomFormattingUtils.js","statementMap":{"0":{"start":{"line":13,"column":32},"end":{"line":79,"column":1}},"1":{"start":{"line":14,"column":2},"end":{"line":14,"column":48}},"2":{"start":{"line":14,"column":32},"end":{"line":14,"column":48}},"3":{"start":{"line":17,"column":15},"end":{"line":17,"column":30}},"4":{"start":{"line":20,"column":2},"end":{"line":27,"column":3}},"5":{"start":{"line":22,"column":4},"end":{"line":26,"column":5}},"6":{"start":{"line":23,"column":28},"end":{"line":23,"column":65}},"7":{"start":{"line":24,"column":6},"end":{"line":24,"column":78}},"8":{"start":{"line":25,"column":6},"end":{"line":25,"column":27}},"9":{"start":{"line":29,"column":2},"end":{"line":76,"column":3}},"10":{"start":{"line":32,"column":21},"end":{"line":32,"column":44}},"11":{"start":{"line":33,"column":4},"end":{"line":45,"column":5}},"12":{"start":{"line":34,"column":6},"end":{"line":34,"column":35}},"13":{"start":{"line":37,"column":9},"end":{"line":45,"column":5}},"14":{"start":{"line":38,"column":6},"end":{"line":38,"column":35}},"15":{"start":{"line":41,"column":9},"end":{"line":45,"column":5}},"16":{"start":{"line":42,"column":6},"end":{"line":42,"column":35}},"17":{"start":{"line":44,"column":6},"end":{"line":44,"column":27}},"18":{"start":{"line":46,"column":9},"end":{"line":76,"column":3}},"19":{"start":{"line":48,"column":25},"end":{"line":54,"column":5}},"20":{"start":{"line":56,"column":4},"end":{"line":70,"column":5}},"21":{"start":{"line":57,"column":6},"end":{"line":57,"column":41}},"22":{"start":{"line":58,"column":11},"end":{"line":70,"column":5}},"23":{"start":{"line":60,"column":6},"end":{"line":60,"column":46}},"24":{"start":{"line":61,"column":11},"end":{"line":70,"column":5}},"25":{"start":{"line":66,"column":6},"end":{"line":66,"column":46}},"26":{"start":{"line":69,"column":6},"end":{"line":69,"column":27}},"27":{"start":{"line":73,"column":4},"end":{"line":75,"column":13}},"28":{"start":{"line":78,"column":2},"end":{"line":78,"column":23}},"29":{"start":{"line":84,"column":29},"end":{"line":90,"column":1}},"30":{"start":{"line":97,"column":29},"end":{"line":99,"column":1}},"31":{"start":{"line":98,"column":2},"end":{"line":98,"column":52}},"32":{"start":{"line":109,"column":32},"end":{"line":128,"column":1}},"33":{"start":{"line":116,"column":24},"end":{"line":116,"column":62}},"34":{"start":{"line":117,"column":2},"end":{"line":117,"column":27}},"35":{"start":{"line":120,"column":2},"end":{"line":125,"column":3}},"36":{"start":{"line":121,"column":20},"end":{"line":121,"column":72}},"37":{"start":{"line":122,"column":4},"end":{"line":122,"column":27}},"38":{"start":{"line":124,"column":4},"end":{"line":124,"column":24}},"39":{"start":{"line":127,"column":2},"end":{"line":127,"column":23}}},"fnMap":{"0":{"name":"(anonymous_0)","decl":{"start":{"line":13,"column":32},"end":{"line":13,"column":33}},"loc":{"start":{"line":13,"column":58},"end":{"line":79,"column":1}},"line":13},"1":{"name":"(anonymous_1)","decl":{"start":{"line":97,"column":29},"end":{"line":97,"column":30}},"loc":{"start":{"line":97,"column":39},"end":{"line":99,"column":1}},"line":97},"2":{"name":"(anonymous_2)","decl":{"start":{"line":109,"column":32},"end":{"line":109,"column":33}},"loc":{"start":{"line":115,"column":5},"end":{"line":128,"column":1}},"line":115}},"branchMap":{"0":{"loc":{"start":{"line":14,"column":2},"end":{"line":14,"column":48}},"type":"if","locations":[{"start":{"line":14,"column":2},"end":{"line":14,"column":48}},{"start":{},"end":{}}],"line":14},"1":{"loc":{"start":{"line":14,"column":6},"end":{"line":14,"column":30}},"type":"binary-expr","locations":[{"start":{"line":14,"column":6},"end":{"line":14,"column":17}},{"start":{"line":14,"column":21},"end":{"line":14,"column":30}}],"line":14},"2":{"loc":{"start":{"line":20,"column":2},"end":{"line":27,"column":3}},"type":"if","locations":[{"start":{"line":20,"column":2},"end":{"line":27,"column":3}},{"start":{},"end":{}}],"line":20},"3":{"loc":{"start":{"line":22,"column":4},"end":{"line":26,"column":5}},"type":"if","locations":[{"start":{"line":22,"column":4},"end":{"line":26,"column":5}},{"start":{},"end":{}}],"line":22},"4":{"loc":{"start":{"line":29,"column":2},"end":{"line":76,"column":3}},"type":"if","locations":[{"start":{"line":29,"column":2},"end":{"line":76,"column":3}},{"start":{"line":46,"column":9},"end":{"line":76,"column":3}}],"line":29},"5":{"loc":{"start":{"line":33,"column":4},"end":{"line":45,"column":5}},"type":"if","locations":[{"start":{"line":33,"column":4},"end":{"line":45,"column":5}},{"start":{"line":37,"column":9},"end":{"line":45,"column":5}}],"line":33},"6":{"loc":{"start":{"line":37,"column":9},"end":{"line":45,"column":5}},"type":"if","locations":[{"start":{"line":37,"column":9},"end":{"line":45,"column":5}},{"start":{"line":41,"column":9},"end":{"line":45,"column":5}}],"line":37},"7":{"loc":{"start":{"line":41,"column":9},"end":{"line":45,"column":5}},"type":"if","locations":[{"start":{"line":41,"column":9},"end":{"line":45,"column":5}},{"start":{"line":43,"column":11},"end":{"line":45,"column":5}}],"line":41},"8":{"loc":{"start":{"line":46,"column":9},"end":{"line":76,"column":3}},"type":"if","locations":[{"start":{"line":46,"column":9},"end":{"line":76,"column":3}},{"start":{"line":71,"column":9},"end":{"line":76,"column":3}}],"line":46},"9":{"loc":{"start":{"line":56,"column":4},"end":{"line":70,"column":5}},"type":"if","locations":[{"start":{"line":56,"column":4},"end":{"line":70,"column":5}},{"start":{"line":58,"column":11},"end":{"line":70,"column":5}}],"line":56},"10":{"loc":{"start":{"line":58,"column":11},"end":{"line":70,"column":5}},"type":"if","locations":[{"start":{"line":58,"column":11},"end":{"line":70,"column":5}},{"start":{"line":61,"column":11},"end":{"line":70,"column":5}}],"line":58},"11":{"loc":{"start":{"line":61,"column":11},"end":{"line":70,"column":5}},"type":"if","locations":[{"start":{"line":61,"column":11},"end":{"line":70,"column":5}},{"start":{"line":67,"column":11},"end":{"line":70,"column":5}}],"line":61},"12":{"loc":{"start":{"line":62,"column":6},"end":{"line":63,"column":48}},"type":"binary-expr","locations":[{"start":{"line":62,"column":6},"end":{"line":62,"column":38}},{"start":{"line":63,"column":6},"end":{"line":63,"column":48}}],"line":62},"13":{"loc":{"start":{"line":73,"column":20},"end":{"line":75,"column":12}},"type":"cond-expr","locations":[{"start":{"line":74,"column":8},"end":{"line":74,"column":31}},{"start":{"line":75,"column":8},"end":{"line":75,"column":12}}],"line":73},"14":{"loc":{"start":{"line":120,"column":2},"end":{"line":125,"column":3}},"type":"if","locations":[{"start":{"line":120,"column":2},"end":{"line":125,"column":3}},{"start":{"line":123,"column":9},"end":{"line":125,"column":3}}],"line":120}},"s":{"0":3,"1":2,"2":0,"3":2,"4":2,"5":1,"6":0,"7":0,"8":0,"9":2,"10":1,"11":1,"12":0,"13":1,"14":0,"15":1,"16":1,"17":0,"18":1,"19":0,"20":0,"21":0,"22":0,"23":0,"24":0,"25":0,"26":0,"27":1,"28":2,"29":3,"30":3,"31":2,"32":3,"33":0,"34":0,"35":0,"36":0,"37":0,"38":0,"39":0},"f":{"0":2,"1":2,"2":0},"b":{"0":[0,2],"1":[2,2],"2":[1,1],"3":[0,1],"4":[1,1],"5":[0,1],"6":[0,1],"7":[1,0],"8":[0,1],"9":[0,0],"10":[0,0],"11":[0,0],"12":[0,0],"13":[1,0],"14":[0,0]},"_coverageSchema":"1a1c01bbd47fc00a2c39e90264f33305004495a9","hash":"7071aa8d71caa89ba76f60661eb4362fb8d10605"}
,"/Users/mohamedgueye/Documents/Concordia/Winter 2025/SOEN 390/SOEN-_390-Q-QD/ConcordiaMaps/utils/timeUtils.js": {"path":"/Users/mohamedgueye/Documents/Concordia/Winter 2025/SOEN 390/SOEN-_390-Q-QD/ConcordiaMaps/utils/timeUtils.js","statementMap":{"0":{"start":{"line":1,"column":26},"end":{"line":5,"column":1}},"1":{"start":{"line":2,"column":18},"end":{"line":2,"column":42}},"2":{"start":{"line":3,"column":27},"end":{"line":3,"column":39}},"3":{"start":{"line":4,"column":2},"end":{"line":4,"column":92}}},"fnMap":{"0":{"name":"(anonymous_0)","decl":{"start":{"line":1,"column":26},"end":{"line":1,"column":27}},"loc":{"start":{"line":1,"column":39},"end":{"line":5,"column":1}},"line":1}},"branchMap":{},"s":{"0":2,"1":15,"2":15,"3":15},"f":{"0":15},"b":{},"_coverageSchema":"1a1c01bbd47fc00a2c39e90264f33305004495a9","hash":"52844d7947adf2f533cbc70e5a57d0dd6302b1ae"}
}
