TN:
SF:App.js
FN:16,App
FN:23,(anonymous_1)
FNF:2
FNH:2
FNDA:11,App
FNDA:1,(anonymous_1)
DA:12,2
DA:14,2
DA:17,11
DA:18,10
DA:23,10
DA:24,1
DA:27,10
LF:7
LH:7
BRF:0
BRH:0
end_of_record
TN:
SF:styles.js
FNF:0
FNH:0
DA:3,4
LF:1
LH:1
BRF:0
BRH:0
end_of_record
TN:
SF:assets\ConcordiaLogo.png
FNF:0
FNH:0
DA:1,2
LF:1
LH:1
BRF:0
BRH:0
end_of_record
TN:
SF:assets\PinLogo.png
FNF:0
FNH:0
DA:1,3
LF:1
LH:1
BRF:0
BRH:0
end_of_record
TN:
SF:assets\Shuttle.png
FNF:0
FNH:0
DA:1,4
LF:1
LH:1
BRF:0
BRH:0
end_of_record
TN:
SF:assets\download.jpg
FNF:0
FNH:0
DA:1,2
LF:1
LH:1
BRF:0
BRH:0
end_of_record
TN:
SF:components\DirectionsBox.js
FN:12,DirectionsBox
FN:27,(anonymous_1)
FN:35,(anonymous_2)
FN:40,(anonymous_3)
FN:49,(anonymous_4)
FN:51,(anonymous_5)
FN:57,(anonymous_6)
FN:81,(anonymous_7)
FNF:8
FNH:8
FNDA:13,DirectionsBox
FNDA:9,(anonymous_1)
FNDA:5,(anonymous_2)
FNDA:5,(anonymous_3)
FNDA:21,(anonymous_4)
FNDA:59,(anonymous_5)
FNDA:59,(anonymous_6)
FNDA:21,(anonymous_7)
DA:13,13
DA:23,13
DA:24,13
DA:27,13
DA:28,9
DA:35,13
DA:36,5
DA:40,5
DA:43,13
DA:49,13
DA:51,21
DA:52,59
DA:57,21
DA:58,59
DA:67,13
DA:82,21
LF:16
LH:16
BRDA:12,0,0,0
BRDA:29,1,0,9
BRDA:29,1,1,0
BRDA:37,2,0,3
BRDA:37,2,1,2
BRDA:60,3,0,19
BRDA:60,3,1,40
BRDA:80,4,0,12
BRDA:80,4,1,1
BRF:9
BRH:7
end_of_record
TN:
SF:components\FloatingSearchBar.js
FN:15,(anonymous_0)
FN:24,(anonymous_1)
FN:25,(anonymous_2)
FN:46,(anonymous_3)
FN:80,(anonymous_4)
FN:114,(anonymous_5)
FN:126,(anonymous_6)
FN:129,(anonymous_7)
FN:131,(anonymous_8)
FNF:9
FNH:9
FNDA:63,(anonymous_0)
FNDA:24,(anonymous_1)
FNDA:24,(anonymous_2)
FNDA:9,(anonymous_3)
FNDA:2,(anonymous_4)
FNDA:1,(anonymous_5)
FNDA:14,(anonymous_6)
FNDA:8,(anonymous_7)
FNDA:2,(anonymous_8)
DA:15,3
DA:16,63
DA:18,63
DA:19,63
DA:20,63
DA:21,63
DA:22,63
DA:24,63
DA:25,24
DA:26,24
DA:27,24
DA:28,24
DA:29,5
DA:30,5
DA:33,19
DA:34,19
DA:39,19
DA:41,0
DA:46,63
DA:47,9
DA:48,9
DA:49,9
DA:50,1
DA:51,1
DA:53,8
DA:55,8
DA:56,8
DA:57,8
DA:58,0
DA:60,8
DA:65,8
DA:67,8
DA:71,7
DA:72,6
DA:74,2
DA:76,8
DA:80,63
DA:81,2
DA:82,2
DA:85,1
DA:86,1
DA:87,1
DA:91,1
DA:92,1
DA:95,1
DA:99,63
DA:115,1
DA:116,1
DA:126,14
DA:130,8
DA:131,2
DA:149,3
LF:52
LH:50
BRDA:28,0,0,5
BRDA:28,0,1,19
BRDA:49,1,0,1
BRDA:49,1,1,8
BRDA:57,2,0,0
BRDA:57,2,1,8
BRDA:57,3,0,8
BRDA:57,3,1,0
BRDA:72,4,0,6
BRDA:72,4,1,0
BRDA:86,5,0,1
BRDA:86,5,1,0
BRDA:107,6,0,63
BRDA:107,6,1,63
BRDA:107,6,2,39
BRDA:111,7,0,63
BRDA:111,7,1,2
BRDA:112,8,0,63
BRDA:112,8,1,11
BRDA:123,9,0,63
BRDA:123,9,1,6
BRF:21
BRH:17
end_of_record
TN:
SF:components\Footer.js
FN:5,Footer
FNF:1
FNH:1
FNDA:39,Footer
DA:6,39
LF:1
LH:1
BRF:0
BRH:0
end_of_record
TN:
SF:components\GetDirections.js
FN:23,(anonymous_0)
FN:38,(anonymous_1)
FN:59,(anonymous_2)
FN:75,(anonymous_3)
FN:84,(anonymous_4)
FN:94,(anonymous_5)
FN:103,(anonymous_6)
FN:109,(anonymous_7)
FN:115,(anonymous_8)
FN:121,(anonymous_9)
FN:135,(anonymous_10)
FN:141,(anonymous_11)
FN:144,(anonymous_12)
FN:188,(anonymous_13)
FN:202,(anonymous_14)
FN:220,(anonymous_15)
FN:235,(anonymous_16)
FNF:17
FNH:17
FNDA:26,(anonymous_0)
FNDA:40,(anonymous_1)
FNDA:55,(anonymous_2)
FNDA:18,(anonymous_3)
FNDA:35,(anonymous_4)
FNDA:16,(anonymous_5)
FNDA:34,(anonymous_6)
FNDA:23,(anonymous_7)
FNDA:26,(anonymous_8)
FNDA:14,(anonymous_9)
FNDA:2,(anonymous_10)
FNDA:52,(anonymous_11)
FNDA:4,(anonymous_12)
FNDA:52,(anonymous_13)
FNDA:18,(anonymous_14)
FNDA:2,(anonymous_15)
FNDA:7,(anonymous_16)
DA:21,3
DA:23,3
DA:24,26
DA:25,10
DA:28,3
DA:29,3
DA:38,3
DA:39,40
DA:47,3
DA:48,3
DA:59,3
DA:60,55
DA:61,55
DA:63,55
DA:64,55
DA:65,55
DA:66,55
DA:67,55
DA:69,55
DA:71,55
DA:72,55
DA:75,55
DA:76,18
DA:77,16
DA:84,55
DA:85,35
DA:86,0
DA:93,55
DA:94,16
DA:103,55
DA:104,34
DA:105,18
DA:109,55
DA:110,23
DA:111,7
DA:115,55
DA:116,26
DA:117,10
DA:121,55
DA:122,14
DA:123,14
DA:124,13
DA:125,13
DA:126,10
DA:127,10
DA:128,10
DA:129,10
DA:131,4
DA:135,55
DA:136,2
DA:137,2
DA:141,55
DA:144,52
DA:145,4
DA:147,4
DA:149,3
DA:153,0
DA:159,0
DA:163,0
DA:166,0
DA:168,0
DA:173,0
DA:174,0
DA:175,0
DA:179,3
DA:183,52
DA:184,3
DA:185,3
DA:188,52
DA:189,52
DA:190,3
DA:202,55
DA:203,18
DA:204,16
DA:212,55
DA:221,2
DA:222,2
DA:236,7
LF:78
LH:69
BRDA:24,0,0,16
BRDA:24,0,1,10
BRDA:41,1,0,40
BRDA:41,1,1,24
BRDA:42,2,0,40
BRDA:42,2,1,7
BRDA:76,3,0,16
BRDA:76,3,1,2
BRDA:76,4,0,18
BRDA:76,4,1,18
BRDA:84,5,0,35
BRDA:85,6,0,0
BRDA:85,6,1,35
BRDA:85,7,0,35
BRDA:85,7,1,0
BRDA:95,8,0,16
BRDA:95,8,1,0
BRDA:96,9,0,16
BRDA:96,9,1,0
BRDA:104,10,0,18
BRDA:104,10,1,16
BRDA:110,11,0,7
BRDA:110,11,1,16
BRDA:116,12,0,10
BRDA:116,12,1,16
BRDA:147,13,0,1
BRDA:147,13,1,3
BRDA:159,14,0,0
BRDA:159,14,1,0
BRDA:160,15,0,0
BRDA:160,15,1,0
BRDA:166,16,0,0
BRDA:166,16,1,0
BRDA:166,17,0,0
BRDA:166,17,1,0
BRDA:183,18,0,3
BRDA:183,18,1,49
BRDA:183,19,0,52
BRDA:183,19,1,10
BRDA:189,20,0,3
BRDA:189,20,1,49
BRDA:203,21,0,16
BRDA:203,21,1,2
BRDA:203,22,0,18
BRDA:203,22,1,18
BRDA:217,23,0,55
BRDA:217,23,1,45
BRDA:225,24,0,43
BRDA:225,24,1,2
BRDA:229,25,0,27
BRDA:229,25,1,18
BRDA:229,26,0,45
BRDA:229,26,1,43
BRDA:245,27,0,10
BRDA:245,27,1,45
BRDA:246,28,0,10
BRDA:246,28,1,45
BRF:57
BRH:45
end_of_record
TN:
SF:components\Header.js
FN:12,Header
FN:14,(anonymous_1)
FN:20,(anonymous_2)
FNF:3
FNH:3
FNDA:41,Header
FNDA:1,(anonymous_1)
FNDA:1,(anonymous_2)
DA:13,41
DA:14,41
DA:15,1
DA:17,41
DA:20,1
LF:5
LH:5
BRF:0
BRH:0
end_of_record
TN:
SF:components\Legend.js
FN:5,(anonymous_0)
FNF:1
FNH:1
FNDA:39,(anonymous_0)
DA:5,2
DA:6,39
LF:2
LH:2
BRF:0
BRH:0
end_of_record
TN:
SF:components\LiveBusTracker.js
FN:9,(anonymous_0)
FN:13,(anonymous_1)
FN:14,(anonymous_2)
FN:31,(anonymous_3)
FN:33,(anonymous_4)
FN:53,(anonymous_5)
FN:59,(anonymous_6)
FNF:7
FNH:7
FNDA:6,(anonymous_0)
FNDA:5,(anonymous_1)
FNDA:5,(anonymous_2)
FNDA:2,(anonymous_3)
FNDA:2,(anonymous_4)
FNDA:5,(anonymous_5)
FNDA:2,(anonymous_6)
DA:7,3
DA:9,3
DA:11,6
DA:13,6
DA:14,5
DA:15,5
DA:17,5
DA:22,4
DA:31,4
DA:32,2
DA:33,2
DA:40,1
DA:42,4
DA:47,5
DA:50,5
DA:53,5
DA:56,6
DA:60,2
DA:75,3
LF:19
LH:19
BRF:0
BRH:0
end_of_record
TN:
SF:components\MapMarkers.js
FN:9,(anonymous_0)
FN:15,(anonymous_1)
FN:20,(anonymous_2)
FN:27,(anonymous_3)
FN:34,(anonymous_4)
FNF:5
FNH:4
FNDA:5,(anonymous_0)
FNDA:1,(anonymous_1)
FNDA:0,(anonymous_2)
FNDA:4,(anonymous_3)
FNDA:1,(anonymous_4)
DA:7,3
DA:9,3
DA:10,5
DA:12,4
DA:13,4
DA:15,4
DA:16,1
DA:17,1
DA:20,4
DA:21,0
DA:22,0
DA:25,4
DA:28,4
DA:34,1
DA:56,3
DA:77,3
DA:91,3
DA:729,3
LF:18
LH:16
BRDA:10,0,0,1
BRDA:10,0,1,4
BRDA:10,1,0,5
BRDA:10,1,1,5
BRF:4
BRH:4
end_of_record
TN:
SF:components\NavBar.js
FN:8,NavBar
FN:14,(anonymous_1)
FN:20,(anonymous_2)
FN:23,(anonymous_3)
FN:49,(anonymous_4)
FN:52,(anonymous_5)
FN:56,(anonymous_6)
FN:60,(anonymous_7)
FN:64,(anonymous_8)
FN:74,(anonymous_9)
FNF:10
FNH:9
FNDA:48,NavBar
FNDA:1,(anonymous_1)
FNDA:1,(anonymous_2)
FNDA:4,(anonymous_3)
FNDA:1,(anonymous_4)
FNDA:2,(anonymous_5)
FNDA:0,(anonymous_6)
FNDA:1,(anonymous_7)
FNDA:2,(anonymous_8)
FNDA:1,(anonymous_9)
DA:9,48
DA:10,48
DA:11,48
DA:12,48
DA:14,48
DA:15,1
DA:16,1
DA:20,1
DA:23,48
DA:24,4
DA:25,2
DA:27,2
DA:31,48
DA:36,48
DA:49,1
DA:52,2
DA:56,0
DA:60,1
DA:64,2
DA:74,1
LF:20
LH:19
BRDA:15,0,0,0
BRDA:15,0,1,1
BRDA:24,1,0,2
BRDA:24,1,1,2
BRF:4
BRH:3
end_of_record
TN:
SF:components\PopupModal.js
FN:13,(anonymous_0)
FN:34,(anonymous_1)
FNF:2
FNH:2
FNDA:4,(anonymous_0)
FNDA:1,(anonymous_1)
DA:13,2
DA:14,4
DA:35,1
DA:47,2
LF:4
LH:4
BRF:0
BRH:0
end_of_record
TN:
SF:components\ShuttleSchedule.js
FN:134,(anonymous_0)
FN:179,ShuttleSchedule
FN:184,(anonymous_2)
FN:185,(anonymous_3)
FN:244,(anonymous_4)
FN:253,(anonymous_5)
FN:267,(anonymous_6)
FN:276,(anonymous_7)
FN:286,(anonymous_8)
FN:288,(anonymous_9)
FNF:10
FNH:9
FNDA:42,(anonymous_0)
FNDA:108,ShuttleSchedule
FNDA:43,(anonymous_2)
FNDA:43,(anonymous_3)
FNDA:0,(anonymous_4)
FNDA:2,(anonymous_5)
FNDA:1,(anonymous_6)
FNDA:3,(anonymous_7)
FNDA:1171,(anonymous_8)
FNDA:3492,(anonymous_9)
DA:6,4
DA:134,4
DA:135,42
DA:136,42
DA:138,42
DA:139,641
DA:141,641
DA:144,641
DA:146,641
DA:147,641
DA:148,641
DA:151,641
DA:159,0
DA:163,641
DA:164,641
DA:166,641
DA:168,641
DA:171,0
DA:172,0
DA:176,12
DA:180,108
DA:181,108
DA:182,108
DA:184,108
DA:185,43
DA:186,43
DA:189,43
DA:190,1
DA:191,1
DA:195,42
DA:196,42
DA:199,42
DA:200,4
DA:204,42
DA:210,43
DA:214,108
DA:217,108
DA:218,108
DA:219,1171
DA:222,108
DA:244,0
DA:253,2
DA:267,1
DA:276,3
DA:287,1171
DA:289,3492
DA:317,4
DA:407,4
LF:48
LH:44
BRDA:144,0,0,0
BRDA:144,0,1,641
BRDA:151,1,0,0
BRDA:151,1,1,641
BRDA:152,2,0,641
BRDA:152,2,1,641
BRDA:152,2,2,641
BRDA:152,2,3,641
BRDA:152,2,4,641
BRDA:152,2,5,641
BRDA:163,3,0,0
BRDA:163,3,1,641
BRDA:163,4,0,641
BRDA:163,4,1,0
BRDA:164,5,0,0
BRDA:164,5,1,641
BRDA:164,6,0,641
BRDA:164,6,1,0
BRDA:168,7,0,30
BRDA:168,7,1,611
BRDA:189,8,0,1
BRDA:189,8,1,42
BRDA:189,9,0,43
BRDA:189,9,1,42
BRDA:196,10,0,4
BRDA:196,10,1,38
BRDA:199,11,0,4
BRDA:199,11,1,38
BRDA:233,12,0,103
BRDA:233,12,1,5
BRDA:242,13,0,108
BRDA:242,13,1,103
BRDA:251,14,0,108
BRDA:251,14,1,5
BRDA:265,15,0,108
BRDA:265,15,1,101
BRDA:274,16,0,108
BRDA:274,16,1,7
BRDA:293,17,0,3492
BRDA:293,17,1,54
BRF:40
BRH:34
end_of_record
TN:
SF:components\ShuttleStop.js
FN:19,(anonymous_0)
FN:20,(anonymous_1)
FNF:2
FNH:2
FNDA:6,(anonymous_0)
FNDA:12,(anonymous_1)
DA:5,3
DA:8,3
DA:19,3
DA:20,6
DA:21,12
DA:32,3
LF:6
LH:6
BRF:0
BRH:0
end_of_record
TN:
SF:components\buildingColoring.js
FN:5,(anonymous_0)
FN:8,(anonymous_1)
FN:12,(anonymous_2)
FNF:3
FNH:3
FNDA:6,(anonymous_0)
FNDA:216,(anonymous_1)
FNDA:2469,(anonymous_2)
DA:5,3
DA:6,6
DA:9,216
DA:11,216
DA:12,2469
DA:17,213
DA:28,3
DA:29,3
DA:41,0
LF:9
LH:8
BRDA:11,0,0,213
BRDA:11,0,1,3
BRDA:28,1,0,3
BRDA:28,1,1,0
BRF:4
BRH:3
end_of_record
TN:
SF:contexts\LocationContext.js
FN:8,(anonymous_0)
FN:11,(anonymous_1)
FN:12,(anonymous_2)
FNF:3
FNH:3
FNDA:22,(anonymous_0)
FNDA:11,(anonymous_1)
FNDA:11,(anonymous_2)
DA:6,4
DA:8,4
DA:9,22
DA:11,22
DA:12,11
DA:13,11
DA:14,11
DA:15,1
DA:19,1
DA:22,10
DA:23,10
DA:26,11
DA:29,22
DA:36,4
LF:14
LH:14
BRDA:14,0,0,1
BRDA:14,0,1,10
BRF:2
BRH:2
end_of_record
TN:
SF:data\coloringData.js
FNF:0
FNH:0
DA:1,2
LF:1
LH:1
BRF:0
BRH:0
end_of_record
TN:
SF:hooks\useGoogleMapDirections.js
FN:4,(anonymous_0)
FN:6,(anonymous_1)
FN:32,(anonymous_2)
FN:49,(anonymous_3)
FN:63,(anonymous_4)
FN:97,(anonymous_5)
FN:128,(anonymous_6)
FNF:7
FNH:7
FNDA:7,(anonymous_0)
FNDA:2,(anonymous_1)
FNDA:1,(anonymous_2)
FNDA:1,(anonymous_3)
FNDA:1,(anonymous_4)
FNDA:4,(anonymous_5)
FNDA:2,(anonymous_6)
DA:1,4
DA:4,4
DA:6,7
DA:7,2
DA:8,2
DA:14,2
DA:16,2
DA:17,1
DA:18,1
DA:23,1
DA:26,1
DA:27,1
DA:32,7
DA:33,1
DA:34,1
DA:36,1
DA:43,0
DA:46,1
DA:49,1
DA:55,1
DA:57,0
DA:58,0
DA:63,7
DA:64,1
DA:65,1
DA:66,1
DA:67,0
DA:70,1
DA:74,1
DA:75,0
DA:78,1
DA:80,1
DA:81,0
DA:86,1
DA:87,0
DA:90,1
DA:92,0
DA:93,0
DA:97,7
DA:98,4
DA:99,4
DA:102,4
DA:104,4
DA:106,4
DA:107,2
DA:108,2
DA:111,2
DA:112,0
DA:113,0
DA:116,2
DA:120,1
DA:124,1
DA:127,1
DA:128,2
DA:132,1
DA:133,1
DA:134,1
DA:136,0
DA:137,0
DA:141,7
LF:60
LH:47
BRDA:16,0,0,1
BRDA:16,0,1,1
BRDA:16,1,0,2
BRDA:16,1,1,1
BRDA:36,2,0,0
BRDA:36,2,1,1
BRDA:37,3,0,1
BRDA:37,3,1,1
BRDA:37,3,2,1
BRDA:37,3,3,1
BRDA:37,3,4,1
BRDA:66,4,0,0
BRDA:66,4,1,1
BRDA:66,5,0,1
BRDA:66,5,1,1
BRDA:74,6,0,0
BRDA:74,6,1,1
BRDA:80,7,0,0
BRDA:80,7,1,1
BRDA:80,8,0,1
BRDA:80,8,1,1
BRDA:82,9,0,0
BRDA:82,9,1,0
BRDA:86,10,0,0
BRDA:86,10,1,1
BRDA:86,11,0,1
BRDA:86,11,1,1
BRDA:106,12,0,2
BRDA:106,12,1,2
BRDA:106,13,0,4
BRDA:106,13,1,4
BRDA:111,14,0,0
BRDA:111,14,1,2
BRDA:111,15,0,2
BRDA:111,15,1,2
BRDA:116,16,0,1
BRDA:116,16,1,1
BRDA:117,17,0,2
BRDA:117,17,1,1
BRF:39
BRH:31
end_of_record
TN:
SF:screen\HomeScreen.js
FN:20,HomeScreen
FN:36,(anonymous_1)
FN:63,(anonymous_2)
FN:74,(anonymous_3)
FN:88,(anonymous_4)
FN:92,(anonymous_5)
FN:93,(anonymous_6)
FN:98,(anonymous_7)
FN:106,(anonymous_8)
FN:114,(anonymous_9)
FN:155,(anonymous_10)
FN:157,(anonymous_11)
FN:165,(anonymous_12)
FNF:13
FNH:10
FNDA:41,HomeScreen
FNDA:14,(anonymous_1)
FNDA:23,(anonymous_2)
FNDA:17,(anonymous_3)
FNDA:14,(anonymous_4)
FNDA:1,(anonymous_5)
FNDA:1,(anonymous_6)
FNDA:0,(anonymous_7)
FNDA:0,(anonymous_8)
FNDA:1,(anonymous_9)
FNDA:0,(anonymous_10)
FNDA:210,(anonymous_11)
FNDA:1,(anonymous_12)
DA:18,2
DA:21,41
DA:22,41
DA:23,41
DA:25,41
DA:26,40
DA:28,40
DA:29,40
DA:30,40
DA:31,40
DA:32,40
DA:34,40
DA:36,40
DA:37,14
DA:38,14
DA:41,12
DA:43,12
DA:44,4
DA:45,3
DA:46,3
DA:47,3
DA:49,1
DA:50,1
DA:53,8
DA:54,8
DA:57,0
DA:58,0
DA:59,0
DA:63,40
DA:64,23
DA:65,14
DA:74,40
DA:75,17
DA:76,3
DA:88,40
DA:89,14
DA:92,40
DA:93,1
DA:94,1
DA:98,40
DA:99,0
DA:100,0
DA:106,0
DA:107,0
DA:108,0
DA:109,0
DA:114,40
DA:115,1
DA:121,1
DA:124,40
DA:155,0
DA:158,210
DA:165,1
LF:53
LH:43
BRDA:43,0,0,4
BRDA:43,0,1,8
BRDA:44,1,0,3
BRDA:44,1,1,1
BRDA:64,2,0,14
BRDA:64,2,1,9
BRDA:75,3,0,3
BRDA:75,3,1,14
BRDA:75,4,0,17
BRDA:75,4,1,3
BRDA:94,5,0,1
BRDA:94,5,1,0
BRDA:129,6,0,2
BRDA:129,6,1,38
BRDA:131,7,0,3
BRDA:131,7,1,37
BRDA:138,8,0,3
BRDA:138,8,1,0
BRDA:174,9,0,3
BRDA:174,9,1,0
BRDA:190,10,0,2
BRDA:190,10,1,38
BRF:22
BRH:19
end_of_record
TN:
SF:styles\DirectionBox.style.js
FNF:0
FNH:0
DA:3,4
LF:1
LH:1
BRF:0
BRH:0
end_of_record
