TN:
SF:App.js
FN:29,(anonymous_0)
FN:45,App
FN:52,(anonymous_2)
FN:58,(anonymous_3)
FNF:4
FNH:3
FNDA:3,(anonymous_0)
FNDA:4,App
FNDA:0,(anonymous_2)
FNDA:3,(anonymous_3)
DA:24,2
DA:26,2
DA:29,2
DA:30,3
DA:31,3
DA:40,2
DA:46,4
DA:47,3
DA:52,3
DA:53,0
DA:57,3
DA:58,3
DA:62,3
LF:13
LH:12
BRF:0
BRH:0
end_of_record
TN:
SF:styles.js
FNF:0
FNH:0
DA:3,8
LF:1
LH:1
BRF:0
BRH:0
end_of_record
TN:
SF:assets/ConcordiaLogo.png
FNF:0
FNH:0
DA:1,4
LF:1
LH:1
BRF:0
BRH:0
end_of_record
TN:
SF:assets/PinLogo.png
FNF:0
FNH:0
DA:1,3
LF:1
LH:1
BRF:0
BRH:0
end_of_record
TN:
SF:assets/Shuttle.png
FNF:0
FNH:0
DA:1,4
LF:1
LH:1
BRF:0
BRH:0
end_of_record
TN:
SF:assets/ToggleButton.png
FNF:0
FNH:0
DA:1,1
LF:1
LH:1
BRF:0
BRH:0
end_of_record
TN:
SF:assets/cafeICON.png
FNF:0
FNH:0
DA:1,2
LF:1
LH:1
BRF:0
BRH:0
end_of_record
TN:
SF:assets/calendarIcon.png
FNF:0
FNH:0
DA:1,5
LF:1
LH:1
BRF:0
BRH:0
end_of_record
TN:
SF:assets/parkICON.png
FNF:0
FNH:0
DA:1,2
LF:1
LH:1
BRF:0
BRH:0
end_of_record
TN:
SF:assets/restoICON.png
FNF:0
FNH:0
DA:1,2
LF:1
LH:1
BRF:0
BRH:0
end_of_record
TN:
SF:assets/storeICON.png
FNF:0
FNH:0
DA:1,2
LF:1
LH:1
BRF:0
BRH:0
end_of_record
TN:
SF:assets/svg/SVGtoString.js
FNF:0
FNH:0
DA:1,7
DA:689,7
DA:1495,7
DA:1575,7
DA:2565,7
DA:3229,7
DA:4086,7
DA:4188,7
DA:5259,7
LF:9
LH:9
BRF:0
BRH:0
end_of_record
TN:
SF:components/AsyncPersistence.js
FN:3,(anonymous_0)
FN:10,(anonymous_1)
FNF:2
FNH:2
FNDA:2,(anonymous_0)
FNDA:14,(anonymous_1)
DA:3,3
DA:4,2
DA:5,2
DA:7,1
DA:10,3
DA:11,14
DA:12,14
DA:13,13
DA:15,1
DA:16,1
LF:10
LH:10
BRDA:13,0,0,13
BRDA:13,0,1,12
BRF:2
BRH:2
end_of_record
TN:
SF:components/CalendarScreen.js
FN:21,(anonymous_0)
FN:36,(anonymous_1)
FN:41,(anonymous_2)
FN:46,(anonymous_3)
FN:59,(anonymous_4)
FN:63,(anonymous_5)
FN:72,(anonymous_6)
FN:79,(anonymous_7)
FN:82,(anonymous_8)
FN:92,(anonymous_9)
FN:108,(anonymous_10)
FN:109,(anonymous_11)
FN:110,(anonymous_12)
FN:127,(anonymous_13)
FN:141,(anonymous_14)
FN:145,(anonymous_15)
FN:162,(anonymous_16)
FN:174,(anonymous_17)
FN:180,(anonymous_18)
FN:194,(anonymous_19)
FN:195,(anonymous_20)
FN:209,(anonymous_21)
FNF:22
FNH:22
FNDA:36,(anonymous_0)
FNDA:7,(anonymous_1)
FNDA:7,(anonymous_2)
FNDA:14,(anonymous_3)
FNDA:16,(anonymous_4)
FNDA:7,(anonymous_5)
FNDA:6,(anonymous_6)
FNDA:12,(anonymous_7)
FNDA:9,(anonymous_8)
FNDA:16,(anonymous_9)
FNDA:3,(anonymous_10)
FNDA:3,(anonymous_11)
FNDA:4,(anonymous_12)
FNDA:3,(anonymous_13)
FNDA:44,(anonymous_14)
FNDA:3,(anonymous_15)
FNDA:3,(anonymous_16)
FNDA:1,(anonymous_17)
FNDA:1,(anonymous_18)
FNDA:19,(anonymous_19)
FNDA:13,(anonymous_20)
FNDA:2,(anonymous_21)
DA:21,3
DA:22,36
DA:23,36
DA:24,36
DA:25,36
DA:26,36
DA:28,36
DA:29,36
DA:30,36
DA:36,36
DA:37,7
DA:38,7
DA:41,36
DA:42,7
DA:46,36
DA:47,14
DA:48,14
DA:49,14
DA:50,14
DA:51,0
DA:52,14
DA:53,0
DA:55,14
DA:59,36
DA:60,16
DA:63,36
DA:64,7
DA:65,7
DA:66,6
DA:68,1
DA:72,36
DA:73,6
DA:76,6
DA:79,12
DA:82,36
DA:83,9
DA:84,9
DA:86,9
DA:87,9
DA:89,9
DA:92,36
DA:93,16
DA:94,7
DA:95,7
DA:98,9
DA:100,9
DA:105,9
DA:108,36
DA:109,3
DA:110,4
DA:114,36
DA:127,3
DA:142,44
DA:145,3
DA:162,3
DA:174,1
DA:180,1
DA:194,19
DA:196,13
DA:209,2
LF:60
LH:58
BRDA:50,0,0,0
BRDA:50,0,1,14
BRDA:50,1,0,14
BRDA:50,1,1,14
BRDA:50,1,2,0
BRDA:52,2,0,0
BRDA:52,2,1,14
BRDA:52,3,0,14
BRDA:52,3,1,0
BRDA:65,4,0,6
BRDA:65,4,1,1
BRDA:93,5,0,7
BRDA:93,5,1,9
BRDA:110,6,0,2
BRDA:110,6,1,1
BRDA:149,7,0,37
BRDA:149,7,1,7
BRDA:187,8,0,20
BRDA:187,8,1,16
BRDA:199,9,0,13
BRDA:199,9,1,1
BRF:21
BRH:17
end_of_record
TN:
SF:components/CalendarService.js
FN:8,getNextEvent
FN:28,(anonymous_1)
FN:35,(anonymous_2)
FN:41,(anonymous_3)
FN:44,(anonymous_4)
FN:48,(anonymous_5)
FN:50,(anonymous_6)
FNF:7
FNH:7
FNDA:11,getNextEvent
FNDA:8,(anonymous_1)
FNDA:9,(anonymous_2)
FNDA:1,(anonymous_3)
FNDA:1,(anonymous_4)
FNDA:9,(anonymous_5)
FNDA:81,(anonymous_6)
DA:10,11
DA:11,11
DA:12,1
DA:15,10
DA:18,9
DA:19,1
DA:22,8
DA:23,8
DA:24,8
DA:27,8
DA:28,8
DA:34,8
DA:35,9
DA:39,8
DA:41,1
DA:44,1
DA:48,8
DA:49,9
DA:50,81
DA:53,8
LF:20
LH:20
BRDA:11,0,0,1
BRDA:11,0,1,10
BRDA:18,1,0,1
BRDA:18,1,1,8
BRDA:39,2,0,7
BRDA:39,2,1,1
BRDA:49,3,0,9
BRDA:49,3,1,1
BRDA:53,4,0,6
BRDA:53,4,1,2
BRF:10
BRH:10
end_of_record
TN:
SF:components/EventComponents.js
FN:9,(anonymous_0)
FN:14,(anonymous_1)
FN:62,(anonymous_2)
FNF:3
FNH:3
FNDA:11,(anonymous_0)
FNDA:15,(anonymous_1)
FNDA:5,(anonymous_2)
DA:9,2
DA:10,11
DA:14,2
DA:20,15
DA:62,2
DA:63,5
LF:6
LH:6
BRDA:31,0,0,15
BRDA:31,0,1,13
BRF:2
BRH:2
end_of_record
TN:
SF:components/Footer.js
FN:5,Footer
FNF:1
FNH:1
FNDA:67,Footer
DA:6,67
LF:1
LH:1
BRF:0
BRH:0
end_of_record
TN:
SF:components/HamburgerButton.js
FN:11,(anonymous_0)
FNF:1
FNH:1
FNDA:72,(anonymous_0)
DA:11,5
DA:12,72
DA:30,5
LF:3
LH:3
BRDA:11,0,0,72
BRF:1
BRH:1
end_of_record
TN:
SF:components/Header.js
FN:15,Header
FN:20,(anonymous_1)
FN:26,(anonymous_2)
FN:29,(anonymous_3)
FN:33,(anonymous_4)
FNF:5
FNH:3
FNDA:72,Header
FNDA:0,(anonymous_1)
FNDA:0,(anonymous_2)
FNDA:1,(anonymous_3)
FNDA:1,(anonymous_4)
DA:16,72
DA:17,72
DA:18,72
DA:20,72
DA:21,0
DA:22,0
DA:26,0
DA:29,72
DA:30,1
DA:33,72
DA:34,1
DA:37,72
DA:42,72
LF:13
LH:10
BRDA:21,0,0,0
BRDA:21,0,1,0
BRF:2
BRH:0
end_of_record
TN:
SF:components/Legend.js
FN:5,(anonymous_0)
FNF:1
FNH:1
FNDA:5,(anonymous_0)
DA:5,2
DA:6,5
LF:2
LH:2
BRF:0
BRH:0
end_of_record
TN:
SF:components/LiveBusTracker.js
FN:10,(anonymous_0)
FN:15,(anonymous_1)
FN:16,(anonymous_2)
FN:38,(anonymous_3)
FN:41,(anonymous_4)
FN:46,(anonymous_5)
FN:67,(anonymous_6)
FN:72,(anonymous_7)
FNF:8
FNH:8
FNDA:6,(anonymous_0)
FNDA:3,(anonymous_1)
FNDA:3,(anonymous_2)
FNDA:2,(anonymous_3)
FNDA:2,(anonymous_4)
FNDA:2,(anonymous_5)
FNDA:3,(anonymous_6)
FNDA:2,(anonymous_7)
DA:8,2
DA:10,2
DA:12,6
DA:13,6
DA:15,6
DA:16,3
DA:17,3
DA:18,3
DA:21,3
DA:27,2
DA:37,2
DA:38,1
DA:39,2
DA:41,2
DA:46,2
DA:49,1
DA:51,1
DA:52,1
DA:55,1
DA:56,1
DA:61,3
DA:64,3
DA:67,3
DA:70,6
DA:73,2
LF:25
LH:25
BRDA:37,0,0,1
BRDA:37,0,1,1
BRDA:46,1,0,2
BRDA:46,1,1,2
BRDA:86,2,0,6
BRDA:86,2,1,2
BRF:6
BRH:6
end_of_record
TN:
SF:components/MapMarkers.js
FN:9,(anonymous_0)
FN:15,(anonymous_1)
FN:20,(anonymous_2)
FN:27,(anonymous_3)
FN:34,(anonymous_4)
FNF:5
FNH:4
FNDA:5,(anonymous_0)
FNDA:1,(anonymous_1)
FNDA:0,(anonymous_2)
FNDA:4,(anonymous_3)
FNDA:1,(anonymous_4)
DA:7,1
DA:9,1
DA:10,5
DA:11,5
DA:13,5
DA:15,4
DA:16,1
DA:17,1
DA:20,4
DA:21,0
DA:22,0
DA:25,4
DA:28,4
DA:34,1
DA:56,1
DA:77,1
LF:16
LH:14
BRDA:13,0,0,1
BRDA:13,0,1,4
BRDA:13,1,0,5
BRDA:13,1,1,5
BRF:4
BRH:4
end_of_record
TN:
SF:components/NavBar.js
FN:10,(anonymous_0)
FN:24,NavBar
FN:30,(anonymous_2)
FN:36,(anonymous_3)
FN:40,(anonymous_4)
FN:46,(anonymous_5)
FN:49,(anonymous_6)
FN:54,(anonymous_7)
FN:56,(anonymous_8)
FN:60,(anonymous_9)
FN:87,(anonymous_10)
FN:95,(anonymous_11)
FNF:12
FNH:10
FNDA:1192,(anonymous_0)
FNDA:149,NavBar
FNDA:1,(anonymous_2)
FNDA:1,(anonymous_3)
FNDA:1192,(anonymous_4)
FNDA:1,(anonymous_5)
FNDA:1,(anonymous_6)
FNDA:2,(anonymous_7)
FNDA:0,(anonymous_8)
FNDA:0,(anonymous_9)
FNDA:1192,(anonymous_10)
FNDA:1,(anonymous_11)
DA:10,6
DA:11,1192
DA:16,6
DA:25,149
DA:26,149
DA:27,149
DA:28,149
DA:30,149
DA:31,1
DA:32,1
DA:36,1
DA:40,149
DA:44,1192
DA:46,745
DA:47,745
DA:49,298
DA:50,298
DA:53,149
DA:54,149
DA:56,0
DA:58,149
DA:60,0
DA:63,1192
DA:69,149
DA:74,149
DA:88,1192
DA:95,1
LF:27
LH:25
BRDA:31,0,0,0
BRDA:31,0,1,1
BRDA:44,1,0,745
BRDA:44,1,1,298
BRDA:44,1,2,149
BRDA:44,1,3,0
BRDA:53,2,0,149
BRDA:53,2,1,0
BRF:8
BRH:5
end_of_record
TN:
SF:components/NextEventModal.js
FN:9,(anonymous_0)
FN:15,(anonymous_1)
FN:21,(anonymous_2)
FN:24,(anonymous_3)
FN:25,(anonymous_4)
FN:28,(anonymous_5)
FN:31,(anonymous_6)
FN:46,(anonymous_7)
FN:58,(anonymous_8)
FN:72,(anonymous_9)
FNF:10
FNH:10
FNDA:38,(anonymous_0)
FNDA:14,(anonymous_1)
FNDA:29,(anonymous_2)
FNDA:5,(anonymous_3)
FNDA:5,(anonymous_4)
FNDA:29,(anonymous_5)
FNDA:11,(anonymous_6)
FNDA:20,(anonymous_7)
FNDA:3,(anonymous_8)
FNDA:38,(anonymous_9)
DA:9,2
DA:10,38
DA:11,38
DA:12,38
DA:13,38
DA:15,38
DA:16,14
DA:17,11
DA:21,38
DA:23,29
DA:24,9
DA:25,5
DA:28,29
DA:31,38
DA:32,11
DA:33,11
DA:34,11
DA:35,9
DA:37,2
DA:38,1
DA:40,1
DA:43,11
DA:46,38
DA:47,20
DA:48,6
DA:49,6
DA:50,6
DA:54,6
DA:58,38
DA:59,3
DA:63,3
DA:64,3
DA:65,3
DA:72,38
DA:73,38
DA:74,20
DA:75,15
DA:83,5
DA:86,38
DA:98,2
LF:40
LH:40
BRDA:16,0,0,11
BRDA:16,0,1,3
BRDA:23,1,0,9
BRDA:23,1,1,20
BRDA:23,2,0,29
BRDA:23,2,1,15
BRDA:37,3,0,1
BRDA:37,3,1,1
BRDA:47,4,0,6
BRDA:47,4,1,14
BRDA:73,5,0,18
BRDA:73,5,1,20
BRDA:74,6,0,15
BRDA:74,6,1,5
BRF:14
BRH:14
end_of_record
TN:
SF:components/PopupModal.js
FN:16,(anonymous_0)
FN:19,(anonymous_1)
FN:30,(anonymous_2)
FN:62,(anonymous_3)
FNF:4
FNH:2
FNDA:16,(anonymous_0)
FNDA:0,(anonymous_1)
FNDA:1,(anonymous_2)
FNDA:0,(anonymous_3)
DA:7,3
DA:16,3
DA:17,16
DA:19,16
DA:20,0
DA:22,0
DA:30,16
DA:31,1
DA:33,1
DA:40,16
DA:42,16
DA:62,0
DA:99,3
DA:117,3
LF:14
LH:11
BRDA:40,0,0,16
BRDA:40,0,1,16
BRDA:68,1,0,16
BRDA:68,1,1,1
BRDA:77,2,0,16
BRDA:77,2,1,10
BRF:6
BRH:6
end_of_record
TN:
SF:components/PopupOPI.js
FN:9,(anonymous_0)
FN:11,(anonymous_1)
FN:40,(anonymous_2)
FNF:3
FNH:1
FNDA:40,(anonymous_0)
FNDA:0,(anonymous_1)
FNDA:0,(anonymous_2)
DA:6,3
DA:7,3
DA:9,3
DA:10,40
DA:11,40
DA:12,0
DA:14,0
DA:21,40
DA:40,0
DA:51,3
LF:10
LH:7
BRDA:9,0,0,1
BRDA:10,1,0,2
BRDA:10,2,0,2
BRF:3
BRH:3
end_of_record
TN:
SF:components/ShuttleSchedule.js
FN:134,(anonymous_0)
FN:179,ShuttleSchedule
FN:185,(anonymous_2)
FN:187,(anonymous_3)
FN:246,(anonymous_4)
FN:255,(anonymous_5)
FN:269,(anonymous_6)
FN:278,(anonymous_7)
FN:288,(anonymous_8)
FN:290,(anonymous_9)
FNF:10
FNH:10
FNDA:24,(anonymous_0)
FNDA:217,ShuttleSchedule
FNDA:73,(anonymous_2)
FNDA:73,(anonymous_3)
FNDA:1,(anonymous_4)
FNDA:2,(anonymous_5)
FNDA:1,(anonymous_6)
FNDA:3,(anonymous_7)
FNDA:2370,(anonymous_8)
FNDA:7089,(anonymous_9)
DA:6,7
DA:134,7
DA:135,24
DA:136,24
DA:138,24
DA:140,488
DA:141,1
DA:142,1
DA:146,487
DA:149,487
DA:151,487
DA:152,487
DA:153,487
DA:156,487
DA:164,3
DA:168,484
DA:169,484
DA:171,484
DA:173,484
DA:176,16
DA:180,217
DA:181,217
DA:182,217
DA:185,217
DA:187,73
DA:188,73
DA:191,73
DA:192,52
DA:193,52
DA:197,21
DA:198,21
DA:201,21
DA:202,4
DA:206,21
DA:212,73
DA:216,217
DA:219,217
DA:220,217
DA:221,2370
DA:224,217
DA:246,1
DA:255,2
DA:269,1
DA:278,3
DA:289,2370
DA:291,7089
DA:319,7
DA:409,7
LF:48
LH:48
BRDA:140,0,0,1
BRDA:140,0,1,487
BRDA:140,1,0,488
BRDA:140,1,1,487
BRDA:149,2,0,0
BRDA:149,2,1,487
BRDA:156,3,0,3
BRDA:156,3,1,484
BRDA:157,4,0,487
BRDA:157,4,1,487
BRDA:157,4,2,487
BRDA:157,4,3,486
BRDA:157,4,4,485
BRDA:157,4,5,485
BRDA:168,5,0,293
BRDA:168,5,1,191
BRDA:168,6,0,484
BRDA:168,6,1,334
BRDA:169,7,0,1
BRDA:169,7,1,483
BRDA:169,8,0,484
BRDA:169,8,1,150
BRDA:173,9,0,8
BRDA:173,9,1,476
BRDA:191,10,0,52
BRDA:191,10,1,21
BRDA:191,11,0,73
BRDA:191,11,1,21
BRDA:198,12,0,4
BRDA:198,12,1,17
BRDA:201,13,0,4
BRDA:201,13,1,17
BRDA:235,14,0,212
BRDA:235,14,1,5
BRDA:244,15,0,217
BRDA:244,15,1,212
BRDA:253,16,0,217
BRDA:253,16,1,5
BRDA:267,17,0,217
BRDA:267,17,1,210
BRDA:276,18,0,217
BRDA:276,18,1,7
BRDA:295,19,0,7089
BRDA:295,19,1,12
BRF:44
BRH:43
end_of_record
TN:
SF:components/ShuttleStop.js
FN:19,(anonymous_0)
FN:20,(anonymous_1)
FNF:2
FNH:2
FNDA:8,(anonymous_0)
FNDA:16,(anonymous_1)
DA:5,3
DA:8,3
DA:19,3
DA:20,8
DA:21,16
DA:32,3
LF:6
LH:6
BRF:0
BRH:0
end_of_record
TN:
SF:components/buildingColoring.js
FN:5,(anonymous_0)
FN:8,(anonymous_1)
FN:18,(anonymous_2)
FNF:3
FNH:3
FNDA:8,(anonymous_0)
FNDA:426,(anonymous_1)
FNDA:4492,(anonymous_2)
DA:5,3
DA:6,8
DA:9,426
DA:13,426
DA:17,426
DA:18,4492
DA:23,423
DA:34,3
DA:35,3
DA:47,0
LF:10
LH:9
BRDA:13,0,0,426
BRDA:13,0,1,426
BRDA:13,0,2,8
BRDA:15,1,0,8
BRDA:15,1,1,8
BRDA:17,2,0,423
BRDA:17,2,1,3
BRDA:34,3,0,3
BRDA:34,3,1,0
BRF:9
BRH:8
end_of_record
TN:
SF:components/convertToCoordinates.js
FN:2,(anonymous_0)
FNF:1
FNH:1
FNDA:15,(anonymous_0)
DA:2,3
DA:3,15
DA:4,15
DA:5,15
DA:8,11
DA:10,9
DA:11,7
DA:12,5
DA:13,5
DA:15,2
DA:17,2
DA:19,3
DA:20,3
LF:13
LH:13
BRDA:10,0,0,7
BRDA:10,0,1,2
BRDA:11,1,0,5
BRDA:11,1,1,2
BRF:4
BRH:4
end_of_record
TN:
SF:components/temporaryModal.js
FN:11,TemporaryModal
FNF:1
FNH:1
FNDA:6,TemporaryModal
DA:17,6
DA:23,6
LF:2
LH:2
BRF:0
BRH:0
end_of_record
TN:
SF:components/userInPolygon.js
FN:14,(anonymous_0)
FN:46,(anonymous_1)
FN:64,(anonymous_2)
FN:101,useDataFlow
FN:115,(anonymous_4)
FNF:5
FNH:5
FNDA:9,(anonymous_0)
FNDA:6,(anonymous_1)
FNDA:4,(anonymous_2)
FNDA:13,useDataFlow
FNDA:8,(anonymous_4)
DA:14,3
DA:15,9
DA:16,15
DA:17,15
DA:18,15
DA:19,15
DA:20,15
DA:21,5
DA:22,2
DA:31,3
DA:43,4
DA:46,3
DA:47,6
DA:50,6
DA:51,5
DA:52,5
DA:53,5
DA:54,5
DA:55,5
DA:56,1
DA:63,4
DA:64,4
DA:68,4
DA:69,3
DA:76,1
DA:79,1
DA:89,1
DA:102,13
DA:103,13
DA:107,13
DA:108,13
DA:109,13
DA:113,13
DA:115,13
DA:117,8
DA:118,5
DA:124,5
DA:126,5
DA:127,5
DA:128,3
DA:129,3
DA:131,3
DA:132,2
DA:135,3
DA:138,2
DA:139,2
DA:140,2
DA:145,13
LF:48
LH:48
BRDA:20,0,0,5
BRDA:20,0,1,10
BRDA:21,1,0,2
BRDA:21,1,1,3
BRDA:50,2,0,5
BRDA:50,2,1,1
BRDA:55,3,0,1
BRDA:55,3,1,4
BRDA:68,4,0,3
BRDA:68,4,1,1
BRDA:104,5,0,13
BRDA:104,5,1,2
BRDA:105,6,0,13
BRDA:105,6,1,3
BRDA:110,7,0,13
BRDA:110,7,1,2
BRDA:111,8,0,13
BRDA:111,8,1,3
BRDA:117,9,0,5
BRDA:117,9,1,3
BRDA:117,10,0,8
BRDA:117,10,1,6
BRDA:127,11,0,3
BRDA:127,11,1,2
BRDA:131,12,0,2
BRDA:131,12,1,1
BRDA:147,13,0,13
BRDA:147,13,1,2
BRDA:148,14,0,13
BRDA:148,14,1,3
BRF:30
BRH:30
end_of_record
TN:
SF:components/IndoorNavigation/BuildingSelector.js
FN:9,(anonymous_0)
FN:14,(anonymous_1)
FN:18,(anonymous_2)
FN:37,(anonymous_3)
FN:41,(anonymous_4)
FNF:5
FNH:5
FNDA:7,(anonymous_0)
FNDA:3,(anonymous_1)
FNDA:3,(anonymous_2)
FNDA:18,(anonymous_3)
FNDA:3,(anonymous_4)
DA:9,3
DA:10,7
DA:12,7
DA:14,7
DA:16,3
DA:17,3
DA:18,3
DA:21,3
DA:22,2
DA:26,7
DA:38,18
DA:41,3
LF:12
LH:12
BRDA:21,0,0,2
BRDA:21,0,1,1
BRF:2
BRH:2
end_of_record
TN:
SF:components/IndoorNavigation/ExpandedFloorPlan.js
FN:7,(anonymous_0)
FNF:1
FNH:1
FNDA:1,(anonymous_0)
DA:7,3
DA:16,1
DA:18,1
DA:74,3
LF:4
LH:4
BRDA:12,0,0,1
BRDA:13,1,0,1
BRDA:26,2,0,1
BRDA:26,2,1,1
BRDA:30,3,0,1
BRDA:30,3,1,1
BRDA:33,4,0,1
BRDA:33,4,1,1
BRDA:34,5,0,1
BRDA:34,5,1,1
BRDA:39,6,0,1
BRDA:39,6,1,1
BRDA:45,7,0,1
BRDA:45,7,1,1
BRDA:54,8,0,1
BRDA:54,8,1,1
BRDA:61,9,0,1
BRDA:61,9,1,1
BRF:18
BRH:18
end_of_record
TN:
SF:components/IndoorNavigation/FloorSelector.js
FN:15,(anonymous_0)
FN:25,(anonymous_1)
FN:55,(anonymous_2)
FN:64,(anonymous_3)
FNF:4
FNH:4
FNDA:7,(anonymous_0)
FNDA:3,(anonymous_1)
FNDA:21,(anonymous_2)
FNDA:3,(anonymous_3)
DA:15,3
DA:16,7
DA:17,7
DA:18,7
DA:21,7
DA:23,7
DA:25,7
DA:27,3
DA:28,1
DA:29,1
DA:33,2
DA:34,1
DA:39,1
DA:43,7
DA:56,21
DA:64,3
LF:16
LH:16
BRDA:27,0,0,1
BRDA:27,0,1,2
BRDA:33,1,0,1
BRDA:33,1,1,1
BRDA:61,2,0,21
BRDA:61,2,1,7
BRF:6
BRH:6
end_of_record
TN:
SF:components/IndoorNavigation/IndoorNavigation.js
FN:11,(anonymous_0)
FN:24,(anonymous_1)
FN:45,(anonymous_2)
FN:56,(anonymous_3)
FN:237,(anonymous_4)
FN:422,(anonymous_5)
FN:486,(anonymous_6)
FN:519,(anonymous_7)
FN:526,(anonymous_8)
FN:540,(anonymous_9)
FN:547,(anonymous_10)
FN:571,(anonymous_11)
FNF:12
FNH:12
FNDA:33,(anonymous_0)
FNDA:8,(anonymous_1)
FNDA:8,(anonymous_2)
FNDA:3,(anonymous_3)
FNDA:33,(anonymous_4)
FNDA:6,(anonymous_5)
FNDA:33,(anonymous_6)
FNDA:125,(anonymous_7)
FNDA:3,(anonymous_8)
FNDA:125,(anonymous_9)
FNDA:3,(anonymous_10)
FNDA:6,(anonymous_11)
DA:11,3
DA:12,33
DA:13,33
DA:14,33
DA:15,33
DA:16,33
DA:17,33
DA:20,33
DA:22,33
DA:24,33
DA:26,8
DA:38,8
DA:39,8
DA:42,8
DA:45,33
DA:46,8
DA:47,8
DA:48,7
DA:50,1
DA:52,1
DA:56,33
DA:57,3
DA:58,3
DA:59,3
DA:61,3
DA:62,1
DA:64,2
DA:67,2
DA:68,0
DA:71,0
DA:74,0
DA:228,0
DA:232,0
DA:237,33
DA:238,33
DA:422,33
DA:423,6
DA:425,0
DA:426,0
DA:428,0
DA:484,0
DA:486,33
DA:487,33
DA:489,0
DA:491,0
DA:493,0
DA:495,33
DA:498,33
DA:520,125
DA:527,3
DA:528,3
DA:541,125
DA:548,3
DA:549,3
DA:572,6
DA:593,3
LF:56
LH:44
BRDA:20,0,0,3
BRDA:61,1,0,1
BRDA:61,1,1,2
BRDA:67,2,0,0
BRDA:67,2,1,2
BRDA:423,3,0,6
BRDA:423,3,1,0
BRDA:487,4,0,0
BRDA:487,4,1,0
BRDA:487,4,2,0
BRDA:487,4,3,33
BRDA:524,5,0,125
BRDA:524,5,1,11
BRDA:545,6,0,125
BRDA:545,6,1,8
BRDA:569,7,0,3
BRDA:569,7,1,30
BRDA:576,8,0,6
BRDA:576,8,1,3
BRF:19
BRH:14
end_of_record
TN:
SF:components/IndoorNavigation/NavigationSteps.js
FN:11,(anonymous_0)
FN:30,(anonymous_1)
FNF:2
FNH:2
FNDA:5,(anonymous_0)
FNDA:15,(anonymous_1)
DA:11,3
DA:12,5
DA:13,2
DA:21,3
DA:31,15
DA:54,3
DA:102,3
LF:7
LH:7
BRDA:11,0,0,4
BRDA:12,1,0,2
BRDA:12,1,1,3
BRDA:12,2,0,5
BRDA:12,2,1,4
BRF:5
BRH:5
end_of_record
TN:
SF:components/IndoorNavigation/PathFinder.js
FN:8,findShortestPath
FN:16,initializeGraphData
FN:30,findMinDistanceNode
FN:32,(anonymous_3)
FN:38,processNodes
FN:49,updateNeighbors
FN:59,buildPath
FNF:7
FNH:7
FNDA:15,findShortestPath
FNDA:16,initializeGraphData
FNDA:59,findMinDistanceNode
FNDA:2200,(anonymous_3)
FNDA:15,processNodes
FNDA:41,updateNeighbors
FNDA:15,buildPath
DA:9,15
DA:11,15
DA:13,15
DA:17,16
DA:18,16
DA:19,16
DA:21,16
DA:22,571
DA:23,571
DA:24,571
DA:27,16
DA:31,59
DA:33,2200
DA:39,15
DA:40,56
DA:41,56
DA:43,56
DA:45,41
DA:50,41
DA:51,109
DA:52,109
DA:53,67
DA:54,67
DA:60,15
DA:61,15
DA:63,15
DA:64,34
DA:65,34
DA:68,15
LF:29
LH:29
BRDA:22,0,0,15
BRDA:22,0,1,556
BRDA:33,1,0,110
BRDA:33,1,1,2090
BRDA:33,2,0,2200
BRDA:33,2,1,2142
BRDA:43,3,0,15
BRDA:43,3,1,41
BRDA:52,4,0,67
BRDA:52,4,1,42
BRDA:68,5,0,4
BRDA:68,5,1,11
BRF:12
BRH:12
end_of_record
TN:
SF:components/IndoorNavigation/PathVisualizer.js
FN:7,visualizePath
FN:10,(anonymous_1)
FNF:2
FNH:1
FNDA:3,visualizePath
FNDA:0,(anonymous_1)
DA:9,3
DA:10,3
DA:13,3
DA:16,1
DA:17,1
DA:18,1
DA:21,1
DA:23,1
DA:24,2
DA:25,2
DA:27,2
DA:29,1
DA:32,1
DA:37,1
DA:38,1
DA:39,1
DA:40,1
DA:41,1
DA:42,1
DA:43,1
DA:46,1
DA:47,1
DA:48,1
DA:49,1
DA:50,1
DA:51,1
DA:52,1
DA:55,1
LF:28
LH:28
BRDA:13,0,0,2
BRDA:13,0,1,1
BRDA:13,1,0,3
BRDA:13,1,1,2
BRDA:27,2,0,1
BRDA:27,2,1,1
BRF:6
BRH:6
end_of_record
TN:
SF:components/IndoorNavigation/RoomToRoomNavigation.js
FN:32,(anonymous_0)
FN:77,(anonymous_1)
FN:85,(anonymous_2)
FN:98,(anonymous_3)
FN:104,(anonymous_4)
FN:123,(anonymous_5)
FN:197,(anonymous_6)
FN:203,(anonymous_7)
FN:234,(anonymous_8)
FN:281,(anonymous_9)
FN:293,(anonymous_10)
FN:295,(anonymous_11)
FN:310,(anonymous_12)
FN:320,(anonymous_13)
FN:333,(anonymous_14)
FN:356,(anonymous_15)
FN:451,(anonymous_16)
FN:534,(anonymous_17)
FN:545,(anonymous_18)
FN:549,(anonymous_19)
FN:556,(anonymous_20)
FN:570,(anonymous_21)
FN:584,(anonymous_22)
FN:591,(anonymous_23)
FN:603,(anonymous_24)
FN:610,(anonymous_25)
FN:626,(anonymous_26)
FN:633,(anonymous_27)
FN:642,(anonymous_28)
FN:653,(anonymous_29)
FN:659,(anonymous_30)
FN:666,(anonymous_31)
FN:680,(anonymous_32)
FN:686,(anonymous_33)
FN:693,(anonymous_34)
FN:715,(anonymous_35)
FN:723,(anonymous_36)
FN:736,(anonymous_37)
FN:753,(anonymous_38)
FN:756,(anonymous_39)
FN:757,(anonymous_40)
FN:776,(anonymous_41)
FN:793,(anonymous_42)
FN:796,(anonymous_43)
FN:797,(anonymous_44)
FN:822,(anonymous_45)
FN:829,(anonymous_46)
FN:839,(anonymous_47)
FN:851,(anonymous_48)
FN:855,(anonymous_49)
FN:857,(anonymous_50)
FNF:51
FNH:32
FNDA:22,(anonymous_0)
FNDA:3,(anonymous_1)
FNDA:6,(anonymous_2)
FNDA:6,(anonymous_3)
FNDA:3,(anonymous_4)
FNDA:6,(anonymous_5)
FNDA:2,(anonymous_6)
FNDA:2,(anonymous_7)
FNDA:6,(anonymous_8)
FNDA:16,(anonymous_9)
FNDA:2,(anonymous_10)
FNDA:1,(anonymous_11)
FNDA:13,(anonymous_12)
FNDA:9,(anonymous_13)
FNDA:2,(anonymous_14)
FNDA:1,(anonymous_15)
FNDA:0,(anonymous_16)
FNDA:0,(anonymous_17)
FNDA:9,(anonymous_18)
FNDA:18,(anonymous_19)
FNDA:2,(anonymous_20)
FNDA:3,(anonymous_21)
FNDA:6,(anonymous_22)
FNDA:1,(anonymous_23)
FNDA:6,(anonymous_24)
FNDA:1,(anonymous_25)
FNDA:0,(anonymous_26)
FNDA:0,(anonymous_27)
FNDA:4,(anonymous_28)
FNDA:8,(anonymous_29)
FNDA:12,(anonymous_30)
FNDA:0,(anonymous_31)
FNDA:8,(anonymous_32)
FNDA:12,(anonymous_33)
FNDA:0,(anonymous_34)
FNDA:0,(anonymous_35)
FNDA:5,(anonymous_36)
FNDA:0,(anonymous_37)
FNDA:0,(anonymous_38)
FNDA:0,(anonymous_39)
FNDA:0,(anonymous_40)
FNDA:0,(anonymous_41)
FNDA:0,(anonymous_42)
FNDA:0,(anonymous_43)
FNDA:0,(anonymous_44)
FNDA:1,(anonymous_45)
FNDA:0,(anonymous_46)
FNDA:21,(anonymous_47)
FNDA:0,(anonymous_48)
FNDA:0,(anonymous_49)
FNDA:0,(anonymous_50)
DA:32,3
DA:33,22
DA:34,22
DA:44,22
DA:47,22
DA:48,21
DA:49,21
DA:50,21
DA:53,21
DA:54,21
DA:55,21
DA:56,21
DA:59,21
DA:60,21
DA:61,21
DA:62,21
DA:63,21
DA:66,21
DA:67,21
DA:68,21
DA:71,21
DA:72,21
DA:75,21
DA:77,21
DA:79,3
DA:80,3
DA:81,3
DA:85,21
DA:86,6
DA:88,2
DA:89,2
DA:90,2
DA:91,2
DA:94,0
DA:98,21
DA:99,6
DA:100,6
DA:104,21
DA:111,3
DA:112,2
DA:113,1
DA:114,1
DA:115,0
DA:116,0
DA:118,0
DA:123,21
DA:124,6
DA:125,3
DA:126,3
DA:127,3
DA:130,3
DA:135,3
DA:140,3
DA:141,0
DA:142,0
DA:143,0
DA:147,3
DA:148,3
DA:151,3
DA:156,3
DA:163,3
DA:164,3
DA:165,3
DA:170,3
DA:171,3
DA:172,3
DA:178,3
DA:179,3
DA:182,3
DA:193,3
DA:197,21
DA:199,2
DA:200,2
DA:202,2
DA:203,2
DA:206,2
DA:207,2
DA:208,2
DA:209,2
DA:212,2
DA:213,2
DA:216,2
DA:217,2
DA:218,2
DA:219,2
DA:220,2
DA:221,2
DA:222,2
DA:223,2
DA:224,2
DA:225,2
DA:226,2
DA:229,2
DA:234,21
DA:235,6
DA:236,0
DA:237,0
DA:240,6
DA:241,6
DA:246,6
DA:250,6
DA:251,6
DA:254,6
DA:256,0
DA:257,0
DA:260,6
DA:261,0
DA:262,0
DA:263,0
DA:266,0
DA:268,0
DA:269,0
DA:273,6
DA:275,0
DA:276,0
DA:281,21
DA:282,16
DA:292,2
DA:293,2
DA:294,2
DA:295,2
DA:310,21
DA:311,13
DA:312,4
DA:315,4
DA:320,21
DA:321,9
DA:322,0
DA:323,0
DA:326,9
DA:327,0
DA:328,0
DA:333,21
DA:334,2
DA:335,1
DA:336,1
DA:337,1
DA:338,1
DA:339,1
DA:341,1
DA:342,1
DA:343,1
DA:344,1
DA:345,1
DA:349,2
DA:350,1
DA:356,21
DA:357,1
DA:359,1
DA:366,0
DA:372,0
DA:380,0
DA:383,0
DA:386,1
DA:392,1
DA:401,1
DA:402,1
DA:403,1
DA:405,1
DA:412,1
DA:413,1
DA:415,1
DA:421,1
DA:424,1
DA:426,0
DA:432,0
DA:433,0
DA:434,0
DA:436,0
DA:437,0
DA:442,1
DA:443,0
DA:447,0
DA:450,0
DA:452,0
DA:455,0
DA:456,0
DA:457,0
DA:460,0
DA:462,0
DA:463,0
DA:467,1
DA:468,1
DA:471,1
DA:472,0
DA:476,0
DA:477,0
DA:480,1
DA:487,1
DA:488,0
DA:489,0
DA:490,0
DA:495,1
DA:496,1
DA:504,0
DA:506,0
DA:517,1
DA:518,1
DA:522,1
DA:526,1
DA:528,1
DA:529,1
DA:530,1
DA:531,1
DA:534,1
DA:535,0
DA:536,0
DA:539,0
DA:540,0
DA:545,21
DA:546,9
DA:550,18
DA:556,2
DA:570,21
DA:571,3
DA:572,3
DA:574,3
DA:585,6
DA:591,1
DA:604,6
DA:610,1
DA:626,0
DA:633,0
DA:642,21
DA:643,4
DA:654,8
DA:660,12
DA:666,0
DA:681,8
DA:687,12
DA:693,0
DA:715,0
DA:723,21
DA:724,5
DA:726,5
DA:736,0
DA:754,0
DA:756,0
DA:758,0
DA:776,0
DA:794,0
DA:796,0
DA:798,0
DA:822,1
DA:829,0
DA:839,21
DA:840,21
DA:842,0
DA:843,0
DA:844,0
DA:845,0
DA:847,0
DA:851,0
DA:856,0
DA:857,0
DA:866,21
LF:256
LH:179
BRDA:38,0,0,11
BRDA:39,1,0,11
BRDA:40,2,0,11
BRDA:41,3,0,14
BRDA:42,4,0,14
BRDA:43,5,0,14
BRDA:44,6,0,22
BRDA:44,6,1,0
BRDA:79,7,0,3
BRDA:79,7,1,3
BRDA:86,8,0,4
BRDA:86,8,1,2
BRDA:88,9,0,2
BRDA:88,9,1,0
BRDA:99,10,0,0
BRDA:99,10,1,6
BRDA:111,11,0,2
BRDA:111,11,1,1
BRDA:111,12,0,3
BRDA:111,12,1,2
BRDA:111,12,2,2
BRDA:111,12,3,2
BRDA:111,12,4,2
BRDA:113,13,0,1
BRDA:113,13,1,0
BRDA:113,14,0,1
BRDA:113,14,1,1
BRDA:115,15,0,0
BRDA:115,15,1,0
BRDA:115,16,0,0
BRDA:115,16,1,0
BRDA:124,17,0,3
BRDA:124,17,1,3
BRDA:140,18,0,0
BRDA:140,18,1,3
BRDA:163,19,0,3
BRDA:163,19,1,0
BRDA:170,20,0,3
BRDA:170,20,1,0
BRDA:178,21,0,3
BRDA:178,21,1,0
BRDA:179,22,0,3
BRDA:179,22,1,0
BRDA:206,23,0,2
BRDA:206,23,1,0
BRDA:235,24,0,0
BRDA:235,24,1,6
BRDA:235,25,0,6
BRDA:235,25,1,6
BRDA:235,25,2,6
BRDA:250,26,0,6
BRDA:250,26,1,0
BRDA:260,27,0,0
BRDA:260,27,1,6
BRDA:262,28,0,0
BRDA:262,28,1,0
BRDA:282,29,0,2
BRDA:282,29,1,14
BRDA:283,30,0,16
BRDA:283,30,1,10
BRDA:283,30,2,2
BRDA:283,30,3,2
BRDA:283,30,4,2
BRDA:283,30,5,2
BRDA:283,30,6,2
BRDA:283,30,7,2
BRDA:294,31,0,2
BRDA:294,31,1,0
BRDA:311,32,0,4
BRDA:311,32,1,9
BRDA:311,33,0,13
BRDA:311,33,1,5
BRDA:321,34,0,0
BRDA:321,34,1,9
BRDA:321,35,0,9
BRDA:321,35,1,1
BRDA:326,36,0,0
BRDA:326,36,1,9
BRDA:326,37,0,9
BRDA:326,37,1,0
BRDA:334,38,0,1
BRDA:334,38,1,1
BRDA:349,39,0,1
BRDA:349,39,1,1
BRDA:349,40,0,2
BRDA:349,40,1,1
BRDA:349,40,2,2
BRDA:349,40,3,1
BRDA:359,41,0,0
BRDA:359,41,1,1
BRDA:360,42,0,1
BRDA:360,42,1,1
BRDA:360,42,2,1
BRDA:360,42,3,1
BRDA:360,42,4,1
BRDA:424,43,0,0
BRDA:424,43,1,1
BRDA:432,44,0,0
BRDA:432,44,1,0
BRDA:442,45,0,0
BRDA:442,45,1,1
BRDA:452,46,0,0
BRDA:452,46,1,0
BRDA:455,47,0,0
BRDA:455,47,1,0
BRDA:471,48,0,0
BRDA:471,48,1,1
BRDA:487,49,0,0
BRDA:487,49,1,1
BRDA:495,50,0,1
BRDA:495,50,1,0
BRDA:535,51,0,0
BRDA:535,51,1,0
BRDA:536,52,0,0
BRDA:536,52,1,0
BRDA:554,53,0,18
BRDA:554,53,1,0
BRDA:572,54,0,3
BRDA:572,54,1,0
BRDA:589,55,0,6
BRDA:589,55,1,1
BRDA:608,56,0,6
BRDA:608,56,1,0
BRDA:623,57,0,3
BRDA:623,57,1,1
BRDA:623,57,2,3
BRDA:625,58,0,3
BRDA:625,58,1,1
BRDA:664,59,0,12
BRDA:664,59,1,2
BRDA:691,60,0,12
BRDA:691,60,1,2
BRDA:705,61,0,4
BRDA:705,61,1,2
BRDA:705,61,2,2
BRDA:707,62,0,4
BRDA:707,62,1,2
BRDA:724,63,0,5
BRDA:724,63,1,0
BRDA:771,64,0,0
BRDA:771,64,1,5
BRDA:771,65,0,5
BRDA:771,65,1,0
BRDA:819,66,0,5
BRDA:819,66,1,0
BRDA:840,67,0,21
BRDA:840,67,1,0
BRDA:843,68,0,0
BRDA:843,68,1,0
BRDA:844,69,0,0
BRDA:844,69,1,0
BRDA:845,70,0,0
BRDA:845,70,1,0
BRDA:870,71,0,21
BRDA:870,71,1,9
BRDA:871,72,0,21
BRDA:871,72,1,3
BRDA:872,73,0,21
BRDA:872,73,1,4
BRDA:873,74,0,21
BRDA:873,74,1,5
BRF:161
BRH:108
end_of_record
TN:
SF:components/IndoorNavigation/TunnelNavigation.js
FN:9,(anonymous_0)
FN:12,(anonymous_1)
FN:16,(anonymous_2)
FN:20,(anonymous_3)
FN:39,(anonymous_4)
FN:43,(anonymous_5)
FNF:6
FNH:6
FNDA:2,(anonymous_0)
FNDA:10,(anonymous_1)
FNDA:1,(anonymous_2)
FNDA:1,(anonymous_3)
FNDA:8,(anonymous_4)
FNDA:1,(anonymous_5)
DA:9,3
DA:10,2
DA:12,2
DA:13,10
DA:16,2
DA:18,1
DA:19,1
DA:20,1
DA:23,1
DA:24,1
DA:28,2
DA:40,8
DA:43,1
LF:13
LH:13
BRDA:23,0,0,1
BRDA:23,0,1,0
BRF:2
BRH:1
end_of_record
TN:
SF:components/JourneyPlanner/AddressSelector.js
FN:7,(anonymous_0)
FNF:1
FNH:0
FNDA:0,(anonymous_0)
DA:7,2
DA:8,0
DA:21,2
LF:3
LH:2
BRF:0
BRH:0
end_of_record
TN:
SF:components/JourneyPlanner/BuildingRoomSelector.js
FN:7,(anonymous_0)
FN:30,(anonymous_1)
FN:50,(anonymous_2)
FN:66,(anonymous_3)
FNF:4
FNH:0
FNDA:0,(anonymous_0)
FNDA:0,(anonymous_1)
FNDA:0,(anonymous_2)
FNDA:0,(anonymous_3)
DA:7,2
DA:19,0
DA:31,0
DA:51,0
DA:67,0
DA:84,2
LF:6
LH:2
BRDA:62,0,0,0
BRDA:62,0,1,0
BRDA:76,1,0,0
BRDA:76,1,1,0
BRDA:76,1,2,0
BRF:5
BRH:0
end_of_record
TN:
SF:components/JourneyPlanner/GenerateButton.js
FN:6,(anonymous_0)
FNF:1
FNH:0
FNDA:0,(anonymous_0)
DA:6,2
DA:7,0
DA:19,2
LF:3
LH:2
BRDA:9,0,0,0
BRDA:9,0,1,0
BRF:2
BRH:0
end_of_record
TN:
SF:components/JourneyPlanner/InputTypeSwitcher.js
FN:6,(anonymous_0)
FN:11,(anonymous_1)
FN:19,(anonymous_2)
FNF:3
FNH:3
FNDA:4,(anonymous_0)
FNDA:1,(anonymous_1)
FNDA:1,(anonymous_2)
DA:6,3
DA:7,4
DA:11,1
DA:19,1
DA:28,3
LF:5
LH:5
BRDA:10,0,0,4
BRDA:10,0,1,2
BRDA:18,1,0,4
BRDA:18,1,1,2
BRF:4
BRH:4
end_of_record
TN:
SF:components/JourneyPlanner/JourneyPlannerScreen.js
FN:16,(anonymous_0)
FN:45,(anonymous_1)
FN:51,(anonymous_2)
FN:64,(anonymous_3)
FNF:4
FNH:4
FNDA:17,(anonymous_0)
FNDA:2,(anonymous_1)
FNDA:2,(anonymous_2)
FNDA:17,(anonymous_3)
DA:16,3
DA:17,17
DA:18,17
DA:30,17
DA:43,17
DA:45,17
DA:46,2
DA:47,1
DA:51,17
DA:52,2
DA:60,1
DA:61,1
DA:64,17
DA:65,17
DA:68,17
LF:15
LH:15
BRDA:46,0,0,1
BRDA:46,0,1,1
BRDA:52,1,0,1
BRDA:52,1,1,1
BRDA:91,2,0,13
BRDA:91,2,1,4
BRF:6
BRH:6
end_of_record
TN:
SF:components/JourneyPlanner/LocationTitleInput.js
FN:6,(anonymous_0)
FNF:1
FNH:0
FNDA:0,(anonymous_0)
DA:6,2
DA:7,0
DA:18,2
LF:3
LH:2
BRF:0
BRH:0
end_of_record
TN:
SF:components/JourneyPlanner/LocationsList.js
FN:7,(anonymous_0)
FN:18,(anonymous_1)
FN:34,(anonymous_2)
FN:41,(anonymous_3)
FN:48,(anonymous_4)
FNF:5
FNH:5
FNDA:5,(anonymous_0)
FNDA:12,(anonymous_1)
FNDA:1,(anonymous_2)
FNDA:1,(anonymous_3)
FNDA:1,(anonymous_4)
DA:7,3
DA:8,5
DA:9,1
DA:16,4
DA:19,12
DA:34,1
DA:41,1
DA:48,1
DA:61,3
LF:9
LH:9
BRDA:8,0,0,1
BRDA:8,0,1,4
BRDA:27,1,0,8
BRDA:27,1,1,4
BRF:4
BRH:4
end_of_record
TN:
SF:components/JourneyPlanner/LocationsSection.js
FN:7,(anonymous_0)
FNF:1
FNH:0
FNDA:0,(anonymous_0)
DA:7,2
DA:8,0
DA:28,2
LF:3
LH:2
BRDA:11,0,0,0
BRDA:11,0,1,0
BRF:2
BRH:0
end_of_record
TN:
SF:components/JourneyPlanner/PreferencesSection.js
FN:7,(anonymous_0)
FN:13,(anonymous_1)
FNF:2
FNH:0
FNDA:0,(anonymous_0)
FNDA:0,(anonymous_1)
DA:7,2
DA:8,0
DA:13,0
DA:29,2
LF:4
LH:2
BRDA:19,0,0,0
BRDA:19,0,1,0
BRDA:20,1,0,0
BRDA:20,1,1,0
BRF:4
BRH:0
end_of_record
TN:
SF:components/JourneyPlanner/NavigationOrchestrator/LocationCard.js
FN:6,(anonymous_0)
FN:7,(anonymous_1)
FN:11,(anonymous_2)
FN:41,(anonymous_3)
FNF:4
FNH:0
FNDA:0,(anonymous_0)
FNDA:0,(anonymous_1)
FNDA:0,(anonymous_2)
FNDA:0,(anonymous_3)
DA:6,2
DA:7,0
DA:8,0
DA:11,0
DA:12,0
DA:13,0
DA:15,0
DA:19,0
DA:42,0
DA:56,2
DA:63,2
LF:11
LH:3
BRDA:8,0,0,0
BRDA:8,0,1,0
BRDA:12,1,0,0
BRDA:12,1,1,0
BRDA:21,2,0,0
BRDA:21,2,1,0
BRDA:37,3,0,0
BRDA:37,3,1,0
BRF:8
BRH:0
end_of_record
TN:
SF:components/JourneyPlanner/NavigationOrchestrator/NavigationButton.js
FN:6,(anonymous_0)
FNF:1
FNH:0
FNDA:0,(anonymous_0)
DA:6,2
DA:13,0
DA:15,0
DA:41,2
DA:48,2
LF:5
LH:3
BRDA:9,0,0,0
BRDA:10,1,0,0
BRDA:13,2,0,0
BRDA:13,2,1,0
BRDA:19,3,0,0
BRDA:19,3,1,0
BRDA:23,4,0,0
BRDA:23,4,1,0
BRDA:26,5,0,0
BRDA:26,5,1,0
BRDA:31,6,0,0
BRDA:31,6,1,0
BRDA:33,7,0,0
BRDA:33,7,1,0
BRF:14
BRH:0
end_of_record
TN:
SF:components/MultistepNavigation/DirectionArrow.js
FN:6,(anonymous_0)
FNF:1
FNH:1
FNDA:2,(anonymous_0)
DA:6,1
DA:7,2
LF:2
LH:2
BRF:0
BRH:0
end_of_record
TN:
SF:components/MultistepNavigation/MultistepNavigationScreen.js
FN:37,(anonymous_0)
FN:47,(anonymous_1)
FN:57,(anonymous_2)
FN:118,(anonymous_3)
FN:119,(anonymous_4)
FN:131,(anonymous_5)
FN:136,(anonymous_6)
FN:188,(anonymous_7)
FN:237,(anonymous_8)
FN:260,(anonymous_9)
FN:261,(anonymous_10)
FN:283,(anonymous_11)
FN:311,(anonymous_12)
FN:342,(anonymous_13)
FN:367,(anonymous_14)
FN:390,(anonymous_15)
FN:397,(anonymous_16)
FN:404,(anonymous_17)
FN:416,(anonymous_18)
FN:427,(anonymous_19)
FN:438,(anonymous_20)
FN:449,(anonymous_21)
FN:470,(anonymous_22)
FN:495,(anonymous_23)
FN:612,(anonymous_24)
FN:614,(anonymous_25)
FN:630,(anonymous_26)
FN:669,(anonymous_27)
FN:670,(anonymous_28)
FN:681,(anonymous_29)
FN:715,(anonymous_30)
FN:739,(anonymous_31)
FN:749,(anonymous_32)
FN:757,(anonymous_33)
FN:873,(anonymous_34)
FN:915,(anonymous_35)
FN:946,(anonymous_36)
FN:967,(anonymous_37)
FN:1020,(anonymous_38)
FNF:39
FNH:32
FNDA:415,(anonymous_0)
FNDA:1,(anonymous_1)
FNDA:110,(anonymous_2)
FNDA:110,(anonymous_3)
FNDA:110,(anonymous_4)
FNDA:110,(anonymous_5)
FNDA:117,(anonymous_6)
FNDA:197,(anonymous_7)
FNDA:28,(anonymous_8)
FNDA:110,(anonymous_9)
FNDA:110,(anonymous_10)
FNDA:5,(anonymous_11)
FNDA:7,(anonymous_12)
FNDA:0,(anonymous_13)
FNDA:0,(anonymous_14)
FNDA:14,(anonymous_15)
FNDA:14,(anonymous_16)
FNDA:9,(anonymous_17)
FNDA:15,(anonymous_18)
FNDA:21,(anonymous_19)
FNDA:8,(anonymous_20)
FNDA:1,(anonymous_21)
FNDA:10,(anonymous_22)
FNDA:9,(anonymous_23)
FNDA:190,(anonymous_24)
FNDA:143,(anonymous_25)
FNDA:117,(anonymous_26)
FNDA:0,(anonymous_27)
FNDA:0,(anonymous_28)
FNDA:3,(anonymous_29)
FNDA:2,(anonymous_30)
FNDA:3,(anonymous_31)
FNDA:0,(anonymous_32)
FNDA:1,(anonymous_33)
FNDA:0,(anonymous_34)
FNDA:0,(anonymous_35)
FNDA:414,(anonymous_36)
FNDA:8,(anonymous_37)
FNDA:5,(anonymous_38)
DA:37,3
DA:43,415
DA:44,415
DA:47,415
DA:49,1
DA:50,1
DA:51,1
DA:52,1
DA:53,1
DA:54,1
DA:57,415
DA:58,110
DA:63,414
DA:64,414
DA:67,414
DA:68,414
DA:69,414
DA:71,414
DA:74,414
DA:75,414
DA:76,414
DA:77,414
DA:80,414
DA:81,414
DA:82,414
DA:83,414
DA:84,414
DA:85,414
DA:86,414
DA:87,414
DA:88,414
DA:89,414
DA:90,414
DA:91,414
DA:95,414
DA:98,414
DA:99,414
DA:100,414
DA:101,414
DA:102,414
DA:103,414
DA:104,414
DA:105,414
DA:106,414
DA:107,414
DA:108,414
DA:109,414
DA:112,414
DA:113,414
DA:114,414
DA:115,414
DA:118,414
DA:119,110
DA:120,110
DA:122,110
DA:123,13
DA:125,97
DA:129,110
DA:131,110
DA:136,414
DA:138,117
DA:139,68
DA:140,68
DA:143,68
DA:144,26
DA:149,117
DA:150,1
DA:153,1
DA:154,1
DA:155,1
DA:156,1
DA:157,1
DA:159,1
DA:160,0
DA:162,1
DA:163,0
DA:168,1
DA:169,1
DA:170,1
DA:171,0
DA:172,0
DA:178,1
DA:179,1
DA:181,1
DA:182,1
DA:188,414
DA:190,197
DA:191,114
DA:194,114
DA:195,1
DA:198,114
DA:199,0
DA:202,114
DA:203,0
DA:206,114
DA:207,0
DA:210,114
DA:211,0
DA:215,114
DA:216,1
DA:219,114
DA:220,0
DA:223,114
DA:224,0
DA:227,114
DA:228,0
DA:231,114
DA:232,0
DA:237,414
DA:238,28
DA:240,28
DA:242,28
DA:243,28
DA:248,28
DA:250,28
DA:251,28
DA:253,0
DA:255,28
DA:260,414
DA:261,110
DA:262,110
DA:263,110
DA:264,107
DA:265,2
DA:266,2
DA:269,105
DA:270,104
DA:275,104
DA:277,4
DA:283,414
DA:284,5
DA:285,5
DA:286,1
DA:287,1
DA:289,4
DA:291,4
DA:292,4
DA:298,3
DA:299,1
DA:302,2
DA:304,2
DA:306,4
DA:311,414
DA:312,7
DA:313,7
DA:315,7
DA:316,2
DA:317,2
DA:320,5
DA:322,5
DA:323,5
DA:329,5
DA:330,1
DA:333,4
DA:335,1
DA:337,5
DA:342,414
DA:343,0
DA:344,0
DA:349,0
DA:350,0
DA:355,0
DA:356,0
DA:359,0
DA:360,0
DA:362,0
DA:367,414
DA:368,0
DA:369,0
DA:374,0
DA:375,0
DA:380,0
DA:381,0
DA:385,0
DA:390,414
DA:391,14
DA:392,14
DA:393,14
DA:397,414
DA:398,14
DA:399,14
DA:400,14
DA:404,414
DA:405,9
DA:416,414
DA:417,15
DA:427,414
DA:428,21
DA:438,414
DA:439,8
DA:449,414
DA:451,1
DA:465,1
DA:466,1
DA:467,1
DA:470,1
DA:471,10
DA:477,1
DA:478,1
DA:479,1
DA:480,1
DA:481,1
DA:482,1
DA:485,1
DA:495,414
DA:496,9
DA:499,9
DA:501,9
DA:503,9
DA:504,9
DA:512,9
DA:514,0
DA:519,0
DA:521,0
DA:524,0
DA:529,0
DA:531,0
DA:535,9
DA:540,4
DA:542,5
DA:545,9
DA:550,0
DA:552,9
DA:557,9
DA:558,9
DA:559,9
DA:560,0
DA:561,0
DA:562,0
DA:563,0
DA:564,0
DA:565,0
DA:566,0
DA:567,0
DA:568,0
DA:569,0
DA:573,9
DA:583,9
DA:598,2
DA:600,2
DA:608,2
DA:612,414
DA:614,190
DA:616,143
DA:621,1
DA:627,190
DA:630,414
DA:631,117
DA:639,0
DA:641,0
DA:651,0
DA:659,0
DA:669,0
DA:670,0
DA:671,0
DA:672,0
DA:681,414
DA:682,3
DA:683,0
DA:686,3
DA:689,3
DA:690,3
DA:693,3
DA:694,3
DA:696,3
DA:697,3
DA:700,3
DA:703,3
DA:704,3
DA:707,3
DA:708,3
DA:709,0
DA:710,3
DA:711,3
DA:715,414
DA:716,2
DA:719,2
DA:720,2
DA:723,2
DA:724,2
DA:726,2
DA:727,2
DA:730,2
DA:731,2
DA:732,2
DA:733,0
DA:739,414
DA:740,3
DA:742,3
DA:744,3
DA:749,0
DA:757,1
DA:874,0
DA:916,0
DA:917,0
DA:918,0
DA:946,414
DA:947,414
DA:950,414
DA:967,8
DA:1020,5
LF:301
LH:239
BRDA:138,0,0,68
BRDA:138,0,1,49
BRDA:140,1,0,68
BRDA:140,1,1,66
BRDA:143,2,0,26
BRDA:143,2,1,42
BRDA:149,3,0,1
BRDA:149,3,1,116
BRDA:153,4,0,1
BRDA:153,4,1,0
BRDA:154,5,0,1
BRDA:154,5,1,0
BRDA:155,6,0,1
BRDA:155,6,1,0
BRDA:157,7,0,1
BRDA:157,7,1,0
BRDA:159,8,0,0
BRDA:159,8,1,1
BRDA:162,9,0,0
BRDA:162,9,1,1
BRDA:168,10,0,1
BRDA:168,10,1,0
BRDA:169,11,0,1
BRDA:169,11,1,0
BRDA:170,12,0,0
BRDA:170,12,1,1
BRDA:173,13,0,0
BRDA:173,13,1,0
BRDA:173,13,2,0
BRDA:178,14,0,1
BRDA:178,14,1,0
BRDA:181,15,0,1
BRDA:181,15,1,0
BRDA:190,16,0,114
BRDA:190,16,1,83
BRDA:190,17,0,197
BRDA:190,17,1,114
BRDA:194,18,0,1
BRDA:194,18,1,113
BRDA:198,19,0,0
BRDA:198,19,1,114
BRDA:202,20,0,0
BRDA:202,20,1,114
BRDA:206,21,0,0
BRDA:206,21,1,114
BRDA:210,22,0,0
BRDA:210,22,1,114
BRDA:215,23,0,1
BRDA:215,23,1,113
BRDA:219,24,0,0
BRDA:219,24,1,114
BRDA:223,25,0,0
BRDA:223,25,1,114
BRDA:227,26,0,0
BRDA:227,26,1,114
BRDA:231,27,0,0
BRDA:231,27,1,114
BRDA:238,28,0,0
BRDA:238,28,1,28
BRDA:264,29,0,2
BRDA:264,29,1,105
BRDA:285,30,0,1
BRDA:285,30,1,4
BRDA:298,31,0,1
BRDA:298,31,1,2
BRDA:315,32,0,2
BRDA:315,32,1,5
BRDA:329,33,0,1
BRDA:329,33,1,4
BRDA:472,34,0,0
BRDA:472,34,1,10
BRDA:503,35,0,9
BRDA:503,35,1,0
BRDA:512,36,0,0
BRDA:512,36,1,9
BRDA:514,37,0,0
BRDA:514,37,1,0
BRDA:524,38,0,0
BRDA:524,38,1,0
BRDA:535,39,0,4
BRDA:535,39,1,5
BRDA:545,40,0,0
BRDA:545,40,1,9
BRDA:558,41,0,9
BRDA:558,41,1,0
BRDA:560,42,0,0
BRDA:560,42,1,0
BRDA:562,43,0,0
BRDA:562,43,1,0
BRDA:564,44,0,0
BRDA:564,44,1,0
BRDA:566,45,0,0
BRDA:566,45,1,0
BRDA:568,46,0,0
BRDA:568,46,1,0
BRDA:603,47,0,0
BRDA:603,47,1,2
BRDA:616,48,0,1
BRDA:616,48,1,142
BRDA:617,49,0,143
BRDA:617,49,1,1
BRDA:631,50,0,0
BRDA:631,50,1,117
BRDA:651,51,0,0
BRDA:651,51,1,0
BRDA:652,52,0,0
BRDA:652,52,1,0
BRDA:652,52,2,0
BRDA:652,52,3,0
BRDA:652,52,4,0
BRDA:652,52,5,0
BRDA:671,53,0,0
BRDA:671,53,1,0
BRDA:682,54,0,0
BRDA:682,54,1,3
BRDA:682,55,0,3
BRDA:682,55,1,3
BRDA:708,56,0,0
BRDA:708,56,1,3
BRDA:708,57,0,3
BRDA:708,57,1,3
BRDA:710,58,0,3
BRDA:710,58,1,0
BRDA:710,59,0,3
BRDA:710,59,1,3
BRDA:716,60,0,0
BRDA:716,60,1,2
BRDA:716,61,0,2
BRDA:716,61,1,2
BRDA:731,62,0,2
BRDA:731,62,1,0
BRDA:731,63,0,2
BRDA:731,63,1,2
BRDA:733,64,0,0
BRDA:733,64,1,0
BRDA:733,65,0,0
BRDA:733,65,1,0
BRDA:740,66,0,0
BRDA:740,66,1,3
BRDA:770,67,0,0
BRDA:770,67,1,3
BRDA:774,68,0,3
BRDA:774,68,1,0
BRDA:790,69,0,0
BRDA:790,69,1,3
BRDA:821,70,0,3
BRDA:821,70,1,3
BRDA:821,70,2,0
BRDA:872,71,0,0
BRDA:872,71,1,3
BRDA:947,72,0,414
BRDA:947,72,1,3
BRDA:956,73,0,137
BRDA:956,73,1,277
BRDA:1025,74,0,414
BRDA:1025,74,1,3
BRF:156
BRH:87
end_of_record
TN:
SF:components/MultistepNavigation/NavigationForm.js
FN:17,(anonymous_0)
FN:89,(anonymous_1)
FN:105,(anonymous_2)
FN:144,(anonymous_3)
FN:164,(anonymous_4)
FN:167,(anonymous_5)
FN:207,(anonymous_6)
FN:292,(anonymous_7)
FN:296,(anonymous_8)
FN:323,(anonymous_9)
FN:341,(anonymous_10)
FN:381,(anonymous_11)
FN:400,(anonymous_12)
FN:403,(anonymous_13)
FN:444,(anonymous_14)
FN:471,(anonymous_15)
FN:475,(anonymous_16)
FNF:17
FNH:15
FNDA:299,(anonymous_0)
FNDA:1,(anonymous_1)
FNDA:13,(anonymous_2)
FNDA:0,(anonymous_3)
FNDA:6,(anonymous_4)
FNDA:1,(anonymous_5)
FNDA:53,(anonymous_6)
FNDA:24,(anonymous_7)
FNDA:10,(anonymous_8)
FNDA:8,(anonymous_9)
FNDA:12,(anonymous_10)
FNDA:0,(anonymous_11)
FNDA:8,(anonymous_12)
FNDA:1,(anonymous_13)
FNDA:9,(anonymous_14)
FNDA:76,(anonymous_15)
FNDA:9,(anonymous_16)
DA:17,4
DA:61,299
DA:89,1
DA:105,13
DA:145,0
DA:146,0
DA:165,6
DA:168,1
DA:211,53
DA:216,1
DA:217,1
DA:218,1
DA:221,0
DA:222,0
DA:225,0
DA:226,0
DA:228,0
DA:230,52
DA:236,49
DA:244,49
DA:245,18
DA:246,31
DA:248,3
DA:249,28
DA:254,25
DA:257,3
DA:261,3
DA:266,53
DA:269,53
DA:273,53
DA:293,24
DA:296,10
DA:323,8
DA:341,12
DA:382,0
DA:383,0
DA:401,8
DA:404,1
DA:446,9
DA:449,9
DA:452,9
DA:456,9
DA:472,76
DA:475,9
DA:520,4
LF:45
LH:36
BRDA:18,0,0,189
BRDA:24,1,0,273
BRDA:27,2,0,0
BRDA:28,3,0,0
BRDA:32,4,0,227
BRDA:33,5,0,0
BRDA:34,6,0,0
BRDA:63,7,0,299
BRDA:63,7,1,0
BRDA:65,8,0,299
BRDA:65,8,1,0
BRDA:87,9,0,299
BRDA:87,9,1,196
BRDA:94,10,0,299
BRDA:94,10,1,196
BRDA:103,11,0,299
BRDA:103,11,1,103
BRDA:110,12,0,299
BRDA:110,12,1,103
BRDA:119,13,0,196
BRDA:119,13,1,103
BRDA:125,14,0,196
BRDA:125,14,1,6
BRDA:136,15,0,196
BRDA:136,15,1,194
BRDA:139,16,0,1
BRDA:139,16,1,195
BRDA:142,17,0,195
BRDA:142,17,1,5
BRDA:159,18,0,196
BRDA:159,18,1,4
BRDA:195,19,0,103
BRDA:195,19,1,73
BRDA:201,20,0,73
BRDA:201,20,1,9
BRDA:211,21,0,1
BRDA:211,21,1,52
BRDA:217,22,0,1
BRDA:217,22,1,0
BRDA:221,23,0,0
BRDA:221,23,1,0
BRDA:225,24,0,0
BRDA:225,24,1,0
BRDA:230,25,0,49
BRDA:230,25,1,3
BRDA:231,26,0,52
BRDA:231,26,1,37
BRDA:231,26,2,27
BRDA:244,27,0,18
BRDA:244,27,1,31
BRDA:246,28,0,3
BRDA:246,28,1,28
BRDA:249,29,0,25
BRDA:249,29,1,3
BRDA:250,30,0,28
BRDA:250,30,1,25
BRDA:261,31,0,3
BRDA:261,31,1,0
BRDA:273,32,0,53
BRDA:273,32,1,26
BRDA:276,33,0,73
BRDA:276,33,1,9
BRDA:287,34,0,103
BRDA:287,34,1,18
BRDA:320,35,0,299
BRDA:320,35,1,33
BRDA:328,36,0,299
BRDA:328,36,1,33
BRDA:338,37,0,299
BRDA:338,37,1,266
BRDA:346,38,0,299
BRDA:346,38,1,266
BRDA:356,39,0,33
BRDA:356,39,1,266
BRDA:362,40,0,33
BRDA:362,40,1,8
BRDA:373,41,0,33
BRDA:373,41,1,25
BRDA:376,42,0,1
BRDA:376,42,1,32
BRDA:379,43,0,32
BRDA:379,43,1,7
BRDA:395,44,0,33
BRDA:395,44,1,6
BRDA:434,45,0,266
BRDA:434,45,1,32
BRDA:440,46,0,32
BRDA:440,46,1,1
BRDA:446,47,0,8
BRDA:446,47,1,1
BRDA:456,48,0,9
BRDA:456,48,1,1
BRDA:459,49,0,32
BRDA:459,49,1,1
BRDA:466,50,0,266
BRDA:466,50,1,22
BRDA:494,51,0,299
BRDA:494,51,1,196
BRDA:494,51,2,106
BRDA:494,51,3,103
BRDA:494,51,4,76
BRDA:494,51,5,4
BRDA:494,51,6,73
BRDA:494,51,7,72
BRDA:494,51,8,293
BRDA:502,52,0,299
BRDA:502,52,1,298
BRDA:502,52,2,195
BRDA:502,52,3,106
BRDA:502,52,4,103
BRDA:502,52,5,76
BRDA:502,52,6,4
BRDA:502,52,7,73
BRDA:502,52,8,72
BRDA:509,53,0,1
BRDA:509,53,1,298
BRF:116
BRH:104
end_of_record
TN:
SF:components/MultistepNavigation/NavigationStep.js
FN:24,(anonymous_0)
FN:35,(anonymous_1)
FN:44,(anonymous_2)
FN:87,(anonymous_3)
FN:105,(anonymous_4)
FN:142,(anonymous_5)
FN:161,(anonymous_6)
FN:227,(anonymous_7)
FNF:8
FNH:8
FNDA:150,(anonymous_0)
FNDA:32,(anonymous_1)
FNDA:82,(anonymous_2)
FNDA:10,(anonymous_3)
FNDA:68,(anonymous_4)
FNDA:63,(anonymous_5)
FNDA:33,(anonymous_6)
FNDA:137,(anonymous_7)
DA:24,4
DA:32,150
DA:35,150
DA:36,32
DA:44,150
DA:45,82
DA:47,82
DA:87,10
DA:105,150
DA:106,68
DA:109,68
DA:113,68
DA:142,63
DA:163,33
DA:167,33
DA:195,150
DA:204,4
DA:227,4
DA:239,137
DA:241,137
DA:243,137
DA:315,4
LF:22
LH:22
BRDA:27,0,0,8
BRDA:32,1,0,0
BRDA:32,1,1,150
BRDA:53,2,0,37
BRDA:53,2,1,45
BRDA:71,3,0,37
BRDA:71,3,1,45
BRDA:95,4,0,82
BRDA:95,4,1,1
BRDA:106,5,0,49
BRDA:106,5,1,19
BRDA:109,6,0,49
BRDA:109,6,1,19
BRDA:150,7,0,35
BRDA:150,7,1,33
BRDA:155,8,0,31
BRDA:155,8,1,2
BRDA:163,9,0,33
BRDA:163,9,1,0
BRDA:164,10,0,33
BRDA:164,10,1,32
BRDA:172,11,0,33
BRDA:172,11,1,32
BRDA:175,12,0,33
BRDA:175,12,1,33
BRDA:198,13,0,82
BRDA:198,13,1,68
BRDA:239,14,0,0
BRDA:239,14,1,137
BRDA:276,15,0,137
BRDA:276,15,1,130
BRDA:298,16,0,137
BRDA:298,16,1,128
BRF:33
BRH:30
end_of_record
TN:
SF:components/OutdoorNavigation/DirectionsBox.js
FN:12,DirectionsBox
FN:15,(anonymous_1)
FN:20,(anonymous_2)
FN:28,(anonymous_3)
FN:38,(anonymous_4)
FN:39,(anonymous_5)
FN:45,(anonymous_6)
FN:69,(anonymous_7)
FNF:8
FNH:7
FNDA:8,DirectionsBox
FNDA:0,(anonymous_1)
FNDA:8,(anonymous_2)
FNDA:5,(anonymous_3)
FNDA:16,(anonymous_4)
FNDA:48,(anonymous_5)
FNDA:48,(anonymous_6)
FNDA:16,(anonymous_7)
DA:17,8
DA:20,8
DA:21,8
DA:28,8
DA:29,5
DA:32,8
DA:38,8
DA:39,16
DA:40,48
DA:45,16
DA:46,48
DA:55,8
DA:70,16
DA:88,3
LF:14
LH:14
BRDA:13,0,0,0
BRDA:14,1,0,0
BRDA:15,2,0,0
BRDA:17,3,0,5
BRDA:17,3,1,3
BRDA:22,4,0,5
BRDA:22,4,1,3
BRDA:48,5,0,16
BRDA:48,5,1,32
BRDA:68,6,0,8
BRDA:68,6,1,0
BRF:11
BRH:7
end_of_record
TN:
SF:components/OutdoorNavigation/ExpandedMapModal.js
FN:17,(anonymous_0)
FNF:1
FNH:1
FNDA:5,(anonymous_0)
DA:17,3
DA:20,5
DA:22,4
DA:53,3
LF:4
LH:4
BRDA:20,0,0,1
BRDA:20,0,1,4
BRF:2
BRH:2
end_of_record
TN:
SF:components/OutdoorNavigation/FloatingSearchBar.js
FN:15,(anonymous_0)
FN:38,(anonymous_1)
FN:39,(anonymous_2)
FN:45,(anonymous_3)
FN:51,(anonymous_4)
FN:52,(anonymous_5)
FN:71,(anonymous_6)
FN:98,(anonymous_7)
FN:120,(anonymous_8)
FN:141,(anonymous_9)
FN:152,(anonymous_10)
FN:169,(anonymous_11)
FN:172,(anonymous_12)
FNF:13
FNH:13
FNDA:65,(anonymous_0)
FNDA:24,(anonymous_1)
FNDA:24,(anonymous_2)
FNDA:24,(anonymous_3)
FNDA:24,(anonymous_4)
FNDA:24,(anonymous_5)
FNDA:10,(anonymous_6)
FNDA:3,(anonymous_7)
FNDA:1,(anonymous_8)
FNDA:10,(anonymous_9)
FNDA:1,(anonymous_10)
FNDA:9,(anonymous_11)
FNDA:3,(anonymous_12)
DA:15,3
DA:22,65
DA:23,65
DA:24,65
DA:25,65
DA:26,65
DA:27,65
DA:28,65
DA:35,65
DA:38,65
DA:39,24
DA:40,24
DA:41,24
DA:44,24
DA:45,24
DA:47,24
DA:51,65
DA:52,24
DA:53,24
DA:54,24
DA:55,24
DA:56,8
DA:57,8
DA:60,16
DA:61,16
DA:66,0
DA:71,65
DA:72,10
DA:73,10
DA:74,10
DA:75,1
DA:76,1
DA:78,9
DA:80,9
DA:83,9
DA:85,9
DA:86,2
DA:88,7
DA:91,0
DA:92,0
DA:94,9
DA:98,65
DA:99,3
DA:101,3
DA:106,2
DA:107,2
DA:111,2
DA:112,2
DA:113,2
DA:116,2
DA:117,2
DA:120,2
DA:121,1
DA:122,0
DA:127,1
DA:132,65
DA:134,65
DA:142,10
DA:143,10
DA:153,1
DA:154,1
DA:155,1
DA:156,1
DA:157,0
DA:170,9
DA:172,3
DA:190,3
LF:67
LH:62
BRDA:55,0,0,8
BRDA:55,0,1,16
BRDA:74,1,0,1
BRDA:74,1,1,9
BRDA:85,2,0,2
BRDA:85,2,1,7
BRDA:106,3,0,2
BRDA:106,3,1,0
BRDA:121,4,0,0
BRDA:121,4,1,1
BRDA:132,5,0,0
BRDA:132,5,1,65
BRDA:142,6,0,0
BRDA:142,6,1,10
BRDA:145,7,0,65
BRDA:145,7,1,34
BRDA:149,8,0,65
BRDA:149,8,1,2
BRDA:150,9,0,65
BRDA:150,9,1,14
BRDA:156,10,0,0
BRDA:156,10,1,1
BRDA:167,11,0,65
BRDA:167,11,1,7
BRF:24
BRH:19
end_of_record
TN:
SF:components/OutdoorNavigation/GetDirections.js
FN:23,(anonymous_0)
FN:43,(anonymous_1)
FN:57,(anonymous_2)
FN:77,(anonymous_3)
FN:103,(anonymous_4)
FN:110,(anonymous_5)
FN:121,(anonymous_6)
FN:134,(anonymous_7)
FN:146,(anonymous_8)
FN:156,(anonymous_9)
FN:165,(anonymous_10)
FN:171,(anonymous_11)
FN:177,(anonymous_12)
FN:183,(anonymous_13)
FN:197,(anonymous_14)
FN:204,(anonymous_15)
FN:207,(anonymous_16)
FN:245,(anonymous_17)
FN:269,(anonymous_18)
FN:280,(anonymous_19)
FN:287,(anonymous_20)
FN:295,(anonymous_21)
FN:302,(anonymous_22)
FN:307,(anonymous_23)
FN:312,(anonymous_24)
FN:317,(anonymous_25)
FNF:26
FNH:23
FNDA:3,(anonymous_0)
FNDA:21,(anonymous_1)
FNDA:27,(anonymous_2)
FNDA:40,(anonymous_3)
FNDA:12,(anonymous_4)
FNDA:14,(anonymous_5)
FNDA:12,(anonymous_6)
FNDA:0,(anonymous_7)
FNDA:24,(anonymous_8)
FNDA:12,(anonymous_9)
FNDA:25,(anonymous_10)
FNDA:14,(anonymous_11)
FNDA:21,(anonymous_12)
FNDA:10,(anonymous_13)
FNDA:1,(anonymous_14)
FNDA:40,(anonymous_15)
FNDA:3,(anonymous_16)
FNDA:40,(anonymous_17)
FNDA:1,(anonymous_18)
FNDA:0,(anonymous_19)
FNDA:2,(anonymous_20)
FNDA:0,(anonymous_21)
FNDA:1,(anonymous_22)
FNDA:1,(anonymous_23)
FNDA:1,(anonymous_24)
FNDA:1,(anonymous_25)
DA:23,3
DA:24,3
DA:25,3
DA:26,2
DA:27,1
DA:32,1
DA:33,1
DA:36,1
DA:37,1
DA:41,3
DA:43,3
DA:44,21
DA:45,9
DA:47,3
DA:48,3
DA:57,3
DA:58,27
DA:65,3
DA:66,3
DA:77,3
DA:78,40
DA:79,40
DA:80,40
DA:81,40
DA:82,40
DA:83,40
DA:84,40
DA:85,40
DA:86,40
DA:88,40
DA:89,40
DA:90,40
DA:91,40
DA:95,40
DA:100,40
DA:103,40
DA:104,12
DA:105,1
DA:110,40
DA:111,14
DA:112,11
DA:116,11
DA:121,40
DA:122,12
DA:123,1
DA:124,1
DA:126,12
DA:127,0
DA:128,0
DA:129,0
DA:132,0
DA:134,0
DA:135,0
DA:136,0
DA:137,0
DA:138,0
DA:141,0
DA:146,40
DA:147,24
DA:148,0
DA:155,40
DA:156,12
DA:165,40
DA:166,25
DA:167,13
DA:171,40
DA:172,14
DA:173,2
DA:177,40
DA:178,21
DA:179,9
DA:183,40
DA:184,10
DA:185,10
DA:186,9
DA:187,9
DA:188,9
DA:189,9
DA:190,9
DA:191,9
DA:193,1
DA:197,40
DA:198,1
DA:199,1
DA:204,40
DA:207,40
DA:208,3
DA:209,3
DA:210,3
DA:214,0
DA:219,0
DA:223,0
DA:225,0
DA:226,0
DA:230,0
DA:231,0
DA:232,0
DA:236,3
DA:240,40
DA:241,2
DA:242,2
DA:245,40
DA:246,40
DA:247,2
DA:261,40
DA:270,1
DA:271,1
DA:272,1
DA:281,0
DA:288,2
DA:289,2
DA:296,0
DA:302,1
DA:307,1
DA:312,1
DA:317,1
LF:116
LH:95
BRDA:26,0,0,1
BRDA:26,0,1,1
BRDA:44,1,0,12
BRDA:44,1,1,9
BRDA:60,2,0,27
BRDA:60,2,1,15
BRDA:61,3,0,27
BRDA:61,3,1,2
BRDA:100,4,0,40
BRDA:100,4,1,0
BRDA:104,5,0,1
BRDA:104,5,1,11
BRDA:111,6,0,11
BRDA:111,6,1,3
BRDA:111,7,0,14
BRDA:111,7,1,14
BRDA:111,7,2,12
BRDA:122,8,0,1
BRDA:122,8,1,11
BRDA:126,9,0,0
BRDA:126,9,1,12
BRDA:127,10,0,0
BRDA:127,10,1,0
BRDA:132,11,0,0
BRDA:132,11,1,0
BRDA:136,12,0,0
BRDA:136,12,1,0
BRDA:146,13,0,24
BRDA:147,14,0,0
BRDA:147,14,1,24
BRDA:147,15,0,24
BRDA:147,15,1,0
BRDA:157,16,0,12
BRDA:157,16,1,0
BRDA:158,17,0,12
BRDA:158,17,1,0
BRDA:166,18,0,13
BRDA:166,18,1,12
BRDA:172,19,0,2
BRDA:172,19,1,12
BRDA:178,20,0,9
BRDA:178,20,1,12
BRDA:209,21,0,0
BRDA:209,21,1,3
BRDA:209,22,0,3
BRDA:209,22,1,3
BRDA:219,23,0,0
BRDA:219,23,1,0
BRDA:220,24,0,0
BRDA:220,24,1,0
BRDA:225,25,0,0
BRDA:225,25,1,0
BRDA:225,26,0,0
BRDA:225,26,1,0
BRDA:240,27,0,2
BRDA:240,27,1,38
BRDA:240,28,0,40
BRDA:240,28,1,9
BRDA:246,29,0,2
BRDA:246,29,1,38
BRDA:266,30,0,40
BRDA:266,30,1,31
BRDA:275,31,0,29
BRDA:275,31,1,2
BRDA:303,32,0,28
BRDA:303,32,1,3
BRDA:308,33,0,1
BRDA:308,33,1,30
BRDA:313,34,0,1
BRDA:313,34,1,30
BRDA:318,35,0,1
BRDA:318,35,1,30
BRDA:326,36,0,9
BRDA:326,36,1,31
BRDA:327,37,0,9
BRDA:327,37,1,31
BRF:76
BRH:55
end_of_record
TN:
SF:constants/Building.js
FNF:0
FNH:0
DA:1,2
DA:639,2
LF:2
LH:2
BRF:0
BRH:0
end_of_record
TN:
SF:constants/CoursePrefixes.js
FNF:0
FNH:0
DA:5,2
LF:1
LH:1
BRF:0
BRH:0
end_of_record
TN:
SF:constants/OutdoorPtsOfDirections.js
FNF:0
FNH:0
DA:1,2
DA:2,2
DA:3,2
DA:4,2
DA:6,2
LF:5
LH:5
BRF:0
BRH:0
end_of_record
TN:
SF:constants/configuration/navigationItems.js
FNF:0
FNH:0
DA:10,6
LF:1
LH:1
BRF:0
BRH:0
end_of_record
TN:
SF:constants/coordinates/CampusCoordinates.js
FNF:0
FNH:0
DA:1,1
LF:1
LH:1
BRF:0
BRH:0
end_of_record
TN:
SF:constants/coordinates/cc1.js
FNF:0
FNH:0
DA:1,8
DA:231,8
LF:2
LH:2
BRF:0
BRH:0
end_of_record
TN:
SF:constants/coordinates/h1.js
FN:1,(anonymous_0)
FNF:1
FNH:1
FNDA:77,(anonymous_0)
DA:1,77
DA:10,7
DA:24,7
LF:3
LH:3
BRDA:5,0,0,77
BRDA:5,0,1,0
BRDA:6,1,0,77
BRDA:6,1,1,0
BRF:4
BRH:2
end_of_record
TN:
SF:constants/coordinates/h8.js
FN:1,(anonymous_0)
FNF:1
FNH:1
FNDA:495,(anonymous_0)
DA:1,495
DA:10,9
DA:68,9
LF:3
LH:3
BRDA:5,0,0,495
BRDA:5,0,1,0
BRDA:6,1,0,495
BRDA:6,1,1,0
BRF:4
BRH:2
end_of_record
TN:
SF:constants/coordinates/h9.js
FN:1,(anonymous_0)
FNF:1
FNH:1
FNDA:539,(anonymous_0)
DA:1,539
DA:10,7
DA:90,7
LF:3
LH:3
BRDA:5,0,0,539
BRDA:5,0,1,0
BRDA:6,1,0,539
BRDA:6,1,1,0
BRF:4
BRH:2
end_of_record
TN:
SF:constants/coordinates/msb1.js
FN:1,(anonymous_0)
FNF:1
FNH:1
FNDA:154,(anonymous_0)
DA:1,154
DA:10,7
DA:35,7
LF:3
LH:3
BRDA:5,0,0,154
BRDA:5,0,1,0
BRDA:6,1,0,154
BRDA:6,1,1,0
BRF:4
BRH:2
end_of_record
TN:
SF:constants/coordinates/msb2.js
FN:1,(anonymous_0)
FNF:1
FNH:1
FNDA:259,(anonymous_0)
DA:1,259
DA:10,7
DA:50,7
LF:3
LH:3
BRDA:5,0,0,252
BRDA:5,0,1,7
BRDA:6,1,0,252
BRDA:6,1,1,7
BRF:4
BRH:4
end_of_record
TN:
SF:constants/coordinates/ve1.js
FNF:0
FNH:0
DA:1,7
DA:35,7
LF:2
LH:2
BRF:0
BRH:0
end_of_record
TN:
SF:constants/coordinates/ve2.js
FNF:0
FNH:0
DA:1,7
DA:107,7
LF:2
LH:2
BRF:0
BRH:0
end_of_record
TN:
SF:constants/coordinates/vl1.js
FN:1,(anonymous_0)
FNF:1
FNH:1
FNDA:70,(anonymous_0)
DA:1,70
DA:10,7
DA:23,7
LF:3
LH:3
BRDA:5,0,0,70
BRDA:5,0,1,0
BRDA:6,1,0,70
BRDA:6,1,1,0
BRF:4
BRH:2
end_of_record
TN:
SF:contexts/LocationContext.js
FN:8,(anonymous_0)
FN:11,(anonymous_1)
FN:12,(anonymous_2)
FNF:3
FNH:3
FNDA:9,(anonymous_0)
FNDA:5,(anonymous_1)
FNDA:5,(anonymous_2)
DA:6,5
DA:8,5
DA:9,9
DA:11,9
DA:12,5
DA:13,5
DA:14,5
DA:15,1
DA:19,1
DA:22,4
DA:23,4
DA:26,5
DA:29,9
DA:36,5
LF:14
LH:14
BRDA:14,0,0,1
BRDA:14,0,1,4
BRF:2
BRH:2
end_of_record
TN:
SF:data/coloringData.js
FNF:0
FNH:0
DA:1,3
LF:1
LH:1
BRF:0
BRH:0
end_of_record
TN:
SF:data/markersData.js
FNF:0
FNH:0
DA:1,2
LF:1
LH:1
BRF:0
BRH:0
end_of_record
TN:
SF:hooks/useBuildingRoomSelection.js
FN:4,(anonymous_0)
FN:13,(anonymous_1)
FN:18,(anonymous_2)
FN:23,(anonymous_3)
FN:43,(anonymous_4)
FN:57,(anonymous_5)
FNF:6
FNH:6
FNDA:54,(anonymous_0)
FNDA:16,(anonymous_1)
FNDA:10,(anonymous_2)
FNDA:20,(anonymous_3)
FNDA:28,(anonymous_4)
FNDA:2,(anonymous_5)
DA:4,5
DA:5,54
DA:6,54
DA:7,54
DA:8,54
DA:9,54
DA:10,54
DA:13,54
DA:14,16
DA:18,54
DA:19,10
DA:23,54
DA:24,20
DA:25,8
DA:26,8
DA:27,8
DA:28,8
DA:29,8
DA:30,8
DA:31,8
DA:35,8
DA:36,8
DA:38,12
DA:43,54
DA:44,28
DA:45,8
DA:46,8
DA:47,8
DA:48,8
DA:49,8
DA:53,20
DA:57,54
DA:58,2
DA:59,2
DA:60,2
DA:63,54
LF:36
LH:36
BRDA:24,0,0,8
BRDA:24,0,1,12
BRDA:27,1,0,8
BRDA:27,1,1,0
BRDA:29,2,0,8
BRDA:29,2,1,0
BRDA:29,3,0,8
BRDA:29,3,1,8
BRDA:44,4,0,8
BRDA:44,4,1,20
BRDA:44,5,0,28
BRDA:44,5,1,16
BRDA:46,6,0,8
BRDA:46,6,1,0
BRDA:48,7,0,8
BRDA:48,7,1,0
BRF:16
BRH:12
end_of_record
TN:
SF:hooks/useDirectionsHandler.js
FN:15,(anonymous_0)
FN:33,(anonymous_1)
FN:42,(anonymous_2)
FN:70,(anonymous_3)
FN:102,(anonymous_4)
FN:143,(anonymous_5)
FN:162,(anonymous_6)
FN:181,(anonymous_7)
FN:187,(anonymous_8)
FN:219,(anonymous_9)
FN:221,(anonymous_10)
FN:266,(anonymous_11)
FNF:12
FNH:12
FNDA:38,(anonymous_0)
FNDA:16,(anonymous_1)
FNDA:8,(anonymous_2)
FNDA:7,(anonymous_3)
FNDA:3,(anonymous_4)
FNDA:5,(anonymous_5)
FNDA:7,(anonymous_6)
FNDA:3,(anonymous_7)
FNDA:4,(anonymous_8)
FNDA:4,(anonymous_9)
FNDA:3,(anonymous_10)
FNDA:1,(anonymous_11)
DA:15,3
DA:16,38
DA:17,38
DA:18,38
DA:19,24
DA:21,14
DA:33,3
DA:34,16
DA:35,16
DA:42,16
DA:43,8
DA:44,1
DA:45,1
DA:48,7
DA:49,7
DA:50,7
DA:51,7
DA:54,7
DA:59,7
DA:62,7
DA:70,16
DA:71,7
DA:73,3
DA:76,3
DA:79,3
DA:83,1
DA:85,2
DA:88,3
DA:92,3
DA:95,3
DA:96,1
DA:99,3
DA:100,3
DA:101,2
DA:102,3
DA:106,3
DA:107,2
DA:109,2
DA:113,2
DA:114,2
DA:115,2
DA:116,2
DA:120,2
DA:126,1
DA:130,1
DA:134,4
DA:143,16
DA:144,5
DA:147,5
DA:148,5
DA:149,5
DA:162,16
DA:164,7
DA:166,7
DA:168,3
DA:171,4
DA:181,16
DA:182,3
DA:183,3
DA:186,3
DA:187,4
DA:190,3
DA:191,0
DA:192,0
DA:196,3
DA:197,3
DA:198,3
DA:199,3
DA:203,3
DA:210,3
DA:219,16
DA:220,4
DA:222,3
DA:223,1
DA:224,1
DA:227,2
DA:228,2
DA:230,2
DA:231,1
DA:232,1
DA:236,1
DA:239,1
DA:240,0
DA:244,0
DA:247,1
DA:248,1
DA:251,1
DA:252,1
DA:253,1
DA:258,1
DA:264,1
DA:267,1
DA:271,16
LF:93
LH:89
BRDA:15,0,0,14
BRDA:17,1,0,38
BRDA:17,1,1,0
BRDA:18,2,0,24
BRDA:18,2,1,14
BRDA:43,3,0,1
BRDA:43,3,1,7
BRDA:48,4,0,3
BRDA:48,4,1,4
BRDA:49,5,0,7
BRDA:49,5,1,4
BRDA:71,6,0,3
BRDA:71,6,1,4
BRDA:71,7,0,7
BRDA:71,7,1,3
BRDA:73,8,0,3
BRDA:73,8,1,0
BRDA:79,9,0,1
BRDA:79,9,1,2
BRDA:80,10,0,3
BRDA:80,10,1,3
BRDA:85,11,0,2
BRDA:85,11,1,1
BRDA:95,12,0,1
BRDA:95,12,1,2
BRDA:95,13,0,3
BRDA:95,13,1,2
BRDA:100,14,0,2
BRDA:100,14,1,1
BRDA:106,15,0,2
BRDA:106,15,1,1
BRDA:123,16,0,2
BRDA:123,16,1,0
BRDA:150,17,0,5
BRDA:150,17,1,0
BRDA:151,18,0,5
BRDA:151,18,1,0
BRDA:166,19,0,3
BRDA:166,19,1,4
BRDA:190,20,0,0
BRDA:190,20,1,3
BRDA:222,21,0,1
BRDA:222,21,1,2
BRDA:230,22,0,1
BRDA:230,22,1,1
BRDA:236,23,0,1
BRDA:236,23,1,0
BRDA:239,24,0,0
BRDA:239,24,1,1
BRF:49
BRH:41
end_of_record
TN:
SF:hooks/useGoogleMapDirections.js
FN:5,(anonymous_0)
FN:12,(anonymous_1)
FN:96,(anonymous_2)
FN:148,(anonymous_3)
FN:156,(anonymous_4)
FN:175,(anonymous_5)
FN:201,(anonymous_6)
FN:212,(anonymous_7)
FN:226,(anonymous_8)
FN:260,(anonymous_9)
FN:288,(anonymous_10)
FN:301,(anonymous_11)
FN:328,(anonymous_12)
FNF:13
FNH:12
FNDA:106,(anonymous_0)
FNDA:12,(anonymous_1)
FNDA:0,(anonymous_2)
FNDA:6,(anonymous_3)
FNDA:28,(anonymous_4)
FNDA:8,(anonymous_5)
FNDA:10,(anonymous_6)
FNDA:1,(anonymous_7)
FNDA:10,(anonymous_8)
FNDA:4,(anonymous_9)
FNDA:2,(anonymous_10)
FNDA:14,(anonymous_11)
FNDA:7,(anonymous_12)
DA:1,7
DA:5,7
DA:12,106
DA:13,12
DA:14,1
DA:17,11
DA:20,11
DA:21,2
DA:22,2
DA:24,2
DA:27,2
DA:28,2
DA:31,2
DA:32,1
DA:38,9
DA:39,8
DA:40,1
DA:41,0
DA:49,11
DA:50,10
DA:51,2
DA:52,2
DA:54,2
DA:57,2
DA:58,1
DA:61,1
DA:62,0
DA:69,8
DA:70,8
DA:74,11
DA:75,4
DA:81,7
DA:86,0
DA:93,0
DA:95,0
DA:96,0
DA:97,0
DA:99,0
DA:101,0
DA:104,0
DA:107,0
DA:114,0
DA:123,0
DA:128,11
DA:131,11
DA:148,106
DA:149,6
DA:156,106
DA:157,28
DA:159,28
DA:162,26
DA:163,26
DA:164,240
DA:166,15
DA:169,15
DA:171,13
DA:175,106
DA:176,8
DA:177,8
DA:183,7
DA:185,3
DA:186,1
DA:187,1
DA:192,2
DA:195,7
DA:196,7
DA:201,106
DA:202,10
DA:203,10
DA:205,1
DA:206,0
DA:209,1
DA:212,1
DA:218,1
DA:220,9
DA:221,9
DA:226,106
DA:227,10
DA:228,10
DA:229,10
DA:230,0
DA:233,10
DA:237,10
DA:238,0
DA:241,3
DA:243,3
DA:244,1
DA:249,2
DA:250,1
DA:253,1
DA:255,9
DA:256,9
DA:260,106
DA:261,4
DA:262,4
DA:265,4
DA:267,4
DA:269,4
DA:270,2
DA:271,2
DA:274,2
DA:275,0
DA:276,0
DA:279,2
DA:280,1
DA:284,1
DA:287,1
DA:288,2
DA:292,1
DA:293,1
DA:294,1
DA:296,0
DA:297,0
DA:301,106
DA:302,14
DA:303,1
DA:306,13
DA:307,13
DA:308,13
DA:309,2
DA:311,11
DA:316,13
DA:320,11
DA:321,10
DA:323,3
DA:324,3
DA:328,106
DA:329,7
DA:330,7
DA:333,5
DA:335,5
DA:340,1
DA:343,4
DA:349,3
DA:350,3
DA:354,106
LF:136
LH:116
BRDA:12,0,0,8
BRDA:13,1,0,1
BRDA:13,1,1,11
BRDA:20,2,0,2
BRDA:20,2,1,9
BRDA:20,3,0,11
BRDA:20,3,1,10
BRDA:27,4,0,2
BRDA:27,4,1,0
BRDA:31,5,0,1
BRDA:31,5,1,1
BRDA:38,6,0,8
BRDA:38,6,1,1
BRDA:38,7,0,9
BRDA:38,7,1,8
BRDA:40,8,0,0
BRDA:40,8,1,1
BRDA:49,9,0,10
BRDA:49,9,1,1
BRDA:50,10,0,2
BRDA:50,10,1,8
BRDA:57,11,0,1
BRDA:57,11,1,1
BRDA:61,12,0,0
BRDA:61,12,1,1
BRDA:69,13,0,8
BRDA:69,13,1,0
BRDA:69,14,0,8
BRDA:69,14,1,8
BRDA:74,15,0,4
BRDA:74,15,1,7
BRDA:74,16,0,11
BRDA:74,16,1,9
BRDA:95,17,0,0
BRDA:95,17,1,0
BRDA:95,18,0,0
BRDA:95,18,1,0
BRDA:99,19,0,0
BRDA:99,19,1,0
BRDA:101,20,0,0
BRDA:101,20,1,0
BRDA:101,21,0,0
BRDA:101,21,1,0
BRDA:117,22,0,0
BRDA:117,22,1,0
BRDA:117,23,0,0
BRDA:117,23,1,0
BRDA:118,24,0,0
BRDA:118,24,1,0
BRDA:118,25,0,0
BRDA:118,25,1,0
BRDA:125,26,0,0
BRDA:125,26,1,0
BRDA:135,27,0,11
BRDA:135,27,1,8
BRDA:135,28,0,11
BRDA:135,28,1,7
BRDA:136,29,0,11
BRDA:136,29,1,8
BRDA:136,30,0,11
BRDA:136,30,1,7
BRDA:185,31,0,1
BRDA:185,31,1,2
BRDA:185,32,0,3
BRDA:185,32,1,1
BRDA:205,33,0,0
BRDA:205,33,1,1
BRDA:229,34,0,0
BRDA:229,34,1,10
BRDA:229,35,0,10
BRDA:229,35,1,10
BRDA:237,36,0,0
BRDA:237,36,1,3
BRDA:243,37,0,1
BRDA:243,37,1,2
BRDA:243,38,0,3
BRDA:243,38,1,2
BRDA:245,39,0,1
BRDA:245,39,1,1
BRDA:249,40,0,1
BRDA:249,40,1,1
BRDA:249,41,0,2
BRDA:249,41,1,2
BRDA:269,42,0,2
BRDA:269,42,1,2
BRDA:269,43,0,4
BRDA:269,43,1,4
BRDA:274,44,0,0
BRDA:274,44,1,2
BRDA:274,45,0,2
BRDA:274,45,1,2
BRDA:279,46,0,1
BRDA:279,46,1,1
BRDA:302,47,0,1
BRDA:302,47,1,13
BRDA:308,48,0,2
BRDA:308,48,1,11
BRDA:308,49,0,13
BRDA:308,49,1,2
BRDA:321,50,0,10
BRDA:321,50,1,1
BRDA:335,51,0,1
BRDA:335,51,1,4
BRDA:336,52,0,5
BRDA:336,52,1,5
BRDA:336,52,2,4
BRDA:346,53,0,4
BRDA:346,53,1,3
BRF:108
BRH:80
end_of_record
TN:
SF:hooks/useJourneyPlanner.js
FN:14,(anonymous_0)
FN:25,(anonymous_1)
FN:59,(anonymous_2)
FN:89,(anonymous_3)
FN:90,(anonymous_4)
FN:93,(anonymous_5)
FN:102,(anonymous_6)
FN:111,(anonymous_7)
FNF:8
FNH:6
FNDA:11,(anonymous_0)
FNDA:4,(anonymous_1)
FNDA:2,(anonymous_2)
FNDA:1,(anonymous_3)
FNDA:1,(anonymous_4)
FNDA:0,(anonymous_5)
FNDA:0,(anonymous_6)
FNDA:1,(anonymous_7)
DA:14,4
DA:15,11
DA:16,11
DA:17,11
DA:25,11
DA:26,4
DA:27,1
DA:28,1
DA:32,3
DA:46,3
DA:47,3
DA:48,3
DA:59,11
DA:60,2
DA:61,1
DA:62,1
DA:65,1
DA:66,0
DA:67,0
DA:70,1
DA:71,0
DA:72,0
DA:75,1
DA:85,1
DA:86,1
DA:89,11
DA:90,1
DA:93,11
DA:94,0
DA:95,0
DA:96,0
DA:97,0
DA:98,0
DA:99,0
DA:102,11
DA:103,0
DA:104,0
DA:105,0
DA:106,0
DA:107,0
DA:108,0
DA:111,11
DA:112,1
DA:113,1
DA:114,1
DA:117,0
DA:118,0
DA:122,0
DA:125,0
DA:127,0
DA:129,0
DA:130,0
DA:134,0
DA:138,11
LF:54
LH:30
BRDA:26,0,0,1
BRDA:26,0,1,3
BRDA:40,1,0,3
BRDA:40,1,1,2
BRDA:40,1,2,2
BRDA:60,2,0,1
BRDA:60,2,1,1
BRDA:65,3,0,0
BRDA:65,3,1,1
BRDA:70,4,0,0
BRDA:70,4,1,1
BRDA:94,5,0,0
BRDA:94,5,1,0
BRDA:103,6,0,0
BRDA:103,6,1,0
BRDA:112,7,0,1
BRDA:112,7,1,0
BRF:17
BRH:10
end_of_record
TN:
SF:screen/HomeScreen.js
FN:30,HomeScreen
FN:52,(anonymous_1)
FN:53,(anonymous_2)
FN:66,(anonymous_3)
FN:67,(anonymous_4)
FN:81,(anonymous_5)
FN:92,(anonymous_6)
FN:106,(anonymous_7)
FN:107,(anonymous_8)
FN:112,(anonymous_9)
FN:120,(anonymous_10)
FN:127,(anonymous_11)
FN:137,(anonymous_12)
FN:143,(anonymous_13)
FN:145,(anonymous_14)
FN:149,(anonymous_15)
FN:166,(anonymous_16)
FN:192,(anonymous_17)
FN:194,(anonymous_18)
FN:202,(anonymous_19)
FN:210,(anonymous_20)
FN:216,(anonymous_21)
FN:266,(anonymous_22)
FN:274,(anonymous_23)
FN:281,(anonymous_24)
FNF:25
FNH:18
FNDA:35,HomeScreen
FNDA:11,(anonymous_1)
FNDA:11,(anonymous_2)
FNDA:22,(anonymous_3)
FNDA:22,(anonymous_4)
FNDA:14,(anonymous_5)
FNDA:15,(anonymous_6)
FNDA:1,(anonymous_7)
FNDA:1,(anonymous_8)
FNDA:0,(anonymous_9)
FNDA:0,(anonymous_10)
FNDA:1,(anonymous_11)
FNDA:0,(anonymous_12)
FNDA:13,(anonymous_13)
FNDA:2,(anonymous_14)
FNDA:11,(anonymous_15)
FNDA:0,(anonymous_16)
FNDA:0,(anonymous_17)
FNDA:420,(anonymous_18)
FNDA:1,(anonymous_19)
FNDA:84,(anonymous_20)
FNDA:0,(anonymous_21)
FNDA:1,(anonymous_22)
FNDA:1,(anonymous_23)
FNDA:0,(anonymous_24)
DA:28,2
DA:31,35
DA:32,35
DA:34,35
DA:35,35
DA:37,35
DA:38,35
DA:39,35
DA:40,35
DA:41,35
DA:42,35
DA:43,35
DA:44,35
DA:46,35
DA:49,35
DA:50,35
DA:52,35
DA:53,11
DA:54,11
DA:55,11
DA:56,11
DA:57,8
DA:58,4
DA:60,4
DA:63,11
DA:66,35
DA:67,22
DA:68,22
DA:69,0
DA:70,0
DA:71,0
DA:72,0
DA:74,0
DA:78,22
DA:81,35
DA:82,14
DA:83,11
DA:92,35
DA:93,15
DA:94,4
DA:106,35
DA:107,1
DA:108,1
DA:112,35
DA:113,0
DA:114,0
DA:120,0
DA:121,0
DA:122,0
DA:123,0
DA:127,35
DA:128,1
DA:134,1
DA:137,35
DA:138,0
DA:139,0
DA:142,35
DA:143,35
DA:144,13
DA:145,11
DA:146,2
DA:149,11
DA:153,35
DA:166,0
DA:192,0
DA:195,420
DA:202,1
DA:211,84
DA:216,0
DA:266,1
DA:274,1
DA:281,0
DA:288,2
LF:73
LH:56
BRDA:30,0,0,35
BRDA:57,1,0,4
BRDA:57,1,1,4
BRDA:68,2,0,0
BRDA:68,2,1,22
BRDA:71,3,0,0
BRDA:71,3,1,0
BRDA:82,4,0,11
BRDA:82,4,1,3
BRDA:93,5,0,4
BRDA:93,5,1,11
BRDA:93,6,0,15
BRDA:93,6,1,4
BRDA:108,7,0,1
BRDA:108,7,1,0
BRDA:144,8,0,11
BRDA:144,8,1,2
BRDA:158,9,0,4
BRDA:158,9,1,31
BRDA:160,10,0,6
BRDA:160,10,1,29
BRDA:175,11,0,6
BRDA:175,11,1,0
BRDA:197,12,0,420
BRDA:197,12,1,0
BRDA:225,13,0,6
BRDA:225,13,1,0
BRDA:260,14,0,4
BRDA:260,14,1,31
BRDA:280,15,0,35
BRDA:280,15,1,35
BRF:31
BRH:24
end_of_record
TN:
SF:screen/NavigationOrchestrator.js
FN:27,(anonymous_0)
FN:46,(anonymous_1)
FN:57,(anonymous_2)
FN:68,(anonymous_3)
FN:73,(anonymous_4)
FN:100,(anonymous_5)
FN:111,(anonymous_6)
FN:240,(anonymous_7)
FN:244,(anonymous_8)
FN:263,(anonymous_9)
FN:278,(anonymous_10)
FN:285,(anonymous_11)
FN:306,(anonymous_12)
FNF:13
FNH:11
FNDA:2,(anonymous_0)
FNDA:5,(anonymous_1)
FNDA:1,(anonymous_2)
FNDA:5,(anonymous_3)
FNDA:5,(anonymous_4)
FNDA:4,(anonymous_5)
FNDA:2,(anonymous_6)
FNDA:0,(anonymous_7)
FNDA:0,(anonymous_8)
FNDA:1,(anonymous_9)
FNDA:10,(anonymous_10)
FNDA:1,(anonymous_11)
FNDA:1,(anonymous_12)
DA:27,3
DA:28,2
DA:31,2
DA:33,1
DA:34,0
DA:35,0
DA:36,0
DA:39,2
DA:46,3
DA:47,5
DA:48,5
DA:49,5
DA:53,5
DA:54,5
DA:55,5
DA:57,5
DA:58,1
DA:59,1
DA:62,1
DA:65,1
DA:67,1
DA:68,1
DA:69,5
DA:72,1
DA:73,1
DA:74,5
DA:77,1
DA:79,1
DA:90,1
DA:100,1
DA:101,4
DA:104,4
DA:107,4
DA:111,1
DA:112,2
DA:113,2
DA:117,1
DA:118,1
DA:120,1
DA:125,1
DA:131,1
DA:138,1
DA:139,1
DA:141,1
DA:147,1
DA:149,1
DA:153,1
DA:163,1
DA:172,1
DA:176,1
DA:177,1
DA:212,1
DA:213,1
DA:217,1
DA:218,1
DA:222,1
DA:223,1
DA:227,1
DA:231,1
DA:232,1
DA:233,1
DA:234,1
DA:237,1
DA:241,0
DA:242,0
DA:245,0
DA:246,0
DA:252,0
DA:253,0
DA:258,0
DA:263,5
DA:264,1
DA:267,5
DA:279,10
DA:285,1
DA:306,1
DA:316,3
LF:77
LH:67
BRDA:28,0,0,0
BRDA:28,0,1,2
BRDA:28,1,0,2
BRDA:28,1,1,2
BRDA:31,2,0,1
BRDA:31,2,1,1
BRDA:31,3,0,2
BRDA:31,3,1,1
BRDA:33,4,0,0
BRDA:33,4,1,1
BRDA:49,5,0,5
BRDA:49,5,1,0
BRDA:101,6,0,0
BRDA:101,6,1,4
BRDA:107,7,0,4
BRDA:107,7,1,4
BRDA:113,8,0,2
BRDA:113,8,1,0
BRDA:125,9,0,1
BRDA:125,9,1,0
BRDA:126,10,0,0
BRDA:126,10,1,1
BRDA:131,11,0,1
BRDA:131,11,1,0
BRDA:132,12,0,0
BRDA:132,12,1,1
BRDA:147,13,0,1
BRDA:147,13,1,0
BRDA:149,14,0,1
BRDA:149,14,1,0
BRDA:153,15,0,1
BRDA:153,15,1,0
BRDA:159,16,0,0
BRDA:159,16,1,0
BRDA:163,17,0,1
BRDA:163,17,1,0
BRDA:169,18,0,0
BRDA:169,18,1,0
BRDA:173,19,0,1
BRDA:173,19,1,0
BRDA:173,20,0,1
BRDA:173,20,1,0
BRDA:182,21,0,1
BRDA:182,21,1,0
BRDA:184,22,0,0
BRDA:184,22,1,0
BRDA:186,23,0,1
BRDA:186,23,1,0
BRDA:198,24,0,1
BRDA:198,24,1,0
BRDA:200,25,0,0
BRDA:200,25,1,0
BRDA:202,26,0,1
BRDA:202,26,1,0
BRDA:264,27,0,0
BRDA:264,27,1,1
BRDA:279,28,0,10
BRDA:279,28,1,0
BRDA:281,29,0,10
BRDA:281,29,1,5
BRDA:287,30,0,5
BRDA:287,30,1,5
BRDA:287,30,2,5
BRDA:287,30,3,5
BRDA:287,30,4,5
BRDA:287,30,5,5
BRF:66
BRH:37
end_of_record
TN:
SF:scripts/pre-commit.js
FN:25,runCommand
FN:38,runPreCommitChecks
FNF:2
FNH:0
FNDA:0,runCommand
FNDA:0,runPreCommitChecks
DA:8,1
DA:11,1
DA:12,1
DA:13,1
DA:14,1
DA:26,0
DA:27,0
DA:28,0
DA:29,0
DA:30,0
DA:32,0
DA:33,0
DA:34,0
DA:39,0
DA:42,0
DA:55,0
DA:73,0
DA:75,0
DA:79,1
DA:80,0
DA:83,1
LF:21
LH:7
BRDA:79,0,0,0
BRDA:79,0,1,1
BRF:2
BRH:1
end_of_record
TN:
SF:services/BuildingDataService.js
FN:100,(anonymous_0)
FN:110,(anonymous_1)
FN:131,(anonymous_2)
FN:132,(anonymous_3)
FN:136,(anonymous_4)
FN:150,(anonymous_5)
FN:152,(anonymous_6)
FN:156,(anonymous_7)
FN:158,(anonymous_8)
FN:163,(anonymous_9)
FN:188,(anonymous_10)
FN:202,(anonymous_11)
FN:255,(anonymous_12)
FN:277,(anonymous_13)
FN:282,(anonymous_14)
FN:287,(anonymous_15)
FN:292,(anonymous_16)
FN:297,(anonymous_17)
FN:302,(anonymous_18)
FN:335,(anonymous_19)
FN:361,(anonymous_20)
FN:386,(anonymous_21)
FN:389,(anonymous_22)
FN:406,(anonymous_23)
FN:440,(anonymous_24)
FN:484,(anonymous_25)
FN:628,(anonymous_26)
FN:659,(anonymous_27)
FN:685,(anonymous_28)
FN:700,(anonymous_29)
FN:728,(anonymous_30)
FN:736,(anonymous_31)
FN:744,(anonymous_32)
FN:752,(anonymous_33)
FN:769,(anonymous_34)
FN:777,(anonymous_35)
FN:785,(anonymous_36)
FN:802,(anonymous_37)
FN:810,(anonymous_38)
FN:828,(anonymous_39)
FN:847,(anonymous_40)
FN:855,(anonymous_41)
FN:873,(anonymous_42)
FN:881,(anonymous_43)
FN:899,(anonymous_44)
FN:911,(anonymous_45)
FN:1022,(anonymous_46)
FN:1076,(anonymous_47)
FN:1079,(anonymous_48)
FN:1084,(anonymous_49)
FN:1089,(anonymous_50)
FN:1096,(anonymous_51)
FN:1103,(anonymous_52)
FN:1109,(anonymous_53)
FN:1115,(anonymous_54)
FN:1121,(anonymous_55)
FNF:56
FNH:51
FNDA:10,(anonymous_0)
FNDA:15,(anonymous_1)
FNDA:2,(anonymous_2)
FNDA:7,(anonymous_3)
FNDA:17,(anonymous_4)
FNDA:4,(anonymous_5)
FNDA:9,(anonymous_6)
FNDA:30,(anonymous_7)
FNDA:180,(anonymous_8)
FNDA:113,(anonymous_9)
FNDA:7,(anonymous_10)
FNDA:51,(anonymous_11)
FNDA:63,(anonymous_12)
FNDA:18,(anonymous_13)
FNDA:1,(anonymous_14)
FNDA:2,(anonymous_15)
FNDA:2,(anonymous_16)
FNDA:4,(anonymous_17)
FNDA:1,(anonymous_18)
FNDA:52,(anonymous_19)
FNDA:956,(anonymous_20)
FNDA:126,(anonymous_21)
FNDA:956,(anonymous_22)
FNDA:75,(anonymous_23)
FNDA:867,(anonymous_24)
FNDA:1821,(anonymous_25)
FNDA:2,(anonymous_26)
FNDA:77,(anonymous_27)
FNDA:73,(anonymous_28)
FNDA:12,(anonymous_29)
FNDA:2,(anonymous_30)
FNDA:1,(anonymous_31)
FNDA:0,(anonymous_32)
FNDA:0,(anonymous_33)
FNDA:1,(anonymous_34)
FNDA:1,(anonymous_35)
FNDA:1,(anonymous_36)
FNDA:1,(anonymous_37)
FNDA:1,(anonymous_38)
FNDA:0,(anonymous_39)
FNDA:0,(anonymous_40)
FNDA:1,(anonymous_41)
FNDA:0,(anonymous_42)
FNDA:1,(anonymous_43)
FNDA:1,(anonymous_44)
FNDA:8,(anonymous_45)
FNDA:5,(anonymous_46)
FNDA:8,(anonymous_47)
FNDA:2,(anonymous_48)
FNDA:68,(anonymous_49)
FNDA:4,(anonymous_50)
FNDA:96,(anonymous_51)
FNDA:6,(anonymous_52)
FNDA:3,(anonymous_53)
FNDA:14,(anonymous_54)
FNDA:19,(anonymous_55)
DA:46,8
DA:102,10
DA:103,3
DA:106,7
DA:107,7
DA:110,7
DA:112,15
DA:113,2
DA:117,13
DA:118,3
DA:122,10
DA:123,1
DA:126,9
DA:129,7
DA:132,7
DA:133,2
DA:138,17
DA:139,17
DA:140,2
DA:141,2
DA:147,15
DA:151,4
DA:152,9
DA:157,30
DA:159,180
DA:164,113
DA:167,110
DA:179,110
DA:180,110
DA:181,109
DA:184,1
DA:186,1
DA:187,1
DA:188,7
DA:191,1
DA:193,0
DA:195,1
DA:198,1
DA:203,51
DA:206,51
DA:216,51
DA:217,2
DA:221,49
DA:224,49
DA:225,49
DA:226,3
DA:230,46
DA:231,46
DA:232,46
DA:233,5
DA:237,41
DA:238,41
DA:239,41
DA:240,4
DA:244,37
DA:245,37
DA:246,37
DA:247,9
DA:250,28
DA:256,63
DA:259,63
DA:266,2
DA:270,61
DA:273,61
DA:277,18
DA:282,1
DA:287,2
DA:292,2
DA:297,4
DA:302,1
DA:307,61
DA:308,258
DA:309,258
DA:310,28
DA:315,33
DA:324,33
DA:325,225
DA:326,1
DA:331,32
DA:336,52
DA:338,52
DA:339,52
DA:342,52
DA:343,52
DA:346,52
DA:358,52
DA:361,52
DA:363,956
DA:364,38
DA:365,38
DA:366,38
DA:367,38
DA:371,956
DA:373,200
DA:374,200
DA:375,200
DA:376,200
DA:380,956
DA:381,292
DA:382,292
DA:386,52
DA:387,126
DA:389,126
DA:390,956
DA:391,956
DA:396,52
DA:408,75
DA:414,2
DA:417,73
DA:418,73
DA:421,73
DA:424,73
DA:439,73
DA:440,867
DA:442,1
DA:446,72
DA:483,72
DA:485,1821
DA:488,20
DA:491,52
DA:493,52
DA:494,52
DA:495,0
DA:496,0
DA:500,52
DA:503,52
DA:504,8
DA:508,44
DA:515,44
DA:516,130
DA:517,2
DA:523,42
DA:524,42
DA:526,0
DA:527,0
DA:530,42
DA:532,42
DA:533,42
DA:535,37
DA:536,37
DA:539,37
DA:540,0
DA:544,37
DA:549,4
DA:556,4
DA:557,16
DA:558,1
DA:564,36
DA:565,33
DA:572,33
DA:573,132
DA:574,0
DA:579,0
DA:586,41
DA:587,3
DA:595,3
DA:600,38
DA:601,5
DA:606,4
DA:608,4
DA:609,4
DA:615,34
DA:619,8
DA:622,0
DA:626,26
DA:629,2
DA:632,2
DA:642,2
DA:645,2
DA:647,2
DA:656,2
DA:660,77
DA:662,62
DA:663,62
DA:664,119
DA:665,55
DA:669,7
DA:673,8
DA:686,73
DA:688,72
DA:696,72
DA:701,12
DA:703,11
DA:710,11
DA:714,8
DA:728,2
DA:736,1
DA:744,0
DA:752,0
DA:769,1
DA:777,1
DA:785,1
DA:802,1
DA:810,1
DA:828,0
DA:847,0
DA:855,1
DA:873,0
DA:881,1
DA:899,1
DA:913,8
DA:914,2
DA:917,2
DA:921,6
DA:922,6
DA:923,1
DA:924,1
DA:928,5
DA:929,5
DA:930,0
DA:931,0
DA:935,5
DA:936,5
DA:939,5
DA:951,5
DA:952,27
DA:954,2
DA:965,3
DA:966,2
DA:967,0
DA:979,3
DA:980,2
DA:981,1
DA:984,1
DA:995,2
DA:996,2
DA:997,1
DA:1000,1
DA:1009,1
DA:1012,1
DA:1024,5
DA:1025,5
DA:1027,5
DA:1028,5
DA:1031,4
DA:1044,10
DA:1047,10
DA:1050,10
DA:1072,10
DA:1077,8
DA:1080,2
DA:1085,68
DA:1090,4
DA:1091,4
DA:1092,3
DA:1097,96
DA:1098,96
DA:1099,91
DA:1104,6
DA:1105,6
DA:1110,3
DA:1111,3
DA:1116,14
DA:1117,14
DA:1122,19
DA:1123,19
LF:256
LH:239
BRDA:102,0,0,3
BRDA:102,0,1,7
BRDA:112,1,0,2
BRDA:112,1,1,13
BRDA:117,2,0,3
BRDA:117,2,1,10
BRDA:122,3,0,1
BRDA:122,3,1,9
BRDA:129,4,0,7
BRDA:129,4,1,1
BRDA:133,5,0,1
BRDA:133,5,1,1
BRDA:139,6,0,2
BRDA:139,6,1,15
BRDA:159,7,0,180
BRDA:159,7,1,133
BRDA:164,8,0,3
BRDA:164,8,1,110
BRDA:180,9,0,109
BRDA:180,9,1,1
BRDA:191,10,0,0
BRDA:191,10,1,1
BRDA:203,11,0,0
BRDA:203,11,1,51
BRDA:203,12,0,51
BRDA:203,12,1,51
BRDA:216,13,0,2
BRDA:216,13,1,49
BRDA:225,14,0,3
BRDA:225,14,1,46
BRDA:232,15,0,5
BRDA:232,15,1,41
BRDA:239,16,0,4
BRDA:239,16,1,37
BRDA:246,17,0,9
BRDA:246,17,1,28
BRDA:256,18,0,0
BRDA:256,18,1,63
BRDA:259,19,0,2
BRDA:259,19,1,61
BRDA:260,20,0,63
BRDA:260,20,1,63
BRDA:309,21,0,28
BRDA:309,21,1,230
BRDA:325,22,0,1
BRDA:325,22,1,224
BRDA:336,23,0,0
BRDA:336,23,1,52
BRDA:339,24,0,0
BRDA:339,24,1,52
BRDA:343,25,0,0
BRDA:343,25,1,52
BRDA:363,26,0,38
BRDA:363,26,1,918
BRDA:363,27,0,956
BRDA:363,27,1,130
BRDA:371,28,0,200
BRDA:371,28,1,756
BRDA:373,29,0,108
BRDA:373,29,1,92
BRDA:374,30,0,80
BRDA:374,30,1,120
BRDA:375,31,0,0
BRDA:375,31,1,200
BRDA:376,32,0,12
BRDA:376,32,1,188
BRDA:380,33,0,292
BRDA:380,33,1,664
BRDA:380,34,0,956
BRDA:380,34,1,593
BRDA:387,35,0,126
BRDA:387,35,1,0
BRDA:408,36,0,2
BRDA:408,36,1,73
BRDA:409,37,0,75
BRDA:409,37,1,74
BRDA:409,37,2,74
BRDA:409,37,3,73
BRDA:421,38,0,0
BRDA:421,38,1,73
BRDA:421,39,0,73
BRDA:421,39,1,73
BRDA:439,40,0,1
BRDA:439,40,1,72
BRDA:483,41,0,20
BRDA:483,41,1,52
BRDA:494,42,0,0
BRDA:494,42,1,52
BRDA:503,43,0,8
BRDA:503,43,1,44
BRDA:516,44,0,2
BRDA:516,44,1,128
BRDA:530,45,0,42
BRDA:530,45,1,0
BRDA:533,46,0,37
BRDA:533,46,1,5
BRDA:539,47,0,0
BRDA:539,47,1,37
BRDA:539,48,0,37
BRDA:539,48,1,37
BRDA:544,49,0,4
BRDA:544,49,1,33
BRDA:545,50,0,37
BRDA:545,50,1,33
BRDA:557,51,0,1
BRDA:557,51,1,15
BRDA:564,52,0,33
BRDA:564,52,1,3
BRDA:573,53,0,0
BRDA:573,53,1,132
BRDA:586,54,0,3
BRDA:586,54,1,38
BRDA:586,55,0,41
BRDA:586,55,1,38
BRDA:587,56,0,3
BRDA:587,56,1,0
BRDA:588,57,0,3
BRDA:588,57,1,3
BRDA:588,57,2,3
BRDA:588,57,3,2
BRDA:588,57,4,2
BRDA:588,57,5,1
BRDA:600,58,0,5
BRDA:600,58,1,33
BRDA:600,59,0,38
BRDA:600,59,1,33
BRDA:601,60,0,4
BRDA:601,60,1,1
BRDA:602,61,0,5
BRDA:602,61,1,2
BRDA:608,62,0,4
BRDA:608,62,1,0
BRDA:615,63,0,8
BRDA:615,63,1,26
BRDA:616,64,0,34
BRDA:616,64,1,26
BRDA:629,65,0,0
BRDA:629,65,1,2
BRDA:645,66,0,2
BRDA:645,66,1,2
BRDA:656,67,0,2
BRDA:656,67,1,1
BRDA:660,68,0,15
BRDA:660,68,1,62
BRDA:664,69,0,55
BRDA:664,69,1,64
BRDA:686,70,0,1
BRDA:686,70,1,72
BRDA:696,71,0,72
BRDA:696,71,1,1
BRDA:701,72,0,1
BRDA:701,72,1,11
BRDA:711,73,0,11
BRDA:711,73,1,3
BRDA:913,74,0,2
BRDA:913,74,1,6
BRDA:913,75,0,8
BRDA:913,75,1,7
BRDA:922,76,0,1
BRDA:922,76,1,5
BRDA:929,77,0,0
BRDA:929,77,1,5
BRDA:936,78,0,5
BRDA:936,78,1,0
BRDA:952,79,0,2
BRDA:952,79,1,25
BRDA:966,80,0,0
BRDA:966,80,1,2
BRDA:980,81,0,1
BRDA:980,81,1,1
BRDA:996,82,0,1
BRDA:996,82,1,1
BRDA:1027,83,0,0
BRDA:1027,83,1,5
BRDA:1027,84,0,5
BRDA:1027,84,1,5
BRDA:1028,85,0,1
BRDA:1028,85,1,4
BRDA:1032,86,0,4
BRDA:1032,86,1,2
BRDA:1032,86,2,3
BRDA:1032,86,3,1
BRDA:1044,87,0,0
BRDA:1044,87,1,10
BRDA:1072,88,0,10
BRDA:1072,88,1,3
BRDA:1091,89,0,1
BRDA:1091,89,1,3
BRDA:1098,90,0,5
BRDA:1098,90,1,91
BRDA:1105,91,0,4
BRDA:1105,91,1,2
BRDA:1111,92,0,1
BRDA:1111,92,1,2
BRDA:1117,93,0,14
BRDA:1117,93,1,8
BRDA:1124,94,0,19
BRDA:1124,94,1,16
BRDA:1124,94,2,8
BRF:199
BRH:178
end_of_record
TN:
SF:services/FloorPlanService.js
FN:12,(anonymous_0)
FN:15,(anonymous_1)
FN:16,(anonymous_2)
FNF:3
FNH:3
FNDA:7,(anonymous_0)
FNDA:6,(anonymous_1)
FNDA:6,(anonymous_2)
DA:12,3
DA:14,7
DA:15,6
DA:16,6
DA:19,7
DA:21,7
DA:24,7
DA:25,7
DA:26,7
DA:28,7
LF:10
LH:10
BRDA:12,0,0,2
BRDA:12,1,0,2
BRDA:15,2,0,5
BRDA:15,2,1,1
BRDA:19,3,0,2
BRDA:19,3,1,5
BRDA:21,4,0,2
BRDA:21,4,1,5
BRDA:327,5,0,7
BRDA:327,5,1,1
BRF:10
BRH:10
end_of_record
TN:
SF:services/MapGenerationService.js
FN:12,(anonymous_0)
FN:27,(anonymous_1)
FN:37,(anonymous_2)
FNF:3
FNH:3
FNDA:144,(anonymous_0)
FNDA:70,(anonymous_1)
FNDA:70,(anonymous_2)
DA:12,4
DA:13,144
DA:14,109
DA:26,35
DA:28,70
DA:29,70
DA:30,70
DA:36,35
DA:37,70
DA:40,35
LF:10
LH:10
BRDA:13,0,0,109
BRDA:13,0,1,35
BRDA:13,1,0,144
BRDA:13,1,1,143
BRF:4
BRH:4
end_of_record
TN:
SF:services/NavigationFormService.js
FN:3,(anonymous_0)
FN:30,(anonymous_1)
FN:48,(anonymous_2)
FN:63,(anonymous_3)
FNF:4
FNH:4
FNDA:18,(anonymous_0)
FNDA:24,(anonymous_1)
FNDA:15,(anonymous_2)
FNDA:19,(anonymous_3)
DA:3,4
DA:10,18
DA:12,18
DA:13,18
DA:14,3
DA:18,3
DA:19,2
DA:20,2
DA:21,2
DA:25,15
DA:27,16
DA:30,4
DA:37,24
DA:40,24
DA:42,24
DA:43,9
DA:44,9
DA:47,9
DA:48,15
DA:51,9
DA:52,9
DA:53,9
DA:54,9
DA:58,15
DA:60,15
DA:63,4
DA:72,19
DA:75,19
DA:78,19
DA:81,19
DA:83,1
DA:84,1
DA:88,19
DA:89,18
LF:34
LH:34
BRDA:13,0,0,3
BRDA:13,0,1,15
BRDA:18,1,0,2
BRDA:18,1,1,1
BRDA:42,2,0,9
BRDA:42,2,1,15
BRDA:51,3,0,9
BRDA:51,3,1,0
BRDA:81,4,0,1
BRDA:81,4,1,18
BRDA:88,5,0,18
BRDA:88,5,1,1
BRF:12
BRH:11
end_of_record
TN:
SF:services/NavigationPlanService.js
FN:61,(anonymous_0)
FN:216,(anonymous_1)
FN:279,(anonymous_2)
FN:341,(anonymous_3)
FN:366,(anonymous_4)
FN:406,(anonymous_5)
FN:445,(anonymous_6)
FN:499,(anonymous_7)
FN:525,(anonymous_8)
FNF:9
FNH:9
FNDA:12,(anonymous_0)
FNDA:12,(anonymous_1)
FNDA:8,(anonymous_2)
FNDA:1,(anonymous_3)
FNDA:1,(anonymous_4)
FNDA:1,(anonymous_5)
FNDA:1,(anonymous_6)
FNDA:1,(anonymous_7)
FNDA:9,(anonymous_8)
DA:61,4
DA:78,12
DA:79,12
DA:80,12
DA:81,12
DA:84,12
DA:93,12
DA:95,8
DA:100,8
DA:101,8
DA:102,8
DA:103,8
DA:105,8
DA:114,8
DA:116,5
DA:124,5
DA:128,5
DA:131,5
DA:137,1
DA:144,4
DA:146,1
DA:156,3
DA:158,1
DA:168,2
DA:174,1
DA:188,1
DA:198,5
DA:205,5
DA:208,5
DA:216,4
DA:224,12
DA:225,12
DA:226,12
DA:227,12
DA:230,12
DA:232,4
DA:233,0
DA:234,0
DA:237,4
DA:241,4
DA:245,8
DA:246,1
DA:247,1
DA:251,7
DA:252,5
DA:253,1
DA:254,1
DA:255,1
DA:258,2
DA:259,2
DA:263,4
DA:264,4
DA:265,4
DA:266,4
DA:271,8
DA:279,4
DA:287,8
DA:288,8
DA:289,8
DA:290,8
DA:293,8
DA:294,2
DA:295,0
DA:296,0
DA:298,2
DA:302,2
DA:305,6
DA:306,1
DA:307,1
DA:311,5
DA:312,4
DA:313,1
DA:314,1
DA:315,1
DA:318,1
DA:319,1
DA:323,3
DA:324,3
DA:325,3
DA:326,3
DA:329,5
DA:341,4
DA:349,1
DA:366,4
DA:377,1
DA:391,1
DA:406,4
DA:417,1
DA:428,1
DA:445,4
DA:458,1
DA:471,1
DA:482,1
DA:499,4
DA:507,1
DA:525,4
DA:526,9
DA:527,8
LF:98
LH:94
BRDA:93,0,0,4
BRDA:93,0,1,8
BRDA:114,1,0,3
BRDA:114,1,1,5
BRDA:131,2,0,1
BRDA:131,2,1,4
BRDA:132,3,0,5
BRDA:132,3,1,3
BRDA:132,3,2,2
BRDA:144,4,0,1
BRDA:144,4,1,3
BRDA:144,5,0,4
BRDA:144,5,1,2
BRDA:156,6,0,1
BRDA:156,6,1,2
BRDA:156,7,0,3
BRDA:156,7,1,2
BRDA:168,8,0,1
BRDA:168,8,1,1
BRDA:169,9,0,2
BRDA:169,9,1,1
BRDA:169,9,2,1
BRDA:199,10,0,5
BRDA:199,10,1,2
BRDA:230,11,0,4
BRDA:230,11,1,8
BRDA:232,12,0,0
BRDA:232,12,1,4
BRDA:241,13,0,4
BRDA:241,13,1,0
BRDA:245,14,0,1
BRDA:245,14,1,7
BRDA:251,15,0,5
BRDA:251,15,1,2
BRDA:252,16,0,1
BRDA:252,16,1,4
BRDA:265,17,0,4
BRDA:265,17,1,0
BRDA:266,18,0,4
BRDA:266,18,1,0
BRDA:293,19,0,2
BRDA:293,19,1,6
BRDA:294,20,0,0
BRDA:294,20,1,2
BRDA:302,21,0,2
BRDA:302,21,1,0
BRDA:305,22,0,1
BRDA:305,22,1,5
BRDA:311,23,0,4
BRDA:311,23,1,1
BRDA:312,24,0,1
BRDA:312,24,1,3
BRDA:526,25,0,1
BRDA:526,25,1,8
BRF:54
BRH:48
end_of_record
TN:
SF:services/NavigationStrategyService.js
FN:4,(anonymous_0)
FN:43,(anonymous_1)
FN:49,(anonymous_2)
FN:65,(anonymous_3)
FN:117,(anonymous_4)
FN:134,(anonymous_5)
FN:184,(anonymous_6)
FN:297,(anonymous_7)
FN:360,(anonymous_8)
FN:388,(anonymous_9)
FN:435,(anonymous_10)
FN:459,(anonymous_11)
FNF:12
FNH:12
FNDA:2,(anonymous_0)
FNDA:1,(anonymous_1)
FNDA:1,(anonymous_2)
FNDA:3,(anonymous_3)
FNDA:1,(anonymous_4)
FNDA:2,(anonymous_5)
FNDA:4,(anonymous_6)
FNDA:17,(anonymous_7)
FNDA:1,(anonymous_8)
FNDA:9,(anonymous_9)
FNDA:2,(anonymous_10)
FNDA:1,(anonymous_11)
DA:4,3
DA:6,2
DA:7,1
DA:12,1
DA:16,1
DA:37,1
DA:43,3
DA:44,1
DA:46,1
DA:47,1
DA:48,1
DA:49,1
DA:52,0
DA:53,0
DA:65,3
DA:67,3
DA:73,1
DA:80,1
DA:86,2
DA:88,1
DA:96,1
DA:97,1
DA:99,1
DA:102,1
DA:105,1
DA:117,3
DA:119,1
DA:134,3
DA:135,2
DA:136,1
DA:141,1
DA:145,1
DA:170,1
DA:186,4
DA:189,4
DA:190,4
DA:192,4
DA:197,4
DA:198,2
DA:223,2
DA:224,0
DA:246,2
DA:298,17
DA:301,15
DA:302,13
DA:303,1
DA:306,12
DA:311,1
DA:312,1
DA:316,11
DA:317,0
DA:321,11
DA:322,11
DA:323,11
DA:324,0
DA:328,11
DA:329,11
DA:330,11
DA:331,0
DA:336,11
DA:337,11
DA:338,11
DA:339,10
DA:343,1
DA:344,1
DA:345,1
DA:346,0
DA:349,1
DA:361,1
DA:363,1
DA:389,9
DA:390,0
DA:391,0
DA:395,9
DA:396,1
DA:400,1
DA:403,1
DA:407,8
DA:410,8
DA:412,3
DA:413,3
DA:415,1
DA:416,1
DA:418,2
DA:419,2
DA:421,2
DA:422,2
DA:424,0
DA:436,2
DA:465,1
LF:90
LH:80
BRDA:6,0,0,1
BRDA:6,0,1,1
BRDA:6,1,0,2
BRDA:6,1,1,2
BRDA:6,1,2,1
BRDA:26,2,0,1
BRDA:26,2,1,1
BRDA:27,3,0,1
BRDA:27,3,1,1
BRDA:31,4,0,1
BRDA:31,4,1,1
BRDA:44,5,0,0
BRDA:44,5,1,1
BRDA:67,6,0,1
BRDA:67,6,1,2
BRDA:68,7,0,3
BRDA:68,7,1,2
BRDA:68,7,2,2
BRDA:68,7,3,1
BRDA:68,7,4,1
BRDA:75,8,0,1
BRDA:75,8,1,0
BRDA:76,9,0,1
BRDA:76,9,1,0
BRDA:86,10,0,1
BRDA:86,10,1,1
BRDA:90,11,0,1
BRDA:90,11,1,1
BRDA:90,11,2,1
BRDA:91,12,0,1
BRDA:91,12,1,1
BRDA:96,13,0,0
BRDA:96,13,1,1
BRDA:97,14,0,0
BRDA:97,14,1,1
BRDA:108,15,0,1
BRDA:108,15,1,1
BRDA:109,16,0,1
BRDA:109,16,1,1
BRDA:109,16,2,1
BRDA:110,17,0,1
BRDA:110,17,1,1
BRDA:110,17,2,1
BRDA:121,18,0,1
BRDA:121,18,1,0
BRDA:122,19,0,1
BRDA:122,19,1,0
BRDA:123,20,0,1
BRDA:123,20,1,1
BRDA:135,21,0,1
BRDA:135,21,1,1
BRDA:135,22,0,2
BRDA:135,22,1,1
BRDA:135,22,2,1
BRDA:152,23,0,1
BRDA:152,23,1,1
BRDA:184,24,0,2
BRDA:197,25,0,2
BRDA:197,25,1,2
BRDA:200,26,0,2
BRDA:200,26,1,2
BRDA:214,27,0,2
BRDA:214,27,1,0
BRDA:223,28,0,0
BRDA:223,28,1,2
BRDA:226,29,0,0
BRDA:226,29,1,0
BRDA:248,30,0,2
BRDA:248,30,1,2
BRDA:254,31,0,2
BRDA:254,31,1,2
BRDA:258,32,0,2
BRDA:258,32,1,2
BRDA:261,33,0,2
BRDA:261,33,1,2
BRDA:269,34,0,2
BRDA:269,34,1,2
BRDA:273,35,0,2
BRDA:273,35,1,2
BRDA:281,36,0,2
BRDA:281,36,1,2
BRDA:285,37,0,2
BRDA:285,37,1,2
BRDA:298,38,0,2
BRDA:298,38,1,15
BRDA:298,39,0,17
BRDA:298,39,1,15
BRDA:301,40,0,2
BRDA:301,40,1,13
BRDA:302,41,0,1
BRDA:302,41,1,12
BRDA:302,42,0,13
BRDA:302,42,1,13
BRDA:302,42,2,12
BRDA:306,43,0,1
BRDA:306,43,1,11
BRDA:307,44,0,12
BRDA:307,44,1,11
BRDA:307,44,2,11
BRDA:312,45,0,1
BRDA:312,45,1,0
BRDA:316,46,0,0
BRDA:316,46,1,11
BRDA:323,47,0,0
BRDA:323,47,1,11
BRDA:323,48,0,11
BRDA:323,48,1,0
BRDA:330,49,0,0
BRDA:330,49,1,11
BRDA:330,50,0,11
BRDA:330,50,1,0
BRDA:338,51,0,10
BRDA:338,51,1,1
BRDA:345,52,0,0
BRDA:345,52,1,1
BRDA:360,53,0,0
BRDA:365,54,0,1
BRDA:365,54,1,1
BRDA:373,55,0,1
BRDA:373,55,1,0
BRDA:377,56,0,1
BRDA:377,56,1,0
BRDA:389,57,0,0
BRDA:389,57,1,9
BRDA:395,58,0,1
BRDA:395,58,1,8
BRDA:395,59,0,9
BRDA:395,59,1,1
BRDA:398,60,0,1
BRDA:398,60,1,0
BRDA:410,61,0,3
BRDA:410,61,1,1
BRDA:410,61,2,2
BRDA:410,61,3,2
BRDA:410,61,4,0
BRDA:435,62,0,0
BRDA:439,63,0,2
BRDA:439,63,1,1
BRDA:446,64,0,2
BRDA:446,64,1,1
BRDA:447,65,0,2
BRDA:447,65,1,0
BRDA:463,66,0,0
BRDA:467,67,0,1
BRDA:467,67,1,1
BRDA:474,68,0,1
BRDA:474,68,1,1
BRF:147
BRH:120
end_of_record
TN:
SF:services/NavigationStylesService.js
FN:10,(anonymous_0)
FN:32,(anonymous_1)
FN:54,(anonymous_2)
FNF:3
FNH:3
FNDA:25,(anonymous_0)
FNDA:7,(anonymous_1)
FNDA:10,(anonymous_2)
DA:10,4
DA:11,25
DA:13,3
DA:15,3
DA:17,3
DA:19,3
DA:21,3
DA:23,10
DA:32,4
DA:33,7
DA:35,1
DA:37,1
DA:39,1
DA:41,1
DA:43,1
DA:45,2
DA:54,4
DA:55,10
DA:56,1
DA:57,9
DA:58,1
DA:61,8
DA:62,8
DA:63,6
DA:64,1
DA:65,5
DA:66,1
DA:67,4
DA:68,1
DA:70,3
DA:73,2
LF:31
LH:31
BRDA:11,0,0,3
BRDA:11,0,1,3
BRDA:11,0,2,3
BRDA:11,0,3,3
BRDA:11,0,4,3
BRDA:11,0,5,10
BRDA:33,1,0,1
BRDA:33,1,1,1
BRDA:33,1,2,1
BRDA:33,1,3,1
BRDA:33,1,4,1
BRDA:33,1,5,2
BRDA:55,2,0,1
BRDA:55,2,1,9
BRDA:57,3,0,1
BRDA:57,3,1,8
BRDA:62,4,0,6
BRDA:62,4,1,2
BRDA:63,5,0,1
BRDA:63,5,1,5
BRDA:65,6,0,1
BRDA:65,6,1,4
BRDA:67,7,0,1
BRDA:67,7,1,3
BRF:24
BRH:24
end_of_record
TN:
SF:services/NavigationUtilsService.js
FN:35,(anonymous_0)
FN:36,(anonymous_1)
FN:45,(anonymous_2)
FN:54,(anonymous_3)
FN:64,(anonymous_4)
FN:104,(anonymous_5)
FN:133,(anonymous_6)
FNF:7
FNH:7
FNDA:18,(anonymous_0)
FNDA:52,(anonymous_1)
FNDA:282,(anonymous_2)
FNDA:9,(anonymous_3)
FNDA:111,(anonymous_4)
FNDA:8,(anonymous_5)
FNDA:23,(anonymous_6)
DA:6,4
DA:16,4
DA:24,4
DA:35,4
DA:36,18
DA:37,52
DA:45,282
DA:54,4
DA:55,9
DA:64,4
DA:65,111
DA:71,3
DA:75,108
DA:80,33
DA:85,33
DA:89,25
DA:93,17
DA:104,4
DA:106,8
DA:108,3
DA:110,3
DA:111,1
DA:112,1
DA:117,7
DA:118,5
DA:119,5
DA:123,2
DA:124,2
DA:133,4
DA:135,23
DA:136,23
DA:137,4
DA:141,19
DA:142,6
DA:146,13
DA:148,6
DA:149,2
DA:152,4
DA:153,2
DA:158,9
LF:40
LH:40
BRDA:65,0,0,3
BRDA:65,0,1,108
BRDA:66,1,0,111
BRDA:66,1,1,84
BRDA:66,1,2,57
BRDA:66,1,3,30
BRDA:75,2,0,16
BRDA:75,2,1,33
BRDA:75,2,2,33
BRDA:75,2,3,33
BRDA:75,2,4,16
BRDA:75,2,5,33
BRDA:75,2,6,33
BRDA:75,2,7,33
BRDA:75,2,8,17
BRDA:75,2,9,17
BRDA:75,2,10,25
BRDA:75,2,11,17
BRDA:106,3,0,3
BRDA:106,3,1,5
BRDA:106,4,0,8
BRDA:106,4,1,5
BRDA:110,5,0,1
BRDA:110,5,1,2
BRDA:117,6,0,5
BRDA:117,6,1,2
BRDA:119,7,0,2
BRDA:119,7,1,3
BRDA:136,8,0,4
BRDA:136,8,1,19
BRDA:141,9,0,6
BRDA:141,9,1,13
BRDA:146,10,0,6
BRDA:146,10,1,7
BRDA:148,11,0,2
BRDA:148,11,1,4
BRDA:152,12,0,2
BRDA:152,12,1,2
BRF:38
BRH:38
end_of_record
TN:
SF:services/NavigationValidationService.js
FN:13,(anonymous_0)
FN:41,(anonymous_1)
FN:61,(anonymous_2)
FN:64,(anonymous_3)
FNF:4
FNH:4
FNDA:5,(anonymous_0)
FNDA:4,(anonymous_1)
FNDA:2,(anonymous_2)
FNDA:3,(anonymous_3)
DA:13,3
DA:19,5
DA:20,2
DA:23,3
DA:24,1
DA:27,2
DA:28,1
DA:31,1
DA:41,3
DA:42,4
DA:43,4
DA:46,3
DA:47,5
DA:48,5
DA:49,2
DA:52,1
DA:61,3
DA:62,2
DA:63,2
DA:64,3
LF:20
LH:20
BRDA:19,0,0,2
BRDA:19,0,1,3
BRDA:19,1,0,5
BRDA:19,1,1,4
BRDA:23,2,0,1
BRDA:23,2,1,2
BRDA:27,3,0,1
BRDA:27,3,1,1
BRDA:43,4,0,1
BRDA:43,4,1,3
BRDA:48,5,0,2
BRDA:48,5,1,3
BRDA:48,6,0,5
BRDA:48,6,1,5
BRDA:64,7,0,2
BRDA:64,7,1,1
BRF:16
BRH:16
end_of_record
TN:
SF:services/PathCalculationService.js
FN:12,(anonymous_0)
FN:36,(anonymous_1)
FN:61,(anonymous_2)
FN:84,(anonymous_3)
FN:124,(anonymous_4)
FN:135,(anonymous_5)
FN:155,(anonymous_6)
FNF:7
FNH:7
FNDA:10,(anonymous_0)
FNDA:3,(anonymous_1)
FNDA:1,(anonymous_2)
FNDA:4,(anonymous_3)
FNDA:2,(anonymous_4)
FNDA:2,(anonymous_5)
FNDA:2,(anonymous_6)
DA:12,3
DA:13,10
DA:14,10
DA:16,10
DA:18,10
DA:19,21
DA:20,8
DA:24,2
DA:36,3
DA:43,3
DA:49,3
DA:50,1
DA:53,2
DA:61,1
DA:84,3
DA:93,4
DA:95,4
DA:96,1
DA:101,3
DA:106,3
DA:112,3
DA:113,2
DA:116,1
DA:124,2
DA:135,2
DA:155,3
DA:164,2
DA:171,1
DA:176,1
DA:182,1
DA:191,1
DA:192,1
DA:193,1
DA:196,1
DA:197,0
DA:200,1
DA:201,1
DA:206,0
DA:207,0
DA:213,0
DA:214,0
DA:222,0
LF:42
LH:36
BRDA:19,0,0,8
BRDA:19,0,1,13
BRDA:19,1,0,21
BRDA:19,1,1,9
BRDA:49,2,0,1
BRDA:49,2,1,2
BRDA:95,3,0,1
BRDA:95,3,1,3
BRDA:112,4,0,2
BRDA:112,4,1,1
BRDA:112,5,0,3
BRDA:112,5,1,2
BRDA:127,6,0,1
BRDA:127,6,1,1
BRDA:138,7,0,1
BRDA:138,7,1,1
BRDA:164,8,0,1
BRDA:164,8,1,1
BRDA:165,9,0,2
BRDA:165,9,1,2
BRDA:165,9,2,1
BRDA:165,9,3,1
BRDA:165,9,4,1
BRDA:196,10,0,0
BRDA:196,10,1,1
BRDA:196,11,0,1
BRDA:196,11,1,1
BRDA:200,12,0,1
BRDA:200,12,1,0
BRDA:206,13,0,0
BRDA:206,13,1,0
BRDA:213,14,0,0
BRDA:213,14,1,0
BRF:33
BRH:27
end_of_record
TN:
SF:services/JourneyOptimizer/DistanceCalculatorService.js
FN:14,(anonymous_0)
FN:25,(anonymous_1)
FN:36,(anonymous_2)
FN:58,(anonymous_3)
FN:74,(anonymous_4)
FNF:5
FNH:5
FNDA:30,(anonymous_0)
FNDA:2,(anonymous_1)
FNDA:3,(anonymous_2)
FNDA:16,(anonymous_3)
FNDA:31,(anonymous_4)
DA:15,30
DA:16,30
DA:26,2
DA:27,2
DA:37,3
DA:40,3
DA:41,3
DA:60,16
DA:61,1
DA:64,1
DA:69,15
DA:71,15
DA:74,15
DA:75,31
DA:78,15
DA:79,15
DA:82,15
DA:84,11
DA:85,1
DA:88,1
DA:92,10
DA:94,6
DA:100,1
DA:103,1
DA:107,5
DA:108,4
DA:112,1
DA:118,4
DA:122,4
DA:125,3
DA:134,3
DA:135,1
DA:139,3
DA:144,1
DA:145,1
DA:149,1
DA:150,0
DA:154,1
DA:155,0
DA:158,0
DA:161,1
LF:41
LH:38
BRDA:14,0,0,28
BRDA:60,1,0,1
BRDA:60,1,1,15
BRDA:60,2,0,16
BRDA:60,2,1,16
BRDA:69,3,0,15
BRDA:69,3,1,1
BRDA:69,4,0,1
BRDA:69,4,1,0
BRDA:71,5,0,15
BRDA:71,5,1,0
BRDA:71,6,0,0
BRDA:71,6,1,0
BRDA:75,7,0,23
BRDA:75,7,1,8
BRDA:82,8,0,11
BRDA:82,8,1,4
BRDA:82,9,0,15
BRDA:82,9,1,12
BRDA:84,10,0,1
BRDA:84,10,1,10
BRDA:84,11,0,11
BRDA:84,11,1,11
BRDA:92,12,0,6
BRDA:92,12,1,4
BRDA:94,13,0,1
BRDA:94,13,1,5
BRDA:95,14,0,6
BRDA:95,14,1,6
BRDA:95,14,2,6
BRDA:95,14,3,5
BRDA:107,15,0,4
BRDA:107,15,1,1
BRDA:122,16,0,3
BRDA:122,16,1,1
BRDA:122,17,0,4
BRDA:122,17,1,3
BRDA:125,18,0,3
BRDA:125,18,1,3
BRDA:125,18,2,3
BRDA:125,18,3,3
BRDA:125,18,4,3
BRDA:125,18,5,2
BRDA:125,18,6,2
BRDA:125,18,7,2
BRDA:134,19,0,1
BRDA:134,19,1,2
BRDA:144,20,0,1
BRDA:144,20,1,0
BRDA:149,21,0,0
BRDA:149,21,1,1
BRDA:154,22,0,0
BRDA:154,22,1,1
BRF:53
BRH:46
end_of_record
TN:
SF:services/JourneyOptimizer/JourneyOptimizerService.js
FN:16,(anonymous_0)
FN:30,(anonymous_1)
FN:68,(anonymous_2)
FN:156,(anonymous_3)
FN:178,(anonymous_4)
FN:197,(anonymous_5)
FN:199,(anonymous_6)
FN:245,(anonymous_7)
FN:258,(anonymous_8)
FN:265,(anonymous_9)
FNF:10
FNH:6
FNDA:10,(anonymous_0)
FNDA:10,(anonymous_1)
FNDA:67,(anonymous_2)
FNDA:2,(anonymous_3)
FNDA:2,(anonymous_4)
FNDA:0,(anonymous_5)
FNDA:0,(anonymous_6)
FNDA:0,(anonymous_7)
FNDA:10,(anonymous_8)
FNDA:0,(anonymous_9)
DA:17,10
DA:31,10
DA:32,10
DA:35,10
DA:36,0
DA:37,0
DA:41,10
DA:42,10
DA:47,10
DA:48,10
DA:49,10
DA:50,10
DA:52,10
DA:55,10
DA:56,10
DA:57,31
DA:58,31
DA:61,31
DA:63,31
DA:64,31
DA:65,31
DA:68,31
DA:69,67
DA:74,67
DA:78,67
DA:80,67
DA:81,63
DA:83,63
DA:84,63
DA:97,63
DA:108,63
DA:112,63
DA:113,63
DA:115,63
DA:116,34
DA:119,34
DA:120,34
DA:122,29
DA:125,0
DA:133,31
DA:134,31
DA:135,31
DA:136,31
DA:139,31
DA:141,1
DA:144,1
DA:147,1
DA:151,1
DA:154,1
DA:156,2
DA:158,1
DA:161,30
DA:162,30
DA:165,30
DA:166,30
DA:169,30
DA:170,30
DA:171,30
DA:175,10
DA:176,1
DA:178,2
DA:182,10
DA:183,10
DA:184,10
DA:186,10
DA:187,10
DA:188,10
DA:189,10
DA:199,0
DA:201,0
DA:202,0
DA:214,0
DA:216,0
DA:230,0
DA:237,0
DA:238,0
DA:241,0
DA:244,0
DA:245,0
DA:246,0
DA:248,0
DA:258,10
DA:266,0
DA:267,0
LF:84
LH:66
BRDA:35,0,0,0
BRDA:35,0,1,10
BRDA:35,1,0,10
BRDA:35,1,1,10
BRDA:80,2,0,63
BRDA:80,2,1,4
BRDA:86,3,0,0
BRDA:86,3,1,63
BRDA:89,4,0,0
BRDA:89,4,1,63
BRDA:90,5,0,0
BRDA:90,5,1,63
BRDA:92,6,0,28
BRDA:92,6,1,35
BRDA:99,7,0,0
BRDA:99,7,1,63
BRDA:100,8,0,0
BRDA:100,8,1,63
BRDA:101,9,0,0
BRDA:101,9,1,63
BRDA:103,10,0,56
BRDA:103,10,1,7
BRDA:115,11,0,34
BRDA:115,11,1,29
BRDA:139,12,0,1
BRDA:139,12,1,30
BRDA:175,13,0,1
BRDA:175,13,1,9
BRDA:207,14,0,0
BRDA:207,14,1,0
BRDA:208,15,0,0
BRDA:208,15,1,0
BRDA:214,16,0,0
BRDA:214,16,1,0
BRDA:214,17,0,0
BRDA:214,17,1,0
BRDA:222,18,0,0
BRDA:222,18,1,0
BRDA:222,18,2,0
BRF:39
BRH:21
end_of_record
TN:
SF:services/JourneyOptimizer/RouteDecorators.js
FN:8,(anonymous_0)
FN:8,(anonymous_1)
FN:26,(anonymous_2)
FN:26,(anonymous_3)
FN:83,(anonymous_4)
FN:83,(anonymous_5)
FN:85,(anonymous_6)
FN:104,(anonymous_7)
FN:105,(anonymous_8)
FN:129,(anonymous_9)
FN:130,(anonymous_10)
FN:174,(anonymous_11)
FN:175,(anonymous_12)
FN:218,(anonymous_13)
FN:218,(anonymous_14)
FN:224,(anonymous_15)
FNF:16
FNH:4
FNDA:2,(anonymous_0)
FNDA:2,(anonymous_1)
FNDA:0,(anonymous_2)
FNDA:0,(anonymous_3)
FNDA:0,(anonymous_4)
FNDA:0,(anonymous_5)
FNDA:0,(anonymous_6)
FNDA:0,(anonymous_7)
FNDA:0,(anonymous_8)
FNDA:0,(anonymous_9)
FNDA:0,(anonymous_10)
FNDA:0,(anonymous_11)
FNDA:0,(anonymous_12)
FNDA:2,(anonymous_13)
FNDA:2,(anonymous_14)
FNDA:0,(anonymous_15)
DA:5,5
DA:8,5
DA:9,2
DA:11,2
DA:13,2
DA:16,1
DA:19,1
DA:21,1
DA:22,1
DA:26,5
DA:27,0
DA:28,0
DA:29,0
DA:31,0
DA:32,0
DA:35,0
DA:39,0
DA:40,0
DA:43,0
DA:47,0
DA:50,0
DA:52,0
DA:53,0
DA:56,0
DA:60,0
DA:62,0
DA:63,0
DA:66,0
DA:70,0
DA:71,0
DA:72,0
DA:73,0
DA:74,0
DA:79,0
DA:83,5
DA:85,0
DA:86,0
DA:89,0
DA:92,0
DA:93,0
DA:96,0
DA:97,0
DA:98,0
DA:99,0
DA:101,0
DA:104,5
DA:105,0
DA:107,0
DA:108,0
DA:109,0
DA:110,0
DA:111,0
DA:114,0
DA:116,0
DA:118,0
DA:121,0
DA:129,5
DA:130,0
DA:132,0
DA:134,0
DA:135,0
DA:136,0
DA:139,0
DA:148,0
DA:149,0
DA:151,0
DA:158,0
DA:165,0
DA:166,0
DA:169,0
DA:174,5
DA:175,0
DA:177,0
DA:179,0
DA:180,0
DA:181,0
DA:184,0
DA:193,0
DA:194,0
DA:196,0
DA:203,0
DA:210,0
DA:211,0
DA:214,0
DA:218,5
DA:220,2
DA:224,5
DA:225,0
DA:228,0
DA:240,0
LF:90
LH:17
BRDA:31,0,0,0
BRDA:31,0,1,0
BRDA:39,1,0,0
BRDA:39,1,1,0
BRDA:52,2,0,0
BRDA:52,2,1,0
BRDA:62,3,0,0
BRDA:62,3,1,0
BRDA:62,4,0,0
BRDA:62,4,1,0
BRDA:86,5,0,0
BRDA:86,5,1,0
BRDA:89,6,0,0
BRDA:89,6,1,0
BRDA:89,7,0,0
BRDA:89,7,1,0
BRDA:93,8,0,0
BRDA:93,8,1,0
BRDA:134,9,0,0
BRDA:134,9,1,0
BRDA:149,10,0,0
BRDA:149,10,1,0
BRDA:179,11,0,0
BRDA:179,11,1,0
BRDA:194,12,0,0
BRDA:194,12,1,0
BRDA:225,13,0,0
BRDA:225,13,1,0
BRDA:240,14,0,0
BRDA:240,14,1,0
BRF:30
BRH:0
end_of_record
TN:
SF:services/JourneyOptimizer/RouteStrategies.js
FN:18,(anonymous_0)
FN:23,(anonymous_1)
FN:39,(anonymous_2)
FN:49,(anonymous_3)
FN:115,(anonymous_4)
FN:124,(anonymous_5)
FN:128,(anonymous_6)
FN:199,(anonymous_7)
FN:218,(anonymous_8)
FN:222,(anonymous_9)
FN:232,(anonymous_10)
FN:257,(anonymous_11)
FN:263,(anonymous_12)
FN:322,(anonymous_13)
FNF:14
FNH:9
FNDA:0,(anonymous_0)
FNDA:0,(anonymous_1)
FNDA:1,(anonymous_2)
FNDA:1,(anonymous_3)
FNDA:1,(anonymous_4)
FNDA:1,(anonymous_5)
FNDA:0,(anonymous_6)
FNDA:1,(anonymous_7)
FNDA:1,(anonymous_8)
FNDA:0,(anonymous_9)
FNDA:1,(anonymous_10)
FNDA:1,(anonymous_11)
FNDA:0,(anonymous_12)
FNDA:1,(anonymous_13)
DA:13,5
DA:19,0
DA:23,0
DA:25,0
DA:27,0
DA:28,0
DA:36,0
DA:41,1
DA:42,0
DA:43,0
DA:45,1
DA:50,1
DA:55,1
DA:58,1
DA:61,1
DA:65,1
DA:71,1
DA:72,0
DA:75,0
DA:84,1
DA:88,1
DA:91,1
DA:95,1
DA:98,1
DA:102,1
DA:106,1
DA:108,1
DA:112,1
DA:117,1
DA:118,0
DA:120,1
DA:125,1
DA:128,1
DA:131,1
DA:134,1
DA:138,1
DA:139,0
DA:142,0
DA:146,1
DA:147,1
DA:151,1
DA:155,1
DA:160,1
DA:166,1
DA:172,1
DA:173,1
DA:174,1
DA:179,1
DA:180,1
DA:184,1
DA:190,1
DA:192,1
DA:196,1
DA:201,1
DA:202,0
DA:203,0
DA:207,1
DA:208,0
DA:211,1
DA:219,1
DA:222,1
DA:225,1
DA:226,1
DA:228,1
DA:229,1
DA:234,1
DA:244,0
DA:249,0
DA:252,1
DA:258,1
DA:263,1
DA:264,1
DA:268,1
DA:270,1
DA:271,1
DA:274,1
DA:278,1
DA:279,0
DA:282,0
DA:284,1
DA:288,1
DA:289,1
DA:293,1
DA:297,1
DA:305,1
DA:306,1
DA:310,1
DA:313,1
DA:315,1
DA:319,1
DA:325,1
DA:327,1
DA:329,1
DA:330,0
DA:333,0
DA:338,1
DA:339,1
DA:340,0
DA:341,0
DA:346,1
DA:347,1
DA:353,0
DA:357,0
DA:360,1
LF:104
LH:78
BRDA:41,0,0,0
BRDA:41,0,1,1
BRDA:71,1,0,0
BRDA:71,1,1,1
BRDA:71,2,0,1
BRDA:71,2,1,1
BRDA:117,3,0,0
BRDA:117,3,1,1
BRDA:138,4,0,0
BRDA:138,4,1,1
BRDA:138,5,0,1
BRDA:138,5,1,1
BRDA:201,6,0,0
BRDA:201,6,1,1
BRDA:201,7,0,1
BRDA:201,7,1,1
BRDA:207,8,0,0
BRDA:207,8,1,1
BRDA:234,9,0,0
BRDA:234,9,1,1
BRDA:235,10,0,1
BRDA:235,10,1,1
BRDA:235,10,2,1
BRDA:235,10,3,1
BRDA:235,10,4,1
BRDA:235,10,5,1
BRDA:235,10,6,1
BRDA:235,10,7,1
BRDA:268,11,0,1
BRDA:268,11,1,0
BRDA:270,12,0,0
BRDA:270,12,1,1
BRDA:278,13,0,0
BRDA:278,13,1,1
BRDA:325,14,0,1
BRDA:325,14,1,0
BRDA:327,15,0,1
BRDA:327,15,1,1
BRDA:329,16,0,0
BRDA:329,16,1,1
BRDA:329,17,0,1
BRDA:329,17,1,1
BRDA:338,18,0,1
BRDA:338,18,1,0
BRDA:339,19,0,0
BRDA:339,19,1,1
BRDA:346,20,0,0
BRDA:346,20,1,1
BRDA:347,21,0,0
BRDA:347,21,1,1
BRDA:348,22,0,1
BRDA:348,22,1,1
BRDA:348,22,2,1
BRDA:348,22,3,1
BRF:54
BRH:38
end_of_record
TN:
SF:styles/DirectionBox.style.js
FNF:0
FNH:0
DA:3,5
LF:1
LH:1
BRF:0
BRH:0
end_of_record
TN:
SF:styles/LiveBusTrackerStyles.js
FNF:0
FNH:0
DA:2,2
LF:1
LH:1
BRF:0
BRH:0
end_of_record
TN:
SF:styles/IndoorNavigation/BuildingSelectorStyles.js
FNF:0
FNH:0
DA:3,3
LF:1
LH:1
BRF:0
BRH:0
end_of_record
TN:
SF:styles/IndoorNavigation/FloorSelectorStyles.js
FNF:0
FNH:0
DA:3,3
LF:1
LH:1
BRF:0
BRH:0
end_of_record
TN:
SF:styles/IndoorNavigation/IndoorNavigationStyles.js
FNF:0
FNH:0
DA:3,3
LF:1
LH:1
BRF:0
BRH:0
end_of_record
TN:
SF:styles/IndoorNavigation/InterfloorNavigationStyles.js
FNF:0
FNH:0
DA:3,3
LF:1
LH:1
BRF:0
BRH:0
end_of_record
TN:
SF:styles/IndoorNavigation/RoomtoRoomNavigationStyles.js
FNF:0
FNH:0
DA:3,3
LF:1
LH:1
BRF:0
BRH:0
end_of_record
TN:
SF:styles/IndoorNavigation/TunnelNavigationStyles.js
FNF:0
FNH:0
DA:3,3
LF:1
LH:1
BRF:0
BRH:0
end_of_record
TN:
SF:styles/JourneyPlanner/JourneyPlannerScreenStyles.js
FNF:0
FNH:0
DA:2,3
LF:1
LH:1
BRF:0
BRH:0
end_of_record
TN:
SF:styles/MultistepNavigation/DirectionArrowStyles.js
FNF:0
FNH:0
DA:3,2
LF:1
LH:1
BRF:0
BRH:0
end_of_record
TN:
SF:styles/MultistepNavigation/MultistepNavigationStyles.js
FNF:0
FNH:0
DA:3,4
DA:5,4
LF:2
LH:2
BRF:0
BRH:0
end_of_record
TN:
SF:styles/MultistepNavigation/NavigationStepStyles.js
FNF:0
FNH:0
DA:3,5
LF:1
LH:1
BRF:0
BRH:0
end_of_record
TN:
SF:utils/RoomFormattingUtils.js
FN:13,(anonymous_0)
FN:97,(anonymous_1)
FN:109,(anonymous_2)
FNF:3
FNH:2
FNDA:2,(anonymous_0)
FNDA:2,(anonymous_1)
FNDA:0,(anonymous_2)
DA:13,3
DA:14,2
DA:17,2
DA:20,2
DA:22,1
DA:23,0
DA:24,0
DA:25,0
DA:29,2
DA:32,1
DA:33,1
DA:34,0
DA:37,1
DA:38,0
DA:41,1
DA:42,1
DA:44,0
DA:46,1
DA:48,0
DA:56,0
DA:57,0
DA:58,0
DA:60,0
DA:61,0
DA:66,0
DA:69,0
DA:73,1
DA:78,2
DA:84,3
DA:97,3
DA:98,2
DA:109,3
DA:116,0
DA:117,0
DA:120,0
DA:121,0
DA:122,0
DA:124,0
DA:127,0
LF:39
LH:18
BRDA:14,0,0,0
BRDA:14,0,1,2
BRDA:14,1,0,2
BRDA:14,1,1,2
BRDA:20,2,0,1
BRDA:20,2,1,1
BRDA:22,3,0,0
BRDA:22,3,1,1
BRDA:29,4,0,1
BRDA:29,4,1,1
BRDA:33,5,0,0
BRDA:33,5,1,1
BRDA:37,6,0,0
BRDA:37,6,1,1
BRDA:41,7,0,1
BRDA:41,7,1,0
BRDA:46,8,0,0
BRDA:46,8,1,1
BRDA:56,9,0,0
BRDA:56,9,1,0
BRDA:58,10,0,0
BRDA:58,10,1,0
BRDA:61,11,0,0
BRDA:61,11,1,0
BRDA:62,12,0,0
BRDA:62,12,1,0
BRDA:73,13,0,1
BRDA:73,13,1,0
BRDA:120,14,0,0
BRDA:120,14,1,0
BRF:30
BRH:13
end_of_record
TN:
SF:utils/timeUtils.js
FN:1,(anonymous_0)
FNF:1
FNH:1
FNDA:15,(anonymous_0)
DA:1,2
DA:2,15
DA:3,15
DA:4,15
LF:4
LH:4
BRF:0
BRH:0
end_of_record
